[2025-05-27T16:48:05.774-0400] {processor.py:153} INFO - Started process (PID=50047) to work on /Users/sruthibollu/anaconda3/envs/analytics-prep/lib/python3.9/site-packages/airflow/example_dags/example_sensors.py
[2025-05-27T16:48:05.776-0400] {processor.py:743} INFO - Processing file /Users/sruthibollu/anaconda3/envs/analytics-prep/lib/python3.9/site-packages/airflow/example_dags/example_sensors.py for tasks to queue
[2025-05-27T16:48:05.776-0400] {logging_mixin.py:137} INFO - [2025-05-27T16:48:05.776-0400] {dagbag.py:538} INFO - Filling up the DagBag from /Users/sruthibollu/anaconda3/envs/analytics-prep/lib/python3.9/site-packages/airflow/example_dags/example_sensors.py
[2025-05-27T16:48:05.815-0400] {processor.py:753} INFO - DAG(s) dict_keys(['example_sensors']) retrieved from /Users/sruthibollu/anaconda3/envs/analytics-prep/lib/python3.9/site-packages/airflow/example_dags/example_sensors.py
[2025-05-27T16:48:06.627-0400] {logging_mixin.py:137} INFO - [2025-05-27T16:48:06.626-0400] {dag.py:2690} INFO - Sync 1 DAGs
[2025-05-27T16:48:06.635-0400] {logging_mixin.py:137} INFO - [2025-05-27T16:48:06.635-0400] {dag.py:3437} INFO - Setting next_dagrun for example_sensors to None, run_after=None
[2025-05-27T16:48:06.642-0400] {processor.py:175} INFO - Processing /Users/sruthibollu/anaconda3/envs/analytics-prep/lib/python3.9/site-packages/airflow/example_dags/example_sensors.py took 0.870 seconds
[2025-05-27T16:49:19.161-0400] {processor.py:153} INFO - Started process (PID=51129) to work on /Users/sruthibollu/anaconda3/envs/analytics-prep/lib/python3.9/site-packages/airflow/example_dags/example_sensors.py
[2025-05-27T16:49:19.163-0400] {processor.py:743} INFO - Processing file /Users/sruthibollu/anaconda3/envs/analytics-prep/lib/python3.9/site-packages/airflow/example_dags/example_sensors.py for tasks to queue
[2025-05-27T16:49:19.163-0400] {logging_mixin.py:137} INFO - [2025-05-27T16:49:19.163-0400] {dagbag.py:538} INFO - Filling up the DagBag from /Users/sruthibollu/anaconda3/envs/analytics-prep/lib/python3.9/site-packages/airflow/example_dags/example_sensors.py
[2025-05-27T16:49:19.191-0400] {processor.py:753} INFO - DAG(s) dict_keys(['example_sensors']) retrieved from /Users/sruthibollu/anaconda3/envs/analytics-prep/lib/python3.9/site-packages/airflow/example_dags/example_sensors.py
[2025-05-27T16:49:19.647-0400] {logging_mixin.py:137} INFO - [2025-05-27T16:49:19.647-0400] {dag.py:2690} INFO - Sync 1 DAGs
[2025-05-27T16:49:19.653-0400] {logging_mixin.py:137} INFO - [2025-05-27T16:49:19.653-0400] {dag.py:3437} INFO - Setting next_dagrun for example_sensors to None, run_after=None
[2025-05-27T16:49:19.659-0400] {processor.py:175} INFO - Processing /Users/sruthibollu/anaconda3/envs/analytics-prep/lib/python3.9/site-packages/airflow/example_dags/example_sensors.py took 0.499 seconds
[2025-05-27T16:50:44.372-0400] {processor.py:153} INFO - Started process (PID=52179) to work on /Users/sruthibollu/anaconda3/envs/analytics-prep/lib/python3.9/site-packages/airflow/example_dags/example_sensors.py
[2025-05-27T16:50:44.375-0400] {processor.py:743} INFO - Processing file /Users/sruthibollu/anaconda3/envs/analytics-prep/lib/python3.9/site-packages/airflow/example_dags/example_sensors.py for tasks to queue
[2025-05-27T16:50:44.375-0400] {logging_mixin.py:137} INFO - [2025-05-27T16:50:44.375-0400] {dagbag.py:538} INFO - Filling up the DagBag from /Users/sruthibollu/anaconda3/envs/analytics-prep/lib/python3.9/site-packages/airflow/example_dags/example_sensors.py
[2025-05-27T16:50:44.402-0400] {processor.py:753} INFO - DAG(s) dict_keys(['example_sensors']) retrieved from /Users/sruthibollu/anaconda3/envs/analytics-prep/lib/python3.9/site-packages/airflow/example_dags/example_sensors.py
[2025-05-27T16:50:44.810-0400] {logging_mixin.py:137} INFO - [2025-05-27T16:50:44.810-0400] {dag.py:2690} INFO - Sync 1 DAGs
[2025-05-27T16:50:44.817-0400] {logging_mixin.py:137} INFO - [2025-05-27T16:50:44.817-0400] {dag.py:3437} INFO - Setting next_dagrun for example_sensors to None, run_after=None
[2025-05-27T16:50:44.824-0400] {processor.py:175} INFO - Processing /Users/sruthibollu/anaconda3/envs/analytics-prep/lib/python3.9/site-packages/airflow/example_dags/example_sensors.py took 0.452 seconds
[2025-05-27T16:52:11.905-0400] {processor.py:153} INFO - Started process (PID=52688) to work on /Users/sruthibollu/anaconda3/envs/analytics-prep/lib/python3.9/site-packages/airflow/example_dags/example_sensors.py
[2025-05-27T16:52:11.909-0400] {processor.py:743} INFO - Processing file /Users/sruthibollu/anaconda3/envs/analytics-prep/lib/python3.9/site-packages/airflow/example_dags/example_sensors.py for tasks to queue
[2025-05-27T16:52:11.910-0400] {logging_mixin.py:137} INFO - [2025-05-27T16:52:11.910-0400] {dagbag.py:538} INFO - Filling up the DagBag from /Users/sruthibollu/anaconda3/envs/analytics-prep/lib/python3.9/site-packages/airflow/example_dags/example_sensors.py
[2025-05-27T16:52:11.937-0400] {processor.py:753} INFO - DAG(s) dict_keys(['example_sensors']) retrieved from /Users/sruthibollu/anaconda3/envs/analytics-prep/lib/python3.9/site-packages/airflow/example_dags/example_sensors.py
[2025-05-27T16:52:12.350-0400] {logging_mixin.py:137} INFO - [2025-05-27T16:52:12.350-0400] {dag.py:2690} INFO - Sync 1 DAGs
[2025-05-27T16:52:12.356-0400] {logging_mixin.py:137} INFO - [2025-05-27T16:52:12.356-0400] {dag.py:3437} INFO - Setting next_dagrun for example_sensors to None, run_after=None
[2025-05-27T16:52:12.363-0400] {processor.py:175} INFO - Processing /Users/sruthibollu/anaconda3/envs/analytics-prep/lib/python3.9/site-packages/airflow/example_dags/example_sensors.py took 0.458 seconds
[2025-05-27T16:53:30.572-0400] {processor.py:153} INFO - Started process (PID=53149) to work on /Users/sruthibollu/anaconda3/envs/analytics-prep/lib/python3.9/site-packages/airflow/example_dags/example_sensors.py
[2025-05-27T16:53:30.574-0400] {processor.py:743} INFO - Processing file /Users/sruthibollu/anaconda3/envs/analytics-prep/lib/python3.9/site-packages/airflow/example_dags/example_sensors.py for tasks to queue
[2025-05-27T16:53:30.575-0400] {logging_mixin.py:137} INFO - [2025-05-27T16:53:30.575-0400] {dagbag.py:538} INFO - Filling up the DagBag from /Users/sruthibollu/anaconda3/envs/analytics-prep/lib/python3.9/site-packages/airflow/example_dags/example_sensors.py
[2025-05-27T16:53:30.602-0400] {processor.py:753} INFO - DAG(s) dict_keys(['example_sensors']) retrieved from /Users/sruthibollu/anaconda3/envs/analytics-prep/lib/python3.9/site-packages/airflow/example_dags/example_sensors.py
[2025-05-27T16:53:31.026-0400] {logging_mixin.py:137} INFO - [2025-05-27T16:53:31.026-0400] {dag.py:2690} INFO - Sync 1 DAGs
[2025-05-27T16:53:31.034-0400] {logging_mixin.py:137} INFO - [2025-05-27T16:53:31.034-0400] {dag.py:3437} INFO - Setting next_dagrun for example_sensors to None, run_after=None
[2025-05-27T16:53:31.041-0400] {processor.py:175} INFO - Processing /Users/sruthibollu/anaconda3/envs/analytics-prep/lib/python3.9/site-packages/airflow/example_dags/example_sensors.py took 0.469 seconds
[2025-05-27T17:38:57.483-0400] {processor.py:153} INFO - Started process (PID=53789) to work on /Users/sruthibollu/anaconda3/envs/analytics-prep/lib/python3.9/site-packages/airflow/example_dags/example_sensors.py
[2025-05-27T17:38:57.486-0400] {processor.py:743} INFO - Processing file /Users/sruthibollu/anaconda3/envs/analytics-prep/lib/python3.9/site-packages/airflow/example_dags/example_sensors.py for tasks to queue
[2025-05-27T17:38:57.486-0400] {logging_mixin.py:137} INFO - [2025-05-27T17:38:57.486-0400] {dagbag.py:538} INFO - Filling up the DagBag from /Users/sruthibollu/anaconda3/envs/analytics-prep/lib/python3.9/site-packages/airflow/example_dags/example_sensors.py
[2025-05-27T17:38:57.520-0400] {processor.py:753} INFO - DAG(s) dict_keys(['example_sensors']) retrieved from /Users/sruthibollu/anaconda3/envs/analytics-prep/lib/python3.9/site-packages/airflow/example_dags/example_sensors.py
[2025-05-27T17:38:57.935-0400] {logging_mixin.py:137} INFO - [2025-05-27T17:38:57.935-0400] {dag.py:2690} INFO - Sync 1 DAGs
[2025-05-27T17:38:57.941-0400] {logging_mixin.py:137} INFO - [2025-05-27T17:38:57.941-0400] {dag.py:3437} INFO - Setting next_dagrun for example_sensors to None, run_after=None
[2025-05-27T17:38:57.949-0400] {processor.py:175} INFO - Processing /Users/sruthibollu/anaconda3/envs/analytics-prep/lib/python3.9/site-packages/airflow/example_dags/example_sensors.py took 0.466 seconds
[2025-05-27T18:06:52.662-0400] {processor.py:153} INFO - Started process (PID=54435) to work on /Users/sruthibollu/anaconda3/envs/analytics-prep/lib/python3.9/site-packages/airflow/example_dags/example_sensors.py
[2025-05-27T18:06:52.664-0400] {processor.py:743} INFO - Processing file /Users/sruthibollu/anaconda3/envs/analytics-prep/lib/python3.9/site-packages/airflow/example_dags/example_sensors.py for tasks to queue
[2025-05-27T18:06:52.665-0400] {logging_mixin.py:137} INFO - [2025-05-27T18:06:52.665-0400] {dagbag.py:538} INFO - Filling up the DagBag from /Users/sruthibollu/anaconda3/envs/analytics-prep/lib/python3.9/site-packages/airflow/example_dags/example_sensors.py
[2025-05-27T18:06:52.694-0400] {processor.py:753} INFO - DAG(s) dict_keys(['example_sensors']) retrieved from /Users/sruthibollu/anaconda3/envs/analytics-prep/lib/python3.9/site-packages/airflow/example_dags/example_sensors.py
[2025-05-27T18:06:53.153-0400] {logging_mixin.py:137} INFO - [2025-05-27T18:06:53.153-0400] {dag.py:2690} INFO - Sync 1 DAGs
[2025-05-27T18:06:53.159-0400] {logging_mixin.py:137} INFO - [2025-05-27T18:06:53.159-0400] {dag.py:3437} INFO - Setting next_dagrun for example_sensors to None, run_after=None
[2025-05-27T18:06:53.166-0400] {processor.py:175} INFO - Processing /Users/sruthibollu/anaconda3/envs/analytics-prep/lib/python3.9/site-packages/airflow/example_dags/example_sensors.py took 0.504 seconds
[2025-05-27T18:30:40.186-0400] {processor.py:153} INFO - Started process (PID=54812) to work on /Users/sruthibollu/anaconda3/envs/analytics-prep/lib/python3.9/site-packages/airflow/example_dags/example_sensors.py
[2025-05-27T18:30:40.189-0400] {processor.py:743} INFO - Processing file /Users/sruthibollu/anaconda3/envs/analytics-prep/lib/python3.9/site-packages/airflow/example_dags/example_sensors.py for tasks to queue
[2025-05-27T18:30:40.189-0400] {logging_mixin.py:137} INFO - [2025-05-27T18:30:40.189-0400] {dagbag.py:538} INFO - Filling up the DagBag from /Users/sruthibollu/anaconda3/envs/analytics-prep/lib/python3.9/site-packages/airflow/example_dags/example_sensors.py
[2025-05-27T18:30:40.226-0400] {processor.py:753} INFO - DAG(s) dict_keys(['example_sensors']) retrieved from /Users/sruthibollu/anaconda3/envs/analytics-prep/lib/python3.9/site-packages/airflow/example_dags/example_sensors.py
[2025-05-27T18:30:40.704-0400] {logging_mixin.py:137} INFO - [2025-05-27T18:30:40.704-0400] {dag.py:2690} INFO - Sync 1 DAGs
[2025-05-27T18:30:40.709-0400] {logging_mixin.py:137} INFO - [2025-05-27T18:30:40.709-0400] {dag.py:3437} INFO - Setting next_dagrun for example_sensors to None, run_after=None
[2025-05-27T18:30:40.715-0400] {processor.py:175} INFO - Processing /Users/sruthibollu/anaconda3/envs/analytics-prep/lib/python3.9/site-packages/airflow/example_dags/example_sensors.py took 0.529 seconds
[2025-05-27T18:40:07.880-0400] {processor.py:153} INFO - Started process (PID=55457) to work on /Users/sruthibollu/anaconda3/envs/analytics-prep/lib/python3.9/site-packages/airflow/example_dags/example_sensors.py
[2025-05-27T18:40:07.882-0400] {processor.py:743} INFO - Processing file /Users/sruthibollu/anaconda3/envs/analytics-prep/lib/python3.9/site-packages/airflow/example_dags/example_sensors.py for tasks to queue
[2025-05-27T18:40:07.882-0400] {logging_mixin.py:137} INFO - [2025-05-27T18:40:07.882-0400] {dagbag.py:538} INFO - Filling up the DagBag from /Users/sruthibollu/anaconda3/envs/analytics-prep/lib/python3.9/site-packages/airflow/example_dags/example_sensors.py
[2025-05-27T18:40:07.907-0400] {processor.py:753} INFO - DAG(s) dict_keys(['example_sensors']) retrieved from /Users/sruthibollu/anaconda3/envs/analytics-prep/lib/python3.9/site-packages/airflow/example_dags/example_sensors.py
[2025-05-27T18:40:08.325-0400] {logging_mixin.py:137} INFO - [2025-05-27T18:40:08.325-0400] {dag.py:2690} INFO - Sync 1 DAGs
[2025-05-27T18:40:08.332-0400] {logging_mixin.py:137} INFO - [2025-05-27T18:40:08.331-0400] {dag.py:3437} INFO - Setting next_dagrun for example_sensors to None, run_after=None
[2025-05-27T18:40:08.338-0400] {processor.py:175} INFO - Processing /Users/sruthibollu/anaconda3/envs/analytics-prep/lib/python3.9/site-packages/airflow/example_dags/example_sensors.py took 0.459 seconds
[2025-05-27T19:05:35.415-0400] {processor.py:153} INFO - Started process (PID=55893) to work on /Users/sruthibollu/anaconda3/envs/analytics-prep/lib/python3.9/site-packages/airflow/example_dags/example_sensors.py
[2025-05-27T19:05:35.417-0400] {processor.py:743} INFO - Processing file /Users/sruthibollu/anaconda3/envs/analytics-prep/lib/python3.9/site-packages/airflow/example_dags/example_sensors.py for tasks to queue
[2025-05-27T19:05:35.417-0400] {logging_mixin.py:137} INFO - [2025-05-27T19:05:35.417-0400] {dagbag.py:538} INFO - Filling up the DagBag from /Users/sruthibollu/anaconda3/envs/analytics-prep/lib/python3.9/site-packages/airflow/example_dags/example_sensors.py
[2025-05-27T19:05:35.454-0400] {processor.py:753} INFO - DAG(s) dict_keys(['example_sensors']) retrieved from /Users/sruthibollu/anaconda3/envs/analytics-prep/lib/python3.9/site-packages/airflow/example_dags/example_sensors.py
[2025-05-27T19:05:35.904-0400] {logging_mixin.py:137} INFO - [2025-05-27T19:05:35.904-0400] {dag.py:2690} INFO - Sync 1 DAGs
[2025-05-27T19:05:35.911-0400] {logging_mixin.py:137} INFO - [2025-05-27T19:05:35.910-0400] {dag.py:3437} INFO - Setting next_dagrun for example_sensors to None, run_after=None
[2025-05-27T19:05:35.917-0400] {processor.py:175} INFO - Processing /Users/sruthibollu/anaconda3/envs/analytics-prep/lib/python3.9/site-packages/airflow/example_dags/example_sensors.py took 0.503 seconds
[2025-05-27T19:37:03.570-0400] {processor.py:153} INFO - Started process (PID=56284) to work on /Users/sruthibollu/anaconda3/envs/analytics-prep/lib/python3.9/site-packages/airflow/example_dags/example_sensors.py
[2025-05-27T19:37:03.572-0400] {processor.py:743} INFO - Processing file /Users/sruthibollu/anaconda3/envs/analytics-prep/lib/python3.9/site-packages/airflow/example_dags/example_sensors.py for tasks to queue
[2025-05-27T19:37:03.574-0400] {logging_mixin.py:137} INFO - [2025-05-27T19:37:03.574-0400] {dagbag.py:538} INFO - Filling up the DagBag from /Users/sruthibollu/anaconda3/envs/analytics-prep/lib/python3.9/site-packages/airflow/example_dags/example_sensors.py
[2025-05-27T19:37:03.606-0400] {processor.py:753} INFO - DAG(s) dict_keys(['example_sensors']) retrieved from /Users/sruthibollu/anaconda3/envs/analytics-prep/lib/python3.9/site-packages/airflow/example_dags/example_sensors.py
[2025-05-27T19:37:04.039-0400] {logging_mixin.py:137} INFO - [2025-05-27T19:37:04.039-0400] {dag.py:2690} INFO - Sync 1 DAGs
[2025-05-27T19:37:04.045-0400] {logging_mixin.py:137} INFO - [2025-05-27T19:37:04.045-0400] {dag.py:3437} INFO - Setting next_dagrun for example_sensors to None, run_after=None
[2025-05-27T19:37:04.053-0400] {processor.py:175} INFO - Processing /Users/sruthibollu/anaconda3/envs/analytics-prep/lib/python3.9/site-packages/airflow/example_dags/example_sensors.py took 0.484 seconds
[2025-05-27T19:55:56.338-0400] {processor.py:153} INFO - Started process (PID=56734) to work on /Users/sruthibollu/anaconda3/envs/analytics-prep/lib/python3.9/site-packages/airflow/example_dags/example_sensors.py
[2025-05-27T19:55:56.340-0400] {processor.py:743} INFO - Processing file /Users/sruthibollu/anaconda3/envs/analytics-prep/lib/python3.9/site-packages/airflow/example_dags/example_sensors.py for tasks to queue
[2025-05-27T19:55:56.341-0400] {logging_mixin.py:137} INFO - [2025-05-27T19:55:56.341-0400] {dagbag.py:538} INFO - Filling up the DagBag from /Users/sruthibollu/anaconda3/envs/analytics-prep/lib/python3.9/site-packages/airflow/example_dags/example_sensors.py
[2025-05-27T19:55:56.376-0400] {processor.py:753} INFO - DAG(s) dict_keys(['example_sensors']) retrieved from /Users/sruthibollu/anaconda3/envs/analytics-prep/lib/python3.9/site-packages/airflow/example_dags/example_sensors.py
[2025-05-27T19:55:56.771-0400] {logging_mixin.py:137} INFO - [2025-05-27T19:55:56.771-0400] {dag.py:2690} INFO - Sync 1 DAGs
[2025-05-27T19:55:56.776-0400] {logging_mixin.py:137} INFO - [2025-05-27T19:55:56.776-0400] {dag.py:3437} INFO - Setting next_dagrun for example_sensors to None, run_after=None
[2025-05-27T19:55:56.782-0400] {processor.py:175} INFO - Processing /Users/sruthibollu/anaconda3/envs/analytics-prep/lib/python3.9/site-packages/airflow/example_dags/example_sensors.py took 0.445 seconds
