[2025-05-27T16:48:24.381-0400] {processor.py:153} INFO - Started process (PID=50821) to work on /Users/sruthibollu/anaconda3/envs/analytics-prep/lib/python3.9/site-packages/airflow/example_dags/example_dynamic_task_mapping.py
[2025-05-27T16:48:24.383-0400] {processor.py:743} INFO - Processing file /Users/sruthibollu/anaconda3/envs/analytics-prep/lib/python3.9/site-packages/airflow/example_dags/example_dynamic_task_mapping.py for tasks to queue
[2025-05-27T16:48:24.384-0400] {logging_mixin.py:137} INFO - [2025-05-27T16:48:24.383-0400] {dagbag.py:538} INFO - Filling up the DagBag from /Users/sruthibollu/anaconda3/envs/analytics-prep/lib/python3.9/site-packages/airflow/example_dags/example_dynamic_task_mapping.py
[2025-05-27T16:48:24.436-0400] {processor.py:753} INFO - DAG(s) dict_keys(['example_dynamic_task_mapping']) retrieved from /Users/sruthibollu/anaconda3/envs/analytics-prep/lib/python3.9/site-packages/airflow/example_dags/example_dynamic_task_mapping.py
[2025-05-27T16:48:24.890-0400] {logging_mixin.py:137} INFO - [2025-05-27T16:48:24.890-0400] {dag.py:2690} INFO - Sync 1 DAGs
[2025-05-27T16:48:24.897-0400] {logging_mixin.py:137} INFO - [2025-05-27T16:48:24.897-0400] {dag.py:3437} INFO - Setting next_dagrun for example_dynamic_task_mapping to 2022-03-04T00:00:00+00:00, run_after=2022-03-05T00:00:00+00:00
[2025-05-27T16:48:24.903-0400] {processor.py:175} INFO - Processing /Users/sruthibollu/anaconda3/envs/analytics-prep/lib/python3.9/site-packages/airflow/example_dags/example_dynamic_task_mapping.py took 0.523 seconds
[2025-05-27T16:49:53.046-0400] {processor.py:153} INFO - Started process (PID=51872) to work on /Users/sruthibollu/anaconda3/envs/analytics-prep/lib/python3.9/site-packages/airflow/example_dags/example_dynamic_task_mapping.py
[2025-05-27T16:49:53.049-0400] {processor.py:743} INFO - Processing file /Users/sruthibollu/anaconda3/envs/analytics-prep/lib/python3.9/site-packages/airflow/example_dags/example_dynamic_task_mapping.py for tasks to queue
[2025-05-27T16:49:53.050-0400] {logging_mixin.py:137} INFO - [2025-05-27T16:49:53.050-0400] {dagbag.py:538} INFO - Filling up the DagBag from /Users/sruthibollu/anaconda3/envs/analytics-prep/lib/python3.9/site-packages/airflow/example_dags/example_dynamic_task_mapping.py
[2025-05-27T16:49:53.081-0400] {processor.py:753} INFO - DAG(s) dict_keys(['example_dynamic_task_mapping']) retrieved from /Users/sruthibollu/anaconda3/envs/analytics-prep/lib/python3.9/site-packages/airflow/example_dags/example_dynamic_task_mapping.py
[2025-05-27T16:49:53.430-0400] {logging_mixin.py:137} INFO - [2025-05-27T16:49:53.430-0400] {dag.py:2690} INFO - Sync 1 DAGs
[2025-05-27T16:49:53.437-0400] {logging_mixin.py:137} INFO - [2025-05-27T16:49:53.437-0400] {dag.py:3437} INFO - Setting next_dagrun for example_dynamic_task_mapping to 2022-03-04T00:00:00+00:00, run_after=2022-03-05T00:00:00+00:00
[2025-05-27T16:49:53.443-0400] {processor.py:175} INFO - Processing /Users/sruthibollu/anaconda3/envs/analytics-prep/lib/python3.9/site-packages/airflow/example_dags/example_dynamic_task_mapping.py took 0.397 seconds
[2025-05-27T16:51:10.362-0400] {processor.py:153} INFO - Started process (PID=52338) to work on /Users/sruthibollu/anaconda3/envs/analytics-prep/lib/python3.9/site-packages/airflow/example_dags/example_dynamic_task_mapping.py
[2025-05-27T16:51:10.365-0400] {processor.py:743} INFO - Processing file /Users/sruthibollu/anaconda3/envs/analytics-prep/lib/python3.9/site-packages/airflow/example_dags/example_dynamic_task_mapping.py for tasks to queue
[2025-05-27T16:51:10.365-0400] {logging_mixin.py:137} INFO - [2025-05-27T16:51:10.365-0400] {dagbag.py:538} INFO - Filling up the DagBag from /Users/sruthibollu/anaconda3/envs/analytics-prep/lib/python3.9/site-packages/airflow/example_dags/example_dynamic_task_mapping.py
[2025-05-27T16:51:10.398-0400] {processor.py:753} INFO - DAG(s) dict_keys(['example_dynamic_task_mapping']) retrieved from /Users/sruthibollu/anaconda3/envs/analytics-prep/lib/python3.9/site-packages/airflow/example_dags/example_dynamic_task_mapping.py
[2025-05-27T16:51:10.728-0400] {logging_mixin.py:137} INFO - [2025-05-27T16:51:10.728-0400] {dag.py:2690} INFO - Sync 1 DAGs
[2025-05-27T16:51:10.734-0400] {logging_mixin.py:137} INFO - [2025-05-27T16:51:10.734-0400] {dag.py:3437} INFO - Setting next_dagrun for example_dynamic_task_mapping to 2022-03-04T00:00:00+00:00, run_after=2022-03-05T00:00:00+00:00
[2025-05-27T16:51:10.740-0400] {processor.py:175} INFO - Processing /Users/sruthibollu/anaconda3/envs/analytics-prep/lib/python3.9/site-packages/airflow/example_dags/example_dynamic_task_mapping.py took 0.378 seconds
[2025-05-27T16:52:50.541-0400] {processor.py:153} INFO - Started process (PID=52918) to work on /Users/sruthibollu/anaconda3/envs/analytics-prep/lib/python3.9/site-packages/airflow/example_dags/example_dynamic_task_mapping.py
[2025-05-27T16:52:50.544-0400] {processor.py:743} INFO - Processing file /Users/sruthibollu/anaconda3/envs/analytics-prep/lib/python3.9/site-packages/airflow/example_dags/example_dynamic_task_mapping.py for tasks to queue
[2025-05-27T16:52:50.544-0400] {logging_mixin.py:137} INFO - [2025-05-27T16:52:50.544-0400] {dagbag.py:538} INFO - Filling up the DagBag from /Users/sruthibollu/anaconda3/envs/analytics-prep/lib/python3.9/site-packages/airflow/example_dags/example_dynamic_task_mapping.py
[2025-05-27T16:52:50.581-0400] {processor.py:753} INFO - DAG(s) dict_keys(['example_dynamic_task_mapping']) retrieved from /Users/sruthibollu/anaconda3/envs/analytics-prep/lib/python3.9/site-packages/airflow/example_dags/example_dynamic_task_mapping.py
[2025-05-27T16:52:50.947-0400] {logging_mixin.py:137} INFO - [2025-05-27T16:52:50.947-0400] {dag.py:2690} INFO - Sync 1 DAGs
[2025-05-27T16:52:50.955-0400] {logging_mixin.py:137} INFO - [2025-05-27T16:52:50.955-0400] {dag.py:3437} INFO - Setting next_dagrun for example_dynamic_task_mapping to 2022-03-04T00:00:00+00:00, run_after=2022-03-05T00:00:00+00:00
[2025-05-27T16:52:50.961-0400] {processor.py:175} INFO - Processing /Users/sruthibollu/anaconda3/envs/analytics-prep/lib/python3.9/site-packages/airflow/example_dags/example_dynamic_task_mapping.py took 0.420 seconds
[2025-05-27T17:27:02.371-0400] {processor.py:153} INFO - Started process (PID=53404) to work on /Users/sruthibollu/anaconda3/envs/analytics-prep/lib/python3.9/site-packages/airflow/example_dags/example_dynamic_task_mapping.py
[2025-05-27T17:27:02.374-0400] {processor.py:743} INFO - Processing file /Users/sruthibollu/anaconda3/envs/analytics-prep/lib/python3.9/site-packages/airflow/example_dags/example_dynamic_task_mapping.py for tasks to queue
[2025-05-27T17:27:02.374-0400] {logging_mixin.py:137} INFO - [2025-05-27T17:27:02.374-0400] {dagbag.py:538} INFO - Filling up the DagBag from /Users/sruthibollu/anaconda3/envs/analytics-prep/lib/python3.9/site-packages/airflow/example_dags/example_dynamic_task_mapping.py
[2025-05-27T17:27:02.412-0400] {processor.py:753} INFO - DAG(s) dict_keys(['example_dynamic_task_mapping']) retrieved from /Users/sruthibollu/anaconda3/envs/analytics-prep/lib/python3.9/site-packages/airflow/example_dags/example_dynamic_task_mapping.py
[2025-05-27T17:27:03.230-0400] {logging_mixin.py:137} INFO - [2025-05-27T17:27:03.230-0400] {dag.py:2690} INFO - Sync 1 DAGs
[2025-05-27T17:27:03.238-0400] {logging_mixin.py:137} INFO - [2025-05-27T17:27:03.238-0400] {dag.py:3437} INFO - Setting next_dagrun for example_dynamic_task_mapping to 2022-03-04T00:00:00+00:00, run_after=2022-03-05T00:00:00+00:00
[2025-05-27T17:27:03.245-0400] {processor.py:175} INFO - Processing /Users/sruthibollu/anaconda3/envs/analytics-prep/lib/python3.9/site-packages/airflow/example_dags/example_dynamic_task_mapping.py took 0.874 seconds
[2025-05-27T17:49:12.742-0400] {processor.py:153} INFO - Started process (PID=54074) to work on /Users/sruthibollu/anaconda3/envs/analytics-prep/lib/python3.9/site-packages/airflow/example_dags/example_dynamic_task_mapping.py
[2025-05-27T17:49:12.745-0400] {processor.py:743} INFO - Processing file /Users/sruthibollu/anaconda3/envs/analytics-prep/lib/python3.9/site-packages/airflow/example_dags/example_dynamic_task_mapping.py for tasks to queue
[2025-05-27T17:49:12.745-0400] {logging_mixin.py:137} INFO - [2025-05-27T17:49:12.745-0400] {dagbag.py:538} INFO - Filling up the DagBag from /Users/sruthibollu/anaconda3/envs/analytics-prep/lib/python3.9/site-packages/airflow/example_dags/example_dynamic_task_mapping.py
[2025-05-27T17:49:12.784-0400] {processor.py:753} INFO - DAG(s) dict_keys(['example_dynamic_task_mapping']) retrieved from /Users/sruthibollu/anaconda3/envs/analytics-prep/lib/python3.9/site-packages/airflow/example_dags/example_dynamic_task_mapping.py
[2025-05-27T17:49:13.160-0400] {logging_mixin.py:137} INFO - [2025-05-27T17:49:13.160-0400] {dag.py:2690} INFO - Sync 1 DAGs
[2025-05-27T17:49:13.169-0400] {logging_mixin.py:137} INFO - [2025-05-27T17:49:13.169-0400] {dag.py:3437} INFO - Setting next_dagrun for example_dynamic_task_mapping to 2022-03-04T00:00:00+00:00, run_after=2022-03-05T00:00:00+00:00
[2025-05-27T17:49:13.176-0400] {processor.py:175} INFO - Processing /Users/sruthibollu/anaconda3/envs/analytics-prep/lib/python3.9/site-packages/airflow/example_dags/example_dynamic_task_mapping.py took 0.435 seconds
[2025-05-27T18:30:57.037-0400] {processor.py:153} INFO - Started process (PID=54906) to work on /Users/sruthibollu/anaconda3/envs/analytics-prep/lib/python3.9/site-packages/airflow/example_dags/example_dynamic_task_mapping.py
[2025-05-27T18:30:57.039-0400] {processor.py:743} INFO - Processing file /Users/sruthibollu/anaconda3/envs/analytics-prep/lib/python3.9/site-packages/airflow/example_dags/example_dynamic_task_mapping.py for tasks to queue
[2025-05-27T18:30:57.039-0400] {logging_mixin.py:137} INFO - [2025-05-27T18:30:57.039-0400] {dagbag.py:538} INFO - Filling up the DagBag from /Users/sruthibollu/anaconda3/envs/analytics-prep/lib/python3.9/site-packages/airflow/example_dags/example_dynamic_task_mapping.py
[2025-05-27T18:30:57.073-0400] {processor.py:753} INFO - DAG(s) dict_keys(['example_dynamic_task_mapping']) retrieved from /Users/sruthibollu/anaconda3/envs/analytics-prep/lib/python3.9/site-packages/airflow/example_dags/example_dynamic_task_mapping.py
[2025-05-27T18:30:57.420-0400] {logging_mixin.py:137} INFO - [2025-05-27T18:30:57.420-0400] {dag.py:2690} INFO - Sync 1 DAGs
[2025-05-27T18:30:57.427-0400] {logging_mixin.py:137} INFO - [2025-05-27T18:30:57.427-0400] {dag.py:3437} INFO - Setting next_dagrun for example_dynamic_task_mapping to 2022-03-04T00:00:00+00:00, run_after=2022-03-05T00:00:00+00:00
[2025-05-27T18:30:57.433-0400] {processor.py:175} INFO - Processing /Users/sruthibollu/anaconda3/envs/analytics-prep/lib/python3.9/site-packages/airflow/example_dags/example_dynamic_task_mapping.py took 0.396 seconds
[2025-05-27T18:52:31.147-0400] {processor.py:153} INFO - Started process (PID=55605) to work on /Users/sruthibollu/anaconda3/envs/analytics-prep/lib/python3.9/site-packages/airflow/example_dags/example_dynamic_task_mapping.py
[2025-05-27T18:52:31.150-0400] {processor.py:743} INFO - Processing file /Users/sruthibollu/anaconda3/envs/analytics-prep/lib/python3.9/site-packages/airflow/example_dags/example_dynamic_task_mapping.py for tasks to queue
[2025-05-27T18:52:31.150-0400] {logging_mixin.py:137} INFO - [2025-05-27T18:52:31.150-0400] {dagbag.py:538} INFO - Filling up the DagBag from /Users/sruthibollu/anaconda3/envs/analytics-prep/lib/python3.9/site-packages/airflow/example_dags/example_dynamic_task_mapping.py
[2025-05-27T18:52:31.192-0400] {processor.py:753} INFO - DAG(s) dict_keys(['example_dynamic_task_mapping']) retrieved from /Users/sruthibollu/anaconda3/envs/analytics-prep/lib/python3.9/site-packages/airflow/example_dags/example_dynamic_task_mapping.py
[2025-05-27T18:52:31.599-0400] {logging_mixin.py:137} INFO - [2025-05-27T18:52:31.599-0400] {dag.py:2690} INFO - Sync 1 DAGs
[2025-05-27T18:52:31.608-0400] {logging_mixin.py:137} INFO - [2025-05-27T18:52:31.608-0400] {dag.py:3437} INFO - Setting next_dagrun for example_dynamic_task_mapping to 2022-03-04T00:00:00+00:00, run_after=2022-03-05T00:00:00+00:00
[2025-05-27T18:52:31.616-0400] {processor.py:175} INFO - Processing /Users/sruthibollu/anaconda3/envs/analytics-prep/lib/python3.9/site-packages/airflow/example_dags/example_dynamic_task_mapping.py took 0.469 seconds
[2025-05-27T19:48:14.936-0400] {processor.py:153} INFO - Started process (PID=56409) to work on /Users/sruthibollu/anaconda3/envs/analytics-prep/lib/python3.9/site-packages/airflow/example_dags/example_dynamic_task_mapping.py
[2025-05-27T19:48:14.938-0400] {processor.py:743} INFO - Processing file /Users/sruthibollu/anaconda3/envs/analytics-prep/lib/python3.9/site-packages/airflow/example_dags/example_dynamic_task_mapping.py for tasks to queue
[2025-05-27T19:48:14.938-0400] {logging_mixin.py:137} INFO - [2025-05-27T19:48:14.938-0400] {dagbag.py:538} INFO - Filling up the DagBag from /Users/sruthibollu/anaconda3/envs/analytics-prep/lib/python3.9/site-packages/airflow/example_dags/example_dynamic_task_mapping.py
[2025-05-27T19:48:14.970-0400] {processor.py:753} INFO - DAG(s) dict_keys(['example_dynamic_task_mapping']) retrieved from /Users/sruthibollu/anaconda3/envs/analytics-prep/lib/python3.9/site-packages/airflow/example_dags/example_dynamic_task_mapping.py
[2025-05-27T19:48:15.318-0400] {logging_mixin.py:137} INFO - [2025-05-27T19:48:15.317-0400] {dag.py:2690} INFO - Sync 1 DAGs
[2025-05-27T19:48:15.324-0400] {logging_mixin.py:137} INFO - [2025-05-27T19:48:15.324-0400] {dag.py:3437} INFO - Setting next_dagrun for example_dynamic_task_mapping to 2022-03-04T00:00:00+00:00, run_after=2022-03-05T00:00:00+00:00
[2025-05-27T19:48:15.329-0400] {processor.py:175} INFO - Processing /Users/sruthibollu/anaconda3/envs/analytics-prep/lib/python3.9/site-packages/airflow/example_dags/example_dynamic_task_mapping.py took 0.394 seconds
[2025-05-27T19:57:15.922-0400] {processor.py:153} INFO - Started process (PID=56985) to work on /Users/sruthibollu/anaconda3/envs/analytics-prep/lib/python3.9/site-packages/airflow/example_dags/example_dynamic_task_mapping.py
[2025-05-27T19:57:15.924-0400] {processor.py:743} INFO - Processing file /Users/sruthibollu/anaconda3/envs/analytics-prep/lib/python3.9/site-packages/airflow/example_dags/example_dynamic_task_mapping.py for tasks to queue
[2025-05-27T19:57:15.925-0400] {logging_mixin.py:137} INFO - [2025-05-27T19:57:15.924-0400] {dagbag.py:538} INFO - Filling up the DagBag from /Users/sruthibollu/anaconda3/envs/analytics-prep/lib/python3.9/site-packages/airflow/example_dags/example_dynamic_task_mapping.py
[2025-05-27T19:57:15.956-0400] {processor.py:753} INFO - DAG(s) dict_keys(['example_dynamic_task_mapping']) retrieved from /Users/sruthibollu/anaconda3/envs/analytics-prep/lib/python3.9/site-packages/airflow/example_dags/example_dynamic_task_mapping.py
[2025-05-27T19:57:16.362-0400] {logging_mixin.py:137} INFO - [2025-05-27T19:57:16.362-0400] {dag.py:2690} INFO - Sync 1 DAGs
[2025-05-27T19:57:16.369-0400] {logging_mixin.py:137} INFO - [2025-05-27T19:57:16.369-0400] {dag.py:3437} INFO - Setting next_dagrun for example_dynamic_task_mapping to 2022-03-04T00:00:00+00:00, run_after=2022-03-05T00:00:00+00:00
[2025-05-27T19:57:16.377-0400] {processor.py:175} INFO - Processing /Users/sruthibollu/anaconda3/envs/analytics-prep/lib/python3.9/site-packages/airflow/example_dags/example_dynamic_task_mapping.py took 0.455 seconds
