[2025-05-27T16:48:28.134-0400] {processor.py:153} INFO - Started process (PID=50844) to work on /Users/sruthibollu/anaconda3/envs/analytics-prep/lib/python3.9/site-packages/airflow/example_dags/example_dag_decorator.py
[2025-05-27T16:48:28.136-0400] {processor.py:743} INFO - Processing file /Users/sruthibollu/anaconda3/envs/analytics-prep/lib/python3.9/site-packages/airflow/example_dags/example_dag_decorator.py for tasks to queue
[2025-05-27T16:48:28.136-0400] {logging_mixin.py:137} INFO - [2025-05-27T16:48:28.136-0400] {dagbag.py:538} INFO - Filling up the DagBag from /Users/sruthibollu/anaconda3/envs/analytics-prep/lib/python3.9/site-packages/airflow/example_dags/example_dag_decorator.py
[2025-05-27T16:48:28.190-0400] {logging_mixin.py:137} INFO - [2025-05-27T16:48:28.190-0400] {taskmixin.py:205} WARNING - Dependency <Task(_PythonDecoratedOperator): prepare_email>, send_email already registered for DAG: example_dag_decorator
[2025-05-27T16:48:28.191-0400] {logging_mixin.py:137} INFO - [2025-05-27T16:48:28.190-0400] {taskmixin.py:205} WARNING - Dependency <Task(EmailOperator): send_email>, prepare_email already registered for DAG: example_dag_decorator
[2025-05-27T16:48:28.227-0400] {processor.py:753} INFO - DAG(s) dict_keys(['example_dag_decorator']) retrieved from /Users/sruthibollu/anaconda3/envs/analytics-prep/lib/python3.9/site-packages/airflow/example_dags/example_dag_decorator.py
[2025-05-27T16:48:28.573-0400] {logging_mixin.py:137} INFO - [2025-05-27T16:48:28.573-0400] {dag.py:2690} INFO - Sync 1 DAGs
[2025-05-27T16:48:28.582-0400] {logging_mixin.py:137} INFO - [2025-05-27T16:48:28.582-0400] {dag.py:3437} INFO - Setting next_dagrun for example_dag_decorator to None, run_after=None
[2025-05-27T16:48:28.590-0400] {processor.py:175} INFO - Processing /Users/sruthibollu/anaconda3/envs/analytics-prep/lib/python3.9/site-packages/airflow/example_dags/example_dag_decorator.py took 0.457 seconds
[2025-05-27T16:49:56.269-0400] {processor.py:153} INFO - Started process (PID=51896) to work on /Users/sruthibollu/anaconda3/envs/analytics-prep/lib/python3.9/site-packages/airflow/example_dags/example_dag_decorator.py
[2025-05-27T16:49:56.271-0400] {processor.py:743} INFO - Processing file /Users/sruthibollu/anaconda3/envs/analytics-prep/lib/python3.9/site-packages/airflow/example_dags/example_dag_decorator.py for tasks to queue
[2025-05-27T16:49:56.271-0400] {logging_mixin.py:137} INFO - [2025-05-27T16:49:56.271-0400] {dagbag.py:538} INFO - Filling up the DagBag from /Users/sruthibollu/anaconda3/envs/analytics-prep/lib/python3.9/site-packages/airflow/example_dags/example_dag_decorator.py
[2025-05-27T16:49:56.316-0400] {logging_mixin.py:137} INFO - [2025-05-27T16:49:56.316-0400] {taskmixin.py:205} WARNING - Dependency <Task(_PythonDecoratedOperator): prepare_email>, send_email already registered for DAG: example_dag_decorator
[2025-05-27T16:49:56.317-0400] {logging_mixin.py:137} INFO - [2025-05-27T16:49:56.316-0400] {taskmixin.py:205} WARNING - Dependency <Task(EmailOperator): send_email>, prepare_email already registered for DAG: example_dag_decorator
[2025-05-27T16:49:56.351-0400] {processor.py:753} INFO - DAG(s) dict_keys(['example_dag_decorator']) retrieved from /Users/sruthibollu/anaconda3/envs/analytics-prep/lib/python3.9/site-packages/airflow/example_dags/example_dag_decorator.py
[2025-05-27T16:49:56.652-0400] {logging_mixin.py:137} INFO - [2025-05-27T16:49:56.651-0400] {dag.py:2690} INFO - Sync 1 DAGs
[2025-05-27T16:49:56.657-0400] {logging_mixin.py:137} INFO - [2025-05-27T16:49:56.657-0400] {dag.py:3437} INFO - Setting next_dagrun for example_dag_decorator to None, run_after=None
[2025-05-27T16:49:56.664-0400] {processor.py:175} INFO - Processing /Users/sruthibollu/anaconda3/envs/analytics-prep/lib/python3.9/site-packages/airflow/example_dags/example_dag_decorator.py took 0.396 seconds
[2025-05-27T16:51:19.096-0400] {processor.py:153} INFO - Started process (PID=52382) to work on /Users/sruthibollu/anaconda3/envs/analytics-prep/lib/python3.9/site-packages/airflow/example_dags/example_dag_decorator.py
[2025-05-27T16:51:19.099-0400] {processor.py:743} INFO - Processing file /Users/sruthibollu/anaconda3/envs/analytics-prep/lib/python3.9/site-packages/airflow/example_dags/example_dag_decorator.py for tasks to queue
[2025-05-27T16:51:19.100-0400] {logging_mixin.py:137} INFO - [2025-05-27T16:51:19.100-0400] {dagbag.py:538} INFO - Filling up the DagBag from /Users/sruthibollu/anaconda3/envs/analytics-prep/lib/python3.9/site-packages/airflow/example_dags/example_dag_decorator.py
[2025-05-27T16:51:19.160-0400] {logging_mixin.py:137} INFO - [2025-05-27T16:51:19.160-0400] {taskmixin.py:205} WARNING - Dependency <Task(_PythonDecoratedOperator): prepare_email>, send_email already registered for DAG: example_dag_decorator
[2025-05-27T16:51:19.160-0400] {logging_mixin.py:137} INFO - [2025-05-27T16:51:19.160-0400] {taskmixin.py:205} WARNING - Dependency <Task(EmailOperator): send_email>, prepare_email already registered for DAG: example_dag_decorator
[2025-05-27T16:51:19.200-0400] {processor.py:753} INFO - DAG(s) dict_keys(['example_dag_decorator']) retrieved from /Users/sruthibollu/anaconda3/envs/analytics-prep/lib/python3.9/site-packages/airflow/example_dags/example_dag_decorator.py
[2025-05-27T16:51:19.660-0400] {logging_mixin.py:137} INFO - [2025-05-27T16:51:19.660-0400] {dag.py:2690} INFO - Sync 1 DAGs
[2025-05-27T16:51:19.669-0400] {logging_mixin.py:137} INFO - [2025-05-27T16:51:19.669-0400] {dag.py:3437} INFO - Setting next_dagrun for example_dag_decorator to None, run_after=None
[2025-05-27T16:51:19.680-0400] {processor.py:175} INFO - Processing /Users/sruthibollu/anaconda3/envs/analytics-prep/lib/python3.9/site-packages/airflow/example_dags/example_dag_decorator.py took 0.584 seconds
[2025-05-27T16:52:53.314-0400] {processor.py:153} INFO - Started process (PID=52930) to work on /Users/sruthibollu/anaconda3/envs/analytics-prep/lib/python3.9/site-packages/airflow/example_dags/example_dag_decorator.py
[2025-05-27T16:52:53.316-0400] {processor.py:743} INFO - Processing file /Users/sruthibollu/anaconda3/envs/analytics-prep/lib/python3.9/site-packages/airflow/example_dags/example_dag_decorator.py for tasks to queue
[2025-05-27T16:52:53.317-0400] {logging_mixin.py:137} INFO - [2025-05-27T16:52:53.317-0400] {dagbag.py:538} INFO - Filling up the DagBag from /Users/sruthibollu/anaconda3/envs/analytics-prep/lib/python3.9/site-packages/airflow/example_dags/example_dag_decorator.py
[2025-05-27T16:52:53.368-0400] {logging_mixin.py:137} INFO - [2025-05-27T16:52:53.368-0400] {taskmixin.py:205} WARNING - Dependency <Task(_PythonDecoratedOperator): prepare_email>, send_email already registered for DAG: example_dag_decorator
[2025-05-27T16:52:53.368-0400] {logging_mixin.py:137} INFO - [2025-05-27T16:52:53.368-0400] {taskmixin.py:205} WARNING - Dependency <Task(EmailOperator): send_email>, prepare_email already registered for DAG: example_dag_decorator
[2025-05-27T16:52:53.402-0400] {processor.py:753} INFO - DAG(s) dict_keys(['example_dag_decorator']) retrieved from /Users/sruthibollu/anaconda3/envs/analytics-prep/lib/python3.9/site-packages/airflow/example_dags/example_dag_decorator.py
[2025-05-27T16:52:53.712-0400] {logging_mixin.py:137} INFO - [2025-05-27T16:52:53.712-0400] {dag.py:2690} INFO - Sync 1 DAGs
[2025-05-27T16:52:53.720-0400] {logging_mixin.py:137} INFO - [2025-05-27T16:52:53.720-0400] {dag.py:3437} INFO - Setting next_dagrun for example_dag_decorator to None, run_after=None
[2025-05-27T16:52:53.727-0400] {processor.py:175} INFO - Processing /Users/sruthibollu/anaconda3/envs/analytics-prep/lib/python3.9/site-packages/airflow/example_dags/example_dag_decorator.py took 0.413 seconds
[2025-05-27T17:27:06.219-0400] {processor.py:153} INFO - Started process (PID=53442) to work on /Users/sruthibollu/anaconda3/envs/analytics-prep/lib/python3.9/site-packages/airflow/example_dags/example_dag_decorator.py
[2025-05-27T17:27:06.221-0400] {processor.py:743} INFO - Processing file /Users/sruthibollu/anaconda3/envs/analytics-prep/lib/python3.9/site-packages/airflow/example_dags/example_dag_decorator.py for tasks to queue
[2025-05-27T17:27:06.221-0400] {logging_mixin.py:137} INFO - [2025-05-27T17:27:06.221-0400] {dagbag.py:538} INFO - Filling up the DagBag from /Users/sruthibollu/anaconda3/envs/analytics-prep/lib/python3.9/site-packages/airflow/example_dags/example_dag_decorator.py
[2025-05-27T17:27:06.276-0400] {logging_mixin.py:137} INFO - [2025-05-27T17:27:06.276-0400] {taskmixin.py:205} WARNING - Dependency <Task(_PythonDecoratedOperator): prepare_email>, send_email already registered for DAG: example_dag_decorator
[2025-05-27T17:27:06.276-0400] {logging_mixin.py:137} INFO - [2025-05-27T17:27:06.276-0400] {taskmixin.py:205} WARNING - Dependency <Task(EmailOperator): send_email>, prepare_email already registered for DAG: example_dag_decorator
[2025-05-27T17:27:06.312-0400] {processor.py:753} INFO - DAG(s) dict_keys(['example_dag_decorator']) retrieved from /Users/sruthibollu/anaconda3/envs/analytics-prep/lib/python3.9/site-packages/airflow/example_dags/example_dag_decorator.py
[2025-05-27T17:27:06.634-0400] {logging_mixin.py:137} INFO - [2025-05-27T17:27:06.634-0400] {dag.py:2690} INFO - Sync 1 DAGs
[2025-05-27T17:27:06.640-0400] {logging_mixin.py:137} INFO - [2025-05-27T17:27:06.640-0400] {dag.py:3437} INFO - Setting next_dagrun for example_dag_decorator to None, run_after=None
[2025-05-27T17:27:06.648-0400] {processor.py:175} INFO - Processing /Users/sruthibollu/anaconda3/envs/analytics-prep/lib/python3.9/site-packages/airflow/example_dags/example_dag_decorator.py took 0.429 seconds
[2025-05-27T17:49:27.574-0400] {processor.py:153} INFO - Started process (PID=54108) to work on /Users/sruthibollu/anaconda3/envs/analytics-prep/lib/python3.9/site-packages/airflow/example_dags/example_dag_decorator.py
[2025-05-27T17:49:27.576-0400] {processor.py:743} INFO - Processing file /Users/sruthibollu/anaconda3/envs/analytics-prep/lib/python3.9/site-packages/airflow/example_dags/example_dag_decorator.py for tasks to queue
[2025-05-27T17:49:27.576-0400] {logging_mixin.py:137} INFO - [2025-05-27T17:49:27.576-0400] {dagbag.py:538} INFO - Filling up the DagBag from /Users/sruthibollu/anaconda3/envs/analytics-prep/lib/python3.9/site-packages/airflow/example_dags/example_dag_decorator.py
[2025-05-27T17:49:27.630-0400] {logging_mixin.py:137} INFO - [2025-05-27T17:49:27.630-0400] {taskmixin.py:205} WARNING - Dependency <Task(_PythonDecoratedOperator): prepare_email>, send_email already registered for DAG: example_dag_decorator
[2025-05-27T17:49:27.630-0400] {logging_mixin.py:137} INFO - [2025-05-27T17:49:27.630-0400] {taskmixin.py:205} WARNING - Dependency <Task(EmailOperator): send_email>, prepare_email already registered for DAG: example_dag_decorator
[2025-05-27T17:49:27.668-0400] {processor.py:753} INFO - DAG(s) dict_keys(['example_dag_decorator']) retrieved from /Users/sruthibollu/anaconda3/envs/analytics-prep/lib/python3.9/site-packages/airflow/example_dags/example_dag_decorator.py
[2025-05-27T17:49:27.972-0400] {logging_mixin.py:137} INFO - [2025-05-27T17:49:27.972-0400] {dag.py:2690} INFO - Sync 1 DAGs
[2025-05-27T17:49:27.978-0400] {logging_mixin.py:137} INFO - [2025-05-27T17:49:27.978-0400] {dag.py:3437} INFO - Setting next_dagrun for example_dag_decorator to None, run_after=None
[2025-05-27T17:49:27.984-0400] {processor.py:175} INFO - Processing /Users/sruthibollu/anaconda3/envs/analytics-prep/lib/python3.9/site-packages/airflow/example_dags/example_dag_decorator.py took 0.411 seconds
[2025-05-27T18:31:00.089-0400] {processor.py:153} INFO - Started process (PID=54931) to work on /Users/sruthibollu/anaconda3/envs/analytics-prep/lib/python3.9/site-packages/airflow/example_dags/example_dag_decorator.py
[2025-05-27T18:31:00.092-0400] {processor.py:743} INFO - Processing file /Users/sruthibollu/anaconda3/envs/analytics-prep/lib/python3.9/site-packages/airflow/example_dags/example_dag_decorator.py for tasks to queue
[2025-05-27T18:31:00.092-0400] {logging_mixin.py:137} INFO - [2025-05-27T18:31:00.092-0400] {dagbag.py:538} INFO - Filling up the DagBag from /Users/sruthibollu/anaconda3/envs/analytics-prep/lib/python3.9/site-packages/airflow/example_dags/example_dag_decorator.py
[2025-05-27T18:31:00.145-0400] {logging_mixin.py:137} INFO - [2025-05-27T18:31:00.145-0400] {taskmixin.py:205} WARNING - Dependency <Task(_PythonDecoratedOperator): prepare_email>, send_email already registered for DAG: example_dag_decorator
[2025-05-27T18:31:00.145-0400] {logging_mixin.py:137} INFO - [2025-05-27T18:31:00.145-0400] {taskmixin.py:205} WARNING - Dependency <Task(EmailOperator): send_email>, prepare_email already registered for DAG: example_dag_decorator
[2025-05-27T18:31:00.182-0400] {processor.py:753} INFO - DAG(s) dict_keys(['example_dag_decorator']) retrieved from /Users/sruthibollu/anaconda3/envs/analytics-prep/lib/python3.9/site-packages/airflow/example_dags/example_dag_decorator.py
[2025-05-27T18:31:00.506-0400] {logging_mixin.py:137} INFO - [2025-05-27T18:31:00.506-0400] {dag.py:2690} INFO - Sync 1 DAGs
[2025-05-27T18:31:00.513-0400] {logging_mixin.py:137} INFO - [2025-05-27T18:31:00.513-0400] {dag.py:3437} INFO - Setting next_dagrun for example_dag_decorator to None, run_after=None
[2025-05-27T18:31:00.522-0400] {processor.py:175} INFO - Processing /Users/sruthibollu/anaconda3/envs/analytics-prep/lib/python3.9/site-packages/airflow/example_dags/example_dag_decorator.py took 0.434 seconds
[2025-05-27T18:52:35.386-0400] {processor.py:153} INFO - Started process (PID=55649) to work on /Users/sruthibollu/anaconda3/envs/analytics-prep/lib/python3.9/site-packages/airflow/example_dags/example_dag_decorator.py
[2025-05-27T18:52:35.388-0400] {processor.py:743} INFO - Processing file /Users/sruthibollu/anaconda3/envs/analytics-prep/lib/python3.9/site-packages/airflow/example_dags/example_dag_decorator.py for tasks to queue
[2025-05-27T18:52:35.389-0400] {logging_mixin.py:137} INFO - [2025-05-27T18:52:35.389-0400] {dagbag.py:538} INFO - Filling up the DagBag from /Users/sruthibollu/anaconda3/envs/analytics-prep/lib/python3.9/site-packages/airflow/example_dags/example_dag_decorator.py
[2025-05-27T18:52:35.459-0400] {logging_mixin.py:137} INFO - [2025-05-27T18:52:35.458-0400] {taskmixin.py:205} WARNING - Dependency <Task(_PythonDecoratedOperator): prepare_email>, send_email already registered for DAG: example_dag_decorator
[2025-05-27T18:52:35.459-0400] {logging_mixin.py:137} INFO - [2025-05-27T18:52:35.459-0400] {taskmixin.py:205} WARNING - Dependency <Task(EmailOperator): send_email>, prepare_email already registered for DAG: example_dag_decorator
[2025-05-27T18:52:35.513-0400] {processor.py:753} INFO - DAG(s) dict_keys(['example_dag_decorator']) retrieved from /Users/sruthibollu/anaconda3/envs/analytics-prep/lib/python3.9/site-packages/airflow/example_dags/example_dag_decorator.py
[2025-05-27T18:52:35.966-0400] {logging_mixin.py:137} INFO - [2025-05-27T18:52:35.966-0400] {dag.py:2690} INFO - Sync 1 DAGs
[2025-05-27T18:52:35.974-0400] {logging_mixin.py:137} INFO - [2025-05-27T18:52:35.974-0400] {dag.py:3437} INFO - Setting next_dagrun for example_dag_decorator to None, run_after=None
[2025-05-27T18:52:35.997-0400] {processor.py:175} INFO - Processing /Users/sruthibollu/anaconda3/envs/analytics-prep/lib/python3.9/site-packages/airflow/example_dags/example_dag_decorator.py took 0.611 seconds
[2025-05-27T19:48:18.799-0400] {processor.py:153} INFO - Started process (PID=56433) to work on /Users/sruthibollu/anaconda3/envs/analytics-prep/lib/python3.9/site-packages/airflow/example_dags/example_dag_decorator.py
[2025-05-27T19:48:18.801-0400] {processor.py:743} INFO - Processing file /Users/sruthibollu/anaconda3/envs/analytics-prep/lib/python3.9/site-packages/airflow/example_dags/example_dag_decorator.py for tasks to queue
[2025-05-27T19:48:18.801-0400] {logging_mixin.py:137} INFO - [2025-05-27T19:48:18.801-0400] {dagbag.py:538} INFO - Filling up the DagBag from /Users/sruthibollu/anaconda3/envs/analytics-prep/lib/python3.9/site-packages/airflow/example_dags/example_dag_decorator.py
[2025-05-27T19:48:18.845-0400] {logging_mixin.py:137} INFO - [2025-05-27T19:48:18.845-0400] {taskmixin.py:205} WARNING - Dependency <Task(_PythonDecoratedOperator): prepare_email>, send_email already registered for DAG: example_dag_decorator
[2025-05-27T19:48:18.845-0400] {logging_mixin.py:137} INFO - [2025-05-27T19:48:18.845-0400] {taskmixin.py:205} WARNING - Dependency <Task(EmailOperator): send_email>, prepare_email already registered for DAG: example_dag_decorator
[2025-05-27T19:48:18.878-0400] {processor.py:753} INFO - DAG(s) dict_keys(['example_dag_decorator']) retrieved from /Users/sruthibollu/anaconda3/envs/analytics-prep/lib/python3.9/site-packages/airflow/example_dags/example_dag_decorator.py
[2025-05-27T19:48:19.177-0400] {logging_mixin.py:137} INFO - [2025-05-27T19:48:19.177-0400] {dag.py:2690} INFO - Sync 1 DAGs
[2025-05-27T19:48:19.183-0400] {logging_mixin.py:137} INFO - [2025-05-27T19:48:19.183-0400] {dag.py:3437} INFO - Setting next_dagrun for example_dag_decorator to None, run_after=None
[2025-05-27T19:48:19.190-0400] {processor.py:175} INFO - Processing /Users/sruthibollu/anaconda3/envs/analytics-prep/lib/python3.9/site-packages/airflow/example_dags/example_dag_decorator.py took 0.392 seconds
[2025-05-27T19:57:19.926-0400] {processor.py:153} INFO - Started process (PID=57010) to work on /Users/sruthibollu/anaconda3/envs/analytics-prep/lib/python3.9/site-packages/airflow/example_dags/example_dag_decorator.py
[2025-05-27T19:57:19.929-0400] {processor.py:743} INFO - Processing file /Users/sruthibollu/anaconda3/envs/analytics-prep/lib/python3.9/site-packages/airflow/example_dags/example_dag_decorator.py for tasks to queue
[2025-05-27T19:57:19.929-0400] {logging_mixin.py:137} INFO - [2025-05-27T19:57:19.929-0400] {dagbag.py:538} INFO - Filling up the DagBag from /Users/sruthibollu/anaconda3/envs/analytics-prep/lib/python3.9/site-packages/airflow/example_dags/example_dag_decorator.py
[2025-05-27T19:57:20.007-0400] {logging_mixin.py:137} INFO - [2025-05-27T19:57:20.007-0400] {taskmixin.py:205} WARNING - Dependency <Task(_PythonDecoratedOperator): prepare_email>, send_email already registered for DAG: example_dag_decorator
[2025-05-27T19:57:20.010-0400] {logging_mixin.py:137} INFO - [2025-05-27T19:57:20.010-0400] {taskmixin.py:205} WARNING - Dependency <Task(EmailOperator): send_email>, prepare_email already registered for DAG: example_dag_decorator
[2025-05-27T19:57:20.065-0400] {processor.py:753} INFO - DAG(s) dict_keys(['example_dag_decorator']) retrieved from /Users/sruthibollu/anaconda3/envs/analytics-prep/lib/python3.9/site-packages/airflow/example_dags/example_dag_decorator.py
[2025-05-27T19:57:20.514-0400] {logging_mixin.py:137} INFO - [2025-05-27T19:57:20.514-0400] {dag.py:2690} INFO - Sync 1 DAGs
[2025-05-27T19:57:20.521-0400] {logging_mixin.py:137} INFO - [2025-05-27T19:57:20.521-0400] {dag.py:3437} INFO - Setting next_dagrun for example_dag_decorator to None, run_after=None
[2025-05-27T19:57:20.533-0400] {processor.py:175} INFO - Processing /Users/sruthibollu/anaconda3/envs/analytics-prep/lib/python3.9/site-packages/airflow/example_dags/example_dag_decorator.py took 0.607 seconds
