[2025-05-27T16:47:45.751-0400] {processor.py:153} INFO - Started process (PID=49946) to work on /Users/sruthibollu/anaconda3/envs/analytics-prep/lib/python3.9/site-packages/airflow/example_dags/example_xcomargs.py
[2025-05-27T16:47:45.753-0400] {processor.py:743} INFO - Processing file /Users/sruthibollu/anaconda3/envs/analytics-prep/lib/python3.9/site-packages/airflow/example_dags/example_xcomargs.py for tasks to queue
[2025-05-27T16:47:45.753-0400] {logging_mixin.py:137} INFO - [2025-05-27T16:47:45.753-0400] {dagbag.py:538} INFO - Filling up the DagBag from /Users/sruthibollu/anaconda3/envs/analytics-prep/lib/python3.9/site-packages/airflow/example_dags/example_xcomargs.py
[2025-05-27T16:47:45.789-0400] {processor.py:753} INFO - DAG(s) dict_keys(['example_xcom_args', 'example_xcom_args_with_operators']) retrieved from /Users/sruthibollu/anaconda3/envs/analytics-prep/lib/python3.9/site-packages/airflow/example_dags/example_xcomargs.py
[2025-05-27T16:47:45.805-0400] {logging_mixin.py:137} INFO - [2025-05-27T16:47:45.805-0400] {dag.py:2690} INFO - Sync 2 DAGs
[2025-05-27T16:47:46.127-0400] {logging_mixin.py:137} INFO - [2025-05-27T16:47:46.126-0400] {dag.py:3437} INFO - Setting next_dagrun for example_xcom_args to None, run_after=None
[2025-05-27T16:47:46.127-0400] {logging_mixin.py:137} INFO - [2025-05-27T16:47:46.127-0400] {dag.py:3437} INFO - Setting next_dagrun for example_xcom_args_with_operators to None, run_after=None
[2025-05-27T16:47:46.133-0400] {processor.py:175} INFO - Processing /Users/sruthibollu/anaconda3/envs/analytics-prep/lib/python3.9/site-packages/airflow/example_dags/example_xcomargs.py took 0.383 seconds
[2025-05-27T16:48:55.581-0400] {processor.py:153} INFO - Started process (PID=50985) to work on /Users/sruthibollu/anaconda3/envs/analytics-prep/lib/python3.9/site-packages/airflow/example_dags/example_xcomargs.py
[2025-05-27T16:48:55.583-0400] {processor.py:743} INFO - Processing file /Users/sruthibollu/anaconda3/envs/analytics-prep/lib/python3.9/site-packages/airflow/example_dags/example_xcomargs.py for tasks to queue
[2025-05-27T16:48:55.583-0400] {logging_mixin.py:137} INFO - [2025-05-27T16:48:55.583-0400] {dagbag.py:538} INFO - Filling up the DagBag from /Users/sruthibollu/anaconda3/envs/analytics-prep/lib/python3.9/site-packages/airflow/example_dags/example_xcomargs.py
[2025-05-27T16:48:55.618-0400] {processor.py:753} INFO - DAG(s) dict_keys(['example_xcom_args', 'example_xcom_args_with_operators']) retrieved from /Users/sruthibollu/anaconda3/envs/analytics-prep/lib/python3.9/site-packages/airflow/example_dags/example_xcomargs.py
[2025-05-27T16:48:55.980-0400] {logging_mixin.py:137} INFO - [2025-05-27T16:48:55.979-0400] {dag.py:2690} INFO - Sync 2 DAGs
[2025-05-27T16:48:55.986-0400] {logging_mixin.py:137} INFO - [2025-05-27T16:48:55.986-0400] {dag.py:3437} INFO - Setting next_dagrun for example_xcom_args to None, run_after=None
[2025-05-27T16:48:55.987-0400] {logging_mixin.py:137} INFO - [2025-05-27T16:48:55.987-0400] {dag.py:3437} INFO - Setting next_dagrun for example_xcom_args_with_operators to None, run_after=None
[2025-05-27T16:48:55.992-0400] {processor.py:175} INFO - Processing /Users/sruthibollu/anaconda3/envs/analytics-prep/lib/python3.9/site-packages/airflow/example_dags/example_xcomargs.py took 0.412 seconds
[2025-05-27T16:49:40.389-0400] {processor.py:153} INFO - Started process (PID=51481) to work on /Users/sruthibollu/anaconda3/envs/analytics-prep/lib/python3.9/site-packages/airflow/example_dags/example_xcomargs.py
[2025-05-27T16:49:40.391-0400] {processor.py:743} INFO - Processing file /Users/sruthibollu/anaconda3/envs/analytics-prep/lib/python3.9/site-packages/airflow/example_dags/example_xcomargs.py for tasks to queue
[2025-05-27T16:49:40.391-0400] {logging_mixin.py:137} INFO - [2025-05-27T16:49:40.391-0400] {dagbag.py:538} INFO - Filling up the DagBag from /Users/sruthibollu/anaconda3/envs/analytics-prep/lib/python3.9/site-packages/airflow/example_dags/example_xcomargs.py
[2025-05-27T16:49:40.427-0400] {processor.py:753} INFO - DAG(s) dict_keys(['example_xcom_args_with_operators', 'example_xcom_args']) retrieved from /Users/sruthibollu/anaconda3/envs/analytics-prep/lib/python3.9/site-packages/airflow/example_dags/example_xcomargs.py
[2025-05-27T16:49:40.800-0400] {logging_mixin.py:137} INFO - [2025-05-27T16:49:40.799-0400] {dag.py:2690} INFO - Sync 2 DAGs
[2025-05-27T16:49:40.806-0400] {logging_mixin.py:137} INFO - [2025-05-27T16:49:40.806-0400] {dag.py:3437} INFO - Setting next_dagrun for example_xcom_args to None, run_after=None
[2025-05-27T16:49:40.807-0400] {logging_mixin.py:137} INFO - [2025-05-27T16:49:40.807-0400] {dag.py:3437} INFO - Setting next_dagrun for example_xcom_args_with_operators to None, run_after=None
[2025-05-27T16:49:40.813-0400] {processor.py:175} INFO - Processing /Users/sruthibollu/anaconda3/envs/analytics-prep/lib/python3.9/site-packages/airflow/example_dags/example_xcomargs.py took 0.425 seconds
[2025-05-27T16:50:24.157-0400] {processor.py:153} INFO - Started process (PID=52057) to work on /Users/sruthibollu/anaconda3/envs/analytics-prep/lib/python3.9/site-packages/airflow/example_dags/example_xcomargs.py
[2025-05-27T16:50:24.160-0400] {processor.py:743} INFO - Processing file /Users/sruthibollu/anaconda3/envs/analytics-prep/lib/python3.9/site-packages/airflow/example_dags/example_xcomargs.py for tasks to queue
[2025-05-27T16:50:24.160-0400] {logging_mixin.py:137} INFO - [2025-05-27T16:50:24.160-0400] {dagbag.py:538} INFO - Filling up the DagBag from /Users/sruthibollu/anaconda3/envs/analytics-prep/lib/python3.9/site-packages/airflow/example_dags/example_xcomargs.py
[2025-05-27T16:50:24.194-0400] {processor.py:753} INFO - DAG(s) dict_keys(['example_xcom_args_with_operators', 'example_xcom_args']) retrieved from /Users/sruthibollu/anaconda3/envs/analytics-prep/lib/python3.9/site-packages/airflow/example_dags/example_xcomargs.py
[2025-05-27T16:50:24.538-0400] {logging_mixin.py:137} INFO - [2025-05-27T16:50:24.538-0400] {dag.py:2690} INFO - Sync 2 DAGs
[2025-05-27T16:50:24.544-0400] {logging_mixin.py:137} INFO - [2025-05-27T16:50:24.544-0400] {dag.py:3437} INFO - Setting next_dagrun for example_xcom_args to None, run_after=None
[2025-05-27T16:50:24.545-0400] {logging_mixin.py:137} INFO - [2025-05-27T16:50:24.545-0400] {dag.py:3437} INFO - Setting next_dagrun for example_xcom_args_with_operators to None, run_after=None
[2025-05-27T16:50:24.551-0400] {processor.py:175} INFO - Processing /Users/sruthibollu/anaconda3/envs/analytics-prep/lib/python3.9/site-packages/airflow/example_dags/example_xcomargs.py took 0.395 seconds
[2025-05-27T16:51:50.842-0400] {processor.py:153} INFO - Started process (PID=52565) to work on /Users/sruthibollu/anaconda3/envs/analytics-prep/lib/python3.9/site-packages/airflow/example_dags/example_xcomargs.py
[2025-05-27T16:51:50.844-0400] {processor.py:743} INFO - Processing file /Users/sruthibollu/anaconda3/envs/analytics-prep/lib/python3.9/site-packages/airflow/example_dags/example_xcomargs.py for tasks to queue
[2025-05-27T16:51:50.844-0400] {logging_mixin.py:137} INFO - [2025-05-27T16:51:50.844-0400] {dagbag.py:538} INFO - Filling up the DagBag from /Users/sruthibollu/anaconda3/envs/analytics-prep/lib/python3.9/site-packages/airflow/example_dags/example_xcomargs.py
[2025-05-27T16:51:50.887-0400] {processor.py:753} INFO - DAG(s) dict_keys(['example_xcom_args', 'example_xcom_args_with_operators']) retrieved from /Users/sruthibollu/anaconda3/envs/analytics-prep/lib/python3.9/site-packages/airflow/example_dags/example_xcomargs.py
[2025-05-27T16:51:51.286-0400] {logging_mixin.py:137} INFO - [2025-05-27T16:51:51.286-0400] {dag.py:2690} INFO - Sync 2 DAGs
[2025-05-27T16:51:51.294-0400] {logging_mixin.py:137} INFO - [2025-05-27T16:51:51.294-0400] {dag.py:3437} INFO - Setting next_dagrun for example_xcom_args to None, run_after=None
[2025-05-27T16:51:51.296-0400] {logging_mixin.py:137} INFO - [2025-05-27T16:51:51.296-0400] {dag.py:3437} INFO - Setting next_dagrun for example_xcom_args_with_operators to None, run_after=None
[2025-05-27T16:51:51.304-0400] {processor.py:175} INFO - Processing /Users/sruthibollu/anaconda3/envs/analytics-prep/lib/python3.9/site-packages/airflow/example_dags/example_xcomargs.py took 0.463 seconds
[2025-05-27T16:52:40.958-0400] {processor.py:153} INFO - Started process (PID=52858) to work on /Users/sruthibollu/anaconda3/envs/analytics-prep/lib/python3.9/site-packages/airflow/example_dags/example_xcomargs.py
[2025-05-27T16:52:40.960-0400] {processor.py:743} INFO - Processing file /Users/sruthibollu/anaconda3/envs/analytics-prep/lib/python3.9/site-packages/airflow/example_dags/example_xcomargs.py for tasks to queue
[2025-05-27T16:52:40.961-0400] {logging_mixin.py:137} INFO - [2025-05-27T16:52:40.960-0400] {dagbag.py:538} INFO - Filling up the DagBag from /Users/sruthibollu/anaconda3/envs/analytics-prep/lib/python3.9/site-packages/airflow/example_dags/example_xcomargs.py
[2025-05-27T16:52:40.993-0400] {processor.py:753} INFO - DAG(s) dict_keys(['example_xcom_args', 'example_xcom_args_with_operators']) retrieved from /Users/sruthibollu/anaconda3/envs/analytics-prep/lib/python3.9/site-packages/airflow/example_dags/example_xcomargs.py
[2025-05-27T16:52:41.349-0400] {logging_mixin.py:137} INFO - [2025-05-27T16:52:41.349-0400] {dag.py:2690} INFO - Sync 2 DAGs
[2025-05-27T16:52:41.357-0400] {logging_mixin.py:137} INFO - [2025-05-27T16:52:41.357-0400] {dag.py:3437} INFO - Setting next_dagrun for example_xcom_args to None, run_after=None
[2025-05-27T16:52:41.358-0400] {logging_mixin.py:137} INFO - [2025-05-27T16:52:41.358-0400] {dag.py:3437} INFO - Setting next_dagrun for example_xcom_args_with_operators to None, run_after=None
[2025-05-27T16:52:41.366-0400] {processor.py:175} INFO - Processing /Users/sruthibollu/anaconda3/envs/analytics-prep/lib/python3.9/site-packages/airflow/example_dags/example_xcomargs.py took 0.408 seconds
[2025-05-27T16:53:59.025-0400] {processor.py:153} INFO - Started process (PID=53321) to work on /Users/sruthibollu/anaconda3/envs/analytics-prep/lib/python3.9/site-packages/airflow/example_dags/example_xcomargs.py
[2025-05-27T16:53:59.027-0400] {processor.py:743} INFO - Processing file /Users/sruthibollu/anaconda3/envs/analytics-prep/lib/python3.9/site-packages/airflow/example_dags/example_xcomargs.py for tasks to queue
[2025-05-27T16:53:59.027-0400] {logging_mixin.py:137} INFO - [2025-05-27T16:53:59.027-0400] {dagbag.py:538} INFO - Filling up the DagBag from /Users/sruthibollu/anaconda3/envs/analytics-prep/lib/python3.9/site-packages/airflow/example_dags/example_xcomargs.py
[2025-05-27T16:53:59.063-0400] {processor.py:753} INFO - DAG(s) dict_keys(['example_xcom_args_with_operators', 'example_xcom_args']) retrieved from /Users/sruthibollu/anaconda3/envs/analytics-prep/lib/python3.9/site-packages/airflow/example_dags/example_xcomargs.py
[2025-05-27T16:53:59.432-0400] {logging_mixin.py:137} INFO - [2025-05-27T16:53:59.432-0400] {dag.py:2690} INFO - Sync 2 DAGs
[2025-05-27T16:53:59.439-0400] {logging_mixin.py:137} INFO - [2025-05-27T16:53:59.438-0400] {dag.py:3437} INFO - Setting next_dagrun for example_xcom_args to None, run_after=None
[2025-05-27T16:53:59.439-0400] {logging_mixin.py:137} INFO - [2025-05-27T16:53:59.439-0400] {dag.py:3437} INFO - Setting next_dagrun for example_xcom_args_with_operators to None, run_after=None
[2025-05-27T16:53:59.445-0400] {processor.py:175} INFO - Processing /Users/sruthibollu/anaconda3/envs/analytics-prep/lib/python3.9/site-packages/airflow/example_dags/example_xcomargs.py took 0.421 seconds
[2025-05-27T17:32:42.966-0400] {processor.py:153} INFO - Started process (PID=53638) to work on /Users/sruthibollu/anaconda3/envs/analytics-prep/lib/python3.9/site-packages/airflow/example_dags/example_xcomargs.py
[2025-05-27T17:32:42.969-0400] {processor.py:743} INFO - Processing file /Users/sruthibollu/anaconda3/envs/analytics-prep/lib/python3.9/site-packages/airflow/example_dags/example_xcomargs.py for tasks to queue
[2025-05-27T17:32:42.969-0400] {logging_mixin.py:137} INFO - [2025-05-27T17:32:42.969-0400] {dagbag.py:538} INFO - Filling up the DagBag from /Users/sruthibollu/anaconda3/envs/analytics-prep/lib/python3.9/site-packages/airflow/example_dags/example_xcomargs.py
[2025-05-27T17:32:43.002-0400] {processor.py:753} INFO - DAG(s) dict_keys(['example_xcom_args_with_operators', 'example_xcom_args']) retrieved from /Users/sruthibollu/anaconda3/envs/analytics-prep/lib/python3.9/site-packages/airflow/example_dags/example_xcomargs.py
[2025-05-27T17:32:43.380-0400] {logging_mixin.py:137} INFO - [2025-05-27T17:32:43.380-0400] {dag.py:2690} INFO - Sync 2 DAGs
[2025-05-27T17:32:43.387-0400] {logging_mixin.py:137} INFO - [2025-05-27T17:32:43.387-0400] {dag.py:3437} INFO - Setting next_dagrun for example_xcom_args to None, run_after=None
[2025-05-27T17:32:43.388-0400] {logging_mixin.py:137} INFO - [2025-05-27T17:32:43.388-0400] {dag.py:3437} INFO - Setting next_dagrun for example_xcom_args_with_operators to None, run_after=None
[2025-05-27T17:32:43.396-0400] {processor.py:175} INFO - Processing /Users/sruthibollu/anaconda3/envs/analytics-prep/lib/python3.9/site-packages/airflow/example_dags/example_xcomargs.py took 0.430 seconds
[2025-05-27T18:06:31.592-0400] {processor.py:153} INFO - Started process (PID=54210) to work on /Users/sruthibollu/anaconda3/envs/analytics-prep/lib/python3.9/site-packages/airflow/example_dags/example_xcomargs.py
[2025-05-27T18:06:31.595-0400] {processor.py:743} INFO - Processing file /Users/sruthibollu/anaconda3/envs/analytics-prep/lib/python3.9/site-packages/airflow/example_dags/example_xcomargs.py for tasks to queue
[2025-05-27T18:06:31.595-0400] {logging_mixin.py:137} INFO - [2025-05-27T18:06:31.595-0400] {dagbag.py:538} INFO - Filling up the DagBag from /Users/sruthibollu/anaconda3/envs/analytics-prep/lib/python3.9/site-packages/airflow/example_dags/example_xcomargs.py
[2025-05-27T18:06:31.628-0400] {processor.py:753} INFO - DAG(s) dict_keys(['example_xcom_args_with_operators', 'example_xcom_args']) retrieved from /Users/sruthibollu/anaconda3/envs/analytics-prep/lib/python3.9/site-packages/airflow/example_dags/example_xcomargs.py
[2025-05-27T18:06:31.990-0400] {logging_mixin.py:137} INFO - [2025-05-27T18:06:31.990-0400] {dag.py:2690} INFO - Sync 2 DAGs
[2025-05-27T18:06:31.997-0400] {logging_mixin.py:137} INFO - [2025-05-27T18:06:31.997-0400] {dag.py:3437} INFO - Setting next_dagrun for example_xcom_args to None, run_after=None
[2025-05-27T18:06:31.998-0400] {logging_mixin.py:137} INFO - [2025-05-27T18:06:31.998-0400] {dag.py:3437} INFO - Setting next_dagrun for example_xcom_args_with_operators to None, run_after=None
[2025-05-27T18:06:32.004-0400] {processor.py:175} INFO - Processing /Users/sruthibollu/anaconda3/envs/analytics-prep/lib/python3.9/site-packages/airflow/example_dags/example_xcomargs.py took 0.412 seconds
[2025-05-27T18:19:45.234-0400] {processor.py:153} INFO - Started process (PID=54639) to work on /Users/sruthibollu/anaconda3/envs/analytics-prep/lib/python3.9/site-packages/airflow/example_dags/example_xcomargs.py
[2025-05-27T18:19:45.236-0400] {processor.py:743} INFO - Processing file /Users/sruthibollu/anaconda3/envs/analytics-prep/lib/python3.9/site-packages/airflow/example_dags/example_xcomargs.py for tasks to queue
[2025-05-27T18:19:45.237-0400] {logging_mixin.py:137} INFO - [2025-05-27T18:19:45.237-0400] {dagbag.py:538} INFO - Filling up the DagBag from /Users/sruthibollu/anaconda3/envs/analytics-prep/lib/python3.9/site-packages/airflow/example_dags/example_xcomargs.py
[2025-05-27T18:19:45.275-0400] {processor.py:753} INFO - DAG(s) dict_keys(['example_xcom_args', 'example_xcom_args_with_operators']) retrieved from /Users/sruthibollu/anaconda3/envs/analytics-prep/lib/python3.9/site-packages/airflow/example_dags/example_xcomargs.py
[2025-05-27T18:19:45.628-0400] {logging_mixin.py:137} INFO - [2025-05-27T18:19:45.628-0400] {dag.py:2690} INFO - Sync 2 DAGs
[2025-05-27T18:19:45.637-0400] {logging_mixin.py:137} INFO - [2025-05-27T18:19:45.637-0400] {dag.py:3437} INFO - Setting next_dagrun for example_xcom_args to None, run_after=None
[2025-05-27T18:19:45.638-0400] {logging_mixin.py:137} INFO - [2025-05-27T18:19:45.638-0400] {dag.py:3437} INFO - Setting next_dagrun for example_xcom_args_with_operators to None, run_after=None
[2025-05-27T18:19:45.644-0400] {processor.py:175} INFO - Processing /Users/sruthibollu/anaconda3/envs/analytics-prep/lib/python3.9/site-packages/airflow/example_dags/example_xcomargs.py took 0.410 seconds
[2025-05-27T18:31:24.254-0400] {processor.py:153} INFO - Started process (PID=55041) to work on /Users/sruthibollu/anaconda3/envs/analytics-prep/lib/python3.9/site-packages/airflow/example_dags/example_xcomargs.py
[2025-05-27T18:31:24.257-0400] {processor.py:743} INFO - Processing file /Users/sruthibollu/anaconda3/envs/analytics-prep/lib/python3.9/site-packages/airflow/example_dags/example_xcomargs.py for tasks to queue
[2025-05-27T18:31:24.258-0400] {logging_mixin.py:137} INFO - [2025-05-27T18:31:24.258-0400] {dagbag.py:538} INFO - Filling up the DagBag from /Users/sruthibollu/anaconda3/envs/analytics-prep/lib/python3.9/site-packages/airflow/example_dags/example_xcomargs.py
[2025-05-27T18:31:24.308-0400] {processor.py:753} INFO - DAG(s) dict_keys(['example_xcom_args_with_operators', 'example_xcom_args']) retrieved from /Users/sruthibollu/anaconda3/envs/analytics-prep/lib/python3.9/site-packages/airflow/example_dags/example_xcomargs.py
[2025-05-27T18:31:24.825-0400] {logging_mixin.py:137} INFO - [2025-05-27T18:31:24.825-0400] {dag.py:2690} INFO - Sync 2 DAGs
[2025-05-27T18:31:24.833-0400] {logging_mixin.py:137} INFO - [2025-05-27T18:31:24.833-0400] {dag.py:3437} INFO - Setting next_dagrun for example_xcom_args to None, run_after=None
[2025-05-27T18:31:24.834-0400] {logging_mixin.py:137} INFO - [2025-05-27T18:31:24.834-0400] {dag.py:3437} INFO - Setting next_dagrun for example_xcom_args_with_operators to None, run_after=None
[2025-05-27T18:31:24.841-0400] {processor.py:175} INFO - Processing /Users/sruthibollu/anaconda3/envs/analytics-prep/lib/python3.9/site-packages/airflow/example_dags/example_xcomargs.py took 0.587 seconds
[2025-05-27T18:39:08.836-0400] {processor.py:153} INFO - Started process (PID=55325) to work on /Users/sruthibollu/anaconda3/envs/analytics-prep/lib/python3.9/site-packages/airflow/example_dags/example_xcomargs.py
[2025-05-27T18:39:08.838-0400] {processor.py:743} INFO - Processing file /Users/sruthibollu/anaconda3/envs/analytics-prep/lib/python3.9/site-packages/airflow/example_dags/example_xcomargs.py for tasks to queue
[2025-05-27T18:39:08.838-0400] {logging_mixin.py:137} INFO - [2025-05-27T18:39:08.838-0400] {dagbag.py:538} INFO - Filling up the DagBag from /Users/sruthibollu/anaconda3/envs/analytics-prep/lib/python3.9/site-packages/airflow/example_dags/example_xcomargs.py
[2025-05-27T18:39:08.877-0400] {processor.py:753} INFO - DAG(s) dict_keys(['example_xcom_args_with_operators', 'example_xcom_args']) retrieved from /Users/sruthibollu/anaconda3/envs/analytics-prep/lib/python3.9/site-packages/airflow/example_dags/example_xcomargs.py
[2025-05-27T18:39:09.264-0400] {logging_mixin.py:137} INFO - [2025-05-27T18:39:09.263-0400] {dag.py:2690} INFO - Sync 2 DAGs
[2025-05-27T18:39:09.272-0400] {logging_mixin.py:137} INFO - [2025-05-27T18:39:09.272-0400] {dag.py:3437} INFO - Setting next_dagrun for example_xcom_args to None, run_after=None
[2025-05-27T18:39:09.273-0400] {logging_mixin.py:137} INFO - [2025-05-27T18:39:09.273-0400] {dag.py:3437} INFO - Setting next_dagrun for example_xcom_args_with_operators to None, run_after=None
[2025-05-27T18:39:09.280-0400] {processor.py:175} INFO - Processing /Users/sruthibollu/anaconda3/envs/analytics-prep/lib/python3.9/site-packages/airflow/example_dags/example_xcomargs.py took 0.445 seconds
[2025-05-27T18:54:46.826-0400] {processor.py:153} INFO - Started process (PID=55748) to work on /Users/sruthibollu/anaconda3/envs/analytics-prep/lib/python3.9/site-packages/airflow/example_dags/example_xcomargs.py
[2025-05-27T18:54:46.829-0400] {processor.py:743} INFO - Processing file /Users/sruthibollu/anaconda3/envs/analytics-prep/lib/python3.9/site-packages/airflow/example_dags/example_xcomargs.py for tasks to queue
[2025-05-27T18:54:46.829-0400] {logging_mixin.py:137} INFO - [2025-05-27T18:54:46.829-0400] {dagbag.py:538} INFO - Filling up the DagBag from /Users/sruthibollu/anaconda3/envs/analytics-prep/lib/python3.9/site-packages/airflow/example_dags/example_xcomargs.py
[2025-05-27T18:54:46.868-0400] {processor.py:753} INFO - DAG(s) dict_keys(['example_xcom_args_with_operators', 'example_xcom_args']) retrieved from /Users/sruthibollu/anaconda3/envs/analytics-prep/lib/python3.9/site-packages/airflow/example_dags/example_xcomargs.py
[2025-05-27T18:54:47.224-0400] {logging_mixin.py:137} INFO - [2025-05-27T18:54:47.224-0400] {dag.py:2690} INFO - Sync 2 DAGs
[2025-05-27T18:54:47.230-0400] {logging_mixin.py:137} INFO - [2025-05-27T18:54:47.230-0400] {dag.py:3437} INFO - Setting next_dagrun for example_xcom_args to None, run_after=None
[2025-05-27T18:54:47.231-0400] {logging_mixin.py:137} INFO - [2025-05-27T18:54:47.231-0400] {dag.py:3437} INFO - Setting next_dagrun for example_xcom_args_with_operators to None, run_after=None
[2025-05-27T18:54:47.237-0400] {processor.py:175} INFO - Processing /Users/sruthibollu/anaconda3/envs/analytics-prep/lib/python3.9/site-packages/airflow/example_dags/example_xcomargs.py took 0.412 seconds
[2025-05-27T19:36:09.269-0400] {processor.py:153} INFO - Started process (PID=56143) to work on /Users/sruthibollu/anaconda3/envs/analytics-prep/lib/python3.9/site-packages/airflow/example_dags/example_xcomargs.py
[2025-05-27T19:36:09.272-0400] {processor.py:743} INFO - Processing file /Users/sruthibollu/anaconda3/envs/analytics-prep/lib/python3.9/site-packages/airflow/example_dags/example_xcomargs.py for tasks to queue
[2025-05-27T19:36:09.272-0400] {logging_mixin.py:137} INFO - [2025-05-27T19:36:09.272-0400] {dagbag.py:538} INFO - Filling up the DagBag from /Users/sruthibollu/anaconda3/envs/analytics-prep/lib/python3.9/site-packages/airflow/example_dags/example_xcomargs.py
[2025-05-27T19:36:09.314-0400] {processor.py:753} INFO - DAG(s) dict_keys(['example_xcom_args', 'example_xcom_args_with_operators']) retrieved from /Users/sruthibollu/anaconda3/envs/analytics-prep/lib/python3.9/site-packages/airflow/example_dags/example_xcomargs.py
[2025-05-27T19:36:09.709-0400] {logging_mixin.py:137} INFO - [2025-05-27T19:36:09.709-0400] {dag.py:2690} INFO - Sync 2 DAGs
[2025-05-27T19:36:09.718-0400] {logging_mixin.py:137} INFO - [2025-05-27T19:36:09.718-0400] {dag.py:3437} INFO - Setting next_dagrun for example_xcom_args to None, run_after=None
[2025-05-27T19:36:09.719-0400] {logging_mixin.py:137} INFO - [2025-05-27T19:36:09.719-0400] {dag.py:3437} INFO - Setting next_dagrun for example_xcom_args_with_operators to None, run_after=None
[2025-05-27T19:36:09.725-0400] {processor.py:175} INFO - Processing /Users/sruthibollu/anaconda3/envs/analytics-prep/lib/python3.9/site-packages/airflow/example_dags/example_xcomargs.py took 0.456 seconds
[2025-05-27T19:49:55.902-0400] {processor.py:153} INFO - Started process (PID=56593) to work on /Users/sruthibollu/anaconda3/envs/analytics-prep/lib/python3.9/site-packages/airflow/example_dags/example_xcomargs.py
[2025-05-27T19:49:55.904-0400] {processor.py:743} INFO - Processing file /Users/sruthibollu/anaconda3/envs/analytics-prep/lib/python3.9/site-packages/airflow/example_dags/example_xcomargs.py for tasks to queue
[2025-05-27T19:49:55.904-0400] {logging_mixin.py:137} INFO - [2025-05-27T19:49:55.904-0400] {dagbag.py:538} INFO - Filling up the DagBag from /Users/sruthibollu/anaconda3/envs/analytics-prep/lib/python3.9/site-packages/airflow/example_dags/example_xcomargs.py
[2025-05-27T19:49:55.936-0400] {processor.py:753} INFO - DAG(s) dict_keys(['example_xcom_args', 'example_xcom_args_with_operators']) retrieved from /Users/sruthibollu/anaconda3/envs/analytics-prep/lib/python3.9/site-packages/airflow/example_dags/example_xcomargs.py
[2025-05-27T19:49:56.269-0400] {logging_mixin.py:137} INFO - [2025-05-27T19:49:56.269-0400] {dag.py:2690} INFO - Sync 2 DAGs
[2025-05-27T19:49:56.277-0400] {logging_mixin.py:137} INFO - [2025-05-27T19:49:56.277-0400] {dag.py:3437} INFO - Setting next_dagrun for example_xcom_args to None, run_after=None
[2025-05-27T19:49:56.278-0400] {logging_mixin.py:137} INFO - [2025-05-27T19:49:56.278-0400] {dag.py:3437} INFO - Setting next_dagrun for example_xcom_args_with_operators to None, run_after=None
[2025-05-27T19:49:56.283-0400] {processor.py:175} INFO - Processing /Users/sruthibollu/anaconda3/envs/analytics-prep/lib/python3.9/site-packages/airflow/example_dags/example_xcomargs.py took 0.382 seconds
[2025-05-27T19:57:02.264-0400] {processor.py:153} INFO - Started process (PID=56920) to work on /Users/sruthibollu/anaconda3/envs/analytics-prep/lib/python3.9/site-packages/airflow/example_dags/example_xcomargs.py
[2025-05-27T19:57:02.267-0400] {processor.py:743} INFO - Processing file /Users/sruthibollu/anaconda3/envs/analytics-prep/lib/python3.9/site-packages/airflow/example_dags/example_xcomargs.py for tasks to queue
[2025-05-27T19:57:02.267-0400] {logging_mixin.py:137} INFO - [2025-05-27T19:57:02.267-0400] {dagbag.py:538} INFO - Filling up the DagBag from /Users/sruthibollu/anaconda3/envs/analytics-prep/lib/python3.9/site-packages/airflow/example_dags/example_xcomargs.py
[2025-05-27T19:57:02.301-0400] {processor.py:753} INFO - DAG(s) dict_keys(['example_xcom_args', 'example_xcom_args_with_operators']) retrieved from /Users/sruthibollu/anaconda3/envs/analytics-prep/lib/python3.9/site-packages/airflow/example_dags/example_xcomargs.py
[2025-05-27T19:57:02.681-0400] {logging_mixin.py:137} INFO - [2025-05-27T19:57:02.681-0400] {dag.py:2690} INFO - Sync 2 DAGs
[2025-05-27T19:57:02.687-0400] {logging_mixin.py:137} INFO - [2025-05-27T19:57:02.687-0400] {dag.py:3437} INFO - Setting next_dagrun for example_xcom_args to None, run_after=None
[2025-05-27T19:57:02.688-0400] {logging_mixin.py:137} INFO - [2025-05-27T19:57:02.688-0400] {dag.py:3437} INFO - Setting next_dagrun for example_xcom_args_with_operators to None, run_after=None
[2025-05-27T19:57:02.695-0400] {processor.py:175} INFO - Processing /Users/sruthibollu/anaconda3/envs/analytics-prep/lib/python3.9/site-packages/airflow/example_dags/example_xcomargs.py took 0.431 seconds
