[2025-05-27T16:47:49.715-0400] {processor.py:153} INFO - Started process (PID=49959) to work on /Users/sruthibollu/anaconda3/envs/analytics-prep/lib/python3.9/site-packages/airflow/example_dags/example_trigger_controller_dag.py
[2025-05-27T16:47:49.717-0400] {processor.py:743} INFO - Processing file /Users/sruthibollu/anaconda3/envs/analytics-prep/lib/python3.9/site-packages/airflow/example_dags/example_trigger_controller_dag.py for tasks to queue
[2025-05-27T16:47:49.718-0400] {logging_mixin.py:137} INFO - [2025-05-27T16:47:49.718-0400] {dagbag.py:538} INFO - Filling up the DagBag from /Users/sruthibollu/anaconda3/envs/analytics-prep/lib/python3.9/site-packages/airflow/example_dags/example_trigger_controller_dag.py
[2025-05-27T16:47:49.743-0400] {processor.py:753} INFO - DAG(s) dict_keys(['example_trigger_controller_dag']) retrieved from /Users/sruthibollu/anaconda3/envs/analytics-prep/lib/python3.9/site-packages/airflow/example_dags/example_trigger_controller_dag.py
[2025-05-27T16:47:49.764-0400] {logging_mixin.py:137} INFO - [2025-05-27T16:47:49.763-0400] {dag.py:2690} INFO - Sync 1 DAGs
[2025-05-27T16:47:50.089-0400] {logging_mixin.py:137} INFO - [2025-05-27T16:47:50.089-0400] {dag.py:3437} INFO - Setting next_dagrun for example_trigger_controller_dag to 2021-01-01T00:00:00+00:00, run_after=2021-01-01T00:00:00+00:00
[2025-05-27T16:47:50.096-0400] {processor.py:175} INFO - Processing /Users/sruthibollu/anaconda3/envs/analytics-prep/lib/python3.9/site-packages/airflow/example_dags/example_trigger_controller_dag.py took 0.382 seconds
[2025-05-27T16:49:01.018-0400] {processor.py:153} INFO - Started process (PID=51026) to work on /Users/sruthibollu/anaconda3/envs/analytics-prep/lib/python3.9/site-packages/airflow/example_dags/example_trigger_controller_dag.py
[2025-05-27T16:49:01.021-0400] {processor.py:743} INFO - Processing file /Users/sruthibollu/anaconda3/envs/analytics-prep/lib/python3.9/site-packages/airflow/example_dags/example_trigger_controller_dag.py for tasks to queue
[2025-05-27T16:49:01.021-0400] {logging_mixin.py:137} INFO - [2025-05-27T16:49:01.021-0400] {dagbag.py:538} INFO - Filling up the DagBag from /Users/sruthibollu/anaconda3/envs/analytics-prep/lib/python3.9/site-packages/airflow/example_dags/example_trigger_controller_dag.py
[2025-05-27T16:49:01.043-0400] {processor.py:753} INFO - DAG(s) dict_keys(['example_trigger_controller_dag']) retrieved from /Users/sruthibollu/anaconda3/envs/analytics-prep/lib/python3.9/site-packages/airflow/example_dags/example_trigger_controller_dag.py
[2025-05-27T16:49:01.419-0400] {logging_mixin.py:137} INFO - [2025-05-27T16:49:01.419-0400] {dag.py:2690} INFO - Sync 1 DAGs
[2025-05-27T16:49:01.426-0400] {logging_mixin.py:137} INFO - [2025-05-27T16:49:01.426-0400] {dag.py:3437} INFO - Setting next_dagrun for example_trigger_controller_dag to 2021-01-01T00:00:00+00:00, run_after=2021-01-01T00:00:00+00:00
[2025-05-27T16:49:01.433-0400] {processor.py:175} INFO - Processing /Users/sruthibollu/anaconda3/envs/analytics-prep/lib/python3.9/site-packages/airflow/example_dags/example_trigger_controller_dag.py took 0.415 seconds
[2025-05-27T16:50:29.518-0400] {processor.py:153} INFO - Started process (PID=52095) to work on /Users/sruthibollu/anaconda3/envs/analytics-prep/lib/python3.9/site-packages/airflow/example_dags/example_trigger_controller_dag.py
[2025-05-27T16:50:29.521-0400] {processor.py:743} INFO - Processing file /Users/sruthibollu/anaconda3/envs/analytics-prep/lib/python3.9/site-packages/airflow/example_dags/example_trigger_controller_dag.py for tasks to queue
[2025-05-27T16:50:29.521-0400] {logging_mixin.py:137} INFO - [2025-05-27T16:50:29.521-0400] {dagbag.py:538} INFO - Filling up the DagBag from /Users/sruthibollu/anaconda3/envs/analytics-prep/lib/python3.9/site-packages/airflow/example_dags/example_trigger_controller_dag.py
[2025-05-27T16:50:29.548-0400] {processor.py:753} INFO - DAG(s) dict_keys(['example_trigger_controller_dag']) retrieved from /Users/sruthibollu/anaconda3/envs/analytics-prep/lib/python3.9/site-packages/airflow/example_dags/example_trigger_controller_dag.py
[2025-05-27T16:50:29.921-0400] {logging_mixin.py:137} INFO - [2025-05-27T16:50:29.921-0400] {dag.py:2690} INFO - Sync 1 DAGs
[2025-05-27T16:50:29.928-0400] {logging_mixin.py:137} INFO - [2025-05-27T16:50:29.928-0400] {dag.py:3437} INFO - Setting next_dagrun for example_trigger_controller_dag to 2021-01-01T00:00:00+00:00, run_after=2021-01-01T00:00:00+00:00
[2025-05-27T16:50:29.934-0400] {processor.py:175} INFO - Processing /Users/sruthibollu/anaconda3/envs/analytics-prep/lib/python3.9/site-packages/airflow/example_dags/example_trigger_controller_dag.py took 0.416 seconds
[2025-05-27T16:51:56.313-0400] {processor.py:153} INFO - Started process (PID=52593) to work on /Users/sruthibollu/anaconda3/envs/analytics-prep/lib/python3.9/site-packages/airflow/example_dags/example_trigger_controller_dag.py
[2025-05-27T16:51:56.317-0400] {processor.py:743} INFO - Processing file /Users/sruthibollu/anaconda3/envs/analytics-prep/lib/python3.9/site-packages/airflow/example_dags/example_trigger_controller_dag.py for tasks to queue
[2025-05-27T16:51:56.317-0400] {logging_mixin.py:137} INFO - [2025-05-27T16:51:56.317-0400] {dagbag.py:538} INFO - Filling up the DagBag from /Users/sruthibollu/anaconda3/envs/analytics-prep/lib/python3.9/site-packages/airflow/example_dags/example_trigger_controller_dag.py
[2025-05-27T16:51:56.342-0400] {processor.py:753} INFO - DAG(s) dict_keys(['example_trigger_controller_dag']) retrieved from /Users/sruthibollu/anaconda3/envs/analytics-prep/lib/python3.9/site-packages/airflow/example_dags/example_trigger_controller_dag.py
[2025-05-27T16:51:56.730-0400] {logging_mixin.py:137} INFO - [2025-05-27T16:51:56.730-0400] {dag.py:2690} INFO - Sync 1 DAGs
[2025-05-27T16:51:56.736-0400] {logging_mixin.py:137} INFO - [2025-05-27T16:51:56.736-0400] {dag.py:3437} INFO - Setting next_dagrun for example_trigger_controller_dag to 2021-01-01T00:00:00+00:00, run_after=2021-01-01T00:00:00+00:00
[2025-05-27T16:51:56.742-0400] {processor.py:175} INFO - Processing /Users/sruthibollu/anaconda3/envs/analytics-prep/lib/python3.9/site-packages/airflow/example_dags/example_trigger_controller_dag.py took 0.429 seconds
[2025-05-27T16:52:46.526-0400] {processor.py:153} INFO - Started process (PID=52894) to work on /Users/sruthibollu/anaconda3/envs/analytics-prep/lib/python3.9/site-packages/airflow/example_dags/example_trigger_controller_dag.py
[2025-05-27T16:52:46.529-0400] {processor.py:743} INFO - Processing file /Users/sruthibollu/anaconda3/envs/analytics-prep/lib/python3.9/site-packages/airflow/example_dags/example_trigger_controller_dag.py for tasks to queue
[2025-05-27T16:52:46.529-0400] {logging_mixin.py:137} INFO - [2025-05-27T16:52:46.529-0400] {dagbag.py:538} INFO - Filling up the DagBag from /Users/sruthibollu/anaconda3/envs/analytics-prep/lib/python3.9/site-packages/airflow/example_dags/example_trigger_controller_dag.py
[2025-05-27T16:52:46.552-0400] {processor.py:753} INFO - DAG(s) dict_keys(['example_trigger_controller_dag']) retrieved from /Users/sruthibollu/anaconda3/envs/analytics-prep/lib/python3.9/site-packages/airflow/example_dags/example_trigger_controller_dag.py
[2025-05-27T16:52:46.932-0400] {logging_mixin.py:137} INFO - [2025-05-27T16:52:46.932-0400] {dag.py:2690} INFO - Sync 1 DAGs
[2025-05-27T16:52:46.942-0400] {logging_mixin.py:137} INFO - [2025-05-27T16:52:46.942-0400] {dag.py:3437} INFO - Setting next_dagrun for example_trigger_controller_dag to 2021-01-01T00:00:00+00:00, run_after=2021-01-01T00:00:00+00:00
[2025-05-27T16:52:46.959-0400] {processor.py:175} INFO - Processing /Users/sruthibollu/anaconda3/envs/analytics-prep/lib/python3.9/site-packages/airflow/example_dags/example_trigger_controller_dag.py took 0.434 seconds
[2025-05-27T17:09:16.794-0400] {processor.py:153} INFO - Started process (PID=53365) to work on /Users/sruthibollu/anaconda3/envs/analytics-prep/lib/python3.9/site-packages/airflow/example_dags/example_trigger_controller_dag.py
[2025-05-27T17:09:16.797-0400] {processor.py:743} INFO - Processing file /Users/sruthibollu/anaconda3/envs/analytics-prep/lib/python3.9/site-packages/airflow/example_dags/example_trigger_controller_dag.py for tasks to queue
[2025-05-27T17:09:16.797-0400] {logging_mixin.py:137} INFO - [2025-05-27T17:09:16.797-0400] {dagbag.py:538} INFO - Filling up the DagBag from /Users/sruthibollu/anaconda3/envs/analytics-prep/lib/python3.9/site-packages/airflow/example_dags/example_trigger_controller_dag.py
[2025-05-27T17:09:16.837-0400] {processor.py:753} INFO - DAG(s) dict_keys(['example_trigger_controller_dag']) retrieved from /Users/sruthibollu/anaconda3/envs/analytics-prep/lib/python3.9/site-packages/airflow/example_dags/example_trigger_controller_dag.py
[2025-05-27T17:09:17.489-0400] {logging_mixin.py:137} INFO - [2025-05-27T17:09:17.489-0400] {dag.py:2690} INFO - Sync 1 DAGs
[2025-05-27T17:09:17.505-0400] {logging_mixin.py:137} INFO - [2025-05-27T17:09:17.505-0400] {dag.py:3437} INFO - Setting next_dagrun for example_trigger_controller_dag to 2021-01-01T00:00:00+00:00, run_after=2021-01-01T00:00:00+00:00
[2025-05-27T17:09:17.519-0400] {processor.py:175} INFO - Processing /Users/sruthibollu/anaconda3/envs/analytics-prep/lib/python3.9/site-packages/airflow/example_dags/example_trigger_controller_dag.py took 0.726 seconds
[2025-05-27T17:38:40.627-0400] {processor.py:153} INFO - Started process (PID=53678) to work on /Users/sruthibollu/anaconda3/envs/analytics-prep/lib/python3.9/site-packages/airflow/example_dags/example_trigger_controller_dag.py
[2025-05-27T17:38:40.630-0400] {processor.py:743} INFO - Processing file /Users/sruthibollu/anaconda3/envs/analytics-prep/lib/python3.9/site-packages/airflow/example_dags/example_trigger_controller_dag.py for tasks to queue
[2025-05-27T17:38:40.635-0400] {logging_mixin.py:137} INFO - [2025-05-27T17:38:40.635-0400] {dagbag.py:538} INFO - Filling up the DagBag from /Users/sruthibollu/anaconda3/envs/analytics-prep/lib/python3.9/site-packages/airflow/example_dags/example_trigger_controller_dag.py
[2025-05-27T17:38:40.665-0400] {processor.py:753} INFO - DAG(s) dict_keys(['example_trigger_controller_dag']) retrieved from /Users/sruthibollu/anaconda3/envs/analytics-prep/lib/python3.9/site-packages/airflow/example_dags/example_trigger_controller_dag.py
[2025-05-27T17:38:41.065-0400] {logging_mixin.py:137} INFO - [2025-05-27T17:38:41.065-0400] {dag.py:2690} INFO - Sync 1 DAGs
[2025-05-27T17:38:41.073-0400] {logging_mixin.py:137} INFO - [2025-05-27T17:38:41.072-0400] {dag.py:3437} INFO - Setting next_dagrun for example_trigger_controller_dag to 2021-01-01T00:00:00+00:00, run_after=2021-01-01T00:00:00+00:00
[2025-05-27T17:38:41.079-0400] {processor.py:175} INFO - Processing /Users/sruthibollu/anaconda3/envs/analytics-prep/lib/python3.9/site-packages/airflow/example_dags/example_trigger_controller_dag.py took 0.452 seconds
[2025-05-27T18:06:36.660-0400] {processor.py:153} INFO - Started process (PID=54345) to work on /Users/sruthibollu/anaconda3/envs/analytics-prep/lib/python3.9/site-packages/airflow/example_dags/example_trigger_controller_dag.py
[2025-05-27T18:06:36.662-0400] {processor.py:743} INFO - Processing file /Users/sruthibollu/anaconda3/envs/analytics-prep/lib/python3.9/site-packages/airflow/example_dags/example_trigger_controller_dag.py for tasks to queue
[2025-05-27T18:06:36.663-0400] {logging_mixin.py:137} INFO - [2025-05-27T18:06:36.663-0400] {dagbag.py:538} INFO - Filling up the DagBag from /Users/sruthibollu/anaconda3/envs/analytics-prep/lib/python3.9/site-packages/airflow/example_dags/example_trigger_controller_dag.py
[2025-05-27T18:06:36.686-0400] {processor.py:753} INFO - DAG(s) dict_keys(['example_trigger_controller_dag']) retrieved from /Users/sruthibollu/anaconda3/envs/analytics-prep/lib/python3.9/site-packages/airflow/example_dags/example_trigger_controller_dag.py
[2025-05-27T18:06:37.087-0400] {logging_mixin.py:137} INFO - [2025-05-27T18:06:37.086-0400] {dag.py:2690} INFO - Sync 1 DAGs
[2025-05-27T18:06:37.095-0400] {logging_mixin.py:137} INFO - [2025-05-27T18:06:37.095-0400] {dag.py:3437} INFO - Setting next_dagrun for example_trigger_controller_dag to 2021-01-01T00:00:00+00:00, run_after=2021-01-01T00:00:00+00:00
[2025-05-27T18:06:37.101-0400] {processor.py:175} INFO - Processing /Users/sruthibollu/anaconda3/envs/analytics-prep/lib/python3.9/site-packages/airflow/example_dags/example_trigger_controller_dag.py took 0.442 seconds
[2025-05-27T18:20:49.586-0400] {processor.py:153} INFO - Started process (PID=54687) to work on /Users/sruthibollu/anaconda3/envs/analytics-prep/lib/python3.9/site-packages/airflow/example_dags/example_trigger_controller_dag.py
[2025-05-27T18:20:49.588-0400] {processor.py:743} INFO - Processing file /Users/sruthibollu/anaconda3/envs/analytics-prep/lib/python3.9/site-packages/airflow/example_dags/example_trigger_controller_dag.py for tasks to queue
[2025-05-27T18:20:49.588-0400] {logging_mixin.py:137} INFO - [2025-05-27T18:20:49.588-0400] {dagbag.py:538} INFO - Filling up the DagBag from /Users/sruthibollu/anaconda3/envs/analytics-prep/lib/python3.9/site-packages/airflow/example_dags/example_trigger_controller_dag.py
[2025-05-27T18:20:49.613-0400] {processor.py:753} INFO - DAG(s) dict_keys(['example_trigger_controller_dag']) retrieved from /Users/sruthibollu/anaconda3/envs/analytics-prep/lib/python3.9/site-packages/airflow/example_dags/example_trigger_controller_dag.py
[2025-05-27T18:20:49.980-0400] {logging_mixin.py:137} INFO - [2025-05-27T18:20:49.980-0400] {dag.py:2690} INFO - Sync 1 DAGs
[2025-05-27T18:20:49.988-0400] {logging_mixin.py:137} INFO - [2025-05-27T18:20:49.988-0400] {dag.py:3437} INFO - Setting next_dagrun for example_trigger_controller_dag to 2021-01-01T00:00:00+00:00, run_after=2021-01-01T00:00:00+00:00
[2025-05-27T18:20:49.994-0400] {processor.py:175} INFO - Processing /Users/sruthibollu/anaconda3/envs/analytics-prep/lib/python3.9/site-packages/airflow/example_dags/example_trigger_controller_dag.py took 0.408 seconds
[2025-05-27T18:31:31.019-0400] {processor.py:153} INFO - Started process (PID=55077) to work on /Users/sruthibollu/anaconda3/envs/analytics-prep/lib/python3.9/site-packages/airflow/example_dags/example_trigger_controller_dag.py
[2025-05-27T18:31:31.021-0400] {processor.py:743} INFO - Processing file /Users/sruthibollu/anaconda3/envs/analytics-prep/lib/python3.9/site-packages/airflow/example_dags/example_trigger_controller_dag.py for tasks to queue
[2025-05-27T18:31:31.021-0400] {logging_mixin.py:137} INFO - [2025-05-27T18:31:31.021-0400] {dagbag.py:538} INFO - Filling up the DagBag from /Users/sruthibollu/anaconda3/envs/analytics-prep/lib/python3.9/site-packages/airflow/example_dags/example_trigger_controller_dag.py
[2025-05-27T18:31:31.042-0400] {processor.py:753} INFO - DAG(s) dict_keys(['example_trigger_controller_dag']) retrieved from /Users/sruthibollu/anaconda3/envs/analytics-prep/lib/python3.9/site-packages/airflow/example_dags/example_trigger_controller_dag.py
[2025-05-27T18:31:31.379-0400] {logging_mixin.py:137} INFO - [2025-05-27T18:31:31.379-0400] {dag.py:2690} INFO - Sync 1 DAGs
[2025-05-27T18:31:31.386-0400] {logging_mixin.py:137} INFO - [2025-05-27T18:31:31.386-0400] {dag.py:3437} INFO - Setting next_dagrun for example_trigger_controller_dag to 2021-01-01T00:00:00+00:00, run_after=2021-01-01T00:00:00+00:00
[2025-05-27T18:31:31.391-0400] {processor.py:175} INFO - Processing /Users/sruthibollu/anaconda3/envs/analytics-prep/lib/python3.9/site-packages/airflow/example_dags/example_trigger_controller_dag.py took 0.373 seconds
[2025-05-27T18:39:14.803-0400] {processor.py:153} INFO - Started process (PID=55361) to work on /Users/sruthibollu/anaconda3/envs/analytics-prep/lib/python3.9/site-packages/airflow/example_dags/example_trigger_controller_dag.py
[2025-05-27T18:39:14.805-0400] {processor.py:743} INFO - Processing file /Users/sruthibollu/anaconda3/envs/analytics-prep/lib/python3.9/site-packages/airflow/example_dags/example_trigger_controller_dag.py for tasks to queue
[2025-05-27T18:39:14.805-0400] {logging_mixin.py:137} INFO - [2025-05-27T18:39:14.805-0400] {dagbag.py:538} INFO - Filling up the DagBag from /Users/sruthibollu/anaconda3/envs/analytics-prep/lib/python3.9/site-packages/airflow/example_dags/example_trigger_controller_dag.py
[2025-05-27T18:39:14.829-0400] {processor.py:753} INFO - DAG(s) dict_keys(['example_trigger_controller_dag']) retrieved from /Users/sruthibollu/anaconda3/envs/analytics-prep/lib/python3.9/site-packages/airflow/example_dags/example_trigger_controller_dag.py
[2025-05-27T18:39:15.243-0400] {logging_mixin.py:137} INFO - [2025-05-27T18:39:15.243-0400] {dag.py:2690} INFO - Sync 1 DAGs
[2025-05-27T18:39:15.256-0400] {logging_mixin.py:137} INFO - [2025-05-27T18:39:15.256-0400] {dag.py:3437} INFO - Setting next_dagrun for example_trigger_controller_dag to 2021-01-01T00:00:00+00:00, run_after=2021-01-01T00:00:00+00:00
[2025-05-27T18:39:15.262-0400] {processor.py:175} INFO - Processing /Users/sruthibollu/anaconda3/envs/analytics-prep/lib/python3.9/site-packages/airflow/example_dags/example_trigger_controller_dag.py took 0.460 seconds
[2025-05-27T18:54:51.702-0400] {processor.py:153} INFO - Started process (PID=55775) to work on /Users/sruthibollu/anaconda3/envs/analytics-prep/lib/python3.9/site-packages/airflow/example_dags/example_trigger_controller_dag.py
[2025-05-27T18:54:51.704-0400] {processor.py:743} INFO - Processing file /Users/sruthibollu/anaconda3/envs/analytics-prep/lib/python3.9/site-packages/airflow/example_dags/example_trigger_controller_dag.py for tasks to queue
[2025-05-27T18:54:51.705-0400] {logging_mixin.py:137} INFO - [2025-05-27T18:54:51.705-0400] {dagbag.py:538} INFO - Filling up the DagBag from /Users/sruthibollu/anaconda3/envs/analytics-prep/lib/python3.9/site-packages/airflow/example_dags/example_trigger_controller_dag.py
[2025-05-27T18:54:51.728-0400] {processor.py:753} INFO - DAG(s) dict_keys(['example_trigger_controller_dag']) retrieved from /Users/sruthibollu/anaconda3/envs/analytics-prep/lib/python3.9/site-packages/airflow/example_dags/example_trigger_controller_dag.py
[2025-05-27T18:54:52.114-0400] {logging_mixin.py:137} INFO - [2025-05-27T18:54:52.114-0400] {dag.py:2690} INFO - Sync 1 DAGs
[2025-05-27T18:54:52.122-0400] {logging_mixin.py:137} INFO - [2025-05-27T18:54:52.122-0400] {dag.py:3437} INFO - Setting next_dagrun for example_trigger_controller_dag to 2021-01-01T00:00:00+00:00, run_after=2021-01-01T00:00:00+00:00
[2025-05-27T18:54:52.130-0400] {processor.py:175} INFO - Processing /Users/sruthibollu/anaconda3/envs/analytics-prep/lib/python3.9/site-packages/airflow/example_dags/example_trigger_controller_dag.py took 0.428 seconds
[2025-05-27T19:36:15.321-0400] {processor.py:153} INFO - Started process (PID=56180) to work on /Users/sruthibollu/anaconda3/envs/analytics-prep/lib/python3.9/site-packages/airflow/example_dags/example_trigger_controller_dag.py
[2025-05-27T19:36:15.324-0400] {processor.py:743} INFO - Processing file /Users/sruthibollu/anaconda3/envs/analytics-prep/lib/python3.9/site-packages/airflow/example_dags/example_trigger_controller_dag.py for tasks to queue
[2025-05-27T19:36:15.324-0400] {logging_mixin.py:137} INFO - [2025-05-27T19:36:15.324-0400] {dagbag.py:538} INFO - Filling up the DagBag from /Users/sruthibollu/anaconda3/envs/analytics-prep/lib/python3.9/site-packages/airflow/example_dags/example_trigger_controller_dag.py
[2025-05-27T19:36:15.354-0400] {processor.py:753} INFO - DAG(s) dict_keys(['example_trigger_controller_dag']) retrieved from /Users/sruthibollu/anaconda3/envs/analytics-prep/lib/python3.9/site-packages/airflow/example_dags/example_trigger_controller_dag.py
[2025-05-27T19:36:15.738-0400] {logging_mixin.py:137} INFO - [2025-05-27T19:36:15.738-0400] {dag.py:2690} INFO - Sync 1 DAGs
[2025-05-27T19:36:15.748-0400] {logging_mixin.py:137} INFO - [2025-05-27T19:36:15.748-0400] {dag.py:3437} INFO - Setting next_dagrun for example_trigger_controller_dag to 2021-01-01T00:00:00+00:00, run_after=2021-01-01T00:00:00+00:00
[2025-05-27T19:36:15.755-0400] {processor.py:175} INFO - Processing /Users/sruthibollu/anaconda3/envs/analytics-prep/lib/python3.9/site-packages/airflow/example_dags/example_trigger_controller_dag.py took 0.434 seconds
[2025-05-27T19:50:01.390-0400] {processor.py:153} INFO - Started process (PID=56629) to work on /Users/sruthibollu/anaconda3/envs/analytics-prep/lib/python3.9/site-packages/airflow/example_dags/example_trigger_controller_dag.py
[2025-05-27T19:50:01.393-0400] {processor.py:743} INFO - Processing file /Users/sruthibollu/anaconda3/envs/analytics-prep/lib/python3.9/site-packages/airflow/example_dags/example_trigger_controller_dag.py for tasks to queue
[2025-05-27T19:50:01.393-0400] {logging_mixin.py:137} INFO - [2025-05-27T19:50:01.393-0400] {dagbag.py:538} INFO - Filling up the DagBag from /Users/sruthibollu/anaconda3/envs/analytics-prep/lib/python3.9/site-packages/airflow/example_dags/example_trigger_controller_dag.py
[2025-05-27T19:50:01.415-0400] {processor.py:753} INFO - DAG(s) dict_keys(['example_trigger_controller_dag']) retrieved from /Users/sruthibollu/anaconda3/envs/analytics-prep/lib/python3.9/site-packages/airflow/example_dags/example_trigger_controller_dag.py
[2025-05-27T19:50:01.745-0400] {logging_mixin.py:137} INFO - [2025-05-27T19:50:01.745-0400] {dag.py:2690} INFO - Sync 1 DAGs
[2025-05-27T19:50:01.753-0400] {logging_mixin.py:137} INFO - [2025-05-27T19:50:01.753-0400] {dag.py:3437} INFO - Setting next_dagrun for example_trigger_controller_dag to 2021-01-01T00:00:00+00:00, run_after=2021-01-01T00:00:00+00:00
[2025-05-27T19:50:01.759-0400] {processor.py:175} INFO - Processing /Users/sruthibollu/anaconda3/envs/analytics-prep/lib/python3.9/site-packages/airflow/example_dags/example_trigger_controller_dag.py took 0.369 seconds
[2025-05-27T19:57:11.021-0400] {processor.py:153} INFO - Started process (PID=56958) to work on /Users/sruthibollu/anaconda3/envs/analytics-prep/lib/python3.9/site-packages/airflow/example_dags/example_trigger_controller_dag.py
[2025-05-27T19:57:11.024-0400] {processor.py:743} INFO - Processing file /Users/sruthibollu/anaconda3/envs/analytics-prep/lib/python3.9/site-packages/airflow/example_dags/example_trigger_controller_dag.py for tasks to queue
[2025-05-27T19:57:11.024-0400] {logging_mixin.py:137} INFO - [2025-05-27T19:57:11.024-0400] {dagbag.py:538} INFO - Filling up the DagBag from /Users/sruthibollu/anaconda3/envs/analytics-prep/lib/python3.9/site-packages/airflow/example_dags/example_trigger_controller_dag.py
[2025-05-27T19:57:11.048-0400] {processor.py:753} INFO - DAG(s) dict_keys(['example_trigger_controller_dag']) retrieved from /Users/sruthibollu/anaconda3/envs/analytics-prep/lib/python3.9/site-packages/airflow/example_dags/example_trigger_controller_dag.py
[2025-05-27T19:57:11.415-0400] {logging_mixin.py:137} INFO - [2025-05-27T19:57:11.415-0400] {dag.py:2690} INFO - Sync 1 DAGs
[2025-05-27T19:57:11.423-0400] {logging_mixin.py:137} INFO - [2025-05-27T19:57:11.423-0400] {dag.py:3437} INFO - Setting next_dagrun for example_trigger_controller_dag to 2021-01-01T00:00:00+00:00, run_after=2021-01-01T00:00:00+00:00
[2025-05-27T19:57:11.429-0400] {processor.py:175} INFO - Processing /Users/sruthibollu/anaconda3/envs/analytics-prep/lib/python3.9/site-packages/airflow/example_dags/example_trigger_controller_dag.py took 0.409 seconds
