[2025-05-27T16:48:00.596-0400] {processor.py:153} INFO - Started process (PID=50024) to work on /Users/sruthibollu/anaconda3/envs/analytics-prep/lib/python3.9/site-packages/airflow/example_dags/example_skip_dag.py
[2025-05-27T16:48:00.598-0400] {processor.py:743} INFO - Processing file /Users/sruthibollu/anaconda3/envs/analytics-prep/lib/python3.9/site-packages/airflow/example_dags/example_skip_dag.py for tasks to queue
[2025-05-27T16:48:00.598-0400] {logging_mixin.py:137} INFO - [2025-05-27T16:48:00.598-0400] {dagbag.py:538} INFO - Filling up the DagBag from /Users/sruthibollu/anaconda3/envs/analytics-prep/lib/python3.9/site-packages/airflow/example_dags/example_skip_dag.py
[2025-05-27T16:48:00.621-0400] {processor.py:753} INFO - DAG(s) dict_keys(['example_skip_dag']) retrieved from /Users/sruthibollu/anaconda3/envs/analytics-prep/lib/python3.9/site-packages/airflow/example_dags/example_skip_dag.py
[2025-05-27T16:48:00.640-0400] {logging_mixin.py:137} INFO - [2025-05-27T16:48:00.640-0400] {dag.py:2690} INFO - Sync 1 DAGs
[2025-05-27T16:48:00.965-0400] {logging_mixin.py:137} INFO - [2025-05-27T16:48:00.965-0400] {dag.py:3437} INFO - Setting next_dagrun for example_skip_dag to 2025-05-26T20:48:00.965858+00:00, run_after=2025-05-27T20:48:00.965858+00:00
[2025-05-27T16:48:00.972-0400] {processor.py:175} INFO - Processing /Users/sruthibollu/anaconda3/envs/analytics-prep/lib/python3.9/site-packages/airflow/example_dags/example_skip_dag.py took 0.376 seconds
[2025-05-27T16:49:13.019-0400] {processor.py:153} INFO - Started process (PID=51095) to work on /Users/sruthibollu/anaconda3/envs/analytics-prep/lib/python3.9/site-packages/airflow/example_dags/example_skip_dag.py
[2025-05-27T16:49:13.021-0400] {processor.py:743} INFO - Processing file /Users/sruthibollu/anaconda3/envs/analytics-prep/lib/python3.9/site-packages/airflow/example_dags/example_skip_dag.py for tasks to queue
[2025-05-27T16:49:13.021-0400] {logging_mixin.py:137} INFO - [2025-05-27T16:49:13.021-0400] {dagbag.py:538} INFO - Filling up the DagBag from /Users/sruthibollu/anaconda3/envs/analytics-prep/lib/python3.9/site-packages/airflow/example_dags/example_skip_dag.py
[2025-05-27T16:49:13.044-0400] {processor.py:753} INFO - DAG(s) dict_keys(['example_skip_dag']) retrieved from /Users/sruthibollu/anaconda3/envs/analytics-prep/lib/python3.9/site-packages/airflow/example_dags/example_skip_dag.py
[2025-05-27T16:49:13.463-0400] {logging_mixin.py:137} INFO - [2025-05-27T16:49:13.463-0400] {dag.py:2690} INFO - Sync 1 DAGs
[2025-05-27T16:49:13.663-0400] {logging_mixin.py:137} INFO - [2025-05-27T16:49:13.663-0400] {dag.py:3437} INFO - Setting next_dagrun for example_skip_dag to 2025-05-26T20:49:13.663411+00:00, run_after=2025-05-27T20:49:13.663411+00:00
[2025-05-27T16:49:13.671-0400] {processor.py:175} INFO - Processing /Users/sruthibollu/anaconda3/envs/analytics-prep/lib/python3.9/site-packages/airflow/example_dags/example_skip_dag.py took 0.652 seconds
[2025-05-27T16:50:40.337-0400] {processor.py:153} INFO - Started process (PID=52156) to work on /Users/sruthibollu/anaconda3/envs/analytics-prep/lib/python3.9/site-packages/airflow/example_dags/example_skip_dag.py
[2025-05-27T16:50:40.339-0400] {processor.py:743} INFO - Processing file /Users/sruthibollu/anaconda3/envs/analytics-prep/lib/python3.9/site-packages/airflow/example_dags/example_skip_dag.py for tasks to queue
[2025-05-27T16:50:40.339-0400] {logging_mixin.py:137} INFO - [2025-05-27T16:50:40.339-0400] {dagbag.py:538} INFO - Filling up the DagBag from /Users/sruthibollu/anaconda3/envs/analytics-prep/lib/python3.9/site-packages/airflow/example_dags/example_skip_dag.py
[2025-05-27T16:50:40.361-0400] {processor.py:753} INFO - DAG(s) dict_keys(['example_skip_dag']) retrieved from /Users/sruthibollu/anaconda3/envs/analytics-prep/lib/python3.9/site-packages/airflow/example_dags/example_skip_dag.py
[2025-05-27T16:50:40.731-0400] {logging_mixin.py:137} INFO - [2025-05-27T16:50:40.731-0400] {dag.py:2690} INFO - Sync 1 DAGs
[2025-05-27T16:50:40.738-0400] {logging_mixin.py:137} INFO - [2025-05-27T16:50:40.738-0400] {dag.py:3437} INFO - Setting next_dagrun for example_skip_dag to 2025-05-26T20:50:40.738134+00:00, run_after=2025-05-27T20:50:40.738134+00:00
[2025-05-27T16:50:40.745-0400] {processor.py:175} INFO - Processing /Users/sruthibollu/anaconda3/envs/analytics-prep/lib/python3.9/site-packages/airflow/example_dags/example_skip_dag.py took 0.409 seconds
[2025-05-27T16:52:06.064-0400] {processor.py:153} INFO - Started process (PID=52654) to work on /Users/sruthibollu/anaconda3/envs/analytics-prep/lib/python3.9/site-packages/airflow/example_dags/example_skip_dag.py
[2025-05-27T16:52:06.067-0400] {processor.py:743} INFO - Processing file /Users/sruthibollu/anaconda3/envs/analytics-prep/lib/python3.9/site-packages/airflow/example_dags/example_skip_dag.py for tasks to queue
[2025-05-27T16:52:06.067-0400] {logging_mixin.py:137} INFO - [2025-05-27T16:52:06.067-0400] {dagbag.py:538} INFO - Filling up the DagBag from /Users/sruthibollu/anaconda3/envs/analytics-prep/lib/python3.9/site-packages/airflow/example_dags/example_skip_dag.py
[2025-05-27T16:52:06.093-0400] {processor.py:753} INFO - DAG(s) dict_keys(['example_skip_dag']) retrieved from /Users/sruthibollu/anaconda3/envs/analytics-prep/lib/python3.9/site-packages/airflow/example_dags/example_skip_dag.py
[2025-05-27T16:52:06.479-0400] {logging_mixin.py:137} INFO - [2025-05-27T16:52:06.478-0400] {dag.py:2690} INFO - Sync 1 DAGs
[2025-05-27T16:52:06.486-0400] {logging_mixin.py:137} INFO - [2025-05-27T16:52:06.485-0400] {dag.py:3437} INFO - Setting next_dagrun for example_skip_dag to 2025-05-26T20:52:06.485903+00:00, run_after=2025-05-27T20:52:06.485903+00:00
[2025-05-27T16:52:06.492-0400] {processor.py:175} INFO - Processing /Users/sruthibollu/anaconda3/envs/analytics-prep/lib/python3.9/site-packages/airflow/example_dags/example_skip_dag.py took 0.428 seconds
[2025-05-27T16:53:25.131-0400] {processor.py:153} INFO - Started process (PID=53113) to work on /Users/sruthibollu/anaconda3/envs/analytics-prep/lib/python3.9/site-packages/airflow/example_dags/example_skip_dag.py
[2025-05-27T16:53:25.134-0400] {processor.py:743} INFO - Processing file /Users/sruthibollu/anaconda3/envs/analytics-prep/lib/python3.9/site-packages/airflow/example_dags/example_skip_dag.py for tasks to queue
[2025-05-27T16:53:25.134-0400] {logging_mixin.py:137} INFO - [2025-05-27T16:53:25.134-0400] {dagbag.py:538} INFO - Filling up the DagBag from /Users/sruthibollu/anaconda3/envs/analytics-prep/lib/python3.9/site-packages/airflow/example_dags/example_skip_dag.py
[2025-05-27T16:53:25.155-0400] {processor.py:753} INFO - DAG(s) dict_keys(['example_skip_dag']) retrieved from /Users/sruthibollu/anaconda3/envs/analytics-prep/lib/python3.9/site-packages/airflow/example_dags/example_skip_dag.py
[2025-05-27T16:53:25.560-0400] {logging_mixin.py:137} INFO - [2025-05-27T16:53:25.560-0400] {dag.py:2690} INFO - Sync 1 DAGs
[2025-05-27T16:53:25.568-0400] {logging_mixin.py:137} INFO - [2025-05-27T16:53:25.568-0400] {dag.py:3437} INFO - Setting next_dagrun for example_skip_dag to 2025-05-26T20:53:25.568610+00:00, run_after=2025-05-27T20:53:25.568610+00:00
[2025-05-27T16:53:25.575-0400] {processor.py:175} INFO - Processing /Users/sruthibollu/anaconda3/envs/analytics-prep/lib/python3.9/site-packages/airflow/example_dags/example_skip_dag.py took 0.445 seconds
[2025-05-27T17:38:52.389-0400] {processor.py:153} INFO - Started process (PID=53748) to work on /Users/sruthibollu/anaconda3/envs/analytics-prep/lib/python3.9/site-packages/airflow/example_dags/example_skip_dag.py
[2025-05-27T17:38:52.391-0400] {processor.py:743} INFO - Processing file /Users/sruthibollu/anaconda3/envs/analytics-prep/lib/python3.9/site-packages/airflow/example_dags/example_skip_dag.py for tasks to queue
[2025-05-27T17:38:52.392-0400] {logging_mixin.py:137} INFO - [2025-05-27T17:38:52.392-0400] {dagbag.py:538} INFO - Filling up the DagBag from /Users/sruthibollu/anaconda3/envs/analytics-prep/lib/python3.9/site-packages/airflow/example_dags/example_skip_dag.py
[2025-05-27T17:38:52.419-0400] {processor.py:753} INFO - DAG(s) dict_keys(['example_skip_dag']) retrieved from /Users/sruthibollu/anaconda3/envs/analytics-prep/lib/python3.9/site-packages/airflow/example_dags/example_skip_dag.py
[2025-05-27T17:38:52.777-0400] {logging_mixin.py:137} INFO - [2025-05-27T17:38:52.777-0400] {dag.py:2690} INFO - Sync 1 DAGs
[2025-05-27T17:38:52.785-0400] {logging_mixin.py:137} INFO - [2025-05-27T17:38:52.785-0400] {dag.py:3437} INFO - Setting next_dagrun for example_skip_dag to 2025-05-26T21:38:52.785150+00:00, run_after=2025-05-27T21:38:52.785150+00:00
[2025-05-27T17:38:52.791-0400] {processor.py:175} INFO - Processing /Users/sruthibollu/anaconda3/envs/analytics-prep/lib/python3.9/site-packages/airflow/example_dags/example_skip_dag.py took 0.402 seconds
[2025-05-27T18:06:47.628-0400] {processor.py:153} INFO - Started process (PID=54408) to work on /Users/sruthibollu/anaconda3/envs/analytics-prep/lib/python3.9/site-packages/airflow/example_dags/example_skip_dag.py
[2025-05-27T18:06:47.630-0400] {processor.py:743} INFO - Processing file /Users/sruthibollu/anaconda3/envs/analytics-prep/lib/python3.9/site-packages/airflow/example_dags/example_skip_dag.py for tasks to queue
[2025-05-27T18:06:47.630-0400] {logging_mixin.py:137} INFO - [2025-05-27T18:06:47.630-0400] {dagbag.py:538} INFO - Filling up the DagBag from /Users/sruthibollu/anaconda3/envs/analytics-prep/lib/python3.9/site-packages/airflow/example_dags/example_skip_dag.py
[2025-05-27T18:06:47.660-0400] {processor.py:753} INFO - DAG(s) dict_keys(['example_skip_dag']) retrieved from /Users/sruthibollu/anaconda3/envs/analytics-prep/lib/python3.9/site-packages/airflow/example_dags/example_skip_dag.py
[2025-05-27T18:06:48.033-0400] {logging_mixin.py:137} INFO - [2025-05-27T18:06:48.033-0400] {dag.py:2690} INFO - Sync 1 DAGs
[2025-05-27T18:06:48.041-0400] {logging_mixin.py:137} INFO - [2025-05-27T18:06:48.041-0400] {dag.py:3437} INFO - Setting next_dagrun for example_skip_dag to 2025-05-26T22:06:48.041198+00:00, run_after=2025-05-27T22:06:48.041198+00:00
[2025-05-27T18:06:48.050-0400] {processor.py:175} INFO - Processing /Users/sruthibollu/anaconda3/envs/analytics-prep/lib/python3.9/site-packages/airflow/example_dags/example_skip_dag.py took 0.423 seconds
[2025-05-27T18:30:34.167-0400] {processor.py:153} INFO - Started process (PID=54773) to work on /Users/sruthibollu/anaconda3/envs/analytics-prep/lib/python3.9/site-packages/airflow/example_dags/example_skip_dag.py
[2025-05-27T18:30:34.170-0400] {processor.py:743} INFO - Processing file /Users/sruthibollu/anaconda3/envs/analytics-prep/lib/python3.9/site-packages/airflow/example_dags/example_skip_dag.py for tasks to queue
[2025-05-27T18:30:34.170-0400] {logging_mixin.py:137} INFO - [2025-05-27T18:30:34.170-0400] {dagbag.py:538} INFO - Filling up the DagBag from /Users/sruthibollu/anaconda3/envs/analytics-prep/lib/python3.9/site-packages/airflow/example_dags/example_skip_dag.py
[2025-05-27T18:30:34.199-0400] {processor.py:753} INFO - DAG(s) dict_keys(['example_skip_dag']) retrieved from /Users/sruthibollu/anaconda3/envs/analytics-prep/lib/python3.9/site-packages/airflow/example_dags/example_skip_dag.py
[2025-05-27T18:30:34.579-0400] {logging_mixin.py:137} INFO - [2025-05-27T18:30:34.579-0400] {dag.py:2690} INFO - Sync 1 DAGs
[2025-05-27T18:30:34.587-0400] {logging_mixin.py:137} INFO - [2025-05-27T18:30:34.587-0400] {dag.py:3437} INFO - Setting next_dagrun for example_skip_dag to 2025-05-26T22:30:34.587807+00:00, run_after=2025-05-27T22:30:34.587807+00:00
[2025-05-27T18:30:34.595-0400] {processor.py:175} INFO - Processing /Users/sruthibollu/anaconda3/envs/analytics-prep/lib/python3.9/site-packages/airflow/example_dags/example_skip_dag.py took 0.428 seconds
[2025-05-27T18:40:02.785-0400] {processor.py:153} INFO - Started process (PID=55419) to work on /Users/sruthibollu/anaconda3/envs/analytics-prep/lib/python3.9/site-packages/airflow/example_dags/example_skip_dag.py
[2025-05-27T18:40:02.793-0400] {processor.py:743} INFO - Processing file /Users/sruthibollu/anaconda3/envs/analytics-prep/lib/python3.9/site-packages/airflow/example_dags/example_skip_dag.py for tasks to queue
[2025-05-27T18:40:02.795-0400] {logging_mixin.py:137} INFO - [2025-05-27T18:40:02.794-0400] {dagbag.py:538} INFO - Filling up the DagBag from /Users/sruthibollu/anaconda3/envs/analytics-prep/lib/python3.9/site-packages/airflow/example_dags/example_skip_dag.py
[2025-05-27T18:40:02.836-0400] {processor.py:753} INFO - DAG(s) dict_keys(['example_skip_dag']) retrieved from /Users/sruthibollu/anaconda3/envs/analytics-prep/lib/python3.9/site-packages/airflow/example_dags/example_skip_dag.py
[2025-05-27T18:40:03.291-0400] {logging_mixin.py:137} INFO - [2025-05-27T18:40:03.291-0400] {dag.py:2690} INFO - Sync 1 DAGs
[2025-05-27T18:40:03.297-0400] {logging_mixin.py:137} INFO - [2025-05-27T18:40:03.297-0400] {dag.py:3437} INFO - Setting next_dagrun for example_skip_dag to 2025-05-26T22:40:03.297479+00:00, run_after=2025-05-27T22:40:03.297479+00:00
[2025-05-27T18:40:03.304-0400] {processor.py:175} INFO - Processing /Users/sruthibollu/anaconda3/envs/analytics-prep/lib/python3.9/site-packages/airflow/example_dags/example_skip_dag.py took 0.521 seconds
[2025-05-27T18:55:02.435-0400] {processor.py:153} INFO - Started process (PID=55836) to work on /Users/sruthibollu/anaconda3/envs/analytics-prep/lib/python3.9/site-packages/airflow/example_dags/example_skip_dag.py
[2025-05-27T18:55:02.440-0400] {processor.py:743} INFO - Processing file /Users/sruthibollu/anaconda3/envs/analytics-prep/lib/python3.9/site-packages/airflow/example_dags/example_skip_dag.py for tasks to queue
[2025-05-27T18:55:02.441-0400] {logging_mixin.py:137} INFO - [2025-05-27T18:55:02.441-0400] {dagbag.py:538} INFO - Filling up the DagBag from /Users/sruthibollu/anaconda3/envs/analytics-prep/lib/python3.9/site-packages/airflow/example_dags/example_skip_dag.py
[2025-05-27T18:55:02.465-0400] {processor.py:753} INFO - DAG(s) dict_keys(['example_skip_dag']) retrieved from /Users/sruthibollu/anaconda3/envs/analytics-prep/lib/python3.9/site-packages/airflow/example_dags/example_skip_dag.py
[2025-05-27T18:55:02.836-0400] {logging_mixin.py:137} INFO - [2025-05-27T18:55:02.836-0400] {dag.py:2690} INFO - Sync 1 DAGs
[2025-05-27T18:55:02.842-0400] {logging_mixin.py:137} INFO - [2025-05-27T18:55:02.842-0400] {dag.py:3437} INFO - Setting next_dagrun for example_skip_dag to 2025-05-26T22:55:02.842442+00:00, run_after=2025-05-27T22:55:02.842442+00:00
[2025-05-27T18:55:02.848-0400] {processor.py:175} INFO - Processing /Users/sruthibollu/anaconda3/envs/analytics-prep/lib/python3.9/site-packages/airflow/example_dags/example_skip_dag.py took 0.413 seconds
[2025-05-27T19:36:41.522-0400] {processor.py:153} INFO - Started process (PID=56250) to work on /Users/sruthibollu/anaconda3/envs/analytics-prep/lib/python3.9/site-packages/airflow/example_dags/example_skip_dag.py
[2025-05-27T19:36:41.525-0400] {processor.py:743} INFO - Processing file /Users/sruthibollu/anaconda3/envs/analytics-prep/lib/python3.9/site-packages/airflow/example_dags/example_skip_dag.py for tasks to queue
[2025-05-27T19:36:41.525-0400] {logging_mixin.py:137} INFO - [2025-05-27T19:36:41.525-0400] {dagbag.py:538} INFO - Filling up the DagBag from /Users/sruthibollu/anaconda3/envs/analytics-prep/lib/python3.9/site-packages/airflow/example_dags/example_skip_dag.py
[2025-05-27T19:36:41.549-0400] {processor.py:753} INFO - DAG(s) dict_keys(['example_skip_dag']) retrieved from /Users/sruthibollu/anaconda3/envs/analytics-prep/lib/python3.9/site-packages/airflow/example_dags/example_skip_dag.py
[2025-05-27T19:36:41.910-0400] {logging_mixin.py:137} INFO - [2025-05-27T19:36:41.910-0400] {dag.py:2690} INFO - Sync 1 DAGs
[2025-05-27T19:36:41.918-0400] {logging_mixin.py:137} INFO - [2025-05-27T19:36:41.918-0400] {dag.py:3437} INFO - Setting next_dagrun for example_skip_dag to 2025-05-26T23:36:41.918819+00:00, run_after=2025-05-27T23:36:41.918819+00:00
[2025-05-27T19:36:41.925-0400] {processor.py:175} INFO - Processing /Users/sruthibollu/anaconda3/envs/analytics-prep/lib/python3.9/site-packages/airflow/example_dags/example_skip_dag.py took 0.403 seconds
[2025-05-27T19:55:52.358-0400] {processor.py:153} INFO - Started process (PID=56707) to work on /Users/sruthibollu/anaconda3/envs/analytics-prep/lib/python3.9/site-packages/airflow/example_dags/example_skip_dag.py
[2025-05-27T19:55:52.360-0400] {processor.py:743} INFO - Processing file /Users/sruthibollu/anaconda3/envs/analytics-prep/lib/python3.9/site-packages/airflow/example_dags/example_skip_dag.py for tasks to queue
[2025-05-27T19:55:52.361-0400] {logging_mixin.py:137} INFO - [2025-05-27T19:55:52.361-0400] {dagbag.py:538} INFO - Filling up the DagBag from /Users/sruthibollu/anaconda3/envs/analytics-prep/lib/python3.9/site-packages/airflow/example_dags/example_skip_dag.py
[2025-05-27T19:55:52.384-0400] {processor.py:753} INFO - DAG(s) dict_keys(['example_skip_dag']) retrieved from /Users/sruthibollu/anaconda3/envs/analytics-prep/lib/python3.9/site-packages/airflow/example_dags/example_skip_dag.py
[2025-05-27T19:55:52.759-0400] {logging_mixin.py:137} INFO - [2025-05-27T19:55:52.759-0400] {dag.py:2690} INFO - Sync 1 DAGs
[2025-05-27T19:55:52.767-0400] {logging_mixin.py:137} INFO - [2025-05-27T19:55:52.767-0400] {dag.py:3437} INFO - Setting next_dagrun for example_skip_dag to 2025-05-26T23:55:52.767652+00:00, run_after=2025-05-27T23:55:52.767652+00:00
[2025-05-27T19:55:52.773-0400] {processor.py:175} INFO - Processing /Users/sruthibollu/anaconda3/envs/analytics-prep/lib/python3.9/site-packages/airflow/example_dags/example_skip_dag.py took 0.416 seconds
