[2025-05-27T16:48:32.129-0400] {processor.py:153} INFO - Started process (PID=50865) to work on /Users/sruthibollu/anaconda3/envs/analytics-prep/lib/python3.9/site-packages/airflow/example_dags/example_branch_python_dop_operator_3.py
[2025-05-27T16:48:32.131-0400] {processor.py:743} INFO - Processing file /Users/sruthibollu/anaconda3/envs/analytics-prep/lib/python3.9/site-packages/airflow/example_dags/example_branch_python_dop_operator_3.py for tasks to queue
[2025-05-27T16:48:32.131-0400] {logging_mixin.py:137} INFO - [2025-05-27T16:48:32.131-0400] {dagbag.py:538} INFO - Filling up the DagBag from /Users/sruthibollu/anaconda3/envs/analytics-prep/lib/python3.9/site-packages/airflow/example_dags/example_branch_python_dop_operator_3.py
[2025-05-27T16:48:32.163-0400] {processor.py:753} INFO - DAG(s) dict_keys(['example_branch_dop_operator_v3']) retrieved from /Users/sruthibollu/anaconda3/envs/analytics-prep/lib/python3.9/site-packages/airflow/example_dags/example_branch_python_dop_operator_3.py
[2025-05-27T16:48:32.505-0400] {logging_mixin.py:137} INFO - [2025-05-27T16:48:32.505-0400] {dag.py:2690} INFO - Sync 1 DAGs
[2025-05-27T16:48:32.513-0400] {logging_mixin.py:137} INFO - [2025-05-27T16:48:32.513-0400] {dag.py:3437} INFO - Setting next_dagrun for example_branch_dop_operator_v3 to 2025-05-27T20:47:00+00:00, run_after=2025-05-27T20:48:00+00:00
[2025-05-27T16:48:32.520-0400] {processor.py:175} INFO - Processing /Users/sruthibollu/anaconda3/envs/analytics-prep/lib/python3.9/site-packages/airflow/example_dags/example_branch_python_dop_operator_3.py took 0.391 seconds
[2025-05-27T16:50:00.108-0400] {processor.py:153} INFO - Started process (PID=51919) to work on /Users/sruthibollu/anaconda3/envs/analytics-prep/lib/python3.9/site-packages/airflow/example_dags/example_branch_python_dop_operator_3.py
[2025-05-27T16:50:00.110-0400] {processor.py:743} INFO - Processing file /Users/sruthibollu/anaconda3/envs/analytics-prep/lib/python3.9/site-packages/airflow/example_dags/example_branch_python_dop_operator_3.py for tasks to queue
[2025-05-27T16:50:00.111-0400] {logging_mixin.py:137} INFO - [2025-05-27T16:50:00.111-0400] {dagbag.py:538} INFO - Filling up the DagBag from /Users/sruthibollu/anaconda3/envs/analytics-prep/lib/python3.9/site-packages/airflow/example_dags/example_branch_python_dop_operator_3.py
[2025-05-27T16:50:00.143-0400] {processor.py:753} INFO - DAG(s) dict_keys(['example_branch_dop_operator_v3']) retrieved from /Users/sruthibollu/anaconda3/envs/analytics-prep/lib/python3.9/site-packages/airflow/example_dags/example_branch_python_dop_operator_3.py
[2025-05-27T16:50:00.476-0400] {logging_mixin.py:137} INFO - [2025-05-27T16:50:00.476-0400] {dag.py:2690} INFO - Sync 1 DAGs
[2025-05-27T16:50:00.484-0400] {logging_mixin.py:137} INFO - [2025-05-27T16:50:00.484-0400] {dag.py:3437} INFO - Setting next_dagrun for example_branch_dop_operator_v3 to 2025-05-27T20:49:00+00:00, run_after=2025-05-27T20:50:00+00:00
[2025-05-27T16:50:00.491-0400] {processor.py:175} INFO - Processing /Users/sruthibollu/anaconda3/envs/analytics-prep/lib/python3.9/site-packages/airflow/example_dags/example_branch_python_dop_operator_3.py took 0.383 seconds
[2025-05-27T16:51:26.179-0400] {processor.py:153} INFO - Started process (PID=52416) to work on /Users/sruthibollu/anaconda3/envs/analytics-prep/lib/python3.9/site-packages/airflow/example_dags/example_branch_python_dop_operator_3.py
[2025-05-27T16:51:26.182-0400] {processor.py:743} INFO - Processing file /Users/sruthibollu/anaconda3/envs/analytics-prep/lib/python3.9/site-packages/airflow/example_dags/example_branch_python_dop_operator_3.py for tasks to queue
[2025-05-27T16:51:26.182-0400] {logging_mixin.py:137} INFO - [2025-05-27T16:51:26.182-0400] {dagbag.py:538} INFO - Filling up the DagBag from /Users/sruthibollu/anaconda3/envs/analytics-prep/lib/python3.9/site-packages/airflow/example_dags/example_branch_python_dop_operator_3.py
[2025-05-27T16:51:26.237-0400] {processor.py:753} INFO - DAG(s) dict_keys(['example_branch_dop_operator_v3']) retrieved from /Users/sruthibollu/anaconda3/envs/analytics-prep/lib/python3.9/site-packages/airflow/example_dags/example_branch_python_dop_operator_3.py
[2025-05-27T16:51:26.761-0400] {logging_mixin.py:137} INFO - [2025-05-27T16:51:26.761-0400] {dag.py:2690} INFO - Sync 1 DAGs
[2025-05-27T16:51:26.772-0400] {logging_mixin.py:137} INFO - [2025-05-27T16:51:26.772-0400] {dag.py:3437} INFO - Setting next_dagrun for example_branch_dop_operator_v3 to 2025-05-27T20:50:00+00:00, run_after=2025-05-27T20:51:00+00:00
[2025-05-27T16:51:26.781-0400] {processor.py:175} INFO - Processing /Users/sruthibollu/anaconda3/envs/analytics-prep/lib/python3.9/site-packages/airflow/example_dags/example_branch_python_dop_operator_3.py took 0.604 seconds
[2025-05-27T16:52:56.655-0400] {processor.py:153} INFO - Started process (PID=52956) to work on /Users/sruthibollu/anaconda3/envs/analytics-prep/lib/python3.9/site-packages/airflow/example_dags/example_branch_python_dop_operator_3.py
[2025-05-27T16:52:56.658-0400] {processor.py:743} INFO - Processing file /Users/sruthibollu/anaconda3/envs/analytics-prep/lib/python3.9/site-packages/airflow/example_dags/example_branch_python_dop_operator_3.py for tasks to queue
[2025-05-27T16:52:56.658-0400] {logging_mixin.py:137} INFO - [2025-05-27T16:52:56.658-0400] {dagbag.py:538} INFO - Filling up the DagBag from /Users/sruthibollu/anaconda3/envs/analytics-prep/lib/python3.9/site-packages/airflow/example_dags/example_branch_python_dop_operator_3.py
[2025-05-27T16:52:56.692-0400] {processor.py:753} INFO - DAG(s) dict_keys(['example_branch_dop_operator_v3']) retrieved from /Users/sruthibollu/anaconda3/envs/analytics-prep/lib/python3.9/site-packages/airflow/example_dags/example_branch_python_dop_operator_3.py
[2025-05-27T16:52:57.037-0400] {logging_mixin.py:137} INFO - [2025-05-27T16:52:57.037-0400] {dag.py:2690} INFO - Sync 1 DAGs
[2025-05-27T16:52:57.047-0400] {logging_mixin.py:137} INFO - [2025-05-27T16:52:57.047-0400] {dag.py:3437} INFO - Setting next_dagrun for example_branch_dop_operator_v3 to 2025-05-27T20:51:00+00:00, run_after=2025-05-27T20:52:00+00:00
[2025-05-27T16:52:57.054-0400] {processor.py:175} INFO - Processing /Users/sruthibollu/anaconda3/envs/analytics-prep/lib/python3.9/site-packages/airflow/example_dags/example_branch_python_dop_operator_3.py took 0.399 seconds
[2025-05-27T17:31:02.639-0400] {processor.py:153} INFO - Started process (PID=53487) to work on /Users/sruthibollu/anaconda3/envs/analytics-prep/lib/python3.9/site-packages/airflow/example_dags/example_branch_python_dop_operator_3.py
[2025-05-27T17:31:02.641-0400] {processor.py:743} INFO - Processing file /Users/sruthibollu/anaconda3/envs/analytics-prep/lib/python3.9/site-packages/airflow/example_dags/example_branch_python_dop_operator_3.py for tasks to queue
[2025-05-27T17:31:02.641-0400] {logging_mixin.py:137} INFO - [2025-05-27T17:31:02.641-0400] {dagbag.py:538} INFO - Filling up the DagBag from /Users/sruthibollu/anaconda3/envs/analytics-prep/lib/python3.9/site-packages/airflow/example_dags/example_branch_python_dop_operator_3.py
[2025-05-27T17:31:02.681-0400] {processor.py:753} INFO - DAG(s) dict_keys(['example_branch_dop_operator_v3']) retrieved from /Users/sruthibollu/anaconda3/envs/analytics-prep/lib/python3.9/site-packages/airflow/example_dags/example_branch_python_dop_operator_3.py
[2025-05-27T17:31:03.045-0400] {logging_mixin.py:137} INFO - [2025-05-27T17:31:03.045-0400] {dag.py:2690} INFO - Sync 1 DAGs
[2025-05-27T17:31:03.054-0400] {logging_mixin.py:137} INFO - [2025-05-27T17:31:03.054-0400] {dag.py:3437} INFO - Setting next_dagrun for example_branch_dop_operator_v3 to 2025-05-27T21:30:00+00:00, run_after=2025-05-27T21:31:00+00:00
[2025-05-27T17:31:03.060-0400] {processor.py:175} INFO - Processing /Users/sruthibollu/anaconda3/envs/analytics-prep/lib/python3.9/site-packages/airflow/example_dags/example_branch_python_dop_operator_3.py took 0.421 seconds
[2025-05-27T18:19:21.259-0400] {processor.py:153} INFO - Started process (PID=54502) to work on /Users/sruthibollu/anaconda3/envs/analytics-prep/lib/python3.9/site-packages/airflow/example_dags/example_branch_python_dop_operator_3.py
[2025-05-27T18:19:21.262-0400] {processor.py:743} INFO - Processing file /Users/sruthibollu/anaconda3/envs/analytics-prep/lib/python3.9/site-packages/airflow/example_dags/example_branch_python_dop_operator_3.py for tasks to queue
[2025-05-27T18:19:21.262-0400] {logging_mixin.py:137} INFO - [2025-05-27T18:19:21.262-0400] {dagbag.py:538} INFO - Filling up the DagBag from /Users/sruthibollu/anaconda3/envs/analytics-prep/lib/python3.9/site-packages/airflow/example_dags/example_branch_python_dop_operator_3.py
[2025-05-27T18:19:21.303-0400] {processor.py:753} INFO - DAG(s) dict_keys(['example_branch_dop_operator_v3']) retrieved from /Users/sruthibollu/anaconda3/envs/analytics-prep/lib/python3.9/site-packages/airflow/example_dags/example_branch_python_dop_operator_3.py
[2025-05-27T18:19:21.709-0400] {logging_mixin.py:137} INFO - [2025-05-27T18:19:21.709-0400] {dag.py:2690} INFO - Sync 1 DAGs
[2025-05-27T18:19:21.718-0400] {logging_mixin.py:137} INFO - [2025-05-27T18:19:21.718-0400] {dag.py:3437} INFO - Setting next_dagrun for example_branch_dop_operator_v3 to 2025-05-27T22:18:00+00:00, run_after=2025-05-27T22:19:00+00:00
[2025-05-27T18:19:21.725-0400] {processor.py:175} INFO - Processing /Users/sruthibollu/anaconda3/envs/analytics-prep/lib/python3.9/site-packages/airflow/example_dags/example_branch_python_dop_operator_3.py took 0.466 seconds
[2025-05-27T18:38:45.465-0400] {processor.py:153} INFO - Started process (PID=55170) to work on /Users/sruthibollu/anaconda3/envs/analytics-prep/lib/python3.9/site-packages/airflow/example_dags/example_branch_python_dop_operator_3.py
[2025-05-27T18:38:45.467-0400] {processor.py:743} INFO - Processing file /Users/sruthibollu/anaconda3/envs/analytics-prep/lib/python3.9/site-packages/airflow/example_dags/example_branch_python_dop_operator_3.py for tasks to queue
[2025-05-27T18:38:45.467-0400] {logging_mixin.py:137} INFO - [2025-05-27T18:38:45.467-0400] {dagbag.py:538} INFO - Filling up the DagBag from /Users/sruthibollu/anaconda3/envs/analytics-prep/lib/python3.9/site-packages/airflow/example_dags/example_branch_python_dop_operator_3.py
[2025-05-27T18:38:45.504-0400] {processor.py:753} INFO - DAG(s) dict_keys(['example_branch_dop_operator_v3']) retrieved from /Users/sruthibollu/anaconda3/envs/analytics-prep/lib/python3.9/site-packages/airflow/example_dags/example_branch_python_dop_operator_3.py
[2025-05-27T18:38:45.890-0400] {logging_mixin.py:137} INFO - [2025-05-27T18:38:45.890-0400] {dag.py:2690} INFO - Sync 1 DAGs
[2025-05-27T18:38:45.901-0400] {logging_mixin.py:137} INFO - [2025-05-27T18:38:45.901-0400] {dag.py:3437} INFO - Setting next_dagrun for example_branch_dop_operator_v3 to 2025-05-27T22:37:00+00:00, run_after=2025-05-27T22:38:00+00:00
[2025-05-27T18:38:45.907-0400] {processor.py:175} INFO - Processing /Users/sruthibollu/anaconda3/envs/analytics-prep/lib/python3.9/site-packages/airflow/example_dags/example_branch_python_dop_operator_3.py took 0.443 seconds
[2025-05-27T19:05:46.910-0400] {processor.py:153} INFO - Started process (PID=55964) to work on /Users/sruthibollu/anaconda3/envs/analytics-prep/lib/python3.9/site-packages/airflow/example_dags/example_branch_python_dop_operator_3.py
[2025-05-27T19:05:46.913-0400] {processor.py:743} INFO - Processing file /Users/sruthibollu/anaconda3/envs/analytics-prep/lib/python3.9/site-packages/airflow/example_dags/example_branch_python_dop_operator_3.py for tasks to queue
[2025-05-27T19:05:46.913-0400] {logging_mixin.py:137} INFO - [2025-05-27T19:05:46.913-0400] {dagbag.py:538} INFO - Filling up the DagBag from /Users/sruthibollu/anaconda3/envs/analytics-prep/lib/python3.9/site-packages/airflow/example_dags/example_branch_python_dop_operator_3.py
[2025-05-27T19:05:46.959-0400] {processor.py:753} INFO - DAG(s) dict_keys(['example_branch_dop_operator_v3']) retrieved from /Users/sruthibollu/anaconda3/envs/analytics-prep/lib/python3.9/site-packages/airflow/example_dags/example_branch_python_dop_operator_3.py
[2025-05-27T19:05:47.318-0400] {logging_mixin.py:137} INFO - [2025-05-27T19:05:47.318-0400] {dag.py:2690} INFO - Sync 1 DAGs
[2025-05-27T19:05:47.326-0400] {logging_mixin.py:137} INFO - [2025-05-27T19:05:47.326-0400] {dag.py:3437} INFO - Setting next_dagrun for example_branch_dop_operator_v3 to 2025-05-27T23:04:00+00:00, run_after=2025-05-27T23:05:00+00:00
[2025-05-27T19:05:47.332-0400] {processor.py:175} INFO - Processing /Users/sruthibollu/anaconda3/envs/analytics-prep/lib/python3.9/site-packages/airflow/example_dags/example_branch_python_dop_operator_3.py took 0.422 seconds
[2025-05-27T19:48:22.625-0400] {processor.py:153} INFO - Started process (PID=56458) to work on /Users/sruthibollu/anaconda3/envs/analytics-prep/lib/python3.9/site-packages/airflow/example_dags/example_branch_python_dop_operator_3.py
[2025-05-27T19:48:22.627-0400] {processor.py:743} INFO - Processing file /Users/sruthibollu/anaconda3/envs/analytics-prep/lib/python3.9/site-packages/airflow/example_dags/example_branch_python_dop_operator_3.py for tasks to queue
[2025-05-27T19:48:22.627-0400] {logging_mixin.py:137} INFO - [2025-05-27T19:48:22.627-0400] {dagbag.py:538} INFO - Filling up the DagBag from /Users/sruthibollu/anaconda3/envs/analytics-prep/lib/python3.9/site-packages/airflow/example_dags/example_branch_python_dop_operator_3.py
[2025-05-27T19:48:22.662-0400] {processor.py:753} INFO - DAG(s) dict_keys(['example_branch_dop_operator_v3']) retrieved from /Users/sruthibollu/anaconda3/envs/analytics-prep/lib/python3.9/site-packages/airflow/example_dags/example_branch_python_dop_operator_3.py
[2025-05-27T19:48:23.028-0400] {logging_mixin.py:137} INFO - [2025-05-27T19:48:23.027-0400] {dag.py:2690} INFO - Sync 1 DAGs
[2025-05-27T19:48:23.035-0400] {logging_mixin.py:137} INFO - [2025-05-27T19:48:23.035-0400] {dag.py:3437} INFO - Setting next_dagrun for example_branch_dop_operator_v3 to 2025-05-27T23:47:00+00:00, run_after=2025-05-27T23:48:00+00:00
[2025-05-27T19:48:23.041-0400] {processor.py:175} INFO - Processing /Users/sruthibollu/anaconda3/envs/analytics-prep/lib/python3.9/site-packages/airflow/example_dags/example_branch_python_dop_operator_3.py took 0.417 seconds
