[2025-05-27T16:47:54.771-0400] {processor.py:153} INFO - Started process (PID=49989) to work on /Users/sruthibollu/anaconda3/envs/analytics-prep/lib/python3.9/site-packages/airflow/example_dags/example_task_group.py
[2025-05-27T16:47:54.783-0400] {processor.py:743} INFO - Processing file /Users/sruthibollu/anaconda3/envs/analytics-prep/lib/python3.9/site-packages/airflow/example_dags/example_task_group.py for tasks to queue
[2025-05-27T16:47:54.783-0400] {logging_mixin.py:137} INFO - [2025-05-27T16:47:54.783-0400] {dagbag.py:538} INFO - Filling up the DagBag from /Users/sruthibollu/anaconda3/envs/analytics-prep/lib/python3.9/site-packages/airflow/example_dags/example_task_group.py
[2025-05-27T16:47:54.814-0400] {processor.py:753} INFO - DAG(s) dict_keys(['example_task_group']) retrieved from /Users/sruthibollu/anaconda3/envs/analytics-prep/lib/python3.9/site-packages/airflow/example_dags/example_task_group.py
[2025-05-27T16:47:54.833-0400] {logging_mixin.py:137} INFO - [2025-05-27T16:47:54.833-0400] {dag.py:2690} INFO - Sync 1 DAGs
[2025-05-27T16:47:55.207-0400] {logging_mixin.py:137} INFO - [2025-05-27T16:47:55.207-0400] {dag.py:3437} INFO - Setting next_dagrun for example_task_group to 2025-05-26T20:47:55.207798+00:00, run_after=2025-05-27T20:47:55.207798+00:00
[2025-05-27T16:47:55.214-0400] {processor.py:175} INFO - Processing /Users/sruthibollu/anaconda3/envs/analytics-prep/lib/python3.9/site-packages/airflow/example_dags/example_task_group.py took 0.444 seconds
[2025-05-27T16:49:06.946-0400] {processor.py:153} INFO - Started process (PID=51060) to work on /Users/sruthibollu/anaconda3/envs/analytics-prep/lib/python3.9/site-packages/airflow/example_dags/example_task_group.py
[2025-05-27T16:49:06.948-0400] {processor.py:743} INFO - Processing file /Users/sruthibollu/anaconda3/envs/analytics-prep/lib/python3.9/site-packages/airflow/example_dags/example_task_group.py for tasks to queue
[2025-05-27T16:49:06.949-0400] {logging_mixin.py:137} INFO - [2025-05-27T16:49:06.949-0400] {dagbag.py:538} INFO - Filling up the DagBag from /Users/sruthibollu/anaconda3/envs/analytics-prep/lib/python3.9/site-packages/airflow/example_dags/example_task_group.py
[2025-05-27T16:49:06.978-0400] {processor.py:753} INFO - DAG(s) dict_keys(['example_task_group']) retrieved from /Users/sruthibollu/anaconda3/envs/analytics-prep/lib/python3.9/site-packages/airflow/example_dags/example_task_group.py
[2025-05-27T16:49:07.389-0400] {logging_mixin.py:137} INFO - [2025-05-27T16:49:07.388-0400] {dag.py:2690} INFO - Sync 1 DAGs
[2025-05-27T16:49:07.397-0400] {logging_mixin.py:137} INFO - [2025-05-27T16:49:07.397-0400] {dag.py:3437} INFO - Setting next_dagrun for example_task_group to 2025-05-26T20:49:07.396929+00:00, run_after=2025-05-27T20:49:07.396929+00:00
[2025-05-27T16:49:07.403-0400] {processor.py:175} INFO - Processing /Users/sruthibollu/anaconda3/envs/analytics-prep/lib/python3.9/site-packages/airflow/example_dags/example_task_group.py took 0.458 seconds
[2025-05-27T16:50:35.288-0400] {processor.py:153} INFO - Started process (PID=52130) to work on /Users/sruthibollu/anaconda3/envs/analytics-prep/lib/python3.9/site-packages/airflow/example_dags/example_task_group.py
[2025-05-27T16:50:35.292-0400] {processor.py:743} INFO - Processing file /Users/sruthibollu/anaconda3/envs/analytics-prep/lib/python3.9/site-packages/airflow/example_dags/example_task_group.py for tasks to queue
[2025-05-27T16:50:35.292-0400] {logging_mixin.py:137} INFO - [2025-05-27T16:50:35.292-0400] {dagbag.py:538} INFO - Filling up the DagBag from /Users/sruthibollu/anaconda3/envs/analytics-prep/lib/python3.9/site-packages/airflow/example_dags/example_task_group.py
[2025-05-27T16:50:35.317-0400] {processor.py:753} INFO - DAG(s) dict_keys(['example_task_group']) retrieved from /Users/sruthibollu/anaconda3/envs/analytics-prep/lib/python3.9/site-packages/airflow/example_dags/example_task_group.py
[2025-05-27T16:50:35.696-0400] {logging_mixin.py:137} INFO - [2025-05-27T16:50:35.696-0400] {dag.py:2690} INFO - Sync 1 DAGs
[2025-05-27T16:50:35.703-0400] {logging_mixin.py:137} INFO - [2025-05-27T16:50:35.702-0400] {dag.py:3437} INFO - Setting next_dagrun for example_task_group to 2025-05-26T20:50:35.702903+00:00, run_after=2025-05-27T20:50:35.702903+00:00
[2025-05-27T16:50:35.710-0400] {processor.py:175} INFO - Processing /Users/sruthibollu/anaconda3/envs/analytics-prep/lib/python3.9/site-packages/airflow/example_dags/example_task_group.py took 0.422 seconds
[2025-05-27T16:52:02.226-0400] {processor.py:153} INFO - Started process (PID=52629) to work on /Users/sruthibollu/anaconda3/envs/analytics-prep/lib/python3.9/site-packages/airflow/example_dags/example_task_group.py
[2025-05-27T16:52:02.229-0400] {processor.py:743} INFO - Processing file /Users/sruthibollu/anaconda3/envs/analytics-prep/lib/python3.9/site-packages/airflow/example_dags/example_task_group.py for tasks to queue
[2025-05-27T16:52:02.229-0400] {logging_mixin.py:137} INFO - [2025-05-27T16:52:02.229-0400] {dagbag.py:538} INFO - Filling up the DagBag from /Users/sruthibollu/anaconda3/envs/analytics-prep/lib/python3.9/site-packages/airflow/example_dags/example_task_group.py
[2025-05-27T16:52:02.260-0400] {processor.py:753} INFO - DAG(s) dict_keys(['example_task_group']) retrieved from /Users/sruthibollu/anaconda3/envs/analytics-prep/lib/python3.9/site-packages/airflow/example_dags/example_task_group.py
[2025-05-27T16:52:02.626-0400] {logging_mixin.py:137} INFO - [2025-05-27T16:52:02.626-0400] {dag.py:2690} INFO - Sync 1 DAGs
[2025-05-27T16:52:02.634-0400] {logging_mixin.py:137} INFO - [2025-05-27T16:52:02.634-0400] {dag.py:3437} INFO - Setting next_dagrun for example_task_group to 2025-05-26T20:52:02.633959+00:00, run_after=2025-05-27T20:52:02.633959+00:00
[2025-05-27T16:52:02.640-0400] {processor.py:175} INFO - Processing /Users/sruthibollu/anaconda3/envs/analytics-prep/lib/python3.9/site-packages/airflow/example_dags/example_task_group.py took 0.414 seconds
[2025-05-27T16:53:19.579-0400] {processor.py:153} INFO - Started process (PID=53089) to work on /Users/sruthibollu/anaconda3/envs/analytics-prep/lib/python3.9/site-packages/airflow/example_dags/example_task_group.py
[2025-05-27T16:53:19.581-0400] {processor.py:743} INFO - Processing file /Users/sruthibollu/anaconda3/envs/analytics-prep/lib/python3.9/site-packages/airflow/example_dags/example_task_group.py for tasks to queue
[2025-05-27T16:53:19.581-0400] {logging_mixin.py:137} INFO - [2025-05-27T16:53:19.581-0400] {dagbag.py:538} INFO - Filling up the DagBag from /Users/sruthibollu/anaconda3/envs/analytics-prep/lib/python3.9/site-packages/airflow/example_dags/example_task_group.py
[2025-05-27T16:53:19.603-0400] {processor.py:753} INFO - DAG(s) dict_keys(['example_task_group']) retrieved from /Users/sruthibollu/anaconda3/envs/analytics-prep/lib/python3.9/site-packages/airflow/example_dags/example_task_group.py
[2025-05-27T16:53:19.947-0400] {logging_mixin.py:137} INFO - [2025-05-27T16:53:19.947-0400] {dag.py:2690} INFO - Sync 1 DAGs
[2025-05-27T16:53:19.954-0400] {logging_mixin.py:137} INFO - [2025-05-27T16:53:19.954-0400] {dag.py:3437} INFO - Setting next_dagrun for example_task_group to 2025-05-26T20:53:19.954578+00:00, run_after=2025-05-27T20:53:19.954578+00:00
[2025-05-27T16:53:19.960-0400] {processor.py:175} INFO - Processing /Users/sruthibollu/anaconda3/envs/analytics-prep/lib/python3.9/site-packages/airflow/example_dags/example_task_group.py took 0.382 seconds
[2025-05-27T17:38:46.543-0400] {processor.py:153} INFO - Started process (PID=53720) to work on /Users/sruthibollu/anaconda3/envs/analytics-prep/lib/python3.9/site-packages/airflow/example_dags/example_task_group.py
[2025-05-27T17:38:46.546-0400] {processor.py:743} INFO - Processing file /Users/sruthibollu/anaconda3/envs/analytics-prep/lib/python3.9/site-packages/airflow/example_dags/example_task_group.py for tasks to queue
[2025-05-27T17:38:46.546-0400] {logging_mixin.py:137} INFO - [2025-05-27T17:38:46.546-0400] {dagbag.py:538} INFO - Filling up the DagBag from /Users/sruthibollu/anaconda3/envs/analytics-prep/lib/python3.9/site-packages/airflow/example_dags/example_task_group.py
[2025-05-27T17:38:46.574-0400] {processor.py:753} INFO - DAG(s) dict_keys(['example_task_group']) retrieved from /Users/sruthibollu/anaconda3/envs/analytics-prep/lib/python3.9/site-packages/airflow/example_dags/example_task_group.py
[2025-05-27T17:38:46.980-0400] {logging_mixin.py:137} INFO - [2025-05-27T17:38:46.980-0400] {dag.py:2690} INFO - Sync 1 DAGs
[2025-05-27T17:38:46.987-0400] {logging_mixin.py:137} INFO - [2025-05-27T17:38:46.987-0400] {dag.py:3437} INFO - Setting next_dagrun for example_task_group to 2025-05-26T21:38:46.987167+00:00, run_after=2025-05-27T21:38:46.987167+00:00
[2025-05-27T17:38:46.993-0400] {processor.py:175} INFO - Processing /Users/sruthibollu/anaconda3/envs/analytics-prep/lib/python3.9/site-packages/airflow/example_dags/example_task_group.py took 0.450 seconds
[2025-05-27T18:06:42.848-0400] {processor.py:153} INFO - Started process (PID=54375) to work on /Users/sruthibollu/anaconda3/envs/analytics-prep/lib/python3.9/site-packages/airflow/example_dags/example_task_group.py
[2025-05-27T18:06:42.851-0400] {processor.py:743} INFO - Processing file /Users/sruthibollu/anaconda3/envs/analytics-prep/lib/python3.9/site-packages/airflow/example_dags/example_task_group.py for tasks to queue
[2025-05-27T18:06:42.851-0400] {logging_mixin.py:137} INFO - [2025-05-27T18:06:42.851-0400] {dagbag.py:538} INFO - Filling up the DagBag from /Users/sruthibollu/anaconda3/envs/analytics-prep/lib/python3.9/site-packages/airflow/example_dags/example_task_group.py
[2025-05-27T18:06:42.886-0400] {processor.py:753} INFO - DAG(s) dict_keys(['example_task_group']) retrieved from /Users/sruthibollu/anaconda3/envs/analytics-prep/lib/python3.9/site-packages/airflow/example_dags/example_task_group.py
[2025-05-27T18:06:43.245-0400] {logging_mixin.py:137} INFO - [2025-05-27T18:06:43.245-0400] {dag.py:2690} INFO - Sync 1 DAGs
[2025-05-27T18:06:43.252-0400] {logging_mixin.py:137} INFO - [2025-05-27T18:06:43.252-0400] {dag.py:3437} INFO - Setting next_dagrun for example_task_group to 2025-05-26T22:06:43.252411+00:00, run_after=2025-05-27T22:06:43.252411+00:00
[2025-05-27T18:06:43.259-0400] {processor.py:175} INFO - Processing /Users/sruthibollu/anaconda3/envs/analytics-prep/lib/python3.9/site-packages/airflow/example_dags/example_task_group.py took 0.412 seconds
[2025-05-27T18:30:28.157-0400] {processor.py:153} INFO - Started process (PID=54724) to work on /Users/sruthibollu/anaconda3/envs/analytics-prep/lib/python3.9/site-packages/airflow/example_dags/example_task_group.py
[2025-05-27T18:30:28.160-0400] {processor.py:743} INFO - Processing file /Users/sruthibollu/anaconda3/envs/analytics-prep/lib/python3.9/site-packages/airflow/example_dags/example_task_group.py for tasks to queue
[2025-05-27T18:30:28.160-0400] {logging_mixin.py:137} INFO - [2025-05-27T18:30:28.160-0400] {dagbag.py:538} INFO - Filling up the DagBag from /Users/sruthibollu/anaconda3/envs/analytics-prep/lib/python3.9/site-packages/airflow/example_dags/example_task_group.py
[2025-05-27T18:30:28.187-0400] {processor.py:753} INFO - DAG(s) dict_keys(['example_task_group']) retrieved from /Users/sruthibollu/anaconda3/envs/analytics-prep/lib/python3.9/site-packages/airflow/example_dags/example_task_group.py
[2025-05-27T18:30:28.574-0400] {logging_mixin.py:137} INFO - [2025-05-27T18:30:28.574-0400] {dag.py:2690} INFO - Sync 1 DAGs
[2025-05-27T18:30:28.583-0400] {logging_mixin.py:137} INFO - [2025-05-27T18:30:28.583-0400] {dag.py:3437} INFO - Setting next_dagrun for example_task_group to 2025-05-26T22:30:28.583277+00:00, run_after=2025-05-27T22:30:28.583277+00:00
[2025-05-27T18:30:28.590-0400] {processor.py:175} INFO - Processing /Users/sruthibollu/anaconda3/envs/analytics-prep/lib/python3.9/site-packages/airflow/example_dags/example_task_group.py took 0.433 seconds
[2025-05-27T18:31:36.575-0400] {processor.py:153} INFO - Started process (PID=55115) to work on /Users/sruthibollu/anaconda3/envs/analytics-prep/lib/python3.9/site-packages/airflow/example_dags/example_task_group.py
[2025-05-27T18:31:36.578-0400] {processor.py:743} INFO - Processing file /Users/sruthibollu/anaconda3/envs/analytics-prep/lib/python3.9/site-packages/airflow/example_dags/example_task_group.py for tasks to queue
[2025-05-27T18:31:36.579-0400] {logging_mixin.py:137} INFO - [2025-05-27T18:31:36.578-0400] {dagbag.py:538} INFO - Filling up the DagBag from /Users/sruthibollu/anaconda3/envs/analytics-prep/lib/python3.9/site-packages/airflow/example_dags/example_task_group.py
[2025-05-27T18:31:36.620-0400] {processor.py:753} INFO - DAG(s) dict_keys(['example_task_group']) retrieved from /Users/sruthibollu/anaconda3/envs/analytics-prep/lib/python3.9/site-packages/airflow/example_dags/example_task_group.py
[2025-05-27T18:31:37.075-0400] {logging_mixin.py:137} INFO - [2025-05-27T18:31:37.075-0400] {dag.py:2690} INFO - Sync 1 DAGs
[2025-05-27T18:31:37.084-0400] {logging_mixin.py:137} INFO - [2025-05-27T18:31:37.083-0400] {dag.py:3437} INFO - Setting next_dagrun for example_task_group to 2025-05-26T22:31:37.083866+00:00, run_after=2025-05-27T22:31:37.083866+00:00
[2025-05-27T18:31:37.092-0400] {processor.py:175} INFO - Processing /Users/sruthibollu/anaconda3/envs/analytics-prep/lib/python3.9/site-packages/airflow/example_dags/example_task_group.py took 0.517 seconds
[2025-05-27T18:39:21.660-0400] {processor.py:153} INFO - Started process (PID=55384) to work on /Users/sruthibollu/anaconda3/envs/analytics-prep/lib/python3.9/site-packages/airflow/example_dags/example_task_group.py
[2025-05-27T18:39:21.662-0400] {processor.py:743} INFO - Processing file /Users/sruthibollu/anaconda3/envs/analytics-prep/lib/python3.9/site-packages/airflow/example_dags/example_task_group.py for tasks to queue
[2025-05-27T18:39:21.662-0400] {logging_mixin.py:137} INFO - [2025-05-27T18:39:21.662-0400] {dagbag.py:538} INFO - Filling up the DagBag from /Users/sruthibollu/anaconda3/envs/analytics-prep/lib/python3.9/site-packages/airflow/example_dags/example_task_group.py
[2025-05-27T18:39:21.684-0400] {processor.py:753} INFO - DAG(s) dict_keys(['example_task_group']) retrieved from /Users/sruthibollu/anaconda3/envs/analytics-prep/lib/python3.9/site-packages/airflow/example_dags/example_task_group.py
[2025-05-27T18:39:22.010-0400] {logging_mixin.py:137} INFO - [2025-05-27T18:39:22.009-0400] {dag.py:2690} INFO - Sync 1 DAGs
[2025-05-27T18:39:22.016-0400] {logging_mixin.py:137} INFO - [2025-05-27T18:39:22.016-0400] {dag.py:3437} INFO - Setting next_dagrun for example_task_group to 2025-05-26T22:39:22.016303+00:00, run_after=2025-05-27T22:39:22.016303+00:00
[2025-05-27T18:39:22.023-0400] {processor.py:175} INFO - Processing /Users/sruthibollu/anaconda3/envs/analytics-prep/lib/python3.9/site-packages/airflow/example_dags/example_task_group.py took 0.364 seconds
[2025-05-27T18:54:56.721-0400] {processor.py:153} INFO - Started process (PID=55802) to work on /Users/sruthibollu/anaconda3/envs/analytics-prep/lib/python3.9/site-packages/airflow/example_dags/example_task_group.py
[2025-05-27T18:54:56.723-0400] {processor.py:743} INFO - Processing file /Users/sruthibollu/anaconda3/envs/analytics-prep/lib/python3.9/site-packages/airflow/example_dags/example_task_group.py for tasks to queue
[2025-05-27T18:54:56.723-0400] {logging_mixin.py:137} INFO - [2025-05-27T18:54:56.723-0400] {dagbag.py:538} INFO - Filling up the DagBag from /Users/sruthibollu/anaconda3/envs/analytics-prep/lib/python3.9/site-packages/airflow/example_dags/example_task_group.py
[2025-05-27T18:54:56.753-0400] {processor.py:753} INFO - DAG(s) dict_keys(['example_task_group']) retrieved from /Users/sruthibollu/anaconda3/envs/analytics-prep/lib/python3.9/site-packages/airflow/example_dags/example_task_group.py
[2025-05-27T18:54:57.126-0400] {logging_mixin.py:137} INFO - [2025-05-27T18:54:57.126-0400] {dag.py:2690} INFO - Sync 1 DAGs
[2025-05-27T18:54:57.133-0400] {logging_mixin.py:137} INFO - [2025-05-27T18:54:57.132-0400] {dag.py:3437} INFO - Setting next_dagrun for example_task_group to 2025-05-26T22:54:57.132941+00:00, run_after=2025-05-27T22:54:57.132941+00:00
[2025-05-27T18:54:57.139-0400] {processor.py:175} INFO - Processing /Users/sruthibollu/anaconda3/envs/analytics-prep/lib/python3.9/site-packages/airflow/example_dags/example_task_group.py took 0.419 seconds
[2025-05-27T19:36:21.183-0400] {processor.py:153} INFO - Started process (PID=56213) to work on /Users/sruthibollu/anaconda3/envs/analytics-prep/lib/python3.9/site-packages/airflow/example_dags/example_task_group.py
[2025-05-27T19:36:21.185-0400] {processor.py:743} INFO - Processing file /Users/sruthibollu/anaconda3/envs/analytics-prep/lib/python3.9/site-packages/airflow/example_dags/example_task_group.py for tasks to queue
[2025-05-27T19:36:21.186-0400] {logging_mixin.py:137} INFO - [2025-05-27T19:36:21.186-0400] {dagbag.py:538} INFO - Filling up the DagBag from /Users/sruthibollu/anaconda3/envs/analytics-prep/lib/python3.9/site-packages/airflow/example_dags/example_task_group.py
[2025-05-27T19:36:21.215-0400] {processor.py:753} INFO - DAG(s) dict_keys(['example_task_group']) retrieved from /Users/sruthibollu/anaconda3/envs/analytics-prep/lib/python3.9/site-packages/airflow/example_dags/example_task_group.py
[2025-05-27T19:36:21.601-0400] {logging_mixin.py:137} INFO - [2025-05-27T19:36:21.601-0400] {dag.py:2690} INFO - Sync 1 DAGs
[2025-05-27T19:36:21.610-0400] {logging_mixin.py:137} INFO - [2025-05-27T19:36:21.609-0400] {dag.py:3437} INFO - Setting next_dagrun for example_task_group to 2025-05-26T23:36:21.609883+00:00, run_after=2025-05-27T23:36:21.609883+00:00
[2025-05-27T19:36:21.616-0400] {processor.py:175} INFO - Processing /Users/sruthibollu/anaconda3/envs/analytics-prep/lib/python3.9/site-packages/airflow/example_dags/example_task_group.py took 0.433 seconds
[2025-05-27T19:55:47.143-0400] {processor.py:153} INFO - Started process (PID=56674) to work on /Users/sruthibollu/anaconda3/envs/analytics-prep/lib/python3.9/site-packages/airflow/example_dags/example_task_group.py
[2025-05-27T19:55:47.146-0400] {processor.py:743} INFO - Processing file /Users/sruthibollu/anaconda3/envs/analytics-prep/lib/python3.9/site-packages/airflow/example_dags/example_task_group.py for tasks to queue
[2025-05-27T19:55:47.146-0400] {logging_mixin.py:137} INFO - [2025-05-27T19:55:47.146-0400] {dagbag.py:538} INFO - Filling up the DagBag from /Users/sruthibollu/anaconda3/envs/analytics-prep/lib/python3.9/site-packages/airflow/example_dags/example_task_group.py
[2025-05-27T19:55:47.172-0400] {processor.py:753} INFO - DAG(s) dict_keys(['example_task_group']) retrieved from /Users/sruthibollu/anaconda3/envs/analytics-prep/lib/python3.9/site-packages/airflow/example_dags/example_task_group.py
[2025-05-27T19:55:47.526-0400] {logging_mixin.py:137} INFO - [2025-05-27T19:55:47.526-0400] {dag.py:2690} INFO - Sync 1 DAGs
[2025-05-27T19:55:47.534-0400] {logging_mixin.py:137} INFO - [2025-05-27T19:55:47.534-0400] {dag.py:3437} INFO - Setting next_dagrun for example_task_group to 2025-05-26T23:55:47.534277+00:00, run_after=2025-05-27T23:55:47.534277+00:00
[2025-05-27T19:55:47.540-0400] {processor.py:175} INFO - Processing /Users/sruthibollu/anaconda3/envs/analytics-prep/lib/python3.9/site-packages/airflow/example_dags/example_task_group.py took 0.397 seconds
