[2025-05-27T16:48:10.118-0400] {processor.py:153} INFO - Started process (PID=50068) to work on /Users/sruthibollu/anaconda3/envs/analytics-prep/lib/python3.9/site-packages/airflow/example_dags/example_python_operator.py
[2025-05-27T16:48:10.120-0400] {processor.py:743} INFO - Processing file /Users/sruthibollu/anaconda3/envs/analytics-prep/lib/python3.9/site-packages/airflow/example_dags/example_python_operator.py for tasks to queue
[2025-05-27T16:48:10.120-0400] {logging_mixin.py:137} INFO - [2025-05-27T16:48:10.120-0400] {dagbag.py:538} INFO - Filling up the DagBag from /Users/sruthibollu/anaconda3/envs/analytics-prep/lib/python3.9/site-packages/airflow/example_dags/example_python_operator.py
[2025-05-27T16:48:10.165-0400] {logging_mixin.py:137} INFO - [2025-05-27T16:48:10.165-0400] {taskmixin.py:205} WARNING - Dependency <Task(_PythonDecoratedOperator): print_the_context>, log_sql_query already registered for DAG: example_python_operator
[2025-05-27T16:48:10.165-0400] {logging_mixin.py:137} INFO - [2025-05-27T16:48:10.165-0400] {taskmixin.py:205} WARNING - Dependency <Task(_PythonDecoratedOperator): log_sql_query>, print_the_context already registered for DAG: example_python_operator
[2025-05-27T16:48:10.166-0400] {logging_mixin.py:137} INFO - [2025-05-27T16:48:10.165-0400] {taskmixin.py:205} WARNING - Dependency <Task(_PythonDecoratedOperator): print_the_context>, log_sql_query already registered for DAG: example_python_operator
[2025-05-27T16:48:10.166-0400] {logging_mixin.py:137} INFO - [2025-05-27T16:48:10.166-0400] {taskmixin.py:205} WARNING - Dependency <Task(_PythonDecoratedOperator): log_sql_query>, print_the_context already registered for DAG: example_python_operator
[2025-05-27T16:48:10.166-0400] {logging_mixin.py:137} INFO - [2025-05-27T16:48:10.166-0400] {taskmixin.py:205} WARNING - Dependency <Task(_PythonDecoratedOperator): print_the_context>, log_sql_query already registered for DAG: example_python_operator
[2025-05-27T16:48:10.166-0400] {logging_mixin.py:137} INFO - [2025-05-27T16:48:10.166-0400] {taskmixin.py:205} WARNING - Dependency <Task(_PythonDecoratedOperator): log_sql_query>, print_the_context already registered for DAG: example_python_operator
[2025-05-27T16:48:10.166-0400] {logging_mixin.py:137} INFO - [2025-05-27T16:48:10.166-0400] {taskmixin.py:205} WARNING - Dependency <Task(_PythonDecoratedOperator): print_the_context>, log_sql_query already registered for DAG: example_python_operator
[2025-05-27T16:48:10.166-0400] {logging_mixin.py:137} INFO - [2025-05-27T16:48:10.166-0400] {taskmixin.py:205} WARNING - Dependency <Task(_PythonDecoratedOperator): log_sql_query>, print_the_context already registered for DAG: example_python_operator
[2025-05-27T16:48:10.166-0400] {logging_mixin.py:137} INFO - [2025-05-27T16:48:10.166-0400] {example_python_operator.py:90} WARNING - The virtalenv_python example task requires virtualenv, please install it.
[2025-05-27T16:48:10.169-0400] {processor.py:753} INFO - DAG(s) dict_keys(['example_python_operator']) retrieved from /Users/sruthibollu/anaconda3/envs/analytics-prep/lib/python3.9/site-packages/airflow/example_dags/example_python_operator.py
[2025-05-27T16:48:10.515-0400] {logging_mixin.py:137} INFO - [2025-05-27T16:48:10.515-0400] {dag.py:2690} INFO - Sync 1 DAGs
[2025-05-27T16:48:10.523-0400] {logging_mixin.py:137} INFO - [2025-05-27T16:48:10.522-0400] {dag.py:3437} INFO - Setting next_dagrun for example_python_operator to None, run_after=None
[2025-05-27T16:48:10.529-0400] {processor.py:175} INFO - Processing /Users/sruthibollu/anaconda3/envs/analytics-prep/lib/python3.9/site-packages/airflow/example_dags/example_python_operator.py took 0.412 seconds
[2025-05-27T16:49:23.308-0400] {processor.py:153} INFO - Started process (PID=51283) to work on /Users/sruthibollu/anaconda3/envs/analytics-prep/lib/python3.9/site-packages/airflow/example_dags/example_python_operator.py
[2025-05-27T16:49:23.310-0400] {processor.py:743} INFO - Processing file /Users/sruthibollu/anaconda3/envs/analytics-prep/lib/python3.9/site-packages/airflow/example_dags/example_python_operator.py for tasks to queue
[2025-05-27T16:49:23.310-0400] {logging_mixin.py:137} INFO - [2025-05-27T16:49:23.310-0400] {dagbag.py:538} INFO - Filling up the DagBag from /Users/sruthibollu/anaconda3/envs/analytics-prep/lib/python3.9/site-packages/airflow/example_dags/example_python_operator.py
[2025-05-27T16:49:23.346-0400] {logging_mixin.py:137} INFO - [2025-05-27T16:49:23.346-0400] {taskmixin.py:205} WARNING - Dependency <Task(_PythonDecoratedOperator): print_the_context>, log_sql_query already registered for DAG: example_python_operator
[2025-05-27T16:49:23.346-0400] {logging_mixin.py:137} INFO - [2025-05-27T16:49:23.346-0400] {taskmixin.py:205} WARNING - Dependency <Task(_PythonDecoratedOperator): log_sql_query>, print_the_context already registered for DAG: example_python_operator
[2025-05-27T16:49:23.347-0400] {logging_mixin.py:137} INFO - [2025-05-27T16:49:23.347-0400] {taskmixin.py:205} WARNING - Dependency <Task(_PythonDecoratedOperator): print_the_context>, log_sql_query already registered for DAG: example_python_operator
[2025-05-27T16:49:23.347-0400] {logging_mixin.py:137} INFO - [2025-05-27T16:49:23.347-0400] {taskmixin.py:205} WARNING - Dependency <Task(_PythonDecoratedOperator): log_sql_query>, print_the_context already registered for DAG: example_python_operator
[2025-05-27T16:49:23.347-0400] {logging_mixin.py:137} INFO - [2025-05-27T16:49:23.347-0400] {taskmixin.py:205} WARNING - Dependency <Task(_PythonDecoratedOperator): print_the_context>, log_sql_query already registered for DAG: example_python_operator
[2025-05-27T16:49:23.347-0400] {logging_mixin.py:137} INFO - [2025-05-27T16:49:23.347-0400] {taskmixin.py:205} WARNING - Dependency <Task(_PythonDecoratedOperator): log_sql_query>, print_the_context already registered for DAG: example_python_operator
[2025-05-27T16:49:23.347-0400] {logging_mixin.py:137} INFO - [2025-05-27T16:49:23.347-0400] {taskmixin.py:205} WARNING - Dependency <Task(_PythonDecoratedOperator): print_the_context>, log_sql_query already registered for DAG: example_python_operator
[2025-05-27T16:49:23.347-0400] {logging_mixin.py:137} INFO - [2025-05-27T16:49:23.347-0400] {taskmixin.py:205} WARNING - Dependency <Task(_PythonDecoratedOperator): log_sql_query>, print_the_context already registered for DAG: example_python_operator
[2025-05-27T16:49:23.347-0400] {logging_mixin.py:137} INFO - [2025-05-27T16:49:23.347-0400] {example_python_operator.py:90} WARNING - The virtalenv_python example task requires virtualenv, please install it.
[2025-05-27T16:49:23.351-0400] {processor.py:753} INFO - DAG(s) dict_keys(['example_python_operator']) retrieved from /Users/sruthibollu/anaconda3/envs/analytics-prep/lib/python3.9/site-packages/airflow/example_dags/example_python_operator.py
[2025-05-27T16:49:23.767-0400] {logging_mixin.py:137} INFO - [2025-05-27T16:49:23.767-0400] {dag.py:2690} INFO - Sync 1 DAGs
[2025-05-27T16:49:23.775-0400] {logging_mixin.py:137} INFO - [2025-05-27T16:49:23.775-0400] {dag.py:3437} INFO - Setting next_dagrun for example_python_operator to None, run_after=None
[2025-05-27T16:49:23.782-0400] {processor.py:175} INFO - Processing /Users/sruthibollu/anaconda3/envs/analytics-prep/lib/python3.9/site-packages/airflow/example_dags/example_python_operator.py took 0.475 seconds
[2025-05-27T16:50:47.414-0400] {processor.py:153} INFO - Started process (PID=52203) to work on /Users/sruthibollu/anaconda3/envs/analytics-prep/lib/python3.9/site-packages/airflow/example_dags/example_python_operator.py
[2025-05-27T16:50:47.417-0400] {processor.py:743} INFO - Processing file /Users/sruthibollu/anaconda3/envs/analytics-prep/lib/python3.9/site-packages/airflow/example_dags/example_python_operator.py for tasks to queue
[2025-05-27T16:50:47.417-0400] {logging_mixin.py:137} INFO - [2025-05-27T16:50:47.417-0400] {dagbag.py:538} INFO - Filling up the DagBag from /Users/sruthibollu/anaconda3/envs/analytics-prep/lib/python3.9/site-packages/airflow/example_dags/example_python_operator.py
[2025-05-27T16:50:47.446-0400] {logging_mixin.py:137} INFO - [2025-05-27T16:50:47.446-0400] {taskmixin.py:205} WARNING - Dependency <Task(_PythonDecoratedOperator): print_the_context>, log_sql_query already registered for DAG: example_python_operator
[2025-05-27T16:50:47.446-0400] {logging_mixin.py:137} INFO - [2025-05-27T16:50:47.446-0400] {taskmixin.py:205} WARNING - Dependency <Task(_PythonDecoratedOperator): log_sql_query>, print_the_context already registered for DAG: example_python_operator
[2025-05-27T16:50:47.447-0400] {logging_mixin.py:137} INFO - [2025-05-27T16:50:47.447-0400] {taskmixin.py:205} WARNING - Dependency <Task(_PythonDecoratedOperator): print_the_context>, log_sql_query already registered for DAG: example_python_operator
[2025-05-27T16:50:47.447-0400] {logging_mixin.py:137} INFO - [2025-05-27T16:50:47.447-0400] {taskmixin.py:205} WARNING - Dependency <Task(_PythonDecoratedOperator): log_sql_query>, print_the_context already registered for DAG: example_python_operator
[2025-05-27T16:50:47.447-0400] {logging_mixin.py:137} INFO - [2025-05-27T16:50:47.447-0400] {taskmixin.py:205} WARNING - Dependency <Task(_PythonDecoratedOperator): print_the_context>, log_sql_query already registered for DAG: example_python_operator
[2025-05-27T16:50:47.447-0400] {logging_mixin.py:137} INFO - [2025-05-27T16:50:47.447-0400] {taskmixin.py:205} WARNING - Dependency <Task(_PythonDecoratedOperator): log_sql_query>, print_the_context already registered for DAG: example_python_operator
[2025-05-27T16:50:47.447-0400] {logging_mixin.py:137} INFO - [2025-05-27T16:50:47.447-0400] {taskmixin.py:205} WARNING - Dependency <Task(_PythonDecoratedOperator): print_the_context>, log_sql_query already registered for DAG: example_python_operator
[2025-05-27T16:50:47.447-0400] {logging_mixin.py:137} INFO - [2025-05-27T16:50:47.447-0400] {taskmixin.py:205} WARNING - Dependency <Task(_PythonDecoratedOperator): log_sql_query>, print_the_context already registered for DAG: example_python_operator
[2025-05-27T16:50:47.447-0400] {logging_mixin.py:137} INFO - [2025-05-27T16:50:47.447-0400] {example_python_operator.py:90} WARNING - The virtalenv_python example task requires virtualenv, please install it.
[2025-05-27T16:50:47.450-0400] {processor.py:753} INFO - DAG(s) dict_keys(['example_python_operator']) retrieved from /Users/sruthibollu/anaconda3/envs/analytics-prep/lib/python3.9/site-packages/airflow/example_dags/example_python_operator.py
[2025-05-27T16:50:47.807-0400] {logging_mixin.py:137} INFO - [2025-05-27T16:50:47.807-0400] {dag.py:2690} INFO - Sync 1 DAGs
[2025-05-27T16:50:47.817-0400] {logging_mixin.py:137} INFO - [2025-05-27T16:50:47.817-0400] {dag.py:3437} INFO - Setting next_dagrun for example_python_operator to None, run_after=None
[2025-05-27T16:50:47.824-0400] {processor.py:175} INFO - Processing /Users/sruthibollu/anaconda3/envs/analytics-prep/lib/python3.9/site-packages/airflow/example_dags/example_python_operator.py took 0.410 seconds
[2025-05-27T16:52:15.868-0400] {processor.py:153} INFO - Started process (PID=52713) to work on /Users/sruthibollu/anaconda3/envs/analytics-prep/lib/python3.9/site-packages/airflow/example_dags/example_python_operator.py
[2025-05-27T16:52:15.870-0400] {processor.py:743} INFO - Processing file /Users/sruthibollu/anaconda3/envs/analytics-prep/lib/python3.9/site-packages/airflow/example_dags/example_python_operator.py for tasks to queue
[2025-05-27T16:52:15.871-0400] {logging_mixin.py:137} INFO - [2025-05-27T16:52:15.871-0400] {dagbag.py:538} INFO - Filling up the DagBag from /Users/sruthibollu/anaconda3/envs/analytics-prep/lib/python3.9/site-packages/airflow/example_dags/example_python_operator.py
[2025-05-27T16:52:15.903-0400] {logging_mixin.py:137} INFO - [2025-05-27T16:52:15.903-0400] {taskmixin.py:205} WARNING - Dependency <Task(_PythonDecoratedOperator): print_the_context>, log_sql_query already registered for DAG: example_python_operator
[2025-05-27T16:52:15.903-0400] {logging_mixin.py:137} INFO - [2025-05-27T16:52:15.903-0400] {taskmixin.py:205} WARNING - Dependency <Task(_PythonDecoratedOperator): log_sql_query>, print_the_context already registered for DAG: example_python_operator
[2025-05-27T16:52:15.903-0400] {logging_mixin.py:137} INFO - [2025-05-27T16:52:15.903-0400] {taskmixin.py:205} WARNING - Dependency <Task(_PythonDecoratedOperator): print_the_context>, log_sql_query already registered for DAG: example_python_operator
[2025-05-27T16:52:15.903-0400] {logging_mixin.py:137} INFO - [2025-05-27T16:52:15.903-0400] {taskmixin.py:205} WARNING - Dependency <Task(_PythonDecoratedOperator): log_sql_query>, print_the_context already registered for DAG: example_python_operator
[2025-05-27T16:52:15.903-0400] {logging_mixin.py:137} INFO - [2025-05-27T16:52:15.903-0400] {taskmixin.py:205} WARNING - Dependency <Task(_PythonDecoratedOperator): print_the_context>, log_sql_query already registered for DAG: example_python_operator
[2025-05-27T16:52:15.903-0400] {logging_mixin.py:137} INFO - [2025-05-27T16:52:15.903-0400] {taskmixin.py:205} WARNING - Dependency <Task(_PythonDecoratedOperator): log_sql_query>, print_the_context already registered for DAG: example_python_operator
[2025-05-27T16:52:15.904-0400] {logging_mixin.py:137} INFO - [2025-05-27T16:52:15.903-0400] {taskmixin.py:205} WARNING - Dependency <Task(_PythonDecoratedOperator): print_the_context>, log_sql_query already registered for DAG: example_python_operator
[2025-05-27T16:52:15.904-0400] {logging_mixin.py:137} INFO - [2025-05-27T16:52:15.904-0400] {taskmixin.py:205} WARNING - Dependency <Task(_PythonDecoratedOperator): log_sql_query>, print_the_context already registered for DAG: example_python_operator
[2025-05-27T16:52:15.904-0400] {logging_mixin.py:137} INFO - [2025-05-27T16:52:15.904-0400] {example_python_operator.py:90} WARNING - The virtalenv_python example task requires virtualenv, please install it.
[2025-05-27T16:52:15.907-0400] {processor.py:753} INFO - DAG(s) dict_keys(['example_python_operator']) retrieved from /Users/sruthibollu/anaconda3/envs/analytics-prep/lib/python3.9/site-packages/airflow/example_dags/example_python_operator.py
[2025-05-27T16:52:16.262-0400] {logging_mixin.py:137} INFO - [2025-05-27T16:52:16.262-0400] {dag.py:2690} INFO - Sync 1 DAGs
[2025-05-27T16:52:16.270-0400] {logging_mixin.py:137} INFO - [2025-05-27T16:52:16.270-0400] {dag.py:3437} INFO - Setting next_dagrun for example_python_operator to None, run_after=None
[2025-05-27T16:52:16.277-0400] {processor.py:175} INFO - Processing /Users/sruthibollu/anaconda3/envs/analytics-prep/lib/python3.9/site-packages/airflow/example_dags/example_python_operator.py took 0.410 seconds
[2025-05-27T16:53:34.468-0400] {processor.py:153} INFO - Started process (PID=53172) to work on /Users/sruthibollu/anaconda3/envs/analytics-prep/lib/python3.9/site-packages/airflow/example_dags/example_python_operator.py
[2025-05-27T16:53:34.470-0400] {processor.py:743} INFO - Processing file /Users/sruthibollu/anaconda3/envs/analytics-prep/lib/python3.9/site-packages/airflow/example_dags/example_python_operator.py for tasks to queue
[2025-05-27T16:53:34.470-0400] {logging_mixin.py:137} INFO - [2025-05-27T16:53:34.470-0400] {dagbag.py:538} INFO - Filling up the DagBag from /Users/sruthibollu/anaconda3/envs/analytics-prep/lib/python3.9/site-packages/airflow/example_dags/example_python_operator.py
[2025-05-27T16:53:34.500-0400] {logging_mixin.py:137} INFO - [2025-05-27T16:53:34.500-0400] {taskmixin.py:205} WARNING - Dependency <Task(_PythonDecoratedOperator): print_the_context>, log_sql_query already registered for DAG: example_python_operator
[2025-05-27T16:53:34.500-0400] {logging_mixin.py:137} INFO - [2025-05-27T16:53:34.500-0400] {taskmixin.py:205} WARNING - Dependency <Task(_PythonDecoratedOperator): log_sql_query>, print_the_context already registered for DAG: example_python_operator
[2025-05-27T16:53:34.500-0400] {logging_mixin.py:137} INFO - [2025-05-27T16:53:34.500-0400] {taskmixin.py:205} WARNING - Dependency <Task(_PythonDecoratedOperator): print_the_context>, log_sql_query already registered for DAG: example_python_operator
[2025-05-27T16:53:34.500-0400] {logging_mixin.py:137} INFO - [2025-05-27T16:53:34.500-0400] {taskmixin.py:205} WARNING - Dependency <Task(_PythonDecoratedOperator): log_sql_query>, print_the_context already registered for DAG: example_python_operator
[2025-05-27T16:53:34.500-0400] {logging_mixin.py:137} INFO - [2025-05-27T16:53:34.500-0400] {taskmixin.py:205} WARNING - Dependency <Task(_PythonDecoratedOperator): print_the_context>, log_sql_query already registered for DAG: example_python_operator
[2025-05-27T16:53:34.500-0400] {logging_mixin.py:137} INFO - [2025-05-27T16:53:34.500-0400] {taskmixin.py:205} WARNING - Dependency <Task(_PythonDecoratedOperator): log_sql_query>, print_the_context already registered for DAG: example_python_operator
[2025-05-27T16:53:34.501-0400] {logging_mixin.py:137} INFO - [2025-05-27T16:53:34.501-0400] {taskmixin.py:205} WARNING - Dependency <Task(_PythonDecoratedOperator): print_the_context>, log_sql_query already registered for DAG: example_python_operator
[2025-05-27T16:53:34.501-0400] {logging_mixin.py:137} INFO - [2025-05-27T16:53:34.501-0400] {taskmixin.py:205} WARNING - Dependency <Task(_PythonDecoratedOperator): log_sql_query>, print_the_context already registered for DAG: example_python_operator
[2025-05-27T16:53:34.501-0400] {logging_mixin.py:137} INFO - [2025-05-27T16:53:34.501-0400] {example_python_operator.py:90} WARNING - The virtalenv_python example task requires virtualenv, please install it.
[2025-05-27T16:53:34.503-0400] {processor.py:753} INFO - DAG(s) dict_keys(['example_python_operator']) retrieved from /Users/sruthibollu/anaconda3/envs/analytics-prep/lib/python3.9/site-packages/airflow/example_dags/example_python_operator.py
[2025-05-27T16:53:34.836-0400] {logging_mixin.py:137} INFO - [2025-05-27T16:53:34.836-0400] {dag.py:2690} INFO - Sync 1 DAGs
[2025-05-27T16:53:34.842-0400] {logging_mixin.py:137} INFO - [2025-05-27T16:53:34.842-0400] {dag.py:3437} INFO - Setting next_dagrun for example_python_operator to None, run_after=None
[2025-05-27T16:53:34.848-0400] {processor.py:175} INFO - Processing /Users/sruthibollu/anaconda3/envs/analytics-prep/lib/python3.9/site-packages/airflow/example_dags/example_python_operator.py took 0.380 seconds
[2025-05-27T17:48:55.834-0400] {processor.py:153} INFO - Started process (PID=53830) to work on /Users/sruthibollu/anaconda3/envs/analytics-prep/lib/python3.9/site-packages/airflow/example_dags/example_python_operator.py
[2025-05-27T17:48:55.836-0400] {processor.py:743} INFO - Processing file /Users/sruthibollu/anaconda3/envs/analytics-prep/lib/python3.9/site-packages/airflow/example_dags/example_python_operator.py for tasks to queue
[2025-05-27T17:48:55.837-0400] {logging_mixin.py:137} INFO - [2025-05-27T17:48:55.837-0400] {dagbag.py:538} INFO - Filling up the DagBag from /Users/sruthibollu/anaconda3/envs/analytics-prep/lib/python3.9/site-packages/airflow/example_dags/example_python_operator.py
[2025-05-27T17:48:55.870-0400] {logging_mixin.py:137} INFO - [2025-05-27T17:48:55.870-0400] {taskmixin.py:205} WARNING - Dependency <Task(_PythonDecoratedOperator): print_the_context>, log_sql_query already registered for DAG: example_python_operator
[2025-05-27T17:48:55.870-0400] {logging_mixin.py:137} INFO - [2025-05-27T17:48:55.870-0400] {taskmixin.py:205} WARNING - Dependency <Task(_PythonDecoratedOperator): log_sql_query>, print_the_context already registered for DAG: example_python_operator
[2025-05-27T17:48:55.871-0400] {logging_mixin.py:137} INFO - [2025-05-27T17:48:55.871-0400] {taskmixin.py:205} WARNING - Dependency <Task(_PythonDecoratedOperator): print_the_context>, log_sql_query already registered for DAG: example_python_operator
[2025-05-27T17:48:55.871-0400] {logging_mixin.py:137} INFO - [2025-05-27T17:48:55.871-0400] {taskmixin.py:205} WARNING - Dependency <Task(_PythonDecoratedOperator): log_sql_query>, print_the_context already registered for DAG: example_python_operator
[2025-05-27T17:48:55.871-0400] {logging_mixin.py:137} INFO - [2025-05-27T17:48:55.871-0400] {taskmixin.py:205} WARNING - Dependency <Task(_PythonDecoratedOperator): print_the_context>, log_sql_query already registered for DAG: example_python_operator
[2025-05-27T17:48:55.871-0400] {logging_mixin.py:137} INFO - [2025-05-27T17:48:55.871-0400] {taskmixin.py:205} WARNING - Dependency <Task(_PythonDecoratedOperator): log_sql_query>, print_the_context already registered for DAG: example_python_operator
[2025-05-27T17:48:55.871-0400] {logging_mixin.py:137} INFO - [2025-05-27T17:48:55.871-0400] {taskmixin.py:205} WARNING - Dependency <Task(_PythonDecoratedOperator): print_the_context>, log_sql_query already registered for DAG: example_python_operator
[2025-05-27T17:48:55.871-0400] {logging_mixin.py:137} INFO - [2025-05-27T17:48:55.871-0400] {taskmixin.py:205} WARNING - Dependency <Task(_PythonDecoratedOperator): log_sql_query>, print_the_context already registered for DAG: example_python_operator
[2025-05-27T17:48:55.871-0400] {logging_mixin.py:137} INFO - [2025-05-27T17:48:55.871-0400] {example_python_operator.py:90} WARNING - The virtalenv_python example task requires virtualenv, please install it.
[2025-05-27T17:48:55.874-0400] {processor.py:753} INFO - DAG(s) dict_keys(['example_python_operator']) retrieved from /Users/sruthibollu/anaconda3/envs/analytics-prep/lib/python3.9/site-packages/airflow/example_dags/example_python_operator.py
[2025-05-27T17:48:56.642-0400] {logging_mixin.py:137} INFO - [2025-05-27T17:48:56.640-0400] {dag.py:2690} INFO - Sync 1 DAGs
[2025-05-27T17:48:56.672-0400] {logging_mixin.py:137} INFO - [2025-05-27T17:48:56.672-0400] {dag.py:3437} INFO - Setting next_dagrun for example_python_operator to None, run_after=None
[2025-05-27T17:48:56.699-0400] {processor.py:175} INFO - Processing /Users/sruthibollu/anaconda3/envs/analytics-prep/lib/python3.9/site-packages/airflow/example_dags/example_python_operator.py took 0.865 seconds
[2025-05-27T18:19:17.713-0400] {processor.py:153} INFO - Started process (PID=54467) to work on /Users/sruthibollu/anaconda3/envs/analytics-prep/lib/python3.9/site-packages/airflow/example_dags/example_python_operator.py
[2025-05-27T18:19:17.715-0400] {processor.py:743} INFO - Processing file /Users/sruthibollu/anaconda3/envs/analytics-prep/lib/python3.9/site-packages/airflow/example_dags/example_python_operator.py for tasks to queue
[2025-05-27T18:19:17.716-0400] {logging_mixin.py:137} INFO - [2025-05-27T18:19:17.716-0400] {dagbag.py:538} INFO - Filling up the DagBag from /Users/sruthibollu/anaconda3/envs/analytics-prep/lib/python3.9/site-packages/airflow/example_dags/example_python_operator.py
[2025-05-27T18:19:17.772-0400] {logging_mixin.py:137} INFO - [2025-05-27T18:19:17.772-0400] {taskmixin.py:205} WARNING - Dependency <Task(_PythonDecoratedOperator): print_the_context>, log_sql_query already registered for DAG: example_python_operator
[2025-05-27T18:19:17.772-0400] {logging_mixin.py:137} INFO - [2025-05-27T18:19:17.772-0400] {taskmixin.py:205} WARNING - Dependency <Task(_PythonDecoratedOperator): log_sql_query>, print_the_context already registered for DAG: example_python_operator
[2025-05-27T18:19:17.772-0400] {logging_mixin.py:137} INFO - [2025-05-27T18:19:17.772-0400] {taskmixin.py:205} WARNING - Dependency <Task(_PythonDecoratedOperator): print_the_context>, log_sql_query already registered for DAG: example_python_operator
[2025-05-27T18:19:17.772-0400] {logging_mixin.py:137} INFO - [2025-05-27T18:19:17.772-0400] {taskmixin.py:205} WARNING - Dependency <Task(_PythonDecoratedOperator): log_sql_query>, print_the_context already registered for DAG: example_python_operator
[2025-05-27T18:19:17.772-0400] {logging_mixin.py:137} INFO - [2025-05-27T18:19:17.772-0400] {taskmixin.py:205} WARNING - Dependency <Task(_PythonDecoratedOperator): print_the_context>, log_sql_query already registered for DAG: example_python_operator
[2025-05-27T18:19:17.773-0400] {logging_mixin.py:137} INFO - [2025-05-27T18:19:17.773-0400] {taskmixin.py:205} WARNING - Dependency <Task(_PythonDecoratedOperator): log_sql_query>, print_the_context already registered for DAG: example_python_operator
[2025-05-27T18:19:17.773-0400] {logging_mixin.py:137} INFO - [2025-05-27T18:19:17.773-0400] {taskmixin.py:205} WARNING - Dependency <Task(_PythonDecoratedOperator): print_the_context>, log_sql_query already registered for DAG: example_python_operator
[2025-05-27T18:19:17.773-0400] {logging_mixin.py:137} INFO - [2025-05-27T18:19:17.773-0400] {taskmixin.py:205} WARNING - Dependency <Task(_PythonDecoratedOperator): log_sql_query>, print_the_context already registered for DAG: example_python_operator
[2025-05-27T18:19:17.773-0400] {logging_mixin.py:137} INFO - [2025-05-27T18:19:17.773-0400] {example_python_operator.py:90} WARNING - The virtalenv_python example task requires virtualenv, please install it.
[2025-05-27T18:19:17.776-0400] {processor.py:753} INFO - DAG(s) dict_keys(['example_python_operator']) retrieved from /Users/sruthibollu/anaconda3/envs/analytics-prep/lib/python3.9/site-packages/airflow/example_dags/example_python_operator.py
[2025-05-27T18:19:18.167-0400] {logging_mixin.py:137} INFO - [2025-05-27T18:19:18.167-0400] {dag.py:2690} INFO - Sync 1 DAGs
[2025-05-27T18:19:18.175-0400] {logging_mixin.py:137} INFO - [2025-05-27T18:19:18.175-0400] {dag.py:3437} INFO - Setting next_dagrun for example_python_operator to None, run_after=None
[2025-05-27T18:19:18.183-0400] {processor.py:175} INFO - Processing /Users/sruthibollu/anaconda3/envs/analytics-prep/lib/python3.9/site-packages/airflow/example_dags/example_python_operator.py took 0.471 seconds
[2025-05-27T18:31:40.684-0400] {processor.py:153} INFO - Started process (PID=55130) to work on /Users/sruthibollu/anaconda3/envs/analytics-prep/lib/python3.9/site-packages/airflow/example_dags/example_python_operator.py
[2025-05-27T18:31:40.687-0400] {processor.py:743} INFO - Processing file /Users/sruthibollu/anaconda3/envs/analytics-prep/lib/python3.9/site-packages/airflow/example_dags/example_python_operator.py for tasks to queue
[2025-05-27T18:31:40.688-0400] {logging_mixin.py:137} INFO - [2025-05-27T18:31:40.688-0400] {dagbag.py:538} INFO - Filling up the DagBag from /Users/sruthibollu/anaconda3/envs/analytics-prep/lib/python3.9/site-packages/airflow/example_dags/example_python_operator.py
[2025-05-27T18:31:40.720-0400] {logging_mixin.py:137} INFO - [2025-05-27T18:31:40.719-0400] {taskmixin.py:205} WARNING - Dependency <Task(_PythonDecoratedOperator): print_the_context>, log_sql_query already registered for DAG: example_python_operator
[2025-05-27T18:31:40.720-0400] {logging_mixin.py:137} INFO - [2025-05-27T18:31:40.720-0400] {taskmixin.py:205} WARNING - Dependency <Task(_PythonDecoratedOperator): log_sql_query>, print_the_context already registered for DAG: example_python_operator
[2025-05-27T18:31:40.720-0400] {logging_mixin.py:137} INFO - [2025-05-27T18:31:40.720-0400] {taskmixin.py:205} WARNING - Dependency <Task(_PythonDecoratedOperator): print_the_context>, log_sql_query already registered for DAG: example_python_operator
[2025-05-27T18:31:40.720-0400] {logging_mixin.py:137} INFO - [2025-05-27T18:31:40.720-0400] {taskmixin.py:205} WARNING - Dependency <Task(_PythonDecoratedOperator): log_sql_query>, print_the_context already registered for DAG: example_python_operator
[2025-05-27T18:31:40.720-0400] {logging_mixin.py:137} INFO - [2025-05-27T18:31:40.720-0400] {taskmixin.py:205} WARNING - Dependency <Task(_PythonDecoratedOperator): print_the_context>, log_sql_query already registered for DAG: example_python_operator
[2025-05-27T18:31:40.720-0400] {logging_mixin.py:137} INFO - [2025-05-27T18:31:40.720-0400] {taskmixin.py:205} WARNING - Dependency <Task(_PythonDecoratedOperator): log_sql_query>, print_the_context already registered for DAG: example_python_operator
[2025-05-27T18:31:40.720-0400] {logging_mixin.py:137} INFO - [2025-05-27T18:31:40.720-0400] {taskmixin.py:205} WARNING - Dependency <Task(_PythonDecoratedOperator): print_the_context>, log_sql_query already registered for DAG: example_python_operator
[2025-05-27T18:31:40.720-0400] {logging_mixin.py:137} INFO - [2025-05-27T18:31:40.720-0400] {taskmixin.py:205} WARNING - Dependency <Task(_PythonDecoratedOperator): log_sql_query>, print_the_context already registered for DAG: example_python_operator
[2025-05-27T18:31:40.721-0400] {logging_mixin.py:137} INFO - [2025-05-27T18:31:40.721-0400] {example_python_operator.py:90} WARNING - The virtalenv_python example task requires virtualenv, please install it.
[2025-05-27T18:31:40.724-0400] {processor.py:753} INFO - DAG(s) dict_keys(['example_python_operator']) retrieved from /Users/sruthibollu/anaconda3/envs/analytics-prep/lib/python3.9/site-packages/airflow/example_dags/example_python_operator.py
[2025-05-27T18:31:41.069-0400] {logging_mixin.py:137} INFO - [2025-05-27T18:31:41.069-0400] {dag.py:2690} INFO - Sync 1 DAGs
[2025-05-27T18:31:41.077-0400] {logging_mixin.py:137} INFO - [2025-05-27T18:31:41.077-0400] {dag.py:3437} INFO - Setting next_dagrun for example_python_operator to None, run_after=None
[2025-05-27T18:31:41.084-0400] {processor.py:175} INFO - Processing /Users/sruthibollu/anaconda3/envs/analytics-prep/lib/python3.9/site-packages/airflow/example_dags/example_python_operator.py took 0.400 seconds
[2025-05-27T18:40:14.004-0400] {processor.py:153} INFO - Started process (PID=55480) to work on /Users/sruthibollu/anaconda3/envs/analytics-prep/lib/python3.9/site-packages/airflow/example_dags/example_python_operator.py
[2025-05-27T18:40:14.006-0400] {processor.py:743} INFO - Processing file /Users/sruthibollu/anaconda3/envs/analytics-prep/lib/python3.9/site-packages/airflow/example_dags/example_python_operator.py for tasks to queue
[2025-05-27T18:40:14.006-0400] {logging_mixin.py:137} INFO - [2025-05-27T18:40:14.006-0400] {dagbag.py:538} INFO - Filling up the DagBag from /Users/sruthibollu/anaconda3/envs/analytics-prep/lib/python3.9/site-packages/airflow/example_dags/example_python_operator.py
[2025-05-27T18:40:14.042-0400] {logging_mixin.py:137} INFO - [2025-05-27T18:40:14.042-0400] {taskmixin.py:205} WARNING - Dependency <Task(_PythonDecoratedOperator): print_the_context>, log_sql_query already registered for DAG: example_python_operator
[2025-05-27T18:40:14.043-0400] {logging_mixin.py:137} INFO - [2025-05-27T18:40:14.043-0400] {taskmixin.py:205} WARNING - Dependency <Task(_PythonDecoratedOperator): log_sql_query>, print_the_context already registered for DAG: example_python_operator
[2025-05-27T18:40:14.043-0400] {logging_mixin.py:137} INFO - [2025-05-27T18:40:14.043-0400] {taskmixin.py:205} WARNING - Dependency <Task(_PythonDecoratedOperator): print_the_context>, log_sql_query already registered for DAG: example_python_operator
[2025-05-27T18:40:14.043-0400] {logging_mixin.py:137} INFO - [2025-05-27T18:40:14.043-0400] {taskmixin.py:205} WARNING - Dependency <Task(_PythonDecoratedOperator): log_sql_query>, print_the_context already registered for DAG: example_python_operator
[2025-05-27T18:40:14.043-0400] {logging_mixin.py:137} INFO - [2025-05-27T18:40:14.043-0400] {taskmixin.py:205} WARNING - Dependency <Task(_PythonDecoratedOperator): print_the_context>, log_sql_query already registered for DAG: example_python_operator
[2025-05-27T18:40:14.043-0400] {logging_mixin.py:137} INFO - [2025-05-27T18:40:14.043-0400] {taskmixin.py:205} WARNING - Dependency <Task(_PythonDecoratedOperator): log_sql_query>, print_the_context already registered for DAG: example_python_operator
[2025-05-27T18:40:14.043-0400] {logging_mixin.py:137} INFO - [2025-05-27T18:40:14.043-0400] {taskmixin.py:205} WARNING - Dependency <Task(_PythonDecoratedOperator): print_the_context>, log_sql_query already registered for DAG: example_python_operator
[2025-05-27T18:40:14.043-0400] {logging_mixin.py:137} INFO - [2025-05-27T18:40:14.043-0400] {taskmixin.py:205} WARNING - Dependency <Task(_PythonDecoratedOperator): log_sql_query>, print_the_context already registered for DAG: example_python_operator
[2025-05-27T18:40:14.044-0400] {logging_mixin.py:137} INFO - [2025-05-27T18:40:14.043-0400] {example_python_operator.py:90} WARNING - The virtalenv_python example task requires virtualenv, please install it.
[2025-05-27T18:40:14.047-0400] {processor.py:753} INFO - DAG(s) dict_keys(['example_python_operator']) retrieved from /Users/sruthibollu/anaconda3/envs/analytics-prep/lib/python3.9/site-packages/airflow/example_dags/example_python_operator.py
[2025-05-27T18:40:14.388-0400] {logging_mixin.py:137} INFO - [2025-05-27T18:40:14.388-0400] {dag.py:2690} INFO - Sync 1 DAGs
[2025-05-27T18:40:14.394-0400] {logging_mixin.py:137} INFO - [2025-05-27T18:40:14.394-0400] {dag.py:3437} INFO - Setting next_dagrun for example_python_operator to None, run_after=None
[2025-05-27T18:40:14.401-0400] {processor.py:175} INFO - Processing /Users/sruthibollu/anaconda3/envs/analytics-prep/lib/python3.9/site-packages/airflow/example_dags/example_python_operator.py took 0.397 seconds
[2025-05-27T19:05:38.063-0400] {processor.py:153} INFO - Started process (PID=55913) to work on /Users/sruthibollu/anaconda3/envs/analytics-prep/lib/python3.9/site-packages/airflow/example_dags/example_python_operator.py
[2025-05-27T19:05:38.066-0400] {processor.py:743} INFO - Processing file /Users/sruthibollu/anaconda3/envs/analytics-prep/lib/python3.9/site-packages/airflow/example_dags/example_python_operator.py for tasks to queue
[2025-05-27T19:05:38.066-0400] {logging_mixin.py:137} INFO - [2025-05-27T19:05:38.066-0400] {dagbag.py:538} INFO - Filling up the DagBag from /Users/sruthibollu/anaconda3/envs/analytics-prep/lib/python3.9/site-packages/airflow/example_dags/example_python_operator.py
[2025-05-27T19:05:38.096-0400] {logging_mixin.py:137} INFO - [2025-05-27T19:05:38.096-0400] {taskmixin.py:205} WARNING - Dependency <Task(_PythonDecoratedOperator): print_the_context>, log_sql_query already registered for DAG: example_python_operator
[2025-05-27T19:05:38.096-0400] {logging_mixin.py:137} INFO - [2025-05-27T19:05:38.096-0400] {taskmixin.py:205} WARNING - Dependency <Task(_PythonDecoratedOperator): log_sql_query>, print_the_context already registered for DAG: example_python_operator
[2025-05-27T19:05:38.096-0400] {logging_mixin.py:137} INFO - [2025-05-27T19:05:38.096-0400] {taskmixin.py:205} WARNING - Dependency <Task(_PythonDecoratedOperator): print_the_context>, log_sql_query already registered for DAG: example_python_operator
[2025-05-27T19:05:38.096-0400] {logging_mixin.py:137} INFO - [2025-05-27T19:05:38.096-0400] {taskmixin.py:205} WARNING - Dependency <Task(_PythonDecoratedOperator): log_sql_query>, print_the_context already registered for DAG: example_python_operator
[2025-05-27T19:05:38.096-0400] {logging_mixin.py:137} INFO - [2025-05-27T19:05:38.096-0400] {taskmixin.py:205} WARNING - Dependency <Task(_PythonDecoratedOperator): print_the_context>, log_sql_query already registered for DAG: example_python_operator
[2025-05-27T19:05:38.096-0400] {logging_mixin.py:137} INFO - [2025-05-27T19:05:38.096-0400] {taskmixin.py:205} WARNING - Dependency <Task(_PythonDecoratedOperator): log_sql_query>, print_the_context already registered for DAG: example_python_operator
[2025-05-27T19:05:38.096-0400] {logging_mixin.py:137} INFO - [2025-05-27T19:05:38.096-0400] {taskmixin.py:205} WARNING - Dependency <Task(_PythonDecoratedOperator): print_the_context>, log_sql_query already registered for DAG: example_python_operator
[2025-05-27T19:05:38.096-0400] {logging_mixin.py:137} INFO - [2025-05-27T19:05:38.096-0400] {taskmixin.py:205} WARNING - Dependency <Task(_PythonDecoratedOperator): log_sql_query>, print_the_context already registered for DAG: example_python_operator
[2025-05-27T19:05:38.097-0400] {logging_mixin.py:137} INFO - [2025-05-27T19:05:38.097-0400] {example_python_operator.py:90} WARNING - The virtalenv_python example task requires virtualenv, please install it.
[2025-05-27T19:05:38.099-0400] {processor.py:753} INFO - DAG(s) dict_keys(['example_python_operator']) retrieved from /Users/sruthibollu/anaconda3/envs/analytics-prep/lib/python3.9/site-packages/airflow/example_dags/example_python_operator.py
[2025-05-27T19:05:38.439-0400] {logging_mixin.py:137} INFO - [2025-05-27T19:05:38.439-0400] {dag.py:2690} INFO - Sync 1 DAGs
[2025-05-27T19:05:38.444-0400] {logging_mixin.py:137} INFO - [2025-05-27T19:05:38.444-0400] {dag.py:3437} INFO - Setting next_dagrun for example_python_operator to None, run_after=None
[2025-05-27T19:05:38.450-0400] {processor.py:175} INFO - Processing /Users/sruthibollu/anaconda3/envs/analytics-prep/lib/python3.9/site-packages/airflow/example_dags/example_python_operator.py took 0.387 seconds
[2025-05-27T19:37:07.119-0400] {processor.py:153} INFO - Started process (PID=56301) to work on /Users/sruthibollu/anaconda3/envs/analytics-prep/lib/python3.9/site-packages/airflow/example_dags/example_python_operator.py
[2025-05-27T19:37:07.121-0400] {processor.py:743} INFO - Processing file /Users/sruthibollu/anaconda3/envs/analytics-prep/lib/python3.9/site-packages/airflow/example_dags/example_python_operator.py for tasks to queue
[2025-05-27T19:37:07.121-0400] {logging_mixin.py:137} INFO - [2025-05-27T19:37:07.121-0400] {dagbag.py:538} INFO - Filling up the DagBag from /Users/sruthibollu/anaconda3/envs/analytics-prep/lib/python3.9/site-packages/airflow/example_dags/example_python_operator.py
[2025-05-27T19:37:07.151-0400] {logging_mixin.py:137} INFO - [2025-05-27T19:37:07.151-0400] {taskmixin.py:205} WARNING - Dependency <Task(_PythonDecoratedOperator): print_the_context>, log_sql_query already registered for DAG: example_python_operator
[2025-05-27T19:37:07.151-0400] {logging_mixin.py:137} INFO - [2025-05-27T19:37:07.151-0400] {taskmixin.py:205} WARNING - Dependency <Task(_PythonDecoratedOperator): log_sql_query>, print_the_context already registered for DAG: example_python_operator
[2025-05-27T19:37:07.151-0400] {logging_mixin.py:137} INFO - [2025-05-27T19:37:07.151-0400] {taskmixin.py:205} WARNING - Dependency <Task(_PythonDecoratedOperator): print_the_context>, log_sql_query already registered for DAG: example_python_operator
[2025-05-27T19:37:07.151-0400] {logging_mixin.py:137} INFO - [2025-05-27T19:37:07.151-0400] {taskmixin.py:205} WARNING - Dependency <Task(_PythonDecoratedOperator): log_sql_query>, print_the_context already registered for DAG: example_python_operator
[2025-05-27T19:37:07.151-0400] {logging_mixin.py:137} INFO - [2025-05-27T19:37:07.151-0400] {taskmixin.py:205} WARNING - Dependency <Task(_PythonDecoratedOperator): print_the_context>, log_sql_query already registered for DAG: example_python_operator
[2025-05-27T19:37:07.151-0400] {logging_mixin.py:137} INFO - [2025-05-27T19:37:07.151-0400] {taskmixin.py:205} WARNING - Dependency <Task(_PythonDecoratedOperator): log_sql_query>, print_the_context already registered for DAG: example_python_operator
[2025-05-27T19:37:07.151-0400] {logging_mixin.py:137} INFO - [2025-05-27T19:37:07.151-0400] {taskmixin.py:205} WARNING - Dependency <Task(_PythonDecoratedOperator): print_the_context>, log_sql_query already registered for DAG: example_python_operator
[2025-05-27T19:37:07.152-0400] {logging_mixin.py:137} INFO - [2025-05-27T19:37:07.151-0400] {taskmixin.py:205} WARNING - Dependency <Task(_PythonDecoratedOperator): log_sql_query>, print_the_context already registered for DAG: example_python_operator
[2025-05-27T19:37:07.152-0400] {logging_mixin.py:137} INFO - [2025-05-27T19:37:07.152-0400] {example_python_operator.py:90} WARNING - The virtalenv_python example task requires virtualenv, please install it.
[2025-05-27T19:37:07.154-0400] {processor.py:753} INFO - DAG(s) dict_keys(['example_python_operator']) retrieved from /Users/sruthibollu/anaconda3/envs/analytics-prep/lib/python3.9/site-packages/airflow/example_dags/example_python_operator.py
[2025-05-27T19:37:07.494-0400] {logging_mixin.py:137} INFO - [2025-05-27T19:37:07.494-0400] {dag.py:2690} INFO - Sync 1 DAGs
[2025-05-27T19:37:07.500-0400] {logging_mixin.py:137} INFO - [2025-05-27T19:37:07.500-0400] {dag.py:3437} INFO - Setting next_dagrun for example_python_operator to None, run_after=None
[2025-05-27T19:37:07.506-0400] {processor.py:175} INFO - Processing /Users/sruthibollu/anaconda3/envs/analytics-prep/lib/python3.9/site-packages/airflow/example_dags/example_python_operator.py took 0.387 seconds
[2025-05-27T19:55:59.280-0400] {processor.py:153} INFO - Started process (PID=56749) to work on /Users/sruthibollu/anaconda3/envs/analytics-prep/lib/python3.9/site-packages/airflow/example_dags/example_python_operator.py
[2025-05-27T19:55:59.282-0400] {processor.py:743} INFO - Processing file /Users/sruthibollu/anaconda3/envs/analytics-prep/lib/python3.9/site-packages/airflow/example_dags/example_python_operator.py for tasks to queue
[2025-05-27T19:55:59.282-0400] {logging_mixin.py:137} INFO - [2025-05-27T19:55:59.282-0400] {dagbag.py:538} INFO - Filling up the DagBag from /Users/sruthibollu/anaconda3/envs/analytics-prep/lib/python3.9/site-packages/airflow/example_dags/example_python_operator.py
[2025-05-27T19:55:59.314-0400] {logging_mixin.py:137} INFO - [2025-05-27T19:55:59.314-0400] {taskmixin.py:205} WARNING - Dependency <Task(_PythonDecoratedOperator): print_the_context>, log_sql_query already registered for DAG: example_python_operator
[2025-05-27T19:55:59.314-0400] {logging_mixin.py:137} INFO - [2025-05-27T19:55:59.314-0400] {taskmixin.py:205} WARNING - Dependency <Task(_PythonDecoratedOperator): log_sql_query>, print_the_context already registered for DAG: example_python_operator
[2025-05-27T19:55:59.314-0400] {logging_mixin.py:137} INFO - [2025-05-27T19:55:59.314-0400] {taskmixin.py:205} WARNING - Dependency <Task(_PythonDecoratedOperator): print_the_context>, log_sql_query already registered for DAG: example_python_operator
[2025-05-27T19:55:59.314-0400] {logging_mixin.py:137} INFO - [2025-05-27T19:55:59.314-0400] {taskmixin.py:205} WARNING - Dependency <Task(_PythonDecoratedOperator): log_sql_query>, print_the_context already registered for DAG: example_python_operator
[2025-05-27T19:55:59.315-0400] {logging_mixin.py:137} INFO - [2025-05-27T19:55:59.315-0400] {taskmixin.py:205} WARNING - Dependency <Task(_PythonDecoratedOperator): print_the_context>, log_sql_query already registered for DAG: example_python_operator
[2025-05-27T19:55:59.315-0400] {logging_mixin.py:137} INFO - [2025-05-27T19:55:59.315-0400] {taskmixin.py:205} WARNING - Dependency <Task(_PythonDecoratedOperator): log_sql_query>, print_the_context already registered for DAG: example_python_operator
[2025-05-27T19:55:59.315-0400] {logging_mixin.py:137} INFO - [2025-05-27T19:55:59.315-0400] {taskmixin.py:205} WARNING - Dependency <Task(_PythonDecoratedOperator): print_the_context>, log_sql_query already registered for DAG: example_python_operator
[2025-05-27T19:55:59.315-0400] {logging_mixin.py:137} INFO - [2025-05-27T19:55:59.315-0400] {taskmixin.py:205} WARNING - Dependency <Task(_PythonDecoratedOperator): log_sql_query>, print_the_context already registered for DAG: example_python_operator
[2025-05-27T19:55:59.315-0400] {logging_mixin.py:137} INFO - [2025-05-27T19:55:59.315-0400] {example_python_operator.py:90} WARNING - The virtalenv_python example task requires virtualenv, please install it.
[2025-05-27T19:55:59.318-0400] {processor.py:753} INFO - DAG(s) dict_keys(['example_python_operator']) retrieved from /Users/sruthibollu/anaconda3/envs/analytics-prep/lib/python3.9/site-packages/airflow/example_dags/example_python_operator.py
[2025-05-27T19:55:59.676-0400] {logging_mixin.py:137} INFO - [2025-05-27T19:55:59.676-0400] {dag.py:2690} INFO - Sync 1 DAGs
[2025-05-27T19:55:59.683-0400] {logging_mixin.py:137} INFO - [2025-05-27T19:55:59.683-0400] {dag.py:3437} INFO - Setting next_dagrun for example_python_operator to None, run_after=None
[2025-05-27T19:55:59.690-0400] {processor.py:175} INFO - Processing /Users/sruthibollu/anaconda3/envs/analytics-prep/lib/python3.9/site-packages/airflow/example_dags/example_python_operator.py took 0.410 seconds
