[2025-05-27T16:48:13.981-0400] {processor.py:153} INFO - Started process (PID=50104) to work on /Users/sruthibollu/anaconda3/envs/analytics-prep/lib/python3.9/site-packages/airflow/example_dags/example_nested_branch_dag.py
[2025-05-27T16:48:13.983-0400] {processor.py:743} INFO - Processing file /Users/sruthibollu/anaconda3/envs/analytics-prep/lib/python3.9/site-packages/airflow/example_dags/example_nested_branch_dag.py for tasks to queue
[2025-05-27T16:48:13.983-0400] {logging_mixin.py:137} INFO - [2025-05-27T16:48:13.983-0400] {dagbag.py:538} INFO - Filling up the DagBag from /Users/sruthibollu/anaconda3/envs/analytics-prep/lib/python3.9/site-packages/airflow/example_dags/example_nested_branch_dag.py
[2025-05-27T16:48:14.015-0400] {processor.py:753} INFO - DAG(s) dict_keys(['example_nested_branch_dag']) retrieved from /Users/sruthibollu/anaconda3/envs/analytics-prep/lib/python3.9/site-packages/airflow/example_dags/example_nested_branch_dag.py
[2025-05-27T16:48:14.352-0400] {logging_mixin.py:137} INFO - [2025-05-27T16:48:14.352-0400] {dag.py:2690} INFO - Sync 1 DAGs
[2025-05-27T16:48:14.358-0400] {logging_mixin.py:137} INFO - [2025-05-27T16:48:14.358-0400] {dag.py:3437} INFO - Setting next_dagrun for example_nested_branch_dag to 2025-05-26T00:00:00+00:00, run_after=2025-05-27T00:00:00+00:00
[2025-05-27T16:48:14.364-0400] {processor.py:175} INFO - Processing /Users/sruthibollu/anaconda3/envs/analytics-prep/lib/python3.9/site-packages/airflow/example_dags/example_nested_branch_dag.py took 0.384 seconds
[2025-05-27T16:49:27.343-0400] {processor.py:153} INFO - Started process (PID=51319) to work on /Users/sruthibollu/anaconda3/envs/analytics-prep/lib/python3.9/site-packages/airflow/example_dags/example_nested_branch_dag.py
[2025-05-27T16:49:27.345-0400] {processor.py:743} INFO - Processing file /Users/sruthibollu/anaconda3/envs/analytics-prep/lib/python3.9/site-packages/airflow/example_dags/example_nested_branch_dag.py for tasks to queue
[2025-05-27T16:49:27.346-0400] {logging_mixin.py:137} INFO - [2025-05-27T16:49:27.346-0400] {dagbag.py:538} INFO - Filling up the DagBag from /Users/sruthibollu/anaconda3/envs/analytics-prep/lib/python3.9/site-packages/airflow/example_dags/example_nested_branch_dag.py
[2025-05-27T16:49:27.386-0400] {processor.py:753} INFO - DAG(s) dict_keys(['example_nested_branch_dag']) retrieved from /Users/sruthibollu/anaconda3/envs/analytics-prep/lib/python3.9/site-packages/airflow/example_dags/example_nested_branch_dag.py
[2025-05-27T16:49:27.777-0400] {logging_mixin.py:137} INFO - [2025-05-27T16:49:27.776-0400] {dag.py:2690} INFO - Sync 1 DAGs
[2025-05-27T16:49:27.784-0400] {logging_mixin.py:137} INFO - [2025-05-27T16:49:27.784-0400] {dag.py:3437} INFO - Setting next_dagrun for example_nested_branch_dag to 2025-05-26T00:00:00+00:00, run_after=2025-05-27T00:00:00+00:00
[2025-05-27T16:49:27.791-0400] {processor.py:175} INFO - Processing /Users/sruthibollu/anaconda3/envs/analytics-prep/lib/python3.9/site-packages/airflow/example_dags/example_nested_branch_dag.py took 0.449 seconds
[2025-05-27T16:50:50.287-0400] {processor.py:153} INFO - Started process (PID=52217) to work on /Users/sruthibollu/anaconda3/envs/analytics-prep/lib/python3.9/site-packages/airflow/example_dags/example_nested_branch_dag.py
[2025-05-27T16:50:50.290-0400] {processor.py:743} INFO - Processing file /Users/sruthibollu/anaconda3/envs/analytics-prep/lib/python3.9/site-packages/airflow/example_dags/example_nested_branch_dag.py for tasks to queue
[2025-05-27T16:50:50.290-0400] {logging_mixin.py:137} INFO - [2025-05-27T16:50:50.290-0400] {dagbag.py:538} INFO - Filling up the DagBag from /Users/sruthibollu/anaconda3/envs/analytics-prep/lib/python3.9/site-packages/airflow/example_dags/example_nested_branch_dag.py
[2025-05-27T16:50:50.323-0400] {processor.py:753} INFO - DAG(s) dict_keys(['example_nested_branch_dag']) retrieved from /Users/sruthibollu/anaconda3/envs/analytics-prep/lib/python3.9/site-packages/airflow/example_dags/example_nested_branch_dag.py
[2025-05-27T16:50:50.719-0400] {logging_mixin.py:137} INFO - [2025-05-27T16:50:50.719-0400] {dag.py:2690} INFO - Sync 1 DAGs
[2025-05-27T16:50:50.728-0400] {logging_mixin.py:137} INFO - [2025-05-27T16:50:50.728-0400] {dag.py:3437} INFO - Setting next_dagrun for example_nested_branch_dag to 2025-05-26T00:00:00+00:00, run_after=2025-05-27T00:00:00+00:00
[2025-05-27T16:50:50.735-0400] {processor.py:175} INFO - Processing /Users/sruthibollu/anaconda3/envs/analytics-prep/lib/python3.9/site-packages/airflow/example_dags/example_nested_branch_dag.py took 0.448 seconds
[2025-05-27T16:52:19.786-0400] {processor.py:153} INFO - Started process (PID=52736) to work on /Users/sruthibollu/anaconda3/envs/analytics-prep/lib/python3.9/site-packages/airflow/example_dags/example_nested_branch_dag.py
[2025-05-27T16:52:19.789-0400] {processor.py:743} INFO - Processing file /Users/sruthibollu/anaconda3/envs/analytics-prep/lib/python3.9/site-packages/airflow/example_dags/example_nested_branch_dag.py for tasks to queue
[2025-05-27T16:52:19.789-0400] {logging_mixin.py:137} INFO - [2025-05-27T16:52:19.789-0400] {dagbag.py:538} INFO - Filling up the DagBag from /Users/sruthibollu/anaconda3/envs/analytics-prep/lib/python3.9/site-packages/airflow/example_dags/example_nested_branch_dag.py
[2025-05-27T16:52:19.824-0400] {processor.py:753} INFO - DAG(s) dict_keys(['example_nested_branch_dag']) retrieved from /Users/sruthibollu/anaconda3/envs/analytics-prep/lib/python3.9/site-packages/airflow/example_dags/example_nested_branch_dag.py
[2025-05-27T16:52:20.193-0400] {logging_mixin.py:137} INFO - [2025-05-27T16:52:20.193-0400] {dag.py:2690} INFO - Sync 1 DAGs
[2025-05-27T16:52:20.201-0400] {logging_mixin.py:137} INFO - [2025-05-27T16:52:20.201-0400] {dag.py:3437} INFO - Setting next_dagrun for example_nested_branch_dag to 2025-05-26T00:00:00+00:00, run_after=2025-05-27T00:00:00+00:00
[2025-05-27T16:52:20.208-0400] {processor.py:175} INFO - Processing /Users/sruthibollu/anaconda3/envs/analytics-prep/lib/python3.9/site-packages/airflow/example_dags/example_nested_branch_dag.py took 0.422 seconds
[2025-05-27T16:53:38.005-0400] {processor.py:153} INFO - Started process (PID=53198) to work on /Users/sruthibollu/anaconda3/envs/analytics-prep/lib/python3.9/site-packages/airflow/example_dags/example_nested_branch_dag.py
[2025-05-27T16:53:38.007-0400] {processor.py:743} INFO - Processing file /Users/sruthibollu/anaconda3/envs/analytics-prep/lib/python3.9/site-packages/airflow/example_dags/example_nested_branch_dag.py for tasks to queue
[2025-05-27T16:53:38.008-0400] {logging_mixin.py:137} INFO - [2025-05-27T16:53:38.008-0400] {dagbag.py:538} INFO - Filling up the DagBag from /Users/sruthibollu/anaconda3/envs/analytics-prep/lib/python3.9/site-packages/airflow/example_dags/example_nested_branch_dag.py
[2025-05-27T16:53:38.042-0400] {processor.py:753} INFO - DAG(s) dict_keys(['example_nested_branch_dag']) retrieved from /Users/sruthibollu/anaconda3/envs/analytics-prep/lib/python3.9/site-packages/airflow/example_dags/example_nested_branch_dag.py
[2025-05-27T16:53:38.379-0400] {logging_mixin.py:137} INFO - [2025-05-27T16:53:38.378-0400] {dag.py:2690} INFO - Sync 1 DAGs
[2025-05-27T16:53:38.385-0400] {logging_mixin.py:137} INFO - [2025-05-27T16:53:38.385-0400] {dag.py:3437} INFO - Setting next_dagrun for example_nested_branch_dag to 2025-05-26T00:00:00+00:00, run_after=2025-05-27T00:00:00+00:00
[2025-05-27T16:53:38.392-0400] {processor.py:175} INFO - Processing /Users/sruthibollu/anaconda3/envs/analytics-prep/lib/python3.9/site-packages/airflow/example_dags/example_nested_branch_dag.py took 0.387 seconds
[2025-05-27T17:49:00.661-0400] {processor.py:153} INFO - Started process (PID=53876) to work on /Users/sruthibollu/anaconda3/envs/analytics-prep/lib/python3.9/site-packages/airflow/example_dags/example_nested_branch_dag.py
[2025-05-27T17:49:00.664-0400] {processor.py:743} INFO - Processing file /Users/sruthibollu/anaconda3/envs/analytics-prep/lib/python3.9/site-packages/airflow/example_dags/example_nested_branch_dag.py for tasks to queue
[2025-05-27T17:49:00.664-0400] {logging_mixin.py:137} INFO - [2025-05-27T17:49:00.664-0400] {dagbag.py:538} INFO - Filling up the DagBag from /Users/sruthibollu/anaconda3/envs/analytics-prep/lib/python3.9/site-packages/airflow/example_dags/example_nested_branch_dag.py
[2025-05-27T17:49:00.721-0400] {processor.py:753} INFO - DAG(s) dict_keys(['example_nested_branch_dag']) retrieved from /Users/sruthibollu/anaconda3/envs/analytics-prep/lib/python3.9/site-packages/airflow/example_dags/example_nested_branch_dag.py
[2025-05-27T17:49:01.222-0400] {logging_mixin.py:137} INFO - [2025-05-27T17:49:01.221-0400] {dag.py:2690} INFO - Sync 1 DAGs
[2025-05-27T17:49:01.232-0400] {logging_mixin.py:137} INFO - [2025-05-27T17:49:01.232-0400] {dag.py:3437} INFO - Setting next_dagrun for example_nested_branch_dag to 2025-05-26T00:00:00+00:00, run_after=2025-05-27T00:00:00+00:00
[2025-05-27T17:49:01.240-0400] {processor.py:175} INFO - Processing /Users/sruthibollu/anaconda3/envs/analytics-prep/lib/python3.9/site-packages/airflow/example_dags/example_nested_branch_dag.py took 0.580 seconds
[2025-05-27T18:30:46.018-0400] {processor.py:153} INFO - Started process (PID=54845) to work on /Users/sruthibollu/anaconda3/envs/analytics-prep/lib/python3.9/site-packages/airflow/example_dags/example_nested_branch_dag.py
[2025-05-27T18:30:46.021-0400] {processor.py:743} INFO - Processing file /Users/sruthibollu/anaconda3/envs/analytics-prep/lib/python3.9/site-packages/airflow/example_dags/example_nested_branch_dag.py for tasks to queue
[2025-05-27T18:30:46.021-0400] {logging_mixin.py:137} INFO - [2025-05-27T18:30:46.021-0400] {dagbag.py:538} INFO - Filling up the DagBag from /Users/sruthibollu/anaconda3/envs/analytics-prep/lib/python3.9/site-packages/airflow/example_dags/example_nested_branch_dag.py
[2025-05-27T18:30:46.064-0400] {processor.py:753} INFO - DAG(s) dict_keys(['example_nested_branch_dag']) retrieved from /Users/sruthibollu/anaconda3/envs/analytics-prep/lib/python3.9/site-packages/airflow/example_dags/example_nested_branch_dag.py
[2025-05-27T18:30:46.423-0400] {logging_mixin.py:137} INFO - [2025-05-27T18:30:46.423-0400] {dag.py:2690} INFO - Sync 1 DAGs
[2025-05-27T18:30:46.430-0400] {logging_mixin.py:137} INFO - [2025-05-27T18:30:46.430-0400] {dag.py:3437} INFO - Setting next_dagrun for example_nested_branch_dag to 2025-05-26T00:00:00+00:00, run_after=2025-05-27T00:00:00+00:00
[2025-05-27T18:30:46.440-0400] {processor.py:175} INFO - Processing /Users/sruthibollu/anaconda3/envs/analytics-prep/lib/python3.9/site-packages/airflow/example_dags/example_nested_branch_dag.py took 0.422 seconds
[2025-05-27T18:40:17.037-0400] {processor.py:153} INFO - Started process (PID=55496) to work on /Users/sruthibollu/anaconda3/envs/analytics-prep/lib/python3.9/site-packages/airflow/example_dags/example_nested_branch_dag.py
[2025-05-27T18:40:17.039-0400] {processor.py:743} INFO - Processing file /Users/sruthibollu/anaconda3/envs/analytics-prep/lib/python3.9/site-packages/airflow/example_dags/example_nested_branch_dag.py for tasks to queue
[2025-05-27T18:40:17.039-0400] {logging_mixin.py:137} INFO - [2025-05-27T18:40:17.039-0400] {dagbag.py:538} INFO - Filling up the DagBag from /Users/sruthibollu/anaconda3/envs/analytics-prep/lib/python3.9/site-packages/airflow/example_dags/example_nested_branch_dag.py
[2025-05-27T18:40:17.071-0400] {processor.py:753} INFO - DAG(s) dict_keys(['example_nested_branch_dag']) retrieved from /Users/sruthibollu/anaconda3/envs/analytics-prep/lib/python3.9/site-packages/airflow/example_dags/example_nested_branch_dag.py
[2025-05-27T18:40:17.489-0400] {logging_mixin.py:137} INFO - [2025-05-27T18:40:17.489-0400] {dag.py:2690} INFO - Sync 1 DAGs
[2025-05-27T18:40:17.498-0400] {logging_mixin.py:137} INFO - [2025-05-27T18:40:17.498-0400] {dag.py:3437} INFO - Setting next_dagrun for example_nested_branch_dag to 2025-05-26T00:00:00+00:00, run_after=2025-05-27T00:00:00+00:00
[2025-05-27T18:40:17.505-0400] {processor.py:175} INFO - Processing /Users/sruthibollu/anaconda3/envs/analytics-prep/lib/python3.9/site-packages/airflow/example_dags/example_nested_branch_dag.py took 0.468 seconds
[2025-05-27T19:05:41.807-0400] {processor.py:153} INFO - Started process (PID=55937) to work on /Users/sruthibollu/anaconda3/envs/analytics-prep/lib/python3.9/site-packages/airflow/example_dags/example_nested_branch_dag.py
[2025-05-27T19:05:41.809-0400] {processor.py:743} INFO - Processing file /Users/sruthibollu/anaconda3/envs/analytics-prep/lib/python3.9/site-packages/airflow/example_dags/example_nested_branch_dag.py for tasks to queue
[2025-05-27T19:05:41.810-0400] {logging_mixin.py:137} INFO - [2025-05-27T19:05:41.809-0400] {dagbag.py:538} INFO - Filling up the DagBag from /Users/sruthibollu/anaconda3/envs/analytics-prep/lib/python3.9/site-packages/airflow/example_dags/example_nested_branch_dag.py
[2025-05-27T19:05:41.848-0400] {processor.py:753} INFO - DAG(s) dict_keys(['example_nested_branch_dag']) retrieved from /Users/sruthibollu/anaconda3/envs/analytics-prep/lib/python3.9/site-packages/airflow/example_dags/example_nested_branch_dag.py
[2025-05-27T19:05:42.288-0400] {logging_mixin.py:137} INFO - [2025-05-27T19:05:42.288-0400] {dag.py:2690} INFO - Sync 1 DAGs
[2025-05-27T19:05:42.296-0400] {logging_mixin.py:137} INFO - [2025-05-27T19:05:42.296-0400] {dag.py:3437} INFO - Setting next_dagrun for example_nested_branch_dag to 2025-05-26T00:00:00+00:00, run_after=2025-05-27T00:00:00+00:00
[2025-05-27T19:05:42.303-0400] {processor.py:175} INFO - Processing /Users/sruthibollu/anaconda3/envs/analytics-prep/lib/python3.9/site-packages/airflow/example_dags/example_nested_branch_dag.py took 0.496 seconds
[2025-05-27T19:37:19.845-0400] {processor.py:153} INFO - Started process (PID=56323) to work on /Users/sruthibollu/anaconda3/envs/analytics-prep/lib/python3.9/site-packages/airflow/example_dags/example_nested_branch_dag.py
[2025-05-27T19:37:19.858-0400] {processor.py:743} INFO - Processing file /Users/sruthibollu/anaconda3/envs/analytics-prep/lib/python3.9/site-packages/airflow/example_dags/example_nested_branch_dag.py for tasks to queue
[2025-05-27T19:37:19.859-0400] {logging_mixin.py:137} INFO - [2025-05-27T19:37:19.859-0400] {dagbag.py:538} INFO - Filling up the DagBag from /Users/sruthibollu/anaconda3/envs/analytics-prep/lib/python3.9/site-packages/airflow/example_dags/example_nested_branch_dag.py
[2025-05-27T19:37:19.949-0400] {processor.py:753} INFO - DAG(s) dict_keys(['example_nested_branch_dag']) retrieved from /Users/sruthibollu/anaconda3/envs/analytics-prep/lib/python3.9/site-packages/airflow/example_dags/example_nested_branch_dag.py
[2025-05-27T19:37:20.340-0400] {logging_mixin.py:137} INFO - [2025-05-27T19:37:20.340-0400] {dag.py:2690} INFO - Sync 1 DAGs
[2025-05-27T19:37:20.351-0400] {logging_mixin.py:137} INFO - [2025-05-27T19:37:20.351-0400] {dag.py:3437} INFO - Setting next_dagrun for example_nested_branch_dag to 2025-05-26T00:00:00+00:00, run_after=2025-05-27T00:00:00+00:00
[2025-05-27T19:37:20.358-0400] {processor.py:175} INFO - Processing /Users/sruthibollu/anaconda3/envs/analytics-prep/lib/python3.9/site-packages/airflow/example_dags/example_nested_branch_dag.py took 0.522 seconds
[2025-05-27T19:56:02.269-0400] {processor.py:153} INFO - Started process (PID=56762) to work on /Users/sruthibollu/anaconda3/envs/analytics-prep/lib/python3.9/site-packages/airflow/example_dags/example_nested_branch_dag.py
[2025-05-27T19:56:02.271-0400] {processor.py:743} INFO - Processing file /Users/sruthibollu/anaconda3/envs/analytics-prep/lib/python3.9/site-packages/airflow/example_dags/example_nested_branch_dag.py for tasks to queue
[2025-05-27T19:56:02.272-0400] {logging_mixin.py:137} INFO - [2025-05-27T19:56:02.271-0400] {dagbag.py:538} INFO - Filling up the DagBag from /Users/sruthibollu/anaconda3/envs/analytics-prep/lib/python3.9/site-packages/airflow/example_dags/example_nested_branch_dag.py
[2025-05-27T19:56:02.312-0400] {processor.py:753} INFO - DAG(s) dict_keys(['example_nested_branch_dag']) retrieved from /Users/sruthibollu/anaconda3/envs/analytics-prep/lib/python3.9/site-packages/airflow/example_dags/example_nested_branch_dag.py
[2025-05-27T19:56:02.642-0400] {logging_mixin.py:137} INFO - [2025-05-27T19:56:02.642-0400] {dag.py:2690} INFO - Sync 1 DAGs
[2025-05-27T19:56:02.649-0400] {logging_mixin.py:137} INFO - [2025-05-27T19:56:02.649-0400] {dag.py:3437} INFO - Setting next_dagrun for example_nested_branch_dag to 2025-05-26T00:00:00+00:00, run_after=2025-05-27T00:00:00+00:00
[2025-05-27T19:56:02.656-0400] {processor.py:175} INFO - Processing /Users/sruthibollu/anaconda3/envs/analytics-prep/lib/python3.9/site-packages/airflow/example_dags/example_nested_branch_dag.py took 0.387 seconds
