[2025-05-27T16:48:43.009-0400] {processor.py:153} INFO - Started process (PID=50919) to work on /Users/sruthibollu/anaconda3/envs/analytics-prep/lib/python3.9/site-packages/airflow/example_dags/example_bash_operator.py
[2025-05-27T16:48:43.012-0400] {processor.py:743} INFO - Processing file /Users/sruthibollu/anaconda3/envs/analytics-prep/lib/python3.9/site-packages/airflow/example_dags/example_bash_operator.py for tasks to queue
[2025-05-27T16:48:43.012-0400] {logging_mixin.py:137} INFO - [2025-05-27T16:48:43.012-0400] {dagbag.py:538} INFO - Filling up the DagBag from /Users/sruthibollu/anaconda3/envs/analytics-prep/lib/python3.9/site-packages/airflow/example_dags/example_bash_operator.py
[2025-05-27T16:48:43.070-0400] {processor.py:753} INFO - DAG(s) dict_keys(['example_bash_operator']) retrieved from /Users/sruthibollu/anaconda3/envs/analytics-prep/lib/python3.9/site-packages/airflow/example_dags/example_bash_operator.py
[2025-05-27T16:48:43.386-0400] {logging_mixin.py:137} INFO - [2025-05-27T16:48:43.385-0400] {dag.py:2690} INFO - Sync 1 DAGs
[2025-05-27T16:48:43.392-0400] {logging_mixin.py:137} INFO - [2025-05-27T16:48:43.392-0400] {dag.py:3437} INFO - Setting next_dagrun for example_bash_operator to 2025-05-26T00:00:00+00:00, run_after=2025-05-27T00:00:00+00:00
[2025-05-27T16:48:43.398-0400] {processor.py:175} INFO - Processing /Users/sruthibollu/anaconda3/envs/analytics-prep/lib/python3.9/site-packages/airflow/example_dags/example_bash_operator.py took 0.390 seconds
[2025-05-27T16:50:11.364-0400] {processor.py:153} INFO - Started process (PID=51982) to work on /Users/sruthibollu/anaconda3/envs/analytics-prep/lib/python3.9/site-packages/airflow/example_dags/example_bash_operator.py
[2025-05-27T16:50:11.366-0400] {processor.py:743} INFO - Processing file /Users/sruthibollu/anaconda3/envs/analytics-prep/lib/python3.9/site-packages/airflow/example_dags/example_bash_operator.py for tasks to queue
[2025-05-27T16:50:11.366-0400] {logging_mixin.py:137} INFO - [2025-05-27T16:50:11.366-0400] {dagbag.py:538} INFO - Filling up the DagBag from /Users/sruthibollu/anaconda3/envs/analytics-prep/lib/python3.9/site-packages/airflow/example_dags/example_bash_operator.py
[2025-05-27T16:50:11.424-0400] {processor.py:753} INFO - DAG(s) dict_keys(['example_bash_operator']) retrieved from /Users/sruthibollu/anaconda3/envs/analytics-prep/lib/python3.9/site-packages/airflow/example_dags/example_bash_operator.py
[2025-05-27T16:50:11.741-0400] {logging_mixin.py:137} INFO - [2025-05-27T16:50:11.741-0400] {dag.py:2690} INFO - Sync 1 DAGs
[2025-05-27T16:50:11.748-0400] {logging_mixin.py:137} INFO - [2025-05-27T16:50:11.748-0400] {dag.py:3437} INFO - Setting next_dagrun for example_bash_operator to 2025-05-26T00:00:00+00:00, run_after=2025-05-27T00:00:00+00:00
[2025-05-27T16:50:11.754-0400] {processor.py:175} INFO - Processing /Users/sruthibollu/anaconda3/envs/analytics-prep/lib/python3.9/site-packages/airflow/example_dags/example_bash_operator.py took 0.391 seconds
[2025-05-27T16:51:38.139-0400] {processor.py:153} INFO - Started process (PID=52484) to work on /Users/sruthibollu/anaconda3/envs/analytics-prep/lib/python3.9/site-packages/airflow/example_dags/example_bash_operator.py
[2025-05-27T16:51:38.141-0400] {processor.py:743} INFO - Processing file /Users/sruthibollu/anaconda3/envs/analytics-prep/lib/python3.9/site-packages/airflow/example_dags/example_bash_operator.py for tasks to queue
[2025-05-27T16:51:38.141-0400] {logging_mixin.py:137} INFO - [2025-05-27T16:51:38.141-0400] {dagbag.py:538} INFO - Filling up the DagBag from /Users/sruthibollu/anaconda3/envs/analytics-prep/lib/python3.9/site-packages/airflow/example_dags/example_bash_operator.py
[2025-05-27T16:51:38.201-0400] {processor.py:753} INFO - DAG(s) dict_keys(['example_bash_operator']) retrieved from /Users/sruthibollu/anaconda3/envs/analytics-prep/lib/python3.9/site-packages/airflow/example_dags/example_bash_operator.py
[2025-05-27T16:51:38.532-0400] {logging_mixin.py:137} INFO - [2025-05-27T16:51:38.532-0400] {dag.py:2690} INFO - Sync 1 DAGs
[2025-05-27T16:51:38.539-0400] {logging_mixin.py:137} INFO - [2025-05-27T16:51:38.539-0400] {dag.py:3437} INFO - Setting next_dagrun for example_bash_operator to 2025-05-26T00:00:00+00:00, run_after=2025-05-27T00:00:00+00:00
[2025-05-27T16:51:38.546-0400] {processor.py:175} INFO - Processing /Users/sruthibollu/anaconda3/envs/analytics-prep/lib/python3.9/site-packages/airflow/example_dags/example_bash_operator.py took 0.407 seconds
[2025-05-27T16:53:07.334-0400] {processor.py:153} INFO - Started process (PID=53016) to work on /Users/sruthibollu/anaconda3/envs/analytics-prep/lib/python3.9/site-packages/airflow/example_dags/example_bash_operator.py
[2025-05-27T16:53:07.336-0400] {processor.py:743} INFO - Processing file /Users/sruthibollu/anaconda3/envs/analytics-prep/lib/python3.9/site-packages/airflow/example_dags/example_bash_operator.py for tasks to queue
[2025-05-27T16:53:07.337-0400] {logging_mixin.py:137} INFO - [2025-05-27T16:53:07.337-0400] {dagbag.py:538} INFO - Filling up the DagBag from /Users/sruthibollu/anaconda3/envs/analytics-prep/lib/python3.9/site-packages/airflow/example_dags/example_bash_operator.py
[2025-05-27T16:53:07.392-0400] {processor.py:753} INFO - DAG(s) dict_keys(['example_bash_operator']) retrieved from /Users/sruthibollu/anaconda3/envs/analytics-prep/lib/python3.9/site-packages/airflow/example_dags/example_bash_operator.py
[2025-05-27T16:53:07.702-0400] {logging_mixin.py:137} INFO - [2025-05-27T16:53:07.702-0400] {dag.py:2690} INFO - Sync 1 DAGs
[2025-05-27T16:53:07.709-0400] {logging_mixin.py:137} INFO - [2025-05-27T16:53:07.709-0400] {dag.py:3437} INFO - Setting next_dagrun for example_bash_operator to 2025-05-26T00:00:00+00:00, run_after=2025-05-27T00:00:00+00:00
[2025-05-27T16:53:07.716-0400] {processor.py:175} INFO - Processing /Users/sruthibollu/anaconda3/envs/analytics-prep/lib/python3.9/site-packages/airflow/example_dags/example_bash_operator.py took 0.382 seconds
[2025-05-27T17:31:13.210-0400] {processor.py:153} INFO - Started process (PID=53547) to work on /Users/sruthibollu/anaconda3/envs/analytics-prep/lib/python3.9/site-packages/airflow/example_dags/example_bash_operator.py
[2025-05-27T17:31:13.212-0400] {processor.py:743} INFO - Processing file /Users/sruthibollu/anaconda3/envs/analytics-prep/lib/python3.9/site-packages/airflow/example_dags/example_bash_operator.py for tasks to queue
[2025-05-27T17:31:13.213-0400] {logging_mixin.py:137} INFO - [2025-05-27T17:31:13.213-0400] {dagbag.py:538} INFO - Filling up the DagBag from /Users/sruthibollu/anaconda3/envs/analytics-prep/lib/python3.9/site-packages/airflow/example_dags/example_bash_operator.py
[2025-05-27T17:31:13.271-0400] {processor.py:753} INFO - DAG(s) dict_keys(['example_bash_operator']) retrieved from /Users/sruthibollu/anaconda3/envs/analytics-prep/lib/python3.9/site-packages/airflow/example_dags/example_bash_operator.py
[2025-05-27T17:31:13.634-0400] {logging_mixin.py:137} INFO - [2025-05-27T17:31:13.634-0400] {dag.py:2690} INFO - Sync 1 DAGs
[2025-05-27T17:31:13.642-0400] {logging_mixin.py:137} INFO - [2025-05-27T17:31:13.642-0400] {dag.py:3437} INFO - Setting next_dagrun for example_bash_operator to 2025-05-26T00:00:00+00:00, run_after=2025-05-27T00:00:00+00:00
[2025-05-27T17:31:13.648-0400] {processor.py:175} INFO - Processing /Users/sruthibollu/anaconda3/envs/analytics-prep/lib/python3.9/site-packages/airflow/example_dags/example_bash_operator.py took 0.439 seconds
[2025-05-27T18:19:33.368-0400] {processor.py:153} INFO - Started process (PID=54575) to work on /Users/sruthibollu/anaconda3/envs/analytics-prep/lib/python3.9/site-packages/airflow/example_dags/example_bash_operator.py
[2025-05-27T18:19:33.371-0400] {processor.py:743} INFO - Processing file /Users/sruthibollu/anaconda3/envs/analytics-prep/lib/python3.9/site-packages/airflow/example_dags/example_bash_operator.py for tasks to queue
[2025-05-27T18:19:33.371-0400] {logging_mixin.py:137} INFO - [2025-05-27T18:19:33.371-0400] {dagbag.py:538} INFO - Filling up the DagBag from /Users/sruthibollu/anaconda3/envs/analytics-prep/lib/python3.9/site-packages/airflow/example_dags/example_bash_operator.py
[2025-05-27T18:19:33.433-0400] {processor.py:753} INFO - DAG(s) dict_keys(['example_bash_operator']) retrieved from /Users/sruthibollu/anaconda3/envs/analytics-prep/lib/python3.9/site-packages/airflow/example_dags/example_bash_operator.py
[2025-05-27T18:19:33.762-0400] {logging_mixin.py:137} INFO - [2025-05-27T18:19:33.762-0400] {dag.py:2690} INFO - Sync 1 DAGs
[2025-05-27T18:19:33.770-0400] {logging_mixin.py:137} INFO - [2025-05-27T18:19:33.770-0400] {dag.py:3437} INFO - Setting next_dagrun for example_bash_operator to 2025-05-26T00:00:00+00:00, run_after=2025-05-27T00:00:00+00:00
[2025-05-27T18:19:33.779-0400] {processor.py:175} INFO - Processing /Users/sruthibollu/anaconda3/envs/analytics-prep/lib/python3.9/site-packages/airflow/example_dags/example_bash_operator.py took 0.411 seconds
[2025-05-27T18:38:56.390-0400] {processor.py:153} INFO - Started process (PID=55252) to work on /Users/sruthibollu/anaconda3/envs/analytics-prep/lib/python3.9/site-packages/airflow/example_dags/example_bash_operator.py
[2025-05-27T18:38:56.392-0400] {processor.py:743} INFO - Processing file /Users/sruthibollu/anaconda3/envs/analytics-prep/lib/python3.9/site-packages/airflow/example_dags/example_bash_operator.py for tasks to queue
[2025-05-27T18:38:56.393-0400] {logging_mixin.py:137} INFO - [2025-05-27T18:38:56.393-0400] {dagbag.py:538} INFO - Filling up the DagBag from /Users/sruthibollu/anaconda3/envs/analytics-prep/lib/python3.9/site-packages/airflow/example_dags/example_bash_operator.py
[2025-05-27T18:38:56.447-0400] {processor.py:753} INFO - DAG(s) dict_keys(['example_bash_operator']) retrieved from /Users/sruthibollu/anaconda3/envs/analytics-prep/lib/python3.9/site-packages/airflow/example_dags/example_bash_operator.py
[2025-05-27T18:38:56.760-0400] {logging_mixin.py:137} INFO - [2025-05-27T18:38:56.759-0400] {dag.py:2690} INFO - Sync 1 DAGs
[2025-05-27T18:38:56.769-0400] {logging_mixin.py:137} INFO - [2025-05-27T18:38:56.768-0400] {dag.py:3437} INFO - Setting next_dagrun for example_bash_operator to 2025-05-26T00:00:00+00:00, run_after=2025-05-27T00:00:00+00:00
[2025-05-27T18:38:56.775-0400] {processor.py:175} INFO - Processing /Users/sruthibollu/anaconda3/envs/analytics-prep/lib/python3.9/site-packages/airflow/example_dags/example_bash_operator.py took 0.385 seconds
[2025-05-27T19:05:58.323-0400] {processor.py:153} INFO - Started process (PID=56033) to work on /Users/sruthibollu/anaconda3/envs/analytics-prep/lib/python3.9/site-packages/airflow/example_dags/example_bash_operator.py
[2025-05-27T19:05:58.326-0400] {processor.py:743} INFO - Processing file /Users/sruthibollu/anaconda3/envs/analytics-prep/lib/python3.9/site-packages/airflow/example_dags/example_bash_operator.py for tasks to queue
[2025-05-27T19:05:58.326-0400] {logging_mixin.py:137} INFO - [2025-05-27T19:05:58.326-0400] {dagbag.py:538} INFO - Filling up the DagBag from /Users/sruthibollu/anaconda3/envs/analytics-prep/lib/python3.9/site-packages/airflow/example_dags/example_bash_operator.py
[2025-05-27T19:05:58.384-0400] {processor.py:753} INFO - DAG(s) dict_keys(['example_bash_operator']) retrieved from /Users/sruthibollu/anaconda3/envs/analytics-prep/lib/python3.9/site-packages/airflow/example_dags/example_bash_operator.py
[2025-05-27T19:05:58.753-0400] {logging_mixin.py:137} INFO - [2025-05-27T19:05:58.753-0400] {dag.py:2690} INFO - Sync 1 DAGs
[2025-05-27T19:23:19.160-0400] {logging_mixin.py:137} INFO - [2025-05-27T19:23:19.159-0400] {dag.py:3437} INFO - Setting next_dagrun for example_bash_operator to 2025-05-26T00:00:00+00:00, run_after=2025-05-27T00:00:00+00:00
[2025-05-27T19:23:19.241-0400] {processor.py:175} INFO - Processing /Users/sruthibollu/anaconda3/envs/analytics-prep/lib/python3.9/site-packages/airflow/example_dags/example_bash_operator.py took 0.634 seconds
[2025-05-27T19:56:09.265-0400] {processor.py:153} INFO - Started process (PID=56817) to work on /Users/sruthibollu/anaconda3/envs/analytics-prep/lib/python3.9/site-packages/airflow/example_dags/example_bash_operator.py
[2025-05-27T19:56:09.268-0400] {processor.py:743} INFO - Processing file /Users/sruthibollu/anaconda3/envs/analytics-prep/lib/python3.9/site-packages/airflow/example_dags/example_bash_operator.py for tasks to queue
[2025-05-27T19:56:09.268-0400] {logging_mixin.py:137} INFO - [2025-05-27T19:56:09.268-0400] {dagbag.py:538} INFO - Filling up the DagBag from /Users/sruthibollu/anaconda3/envs/analytics-prep/lib/python3.9/site-packages/airflow/example_dags/example_bash_operator.py
[2025-05-27T19:56:09.331-0400] {processor.py:753} INFO - DAG(s) dict_keys(['example_bash_operator']) retrieved from /Users/sruthibollu/anaconda3/envs/analytics-prep/lib/python3.9/site-packages/airflow/example_dags/example_bash_operator.py
[2025-05-27T19:56:09.689-0400] {logging_mixin.py:137} INFO - [2025-05-27T19:56:09.689-0400] {dag.py:2690} INFO - Sync 1 DAGs
[2025-05-27T19:56:09.701-0400] {logging_mixin.py:137} INFO - [2025-05-27T19:56:09.701-0400] {dag.py:3437} INFO - Setting next_dagrun for example_bash_operator to 2025-05-26T00:00:00+00:00, run_after=2025-05-27T00:00:00+00:00
[2025-05-27T19:56:09.709-0400] {processor.py:175} INFO - Processing /Users/sruthibollu/anaconda3/envs/analytics-prep/lib/python3.9/site-packages/airflow/example_dags/example_bash_operator.py took 0.444 seconds
