[2025-05-27T16:47:51.625-0400] {processor.py:153} INFO - Started process (PID=49969) to work on /Users/sruthibollu/anaconda3/envs/analytics-prep/lib/python3.9/site-packages/airflow/example_dags/example_time_delta_sensor_async.py
[2025-05-27T16:47:51.628-0400] {processor.py:743} INFO - Processing file /Users/sruthibollu/anaconda3/envs/analytics-prep/lib/python3.9/site-packages/airflow/example_dags/example_time_delta_sensor_async.py for tasks to queue
[2025-05-27T16:47:51.628-0400] {logging_mixin.py:137} INFO - [2025-05-27T16:47:51.628-0400] {dagbag.py:538} INFO - Filling up the DagBag from /Users/sruthibollu/anaconda3/envs/analytics-prep/lib/python3.9/site-packages/airflow/example_dags/example_time_delta_sensor_async.py
[2025-05-27T16:47:51.660-0400] {processor.py:753} INFO - DAG(s) dict_keys(['example_time_delta_sensor_async']) retrieved from /Users/sruthibollu/anaconda3/envs/analytics-prep/lib/python3.9/site-packages/airflow/example_dags/example_time_delta_sensor_async.py
[2025-05-27T16:47:51.681-0400] {logging_mixin.py:137} INFO - [2025-05-27T16:47:51.680-0400] {dag.py:2690} INFO - Sync 1 DAGs
[2025-05-27T16:47:52.040-0400] {logging_mixin.py:137} INFO - [2025-05-27T16:47:52.039-0400] {dag.py:3437} INFO - Setting next_dagrun for example_time_delta_sensor_async to None, run_after=None
[2025-05-27T16:47:52.047-0400] {processor.py:175} INFO - Processing /Users/sruthibollu/anaconda3/envs/analytics-prep/lib/python3.9/site-packages/airflow/example_dags/example_time_delta_sensor_async.py took 0.423 seconds
[2025-05-27T16:49:02.997-0400] {processor.py:153} INFO - Started process (PID=51036) to work on /Users/sruthibollu/anaconda3/envs/analytics-prep/lib/python3.9/site-packages/airflow/example_dags/example_time_delta_sensor_async.py
[2025-05-27T16:49:02.999-0400] {processor.py:743} INFO - Processing file /Users/sruthibollu/anaconda3/envs/analytics-prep/lib/python3.9/site-packages/airflow/example_dags/example_time_delta_sensor_async.py for tasks to queue
[2025-05-27T16:49:02.999-0400] {logging_mixin.py:137} INFO - [2025-05-27T16:49:02.999-0400] {dagbag.py:538} INFO - Filling up the DagBag from /Users/sruthibollu/anaconda3/envs/analytics-prep/lib/python3.9/site-packages/airflow/example_dags/example_time_delta_sensor_async.py
[2025-05-27T16:49:03.024-0400] {processor.py:753} INFO - DAG(s) dict_keys(['example_time_delta_sensor_async']) retrieved from /Users/sruthibollu/anaconda3/envs/analytics-prep/lib/python3.9/site-packages/airflow/example_dags/example_time_delta_sensor_async.py
[2025-05-27T16:49:03.485-0400] {logging_mixin.py:137} INFO - [2025-05-27T16:49:03.485-0400] {dag.py:2690} INFO - Sync 1 DAGs
[2025-05-27T16:49:03.492-0400] {logging_mixin.py:137} INFO - [2025-05-27T16:49:03.492-0400] {dag.py:3437} INFO - Setting next_dagrun for example_time_delta_sensor_async to None, run_after=None
[2025-05-27T16:49:03.498-0400] {processor.py:175} INFO - Processing /Users/sruthibollu/anaconda3/envs/analytics-prep/lib/python3.9/site-packages/airflow/example_dags/example_time_delta_sensor_async.py took 0.502 seconds
[2025-05-27T16:50:31.429-0400] {processor.py:153} INFO - Started process (PID=52106) to work on /Users/sruthibollu/anaconda3/envs/analytics-prep/lib/python3.9/site-packages/airflow/example_dags/example_time_delta_sensor_async.py
[2025-05-27T16:50:31.433-0400] {processor.py:743} INFO - Processing file /Users/sruthibollu/anaconda3/envs/analytics-prep/lib/python3.9/site-packages/airflow/example_dags/example_time_delta_sensor_async.py for tasks to queue
[2025-05-27T16:50:31.433-0400] {logging_mixin.py:137} INFO - [2025-05-27T16:50:31.433-0400] {dagbag.py:538} INFO - Filling up the DagBag from /Users/sruthibollu/anaconda3/envs/analytics-prep/lib/python3.9/site-packages/airflow/example_dags/example_time_delta_sensor_async.py
[2025-05-27T16:50:31.457-0400] {processor.py:753} INFO - DAG(s) dict_keys(['example_time_delta_sensor_async']) retrieved from /Users/sruthibollu/anaconda3/envs/analytics-prep/lib/python3.9/site-packages/airflow/example_dags/example_time_delta_sensor_async.py
[2025-05-27T16:50:31.872-0400] {logging_mixin.py:137} INFO - [2025-05-27T16:50:31.872-0400] {dag.py:2690} INFO - Sync 1 DAGs
[2025-05-27T16:50:31.878-0400] {logging_mixin.py:137} INFO - [2025-05-27T16:50:31.878-0400] {dag.py:3437} INFO - Setting next_dagrun for example_time_delta_sensor_async to None, run_after=None
[2025-05-27T16:50:31.885-0400] {processor.py:175} INFO - Processing /Users/sruthibollu/anaconda3/envs/analytics-prep/lib/python3.9/site-packages/airflow/example_dags/example_time_delta_sensor_async.py took 0.456 seconds
[2025-05-27T16:51:58.223-0400] {processor.py:153} INFO - Started process (PID=52605) to work on /Users/sruthibollu/anaconda3/envs/analytics-prep/lib/python3.9/site-packages/airflow/example_dags/example_time_delta_sensor_async.py
[2025-05-27T16:51:58.225-0400] {processor.py:743} INFO - Processing file /Users/sruthibollu/anaconda3/envs/analytics-prep/lib/python3.9/site-packages/airflow/example_dags/example_time_delta_sensor_async.py for tasks to queue
[2025-05-27T16:51:58.225-0400] {logging_mixin.py:137} INFO - [2025-05-27T16:51:58.225-0400] {dagbag.py:538} INFO - Filling up the DagBag from /Users/sruthibollu/anaconda3/envs/analytics-prep/lib/python3.9/site-packages/airflow/example_dags/example_time_delta_sensor_async.py
[2025-05-27T16:51:58.257-0400] {processor.py:753} INFO - DAG(s) dict_keys(['example_time_delta_sensor_async']) retrieved from /Users/sruthibollu/anaconda3/envs/analytics-prep/lib/python3.9/site-packages/airflow/example_dags/example_time_delta_sensor_async.py
[2025-05-27T16:51:58.691-0400] {logging_mixin.py:137} INFO - [2025-05-27T16:51:58.691-0400] {dag.py:2690} INFO - Sync 1 DAGs
[2025-05-27T16:51:58.698-0400] {logging_mixin.py:137} INFO - [2025-05-27T16:51:58.698-0400] {dag.py:3437} INFO - Setting next_dagrun for example_time_delta_sensor_async to None, run_after=None
[2025-05-27T16:51:58.705-0400] {processor.py:175} INFO - Processing /Users/sruthibollu/anaconda3/envs/analytics-prep/lib/python3.9/site-packages/airflow/example_dags/example_time_delta_sensor_async.py took 0.484 seconds
[2025-05-27T16:52:48.493-0400] {processor.py:153} INFO - Started process (PID=52906) to work on /Users/sruthibollu/anaconda3/envs/analytics-prep/lib/python3.9/site-packages/airflow/example_dags/example_time_delta_sensor_async.py
[2025-05-27T16:52:48.495-0400] {processor.py:743} INFO - Processing file /Users/sruthibollu/anaconda3/envs/analytics-prep/lib/python3.9/site-packages/airflow/example_dags/example_time_delta_sensor_async.py for tasks to queue
[2025-05-27T16:52:48.496-0400] {logging_mixin.py:137} INFO - [2025-05-27T16:52:48.496-0400] {dagbag.py:538} INFO - Filling up the DagBag from /Users/sruthibollu/anaconda3/envs/analytics-prep/lib/python3.9/site-packages/airflow/example_dags/example_time_delta_sensor_async.py
[2025-05-27T16:52:48.520-0400] {processor.py:753} INFO - DAG(s) dict_keys(['example_time_delta_sensor_async']) retrieved from /Users/sruthibollu/anaconda3/envs/analytics-prep/lib/python3.9/site-packages/airflow/example_dags/example_time_delta_sensor_async.py
[2025-05-27T16:52:48.979-0400] {logging_mixin.py:137} INFO - [2025-05-27T16:52:48.979-0400] {dag.py:2690} INFO - Sync 1 DAGs
[2025-05-27T16:52:48.985-0400] {logging_mixin.py:137} INFO - [2025-05-27T16:52:48.985-0400] {dag.py:3437} INFO - Setting next_dagrun for example_time_delta_sensor_async to None, run_after=None
[2025-05-27T16:52:48.993-0400] {processor.py:175} INFO - Processing /Users/sruthibollu/anaconda3/envs/analytics-prep/lib/python3.9/site-packages/airflow/example_dags/example_time_delta_sensor_async.py took 0.501 seconds
[2025-05-27T17:09:18.668-0400] {processor.py:153} INFO - Started process (PID=53384) to work on /Users/sruthibollu/anaconda3/envs/analytics-prep/lib/python3.9/site-packages/airflow/example_dags/example_time_delta_sensor_async.py
[2025-05-27T17:09:18.671-0400] {processor.py:743} INFO - Processing file /Users/sruthibollu/anaconda3/envs/analytics-prep/lib/python3.9/site-packages/airflow/example_dags/example_time_delta_sensor_async.py for tasks to queue
[2025-05-27T17:09:18.671-0400] {logging_mixin.py:137} INFO - [2025-05-27T17:09:18.671-0400] {dagbag.py:538} INFO - Filling up the DagBag from /Users/sruthibollu/anaconda3/envs/analytics-prep/lib/python3.9/site-packages/airflow/example_dags/example_time_delta_sensor_async.py
[2025-05-27T17:09:18.699-0400] {processor.py:753} INFO - DAG(s) dict_keys(['example_time_delta_sensor_async']) retrieved from /Users/sruthibollu/anaconda3/envs/analytics-prep/lib/python3.9/site-packages/airflow/example_dags/example_time_delta_sensor_async.py
[2025-05-27T17:09:19.183-0400] {logging_mixin.py:137} INFO - [2025-05-27T17:09:19.183-0400] {dag.py:2690} INFO - Sync 1 DAGs
[2025-05-27T17:09:19.192-0400] {logging_mixin.py:137} INFO - [2025-05-27T17:09:19.191-0400] {dag.py:3437} INFO - Setting next_dagrun for example_time_delta_sensor_async to None, run_after=None
[2025-05-27T17:09:19.198-0400] {processor.py:175} INFO - Processing /Users/sruthibollu/anaconda3/envs/analytics-prep/lib/python3.9/site-packages/airflow/example_dags/example_time_delta_sensor_async.py took 0.531 seconds
[2025-05-27T17:38:42.755-0400] {processor.py:153} INFO - Started process (PID=53695) to work on /Users/sruthibollu/anaconda3/envs/analytics-prep/lib/python3.9/site-packages/airflow/example_dags/example_time_delta_sensor_async.py
[2025-05-27T17:38:42.757-0400] {processor.py:743} INFO - Processing file /Users/sruthibollu/anaconda3/envs/analytics-prep/lib/python3.9/site-packages/airflow/example_dags/example_time_delta_sensor_async.py for tasks to queue
[2025-05-27T17:38:42.758-0400] {logging_mixin.py:137} INFO - [2025-05-27T17:38:42.758-0400] {dagbag.py:538} INFO - Filling up the DagBag from /Users/sruthibollu/anaconda3/envs/analytics-prep/lib/python3.9/site-packages/airflow/example_dags/example_time_delta_sensor_async.py
[2025-05-27T17:38:42.789-0400] {processor.py:753} INFO - DAG(s) dict_keys(['example_time_delta_sensor_async']) retrieved from /Users/sruthibollu/anaconda3/envs/analytics-prep/lib/python3.9/site-packages/airflow/example_dags/example_time_delta_sensor_async.py
[2025-05-27T17:38:43.278-0400] {logging_mixin.py:137} INFO - [2025-05-27T17:38:43.278-0400] {dag.py:2690} INFO - Sync 1 DAGs
[2025-05-27T17:38:43.284-0400] {logging_mixin.py:137} INFO - [2025-05-27T17:38:43.284-0400] {dag.py:3437} INFO - Setting next_dagrun for example_time_delta_sensor_async to None, run_after=None
[2025-05-27T17:38:43.292-0400] {processor.py:175} INFO - Processing /Users/sruthibollu/anaconda3/envs/analytics-prep/lib/python3.9/site-packages/airflow/example_dags/example_time_delta_sensor_async.py took 0.537 seconds
[2025-05-27T18:06:38.705-0400] {processor.py:153} INFO - Started process (PID=54350) to work on /Users/sruthibollu/anaconda3/envs/analytics-prep/lib/python3.9/site-packages/airflow/example_dags/example_time_delta_sensor_async.py
[2025-05-27T18:06:38.708-0400] {processor.py:743} INFO - Processing file /Users/sruthibollu/anaconda3/envs/analytics-prep/lib/python3.9/site-packages/airflow/example_dags/example_time_delta_sensor_async.py for tasks to queue
[2025-05-27T18:06:38.708-0400] {logging_mixin.py:137} INFO - [2025-05-27T18:06:38.708-0400] {dagbag.py:538} INFO - Filling up the DagBag from /Users/sruthibollu/anaconda3/envs/analytics-prep/lib/python3.9/site-packages/airflow/example_dags/example_time_delta_sensor_async.py
[2025-05-27T18:06:38.738-0400] {processor.py:753} INFO - DAG(s) dict_keys(['example_time_delta_sensor_async']) retrieved from /Users/sruthibollu/anaconda3/envs/analytics-prep/lib/python3.9/site-packages/airflow/example_dags/example_time_delta_sensor_async.py
[2025-05-27T18:06:39.232-0400] {logging_mixin.py:137} INFO - [2025-05-27T18:06:39.231-0400] {dag.py:2690} INFO - Sync 1 DAGs
[2025-05-27T18:06:39.238-0400] {logging_mixin.py:137} INFO - [2025-05-27T18:06:39.238-0400] {dag.py:3437} INFO - Setting next_dagrun for example_time_delta_sensor_async to None, run_after=None
[2025-05-27T18:06:39.244-0400] {processor.py:175} INFO - Processing /Users/sruthibollu/anaconda3/envs/analytics-prep/lib/python3.9/site-packages/airflow/example_dags/example_time_delta_sensor_async.py took 0.539 seconds
[2025-05-27T18:20:51.524-0400] {processor.py:153} INFO - Started process (PID=54698) to work on /Users/sruthibollu/anaconda3/envs/analytics-prep/lib/python3.9/site-packages/airflow/example_dags/example_time_delta_sensor_async.py
[2025-05-27T18:20:51.526-0400] {processor.py:743} INFO - Processing file /Users/sruthibollu/anaconda3/envs/analytics-prep/lib/python3.9/site-packages/airflow/example_dags/example_time_delta_sensor_async.py for tasks to queue
[2025-05-27T18:20:51.527-0400] {logging_mixin.py:137} INFO - [2025-05-27T18:20:51.527-0400] {dagbag.py:538} INFO - Filling up the DagBag from /Users/sruthibollu/anaconda3/envs/analytics-prep/lib/python3.9/site-packages/airflow/example_dags/example_time_delta_sensor_async.py
[2025-05-27T18:20:51.553-0400] {processor.py:753} INFO - DAG(s) dict_keys(['example_time_delta_sensor_async']) retrieved from /Users/sruthibollu/anaconda3/envs/analytics-prep/lib/python3.9/site-packages/airflow/example_dags/example_time_delta_sensor_async.py
[2025-05-27T18:20:51.968-0400] {logging_mixin.py:137} INFO - [2025-05-27T18:20:51.968-0400] {dag.py:2690} INFO - Sync 1 DAGs
[2025-05-27T18:20:51.975-0400] {logging_mixin.py:137} INFO - [2025-05-27T18:20:51.975-0400] {dag.py:3437} INFO - Setting next_dagrun for example_time_delta_sensor_async to None, run_after=None
[2025-05-27T18:20:51.982-0400] {processor.py:175} INFO - Processing /Users/sruthibollu/anaconda3/envs/analytics-prep/lib/python3.9/site-packages/airflow/example_dags/example_time_delta_sensor_async.py took 0.458 seconds
[2025-05-27T18:31:32.904-0400] {processor.py:153} INFO - Started process (PID=55089) to work on /Users/sruthibollu/anaconda3/envs/analytics-prep/lib/python3.9/site-packages/airflow/example_dags/example_time_delta_sensor_async.py
[2025-05-27T18:31:32.906-0400] {processor.py:743} INFO - Processing file /Users/sruthibollu/anaconda3/envs/analytics-prep/lib/python3.9/site-packages/airflow/example_dags/example_time_delta_sensor_async.py for tasks to queue
[2025-05-27T18:31:32.906-0400] {logging_mixin.py:137} INFO - [2025-05-27T18:31:32.906-0400] {dagbag.py:538} INFO - Filling up the DagBag from /Users/sruthibollu/anaconda3/envs/analytics-prep/lib/python3.9/site-packages/airflow/example_dags/example_time_delta_sensor_async.py
[2025-05-27T18:31:32.929-0400] {processor.py:753} INFO - DAG(s) dict_keys(['example_time_delta_sensor_async']) retrieved from /Users/sruthibollu/anaconda3/envs/analytics-prep/lib/python3.9/site-packages/airflow/example_dags/example_time_delta_sensor_async.py
[2025-05-27T18:31:33.321-0400] {logging_mixin.py:137} INFO - [2025-05-27T18:31:33.321-0400] {dag.py:2690} INFO - Sync 1 DAGs
[2025-05-27T18:31:33.326-0400] {logging_mixin.py:137} INFO - [2025-05-27T18:31:33.326-0400] {dag.py:3437} INFO - Setting next_dagrun for example_time_delta_sensor_async to None, run_after=None
[2025-05-27T18:31:33.333-0400] {processor.py:175} INFO - Processing /Users/sruthibollu/anaconda3/envs/analytics-prep/lib/python3.9/site-packages/airflow/example_dags/example_time_delta_sensor_async.py took 0.430 seconds
[2025-05-27T18:39:15.826-0400] {processor.py:153} INFO - Started process (PID=55371) to work on /Users/sruthibollu/anaconda3/envs/analytics-prep/lib/python3.9/site-packages/airflow/example_dags/example_time_delta_sensor_async.py
[2025-05-27T18:39:15.829-0400] {processor.py:743} INFO - Processing file /Users/sruthibollu/anaconda3/envs/analytics-prep/lib/python3.9/site-packages/airflow/example_dags/example_time_delta_sensor_async.py for tasks to queue
[2025-05-27T18:39:15.829-0400] {logging_mixin.py:137} INFO - [2025-05-27T18:39:15.829-0400] {dagbag.py:538} INFO - Filling up the DagBag from /Users/sruthibollu/anaconda3/envs/analytics-prep/lib/python3.9/site-packages/airflow/example_dags/example_time_delta_sensor_async.py
[2025-05-27T18:39:15.852-0400] {processor.py:753} INFO - DAG(s) dict_keys(['example_time_delta_sensor_async']) retrieved from /Users/sruthibollu/anaconda3/envs/analytics-prep/lib/python3.9/site-packages/airflow/example_dags/example_time_delta_sensor_async.py
[2025-05-27T18:39:16.251-0400] {logging_mixin.py:137} INFO - [2025-05-27T18:39:16.251-0400] {dag.py:2690} INFO - Sync 1 DAGs
[2025-05-27T18:39:16.257-0400] {logging_mixin.py:137} INFO - [2025-05-27T18:39:16.257-0400] {dag.py:3437} INFO - Setting next_dagrun for example_time_delta_sensor_async to None, run_after=None
[2025-05-27T18:39:16.264-0400] {processor.py:175} INFO - Processing /Users/sruthibollu/anaconda3/envs/analytics-prep/lib/python3.9/site-packages/airflow/example_dags/example_time_delta_sensor_async.py took 0.438 seconds
[2025-05-27T18:54:52.748-0400] {processor.py:153} INFO - Started process (PID=55777) to work on /Users/sruthibollu/anaconda3/envs/analytics-prep/lib/python3.9/site-packages/airflow/example_dags/example_time_delta_sensor_async.py
[2025-05-27T18:54:52.750-0400] {processor.py:743} INFO - Processing file /Users/sruthibollu/anaconda3/envs/analytics-prep/lib/python3.9/site-packages/airflow/example_dags/example_time_delta_sensor_async.py for tasks to queue
[2025-05-27T18:54:52.750-0400] {logging_mixin.py:137} INFO - [2025-05-27T18:54:52.750-0400] {dagbag.py:538} INFO - Filling up the DagBag from /Users/sruthibollu/anaconda3/envs/analytics-prep/lib/python3.9/site-packages/airflow/example_dags/example_time_delta_sensor_async.py
[2025-05-27T18:54:52.775-0400] {processor.py:753} INFO - DAG(s) dict_keys(['example_time_delta_sensor_async']) retrieved from /Users/sruthibollu/anaconda3/envs/analytics-prep/lib/python3.9/site-packages/airflow/example_dags/example_time_delta_sensor_async.py
[2025-05-27T18:54:53.240-0400] {logging_mixin.py:137} INFO - [2025-05-27T18:54:53.240-0400] {dag.py:2690} INFO - Sync 1 DAGs
[2025-05-27T18:54:53.247-0400] {logging_mixin.py:137} INFO - [2025-05-27T18:54:53.246-0400] {dag.py:3437} INFO - Setting next_dagrun for example_time_delta_sensor_async to None, run_after=None
[2025-05-27T18:54:53.253-0400] {processor.py:175} INFO - Processing /Users/sruthibollu/anaconda3/envs/analytics-prep/lib/python3.9/site-packages/airflow/example_dags/example_time_delta_sensor_async.py took 0.505 seconds
[2025-05-27T19:36:17.365-0400] {processor.py:153} INFO - Started process (PID=56191) to work on /Users/sruthibollu/anaconda3/envs/analytics-prep/lib/python3.9/site-packages/airflow/example_dags/example_time_delta_sensor_async.py
[2025-05-27T19:36:17.367-0400] {processor.py:743} INFO - Processing file /Users/sruthibollu/anaconda3/envs/analytics-prep/lib/python3.9/site-packages/airflow/example_dags/example_time_delta_sensor_async.py for tasks to queue
[2025-05-27T19:36:17.367-0400] {logging_mixin.py:137} INFO - [2025-05-27T19:36:17.367-0400] {dagbag.py:538} INFO - Filling up the DagBag from /Users/sruthibollu/anaconda3/envs/analytics-prep/lib/python3.9/site-packages/airflow/example_dags/example_time_delta_sensor_async.py
[2025-05-27T19:36:17.396-0400] {processor.py:753} INFO - DAG(s) dict_keys(['example_time_delta_sensor_async']) retrieved from /Users/sruthibollu/anaconda3/envs/analytics-prep/lib/python3.9/site-packages/airflow/example_dags/example_time_delta_sensor_async.py
[2025-05-27T19:36:17.871-0400] {logging_mixin.py:137} INFO - [2025-05-27T19:36:17.871-0400] {dag.py:2690} INFO - Sync 1 DAGs
[2025-05-27T19:36:17.877-0400] {logging_mixin.py:137} INFO - [2025-05-27T19:36:17.877-0400] {dag.py:3437} INFO - Setting next_dagrun for example_time_delta_sensor_async to None, run_after=None
[2025-05-27T19:36:17.884-0400] {processor.py:175} INFO - Processing /Users/sruthibollu/anaconda3/envs/analytics-prep/lib/python3.9/site-packages/airflow/example_dags/example_time_delta_sensor_async.py took 0.520 seconds
[2025-05-27T19:55:43.242-0400] {processor.py:153} INFO - Started process (PID=56640) to work on /Users/sruthibollu/anaconda3/envs/analytics-prep/lib/python3.9/site-packages/airflow/example_dags/example_time_delta_sensor_async.py
[2025-05-27T19:55:43.245-0400] {processor.py:743} INFO - Processing file /Users/sruthibollu/anaconda3/envs/analytics-prep/lib/python3.9/site-packages/airflow/example_dags/example_time_delta_sensor_async.py for tasks to queue
[2025-05-27T19:55:43.245-0400] {logging_mixin.py:137} INFO - [2025-05-27T19:55:43.245-0400] {dagbag.py:538} INFO - Filling up the DagBag from /Users/sruthibollu/anaconda3/envs/analytics-prep/lib/python3.9/site-packages/airflow/example_dags/example_time_delta_sensor_async.py
[2025-05-27T19:55:43.305-0400] {processor.py:753} INFO - DAG(s) dict_keys(['example_time_delta_sensor_async']) retrieved from /Users/sruthibollu/anaconda3/envs/analytics-prep/lib/python3.9/site-packages/airflow/example_dags/example_time_delta_sensor_async.py
[2025-05-27T19:55:43.755-0400] {logging_mixin.py:137} INFO - [2025-05-27T19:55:43.755-0400] {dag.py:2690} INFO - Sync 1 DAGs
[2025-05-27T19:55:43.761-0400] {logging_mixin.py:137} INFO - [2025-05-27T19:55:43.761-0400] {dag.py:3437} INFO - Setting next_dagrun for example_time_delta_sensor_async to None, run_after=None
[2025-05-27T19:55:43.767-0400] {processor.py:175} INFO - Processing /Users/sruthibollu/anaconda3/envs/analytics-prep/lib/python3.9/site-packages/airflow/example_dags/example_time_delta_sensor_async.py took 0.526 seconds
