[2025-05-27T16:48:20.383-0400] {processor.py:153} INFO - Started process (PID=50800) to work on /Users/sruthibollu/anaconda3/envs/analytics-prep/lib/python3.9/site-packages/airflow/example_dags/example_kubernetes_executor.py
[2025-05-27T16:48:20.385-0400] {processor.py:743} INFO - Processing file /Users/sruthibollu/anaconda3/envs/analytics-prep/lib/python3.9/site-packages/airflow/example_dags/example_kubernetes_executor.py for tasks to queue
[2025-05-27T16:48:20.385-0400] {logging_mixin.py:137} INFO - [2025-05-27T16:48:20.385-0400] {dagbag.py:538} INFO - Filling up the DagBag from /Users/sruthibollu/anaconda3/envs/analytics-prep/lib/python3.9/site-packages/airflow/example_dags/example_kubernetes_executor.py
[2025-05-27T16:48:20.414-0400] {logging_mixin.py:137} INFO - [2025-05-27T16:48:20.414-0400] {example_kubernetes_executor.py:41} WARNING - The example_kubernetes_executor example DAG requires the kubernetes provider. Please install it with: pip install apache-airflow[cncf.kubernetes]
[2025-05-27T16:48:20.414-0400] {processor.py:755} WARNING - No viable dags retrieved from /Users/sruthibollu/anaconda3/envs/analytics-prep/lib/python3.9/site-packages/airflow/example_dags/example_kubernetes_executor.py
[2025-05-27T16:48:20.743-0400] {processor.py:175} INFO - Processing /Users/sruthibollu/anaconda3/envs/analytics-prep/lib/python3.9/site-packages/airflow/example_dags/example_kubernetes_executor.py took 0.360 seconds
[2025-05-27T16:49:49.625-0400] {processor.py:153} INFO - Started process (PID=51861) to work on /Users/sruthibollu/anaconda3/envs/analytics-prep/lib/python3.9/site-packages/airflow/example_dags/example_kubernetes_executor.py
[2025-05-27T16:49:49.627-0400] {processor.py:743} INFO - Processing file /Users/sruthibollu/anaconda3/envs/analytics-prep/lib/python3.9/site-packages/airflow/example_dags/example_kubernetes_executor.py for tasks to queue
[2025-05-27T16:49:49.628-0400] {logging_mixin.py:137} INFO - [2025-05-27T16:49:49.627-0400] {dagbag.py:538} INFO - Filling up the DagBag from /Users/sruthibollu/anaconda3/envs/analytics-prep/lib/python3.9/site-packages/airflow/example_dags/example_kubernetes_executor.py
[2025-05-27T16:49:49.656-0400] {logging_mixin.py:137} INFO - [2025-05-27T16:49:49.656-0400] {example_kubernetes_executor.py:41} WARNING - The example_kubernetes_executor example DAG requires the kubernetes provider. Please install it with: pip install apache-airflow[cncf.kubernetes]
[2025-05-27T16:49:49.656-0400] {processor.py:755} WARNING - No viable dags retrieved from /Users/sruthibollu/anaconda3/envs/analytics-prep/lib/python3.9/site-packages/airflow/example_dags/example_kubernetes_executor.py
[2025-05-27T16:49:49.983-0400] {processor.py:175} INFO - Processing /Users/sruthibollu/anaconda3/envs/analytics-prep/lib/python3.9/site-packages/airflow/example_dags/example_kubernetes_executor.py took 0.358 seconds
[2025-05-27T16:51:06.931-0400] {processor.py:153} INFO - Started process (PID=52315) to work on /Users/sruthibollu/anaconda3/envs/analytics-prep/lib/python3.9/site-packages/airflow/example_dags/example_kubernetes_executor.py
[2025-05-27T16:51:06.933-0400] {processor.py:743} INFO - Processing file /Users/sruthibollu/anaconda3/envs/analytics-prep/lib/python3.9/site-packages/airflow/example_dags/example_kubernetes_executor.py for tasks to queue
[2025-05-27T16:51:06.934-0400] {logging_mixin.py:137} INFO - [2025-05-27T16:51:06.934-0400] {dagbag.py:538} INFO - Filling up the DagBag from /Users/sruthibollu/anaconda3/envs/analytics-prep/lib/python3.9/site-packages/airflow/example_dags/example_kubernetes_executor.py
[2025-05-27T16:51:06.963-0400] {logging_mixin.py:137} INFO - [2025-05-27T16:51:06.963-0400] {example_kubernetes_executor.py:41} WARNING - The example_kubernetes_executor example DAG requires the kubernetes provider. Please install it with: pip install apache-airflow[cncf.kubernetes]
[2025-05-27T16:51:06.963-0400] {processor.py:755} WARNING - No viable dags retrieved from /Users/sruthibollu/anaconda3/envs/analytics-prep/lib/python3.9/site-packages/airflow/example_dags/example_kubernetes_executor.py
[2025-05-27T16:51:07.286-0400] {processor.py:175} INFO - Processing /Users/sruthibollu/anaconda3/envs/analytics-prep/lib/python3.9/site-packages/airflow/example_dags/example_kubernetes_executor.py took 0.356 seconds
[2025-05-27T16:52:26.747-0400] {processor.py:153} INFO - Started process (PID=52774) to work on /Users/sruthibollu/anaconda3/envs/analytics-prep/lib/python3.9/site-packages/airflow/example_dags/example_kubernetes_executor.py
[2025-05-27T16:52:26.749-0400] {processor.py:743} INFO - Processing file /Users/sruthibollu/anaconda3/envs/analytics-prep/lib/python3.9/site-packages/airflow/example_dags/example_kubernetes_executor.py for tasks to queue
[2025-05-27T16:52:26.749-0400] {logging_mixin.py:137} INFO - [2025-05-27T16:52:26.749-0400] {dagbag.py:538} INFO - Filling up the DagBag from /Users/sruthibollu/anaconda3/envs/analytics-prep/lib/python3.9/site-packages/airflow/example_dags/example_kubernetes_executor.py
[2025-05-27T16:52:26.777-0400] {logging_mixin.py:137} INFO - [2025-05-27T16:52:26.777-0400] {example_kubernetes_executor.py:41} WARNING - The example_kubernetes_executor example DAG requires the kubernetes provider. Please install it with: pip install apache-airflow[cncf.kubernetes]
[2025-05-27T16:52:26.778-0400] {processor.py:755} WARNING - No viable dags retrieved from /Users/sruthibollu/anaconda3/envs/analytics-prep/lib/python3.9/site-packages/airflow/example_dags/example_kubernetes_executor.py
[2025-05-27T16:52:27.115-0400] {processor.py:175} INFO - Processing /Users/sruthibollu/anaconda3/envs/analytics-prep/lib/python3.9/site-packages/airflow/example_dags/example_kubernetes_executor.py took 0.369 seconds
[2025-05-27T16:53:44.910-0400] {processor.py:153} INFO - Started process (PID=53235) to work on /Users/sruthibollu/anaconda3/envs/analytics-prep/lib/python3.9/site-packages/airflow/example_dags/example_kubernetes_executor.py
[2025-05-27T16:53:44.912-0400] {processor.py:743} INFO - Processing file /Users/sruthibollu/anaconda3/envs/analytics-prep/lib/python3.9/site-packages/airflow/example_dags/example_kubernetes_executor.py for tasks to queue
[2025-05-27T16:53:44.912-0400] {logging_mixin.py:137} INFO - [2025-05-27T16:53:44.912-0400] {dagbag.py:538} INFO - Filling up the DagBag from /Users/sruthibollu/anaconda3/envs/analytics-prep/lib/python3.9/site-packages/airflow/example_dags/example_kubernetes_executor.py
[2025-05-27T16:53:44.945-0400] {logging_mixin.py:137} INFO - [2025-05-27T16:53:44.945-0400] {example_kubernetes_executor.py:41} WARNING - The example_kubernetes_executor example DAG requires the kubernetes provider. Please install it with: pip install apache-airflow[cncf.kubernetes]
[2025-05-27T16:53:44.945-0400] {processor.py:755} WARNING - No viable dags retrieved from /Users/sruthibollu/anaconda3/envs/analytics-prep/lib/python3.9/site-packages/airflow/example_dags/example_kubernetes_executor.py
[2025-05-27T16:53:45.352-0400] {processor.py:175} INFO - Processing /Users/sruthibollu/anaconda3/envs/analytics-prep/lib/python3.9/site-packages/airflow/example_dags/example_kubernetes_executor.py took 0.443 seconds
[2025-05-27T17:49:08.534-0400] {processor.py:153} INFO - Started process (PID=53921) to work on /Users/sruthibollu/anaconda3/envs/analytics-prep/lib/python3.9/site-packages/airflow/example_dags/example_kubernetes_executor.py
[2025-05-27T17:49:08.536-0400] {processor.py:743} INFO - Processing file /Users/sruthibollu/anaconda3/envs/analytics-prep/lib/python3.9/site-packages/airflow/example_dags/example_kubernetes_executor.py for tasks to queue
[2025-05-27T17:49:08.537-0400] {logging_mixin.py:137} INFO - [2025-05-27T17:49:08.537-0400] {dagbag.py:538} INFO - Filling up the DagBag from /Users/sruthibollu/anaconda3/envs/analytics-prep/lib/python3.9/site-packages/airflow/example_dags/example_kubernetes_executor.py
[2025-05-27T17:49:08.593-0400] {logging_mixin.py:137} INFO - [2025-05-27T17:49:08.593-0400] {example_kubernetes_executor.py:41} WARNING - The example_kubernetes_executor example DAG requires the kubernetes provider. Please install it with: pip install apache-airflow[cncf.kubernetes]
[2025-05-27T17:49:08.593-0400] {processor.py:755} WARNING - No viable dags retrieved from /Users/sruthibollu/anaconda3/envs/analytics-prep/lib/python3.9/site-packages/airflow/example_dags/example_kubernetes_executor.py
[2025-05-27T17:49:09.056-0400] {processor.py:175} INFO - Processing /Users/sruthibollu/anaconda3/envs/analytics-prep/lib/python3.9/site-packages/airflow/example_dags/example_kubernetes_executor.py took 0.523 seconds
[2025-05-27T18:30:53.185-0400] {processor.py:153} INFO - Started process (PID=54883) to work on /Users/sruthibollu/anaconda3/envs/analytics-prep/lib/python3.9/site-packages/airflow/example_dags/example_kubernetes_executor.py
[2025-05-27T18:30:53.187-0400] {processor.py:743} INFO - Processing file /Users/sruthibollu/anaconda3/envs/analytics-prep/lib/python3.9/site-packages/airflow/example_dags/example_kubernetes_executor.py for tasks to queue
[2025-05-27T18:30:53.188-0400] {logging_mixin.py:137} INFO - [2025-05-27T18:30:53.188-0400] {dagbag.py:538} INFO - Filling up the DagBag from /Users/sruthibollu/anaconda3/envs/analytics-prep/lib/python3.9/site-packages/airflow/example_dags/example_kubernetes_executor.py
[2025-05-27T18:30:53.216-0400] {logging_mixin.py:137} INFO - [2025-05-27T18:30:53.215-0400] {example_kubernetes_executor.py:41} WARNING - The example_kubernetes_executor example DAG requires the kubernetes provider. Please install it with: pip install apache-airflow[cncf.kubernetes]
[2025-05-27T18:30:53.216-0400] {processor.py:755} WARNING - No viable dags retrieved from /Users/sruthibollu/anaconda3/envs/analytics-prep/lib/python3.9/site-packages/airflow/example_dags/example_kubernetes_executor.py
[2025-05-27T18:30:53.539-0400] {processor.py:175} INFO - Processing /Users/sruthibollu/anaconda3/envs/analytics-prep/lib/python3.9/site-packages/airflow/example_dags/example_kubernetes_executor.py took 0.354 seconds
[2025-05-27T18:52:27.131-0400] {processor.py:153} INFO - Started process (PID=55564) to work on /Users/sruthibollu/anaconda3/envs/analytics-prep/lib/python3.9/site-packages/airflow/example_dags/example_kubernetes_executor.py
[2025-05-27T18:52:27.133-0400] {processor.py:743} INFO - Processing file /Users/sruthibollu/anaconda3/envs/analytics-prep/lib/python3.9/site-packages/airflow/example_dags/example_kubernetes_executor.py for tasks to queue
[2025-05-27T18:52:27.134-0400] {logging_mixin.py:137} INFO - [2025-05-27T18:52:27.134-0400] {dagbag.py:538} INFO - Filling up the DagBag from /Users/sruthibollu/anaconda3/envs/analytics-prep/lib/python3.9/site-packages/airflow/example_dags/example_kubernetes_executor.py
[2025-05-27T18:52:27.183-0400] {logging_mixin.py:137} INFO - [2025-05-27T18:52:27.183-0400] {example_kubernetes_executor.py:41} WARNING - The example_kubernetes_executor example DAG requires the kubernetes provider. Please install it with: pip install apache-airflow[cncf.kubernetes]
[2025-05-27T18:52:27.183-0400] {processor.py:755} WARNING - No viable dags retrieved from /Users/sruthibollu/anaconda3/envs/analytics-prep/lib/python3.9/site-packages/airflow/example_dags/example_kubernetes_executor.py
[2025-05-27T18:52:27.556-0400] {processor.py:175} INFO - Processing /Users/sruthibollu/anaconda3/envs/analytics-prep/lib/python3.9/site-packages/airflow/example_dags/example_kubernetes_executor.py took 0.425 seconds
[2025-05-27T19:48:11.481-0400] {processor.py:153} INFO - Started process (PID=56371) to work on /Users/sruthibollu/anaconda3/envs/analytics-prep/lib/python3.9/site-packages/airflow/example_dags/example_kubernetes_executor.py
[2025-05-27T19:48:11.484-0400] {processor.py:743} INFO - Processing file /Users/sruthibollu/anaconda3/envs/analytics-prep/lib/python3.9/site-packages/airflow/example_dags/example_kubernetes_executor.py for tasks to queue
[2025-05-27T19:48:11.484-0400] {logging_mixin.py:137} INFO - [2025-05-27T19:48:11.484-0400] {dagbag.py:538} INFO - Filling up the DagBag from /Users/sruthibollu/anaconda3/envs/analytics-prep/lib/python3.9/site-packages/airflow/example_dags/example_kubernetes_executor.py
[2025-05-27T19:48:11.517-0400] {logging_mixin.py:137} INFO - [2025-05-27T19:48:11.517-0400] {example_kubernetes_executor.py:41} WARNING - The example_kubernetes_executor example DAG requires the kubernetes provider. Please install it with: pip install apache-airflow[cncf.kubernetes]
[2025-05-27T19:48:11.517-0400] {processor.py:755} WARNING - No viable dags retrieved from /Users/sruthibollu/anaconda3/envs/analytics-prep/lib/python3.9/site-packages/airflow/example_dags/example_kubernetes_executor.py
[2025-05-27T19:48:11.929-0400] {processor.py:175} INFO - Processing /Users/sruthibollu/anaconda3/envs/analytics-prep/lib/python3.9/site-packages/airflow/example_dags/example_kubernetes_executor.py took 0.447 seconds
[2025-05-27T19:57:11.986-0400] {processor.py:153} INFO - Started process (PID=56968) to work on /Users/sruthibollu/anaconda3/envs/analytics-prep/lib/python3.9/site-packages/airflow/example_dags/example_kubernetes_executor.py
[2025-05-27T19:57:11.989-0400] {processor.py:743} INFO - Processing file /Users/sruthibollu/anaconda3/envs/analytics-prep/lib/python3.9/site-packages/airflow/example_dags/example_kubernetes_executor.py for tasks to queue
[2025-05-27T19:57:11.989-0400] {logging_mixin.py:137} INFO - [2025-05-27T19:57:11.989-0400] {dagbag.py:538} INFO - Filling up the DagBag from /Users/sruthibollu/anaconda3/envs/analytics-prep/lib/python3.9/site-packages/airflow/example_dags/example_kubernetes_executor.py
[2025-05-27T19:57:12.017-0400] {logging_mixin.py:137} INFO - [2025-05-27T19:57:12.017-0400] {example_kubernetes_executor.py:41} WARNING - The example_kubernetes_executor example DAG requires the kubernetes provider. Please install it with: pip install apache-airflow[cncf.kubernetes]
[2025-05-27T19:57:12.017-0400] {processor.py:755} WARNING - No viable dags retrieved from /Users/sruthibollu/anaconda3/envs/analytics-prep/lib/python3.9/site-packages/airflow/example_dags/example_kubernetes_executor.py
[2025-05-27T19:57:12.357-0400] {processor.py:175} INFO - Processing /Users/sruthibollu/anaconda3/envs/analytics-prep/lib/python3.9/site-packages/airflow/example_dags/example_kubernetes_executor.py took 0.371 seconds
