[2025-05-27T16:48:30.167-0400] {processor.py:153} INFO - Started process (PID=50855) to work on /Users/sruthibollu/anaconda3/envs/analytics-prep/lib/python3.9/site-packages/airflow/example_dags/example_complex.py
[2025-05-27T16:48:30.169-0400] {processor.py:743} INFO - Processing file /Users/sruthibollu/anaconda3/envs/analytics-prep/lib/python3.9/site-packages/airflow/example_dags/example_complex.py for tasks to queue
[2025-05-27T16:48:30.170-0400] {logging_mixin.py:137} INFO - [2025-05-27T16:48:30.169-0400] {dagbag.py:538} INFO - Filling up the DagBag from /Users/sruthibollu/anaconda3/envs/analytics-prep/lib/python3.9/site-packages/airflow/example_dags/example_complex.py
[2025-05-27T16:48:30.190-0400] {logging_mixin.py:137} INFO - [2025-05-27T16:48:30.190-0400] {taskmixin.py:205} WARNING - Dependency <Task(BashOperator): create_entry_group>, delete_entry_group already registered for DAG: example_complex
[2025-05-27T16:48:30.190-0400] {logging_mixin.py:137} INFO - [2025-05-27T16:48:30.190-0400] {taskmixin.py:205} WARNING - Dependency <Task(BashOperator): delete_entry_group>, create_entry_group already registered for DAG: example_complex
[2025-05-27T16:48:30.190-0400] {logging_mixin.py:137} INFO - [2025-05-27T16:48:30.190-0400] {taskmixin.py:205} WARNING - Dependency <Task(BashOperator): create_entry_gcs>, delete_entry already registered for DAG: example_complex
[2025-05-27T16:48:30.190-0400] {logging_mixin.py:137} INFO - [2025-05-27T16:48:30.190-0400] {taskmixin.py:205} WARNING - Dependency <Task(BashOperator): delete_entry>, create_entry_gcs already registered for DAG: example_complex
[2025-05-27T16:48:30.191-0400] {logging_mixin.py:137} INFO - [2025-05-27T16:48:30.191-0400] {taskmixin.py:205} WARNING - Dependency <Task(BashOperator): create_tag>, delete_tag already registered for DAG: example_complex
[2025-05-27T16:48:30.191-0400] {logging_mixin.py:137} INFO - [2025-05-27T16:48:30.191-0400] {taskmixin.py:205} WARNING - Dependency <Task(BashOperator): delete_tag>, create_tag already registered for DAG: example_complex
[2025-05-27T16:48:30.195-0400] {processor.py:753} INFO - DAG(s) dict_keys(['example_complex']) retrieved from /Users/sruthibollu/anaconda3/envs/analytics-prep/lib/python3.9/site-packages/airflow/example_dags/example_complex.py
[2025-05-27T16:48:30.590-0400] {logging_mixin.py:137} INFO - [2025-05-27T16:48:30.590-0400] {dag.py:2690} INFO - Sync 1 DAGs
[2025-05-27T16:48:30.596-0400] {logging_mixin.py:137} INFO - [2025-05-27T16:48:30.596-0400] {dag.py:3437} INFO - Setting next_dagrun for example_complex to None, run_after=None
[2025-05-27T16:48:30.602-0400] {processor.py:175} INFO - Processing /Users/sruthibollu/anaconda3/envs/analytics-prep/lib/python3.9/site-packages/airflow/example_dags/example_complex.py took 0.435 seconds
[2025-05-27T16:49:58.178-0400] {processor.py:153} INFO - Started process (PID=51906) to work on /Users/sruthibollu/anaconda3/envs/analytics-prep/lib/python3.9/site-packages/airflow/example_dags/example_complex.py
[2025-05-27T16:49:58.180-0400] {processor.py:743} INFO - Processing file /Users/sruthibollu/anaconda3/envs/analytics-prep/lib/python3.9/site-packages/airflow/example_dags/example_complex.py for tasks to queue
[2025-05-27T16:49:58.180-0400] {logging_mixin.py:137} INFO - [2025-05-27T16:49:58.180-0400] {dagbag.py:538} INFO - Filling up the DagBag from /Users/sruthibollu/anaconda3/envs/analytics-prep/lib/python3.9/site-packages/airflow/example_dags/example_complex.py
[2025-05-27T16:49:58.201-0400] {logging_mixin.py:137} INFO - [2025-05-27T16:49:58.201-0400] {taskmixin.py:205} WARNING - Dependency <Task(BashOperator): create_entry_group>, delete_entry_group already registered for DAG: example_complex
[2025-05-27T16:49:58.201-0400] {logging_mixin.py:137} INFO - [2025-05-27T16:49:58.201-0400] {taskmixin.py:205} WARNING - Dependency <Task(BashOperator): delete_entry_group>, create_entry_group already registered for DAG: example_complex
[2025-05-27T16:49:58.201-0400] {logging_mixin.py:137} INFO - [2025-05-27T16:49:58.201-0400] {taskmixin.py:205} WARNING - Dependency <Task(BashOperator): create_entry_gcs>, delete_entry already registered for DAG: example_complex
[2025-05-27T16:49:58.201-0400] {logging_mixin.py:137} INFO - [2025-05-27T16:49:58.201-0400] {taskmixin.py:205} WARNING - Dependency <Task(BashOperator): delete_entry>, create_entry_gcs already registered for DAG: example_complex
[2025-05-27T16:49:58.201-0400] {logging_mixin.py:137} INFO - [2025-05-27T16:49:58.201-0400] {taskmixin.py:205} WARNING - Dependency <Task(BashOperator): create_tag>, delete_tag already registered for DAG: example_complex
[2025-05-27T16:49:58.201-0400] {logging_mixin.py:137} INFO - [2025-05-27T16:49:58.201-0400] {taskmixin.py:205} WARNING - Dependency <Task(BashOperator): delete_tag>, create_tag already registered for DAG: example_complex
[2025-05-27T16:49:58.205-0400] {processor.py:753} INFO - DAG(s) dict_keys(['example_complex']) retrieved from /Users/sruthibollu/anaconda3/envs/analytics-prep/lib/python3.9/site-packages/airflow/example_dags/example_complex.py
[2025-05-27T16:49:58.596-0400] {logging_mixin.py:137} INFO - [2025-05-27T16:49:58.596-0400] {dag.py:2690} INFO - Sync 1 DAGs
[2025-05-27T16:49:58.604-0400] {logging_mixin.py:137} INFO - [2025-05-27T16:49:58.604-0400] {dag.py:3437} INFO - Setting next_dagrun for example_complex to None, run_after=None
[2025-05-27T16:49:58.611-0400] {processor.py:175} INFO - Processing /Users/sruthibollu/anaconda3/envs/analytics-prep/lib/python3.9/site-packages/airflow/example_dags/example_complex.py took 0.433 seconds
[2025-05-27T16:51:23.623-0400] {processor.py:153} INFO - Started process (PID=52393) to work on /Users/sruthibollu/anaconda3/envs/analytics-prep/lib/python3.9/site-packages/airflow/example_dags/example_complex.py
[2025-05-27T16:51:23.630-0400] {processor.py:743} INFO - Processing file /Users/sruthibollu/anaconda3/envs/analytics-prep/lib/python3.9/site-packages/airflow/example_dags/example_complex.py for tasks to queue
[2025-05-27T16:51:23.632-0400] {logging_mixin.py:137} INFO - [2025-05-27T16:51:23.632-0400] {dagbag.py:538} INFO - Filling up the DagBag from /Users/sruthibollu/anaconda3/envs/analytics-prep/lib/python3.9/site-packages/airflow/example_dags/example_complex.py
[2025-05-27T16:51:23.682-0400] {logging_mixin.py:137} INFO - [2025-05-27T16:51:23.681-0400] {taskmixin.py:205} WARNING - Dependency <Task(BashOperator): create_entry_group>, delete_entry_group already registered for DAG: example_complex
[2025-05-27T16:51:23.682-0400] {logging_mixin.py:137} INFO - [2025-05-27T16:51:23.682-0400] {taskmixin.py:205} WARNING - Dependency <Task(BashOperator): delete_entry_group>, create_entry_group already registered for DAG: example_complex
[2025-05-27T16:51:23.682-0400] {logging_mixin.py:137} INFO - [2025-05-27T16:51:23.682-0400] {taskmixin.py:205} WARNING - Dependency <Task(BashOperator): create_entry_gcs>, delete_entry already registered for DAG: example_complex
[2025-05-27T16:51:23.682-0400] {logging_mixin.py:137} INFO - [2025-05-27T16:51:23.682-0400] {taskmixin.py:205} WARNING - Dependency <Task(BashOperator): delete_entry>, create_entry_gcs already registered for DAG: example_complex
[2025-05-27T16:51:23.682-0400] {logging_mixin.py:137} INFO - [2025-05-27T16:51:23.682-0400] {taskmixin.py:205} WARNING - Dependency <Task(BashOperator): create_tag>, delete_tag already registered for DAG: example_complex
[2025-05-27T16:51:23.682-0400] {logging_mixin.py:137} INFO - [2025-05-27T16:51:23.682-0400] {taskmixin.py:205} WARNING - Dependency <Task(BashOperator): delete_tag>, create_tag already registered for DAG: example_complex
[2025-05-27T16:51:23.687-0400] {processor.py:753} INFO - DAG(s) dict_keys(['example_complex']) retrieved from /Users/sruthibollu/anaconda3/envs/analytics-prep/lib/python3.9/site-packages/airflow/example_dags/example_complex.py
[2025-05-27T16:51:24.311-0400] {logging_mixin.py:137} INFO - [2025-05-27T16:51:24.310-0400] {dag.py:2690} INFO - Sync 1 DAGs
[2025-05-27T16:51:24.323-0400] {logging_mixin.py:137} INFO - [2025-05-27T16:51:24.322-0400] {dag.py:3437} INFO - Setting next_dagrun for example_complex to None, run_after=None
[2025-05-27T16:51:24.332-0400] {processor.py:175} INFO - Processing /Users/sruthibollu/anaconda3/envs/analytics-prep/lib/python3.9/site-packages/airflow/example_dags/example_complex.py took 0.711 seconds
[2025-05-27T16:52:55.224-0400] {processor.py:153} INFO - Started process (PID=52943) to work on /Users/sruthibollu/anaconda3/envs/analytics-prep/lib/python3.9/site-packages/airflow/example_dags/example_complex.py
[2025-05-27T16:52:55.227-0400] {processor.py:743} INFO - Processing file /Users/sruthibollu/anaconda3/envs/analytics-prep/lib/python3.9/site-packages/airflow/example_dags/example_complex.py for tasks to queue
[2025-05-27T16:52:55.227-0400] {logging_mixin.py:137} INFO - [2025-05-27T16:52:55.227-0400] {dagbag.py:538} INFO - Filling up the DagBag from /Users/sruthibollu/anaconda3/envs/analytics-prep/lib/python3.9/site-packages/airflow/example_dags/example_complex.py
[2025-05-27T16:52:55.259-0400] {logging_mixin.py:137} INFO - [2025-05-27T16:52:55.259-0400] {taskmixin.py:205} WARNING - Dependency <Task(BashOperator): create_entry_group>, delete_entry_group already registered for DAG: example_complex
[2025-05-27T16:52:55.259-0400] {logging_mixin.py:137} INFO - [2025-05-27T16:52:55.259-0400] {taskmixin.py:205} WARNING - Dependency <Task(BashOperator): delete_entry_group>, create_entry_group already registered for DAG: example_complex
[2025-05-27T16:52:55.259-0400] {logging_mixin.py:137} INFO - [2025-05-27T16:52:55.259-0400] {taskmixin.py:205} WARNING - Dependency <Task(BashOperator): create_entry_gcs>, delete_entry already registered for DAG: example_complex
[2025-05-27T16:52:55.259-0400] {logging_mixin.py:137} INFO - [2025-05-27T16:52:55.259-0400] {taskmixin.py:205} WARNING - Dependency <Task(BashOperator): delete_entry>, create_entry_gcs already registered for DAG: example_complex
[2025-05-27T16:52:55.259-0400] {logging_mixin.py:137} INFO - [2025-05-27T16:52:55.259-0400] {taskmixin.py:205} WARNING - Dependency <Task(BashOperator): create_tag>, delete_tag already registered for DAG: example_complex
[2025-05-27T16:52:55.260-0400] {logging_mixin.py:137} INFO - [2025-05-27T16:52:55.259-0400] {taskmixin.py:205} WARNING - Dependency <Task(BashOperator): delete_tag>, create_tag already registered for DAG: example_complex
[2025-05-27T16:52:55.266-0400] {processor.py:753} INFO - DAG(s) dict_keys(['example_complex']) retrieved from /Users/sruthibollu/anaconda3/envs/analytics-prep/lib/python3.9/site-packages/airflow/example_dags/example_complex.py
[2025-05-27T16:52:55.745-0400] {logging_mixin.py:137} INFO - [2025-05-27T16:52:55.745-0400] {dag.py:2690} INFO - Sync 1 DAGs
[2025-05-27T16:52:55.754-0400] {logging_mixin.py:137} INFO - [2025-05-27T16:52:55.754-0400] {dag.py:3437} INFO - Setting next_dagrun for example_complex to None, run_after=None
[2025-05-27T16:52:55.761-0400] {processor.py:175} INFO - Processing /Users/sruthibollu/anaconda3/envs/analytics-prep/lib/python3.9/site-packages/airflow/example_dags/example_complex.py took 0.538 seconds
[2025-05-27T17:31:00.808-0400] {processor.py:153} INFO - Started process (PID=53465) to work on /Users/sruthibollu/anaconda3/envs/analytics-prep/lib/python3.9/site-packages/airflow/example_dags/example_complex.py
[2025-05-27T17:31:00.812-0400] {processor.py:743} INFO - Processing file /Users/sruthibollu/anaconda3/envs/analytics-prep/lib/python3.9/site-packages/airflow/example_dags/example_complex.py for tasks to queue
[2025-05-27T17:31:00.812-0400] {logging_mixin.py:137} INFO - [2025-05-27T17:31:00.812-0400] {dagbag.py:538} INFO - Filling up the DagBag from /Users/sruthibollu/anaconda3/envs/analytics-prep/lib/python3.9/site-packages/airflow/example_dags/example_complex.py
[2025-05-27T17:31:00.866-0400] {logging_mixin.py:137} INFO - [2025-05-27T17:31:00.866-0400] {taskmixin.py:205} WARNING - Dependency <Task(BashOperator): create_entry_group>, delete_entry_group already registered for DAG: example_complex
[2025-05-27T17:31:00.866-0400] {logging_mixin.py:137} INFO - [2025-05-27T17:31:00.866-0400] {taskmixin.py:205} WARNING - Dependency <Task(BashOperator): delete_entry_group>, create_entry_group already registered for DAG: example_complex
[2025-05-27T17:31:00.866-0400] {logging_mixin.py:137} INFO - [2025-05-27T17:31:00.866-0400] {taskmixin.py:205} WARNING - Dependency <Task(BashOperator): create_entry_gcs>, delete_entry already registered for DAG: example_complex
[2025-05-27T17:31:00.866-0400] {logging_mixin.py:137} INFO - [2025-05-27T17:31:00.866-0400] {taskmixin.py:205} WARNING - Dependency <Task(BashOperator): delete_entry>, create_entry_gcs already registered for DAG: example_complex
[2025-05-27T17:31:00.867-0400] {logging_mixin.py:137} INFO - [2025-05-27T17:31:00.867-0400] {taskmixin.py:205} WARNING - Dependency <Task(BashOperator): create_tag>, delete_tag already registered for DAG: example_complex
[2025-05-27T17:31:00.867-0400] {logging_mixin.py:137} INFO - [2025-05-27T17:31:00.867-0400] {taskmixin.py:205} WARNING - Dependency <Task(BashOperator): delete_tag>, create_tag already registered for DAG: example_complex
[2025-05-27T17:31:00.872-0400] {processor.py:753} INFO - DAG(s) dict_keys(['example_complex']) retrieved from /Users/sruthibollu/anaconda3/envs/analytics-prep/lib/python3.9/site-packages/airflow/example_dags/example_complex.py
[2025-05-27T17:31:01.829-0400] {logging_mixin.py:137} INFO - [2025-05-27T17:31:01.829-0400] {dag.py:2690} INFO - Sync 1 DAGs
[2025-05-27T17:31:01.838-0400] {logging_mixin.py:137} INFO - [2025-05-27T17:31:01.838-0400] {dag.py:3437} INFO - Setting next_dagrun for example_complex to None, run_after=None
[2025-05-27T17:31:01.846-0400] {processor.py:175} INFO - Processing /Users/sruthibollu/anaconda3/envs/analytics-prep/lib/python3.9/site-packages/airflow/example_dags/example_complex.py took 1.040 seconds
[2025-05-27T18:19:19.268-0400] {processor.py:153} INFO - Started process (PID=54489) to work on /Users/sruthibollu/anaconda3/envs/analytics-prep/lib/python3.9/site-packages/airflow/example_dags/example_complex.py
[2025-05-27T18:19:19.270-0400] {processor.py:743} INFO - Processing file /Users/sruthibollu/anaconda3/envs/analytics-prep/lib/python3.9/site-packages/airflow/example_dags/example_complex.py for tasks to queue
[2025-05-27T18:19:19.270-0400] {logging_mixin.py:137} INFO - [2025-05-27T18:19:19.270-0400] {dagbag.py:538} INFO - Filling up the DagBag from /Users/sruthibollu/anaconda3/envs/analytics-prep/lib/python3.9/site-packages/airflow/example_dags/example_complex.py
[2025-05-27T18:19:19.290-0400] {logging_mixin.py:137} INFO - [2025-05-27T18:19:19.290-0400] {taskmixin.py:205} WARNING - Dependency <Task(BashOperator): create_entry_group>, delete_entry_group already registered for DAG: example_complex
[2025-05-27T18:19:19.290-0400] {logging_mixin.py:137} INFO - [2025-05-27T18:19:19.290-0400] {taskmixin.py:205} WARNING - Dependency <Task(BashOperator): delete_entry_group>, create_entry_group already registered for DAG: example_complex
[2025-05-27T18:19:19.290-0400] {logging_mixin.py:137} INFO - [2025-05-27T18:19:19.290-0400] {taskmixin.py:205} WARNING - Dependency <Task(BashOperator): create_entry_gcs>, delete_entry already registered for DAG: example_complex
[2025-05-27T18:19:19.290-0400] {logging_mixin.py:137} INFO - [2025-05-27T18:19:19.290-0400] {taskmixin.py:205} WARNING - Dependency <Task(BashOperator): delete_entry>, create_entry_gcs already registered for DAG: example_complex
[2025-05-27T18:19:19.290-0400] {logging_mixin.py:137} INFO - [2025-05-27T18:19:19.290-0400] {taskmixin.py:205} WARNING - Dependency <Task(BashOperator): create_tag>, delete_tag already registered for DAG: example_complex
[2025-05-27T18:19:19.290-0400] {logging_mixin.py:137} INFO - [2025-05-27T18:19:19.290-0400] {taskmixin.py:205} WARNING - Dependency <Task(BashOperator): delete_tag>, create_tag already registered for DAG: example_complex
[2025-05-27T18:19:19.294-0400] {processor.py:753} INFO - DAG(s) dict_keys(['example_complex']) retrieved from /Users/sruthibollu/anaconda3/envs/analytics-prep/lib/python3.9/site-packages/airflow/example_dags/example_complex.py
[2025-05-27T18:19:19.680-0400] {logging_mixin.py:137} INFO - [2025-05-27T18:19:19.680-0400] {dag.py:2690} INFO - Sync 1 DAGs
[2025-05-27T18:19:19.688-0400] {logging_mixin.py:137} INFO - [2025-05-27T18:19:19.688-0400] {dag.py:3437} INFO - Setting next_dagrun for example_complex to None, run_after=None
[2025-05-27T18:19:19.695-0400] {processor.py:175} INFO - Processing /Users/sruthibollu/anaconda3/envs/analytics-prep/lib/python3.9/site-packages/airflow/example_dags/example_complex.py took 0.427 seconds
[2025-05-27T18:38:43.201-0400] {processor.py:153} INFO - Started process (PID=55149) to work on /Users/sruthibollu/anaconda3/envs/analytics-prep/lib/python3.9/site-packages/airflow/example_dags/example_complex.py
[2025-05-27T18:38:43.204-0400] {processor.py:743} INFO - Processing file /Users/sruthibollu/anaconda3/envs/analytics-prep/lib/python3.9/site-packages/airflow/example_dags/example_complex.py for tasks to queue
[2025-05-27T18:38:43.204-0400] {logging_mixin.py:137} INFO - [2025-05-27T18:38:43.204-0400] {dagbag.py:538} INFO - Filling up the DagBag from /Users/sruthibollu/anaconda3/envs/analytics-prep/lib/python3.9/site-packages/airflow/example_dags/example_complex.py
[2025-05-27T18:38:43.290-0400] {logging_mixin.py:137} INFO - [2025-05-27T18:38:43.290-0400] {taskmixin.py:205} WARNING - Dependency <Task(BashOperator): create_entry_group>, delete_entry_group already registered for DAG: example_complex
[2025-05-27T18:38:43.290-0400] {logging_mixin.py:137} INFO - [2025-05-27T18:38:43.290-0400] {taskmixin.py:205} WARNING - Dependency <Task(BashOperator): delete_entry_group>, create_entry_group already registered for DAG: example_complex
[2025-05-27T18:38:43.290-0400] {logging_mixin.py:137} INFO - [2025-05-27T18:38:43.290-0400] {taskmixin.py:205} WARNING - Dependency <Task(BashOperator): create_entry_gcs>, delete_entry already registered for DAG: example_complex
[2025-05-27T18:38:43.290-0400] {logging_mixin.py:137} INFO - [2025-05-27T18:38:43.290-0400] {taskmixin.py:205} WARNING - Dependency <Task(BashOperator): delete_entry>, create_entry_gcs already registered for DAG: example_complex
[2025-05-27T18:38:43.290-0400] {logging_mixin.py:137} INFO - [2025-05-27T18:38:43.290-0400] {taskmixin.py:205} WARNING - Dependency <Task(BashOperator): create_tag>, delete_tag already registered for DAG: example_complex
[2025-05-27T18:38:43.290-0400] {logging_mixin.py:137} INFO - [2025-05-27T18:38:43.290-0400] {taskmixin.py:205} WARNING - Dependency <Task(BashOperator): delete_tag>, create_tag already registered for DAG: example_complex
[2025-05-27T18:38:43.306-0400] {processor.py:753} INFO - DAG(s) dict_keys(['example_complex']) retrieved from /Users/sruthibollu/anaconda3/envs/analytics-prep/lib/python3.9/site-packages/airflow/example_dags/example_complex.py
[2025-05-27T18:38:43.888-0400] {logging_mixin.py:137} INFO - [2025-05-27T18:38:43.888-0400] {dag.py:2690} INFO - Sync 1 DAGs
[2025-05-27T18:38:43.895-0400] {logging_mixin.py:137} INFO - [2025-05-27T18:38:43.894-0400] {dag.py:3437} INFO - Setting next_dagrun for example_complex to None, run_after=None
[2025-05-27T18:38:43.901-0400] {processor.py:175} INFO - Processing /Users/sruthibollu/anaconda3/envs/analytics-prep/lib/python3.9/site-packages/airflow/example_dags/example_complex.py took 0.701 seconds
[2025-05-27T19:05:44.983-0400] {processor.py:153} INFO - Started process (PID=55953) to work on /Users/sruthibollu/anaconda3/envs/analytics-prep/lib/python3.9/site-packages/airflow/example_dags/example_complex.py
[2025-05-27T19:05:44.986-0400] {processor.py:743} INFO - Processing file /Users/sruthibollu/anaconda3/envs/analytics-prep/lib/python3.9/site-packages/airflow/example_dags/example_complex.py for tasks to queue
[2025-05-27T19:05:44.986-0400] {logging_mixin.py:137} INFO - [2025-05-27T19:05:44.986-0400] {dagbag.py:538} INFO - Filling up the DagBag from /Users/sruthibollu/anaconda3/envs/analytics-prep/lib/python3.9/site-packages/airflow/example_dags/example_complex.py
[2025-05-27T19:05:45.017-0400] {logging_mixin.py:137} INFO - [2025-05-27T19:05:45.017-0400] {taskmixin.py:205} WARNING - Dependency <Task(BashOperator): create_entry_group>, delete_entry_group already registered for DAG: example_complex
[2025-05-27T19:05:45.017-0400] {logging_mixin.py:137} INFO - [2025-05-27T19:05:45.017-0400] {taskmixin.py:205} WARNING - Dependency <Task(BashOperator): delete_entry_group>, create_entry_group already registered for DAG: example_complex
[2025-05-27T19:05:45.017-0400] {logging_mixin.py:137} INFO - [2025-05-27T19:05:45.017-0400] {taskmixin.py:205} WARNING - Dependency <Task(BashOperator): create_entry_gcs>, delete_entry already registered for DAG: example_complex
[2025-05-27T19:05:45.017-0400] {logging_mixin.py:137} INFO - [2025-05-27T19:05:45.017-0400] {taskmixin.py:205} WARNING - Dependency <Task(BashOperator): delete_entry>, create_entry_gcs already registered for DAG: example_complex
[2025-05-27T19:05:45.017-0400] {logging_mixin.py:137} INFO - [2025-05-27T19:05:45.017-0400] {taskmixin.py:205} WARNING - Dependency <Task(BashOperator): create_tag>, delete_tag already registered for DAG: example_complex
[2025-05-27T19:05:45.017-0400] {logging_mixin.py:137} INFO - [2025-05-27T19:05:45.017-0400] {taskmixin.py:205} WARNING - Dependency <Task(BashOperator): delete_tag>, create_tag already registered for DAG: example_complex
[2025-05-27T19:05:45.023-0400] {processor.py:753} INFO - DAG(s) dict_keys(['example_complex']) retrieved from /Users/sruthibollu/anaconda3/envs/analytics-prep/lib/python3.9/site-packages/airflow/example_dags/example_complex.py
[2025-05-27T19:05:45.409-0400] {logging_mixin.py:137} INFO - [2025-05-27T19:05:45.409-0400] {dag.py:2690} INFO - Sync 1 DAGs
[2025-05-27T19:05:45.416-0400] {logging_mixin.py:137} INFO - [2025-05-27T19:05:45.416-0400] {dag.py:3437} INFO - Setting next_dagrun for example_complex to None, run_after=None
[2025-05-27T19:05:45.422-0400] {processor.py:175} INFO - Processing /Users/sruthibollu/anaconda3/envs/analytics-prep/lib/python3.9/site-packages/airflow/example_dags/example_complex.py took 0.439 seconds
[2025-05-27T19:48:20.702-0400] {processor.py:153} INFO - Started process (PID=56445) to work on /Users/sruthibollu/anaconda3/envs/analytics-prep/lib/python3.9/site-packages/airflow/example_dags/example_complex.py
[2025-05-27T19:48:20.705-0400] {processor.py:743} INFO - Processing file /Users/sruthibollu/anaconda3/envs/analytics-prep/lib/python3.9/site-packages/airflow/example_dags/example_complex.py for tasks to queue
[2025-05-27T19:48:20.705-0400] {logging_mixin.py:137} INFO - [2025-05-27T19:48:20.705-0400] {dagbag.py:538} INFO - Filling up the DagBag from /Users/sruthibollu/anaconda3/envs/analytics-prep/lib/python3.9/site-packages/airflow/example_dags/example_complex.py
[2025-05-27T19:48:20.727-0400] {logging_mixin.py:137} INFO - [2025-05-27T19:48:20.727-0400] {taskmixin.py:205} WARNING - Dependency <Task(BashOperator): create_entry_group>, delete_entry_group already registered for DAG: example_complex
[2025-05-27T19:48:20.727-0400] {logging_mixin.py:137} INFO - [2025-05-27T19:48:20.727-0400] {taskmixin.py:205} WARNING - Dependency <Task(BashOperator): delete_entry_group>, create_entry_group already registered for DAG: example_complex
[2025-05-27T19:48:20.727-0400] {logging_mixin.py:137} INFO - [2025-05-27T19:48:20.727-0400] {taskmixin.py:205} WARNING - Dependency <Task(BashOperator): create_entry_gcs>, delete_entry already registered for DAG: example_complex
[2025-05-27T19:48:20.728-0400] {logging_mixin.py:137} INFO - [2025-05-27T19:48:20.727-0400] {taskmixin.py:205} WARNING - Dependency <Task(BashOperator): delete_entry>, create_entry_gcs already registered for DAG: example_complex
[2025-05-27T19:48:20.728-0400] {logging_mixin.py:137} INFO - [2025-05-27T19:48:20.728-0400] {taskmixin.py:205} WARNING - Dependency <Task(BashOperator): create_tag>, delete_tag already registered for DAG: example_complex
[2025-05-27T19:48:20.728-0400] {logging_mixin.py:137} INFO - [2025-05-27T19:48:20.728-0400] {taskmixin.py:205} WARNING - Dependency <Task(BashOperator): delete_tag>, create_tag already registered for DAG: example_complex
[2025-05-27T19:48:20.732-0400] {processor.py:753} INFO - DAG(s) dict_keys(['example_complex']) retrieved from /Users/sruthibollu/anaconda3/envs/analytics-prep/lib/python3.9/site-packages/airflow/example_dags/example_complex.py
[2025-05-27T19:48:21.115-0400] {logging_mixin.py:137} INFO - [2025-05-27T19:48:21.115-0400] {dag.py:2690} INFO - Sync 1 DAGs
[2025-05-27T19:48:21.122-0400] {logging_mixin.py:137} INFO - [2025-05-27T19:48:21.122-0400] {dag.py:3437} INFO - Setting next_dagrun for example_complex to None, run_after=None
[2025-05-27T19:48:21.128-0400] {processor.py:175} INFO - Processing /Users/sruthibollu/anaconda3/envs/analytics-prep/lib/python3.9/site-packages/airflow/example_dags/example_complex.py took 0.426 seconds
