[2025-05-27T16:48:17.149-0400] {processor.py:153} INFO - Started process (PID=50788) to work on /Users/sruthibollu/anaconda3/envs/analytics-prep/lib/python3.9/site-packages/airflow/example_dags/example_latest_only_with_trigger.py
[2025-05-27T16:48:17.151-0400] {processor.py:743} INFO - Processing file /Users/sruthibollu/anaconda3/envs/analytics-prep/lib/python3.9/site-packages/airflow/example_dags/example_latest_only_with_trigger.py for tasks to queue
[2025-05-27T16:48:17.151-0400] {logging_mixin.py:137} INFO - [2025-05-27T16:48:17.151-0400] {dagbag.py:538} INFO - Filling up the DagBag from /Users/sruthibollu/anaconda3/envs/analytics-prep/lib/python3.9/site-packages/airflow/example_dags/example_latest_only_with_trigger.py
[2025-05-27T16:48:17.176-0400] {processor.py:753} INFO - DAG(s) dict_keys(['latest_only_with_trigger']) retrieved from /Users/sruthibollu/anaconda3/envs/analytics-prep/lib/python3.9/site-packages/airflow/example_dags/example_latest_only_with_trigger.py
[2025-05-27T16:48:17.551-0400] {logging_mixin.py:137} INFO - [2025-05-27T16:48:17.551-0400] {dag.py:2690} INFO - Sync 1 DAGs
[2025-05-27T16:48:17.557-0400] {logging_mixin.py:137} INFO - [2025-05-27T16:48:17.557-0400] {dag.py:3437} INFO - Setting next_dagrun for latest_only_with_trigger to 2025-05-27T16:48:17.557807+00:00, run_after=2025-05-27T20:48:17.557807+00:00
[2025-05-27T16:48:17.564-0400] {processor.py:175} INFO - Processing /Users/sruthibollu/anaconda3/envs/analytics-prep/lib/python3.9/site-packages/airflow/example_dags/example_latest_only_with_trigger.py took 0.415 seconds
[2025-05-27T16:49:45.891-0400] {processor.py:153} INFO - Started process (PID=51831) to work on /Users/sruthibollu/anaconda3/envs/analytics-prep/lib/python3.9/site-packages/airflow/example_dags/example_latest_only_with_trigger.py
[2025-05-27T16:49:45.893-0400] {processor.py:743} INFO - Processing file /Users/sruthibollu/anaconda3/envs/analytics-prep/lib/python3.9/site-packages/airflow/example_dags/example_latest_only_with_trigger.py for tasks to queue
[2025-05-27T16:49:45.893-0400] {logging_mixin.py:137} INFO - [2025-05-27T16:49:45.893-0400] {dagbag.py:538} INFO - Filling up the DagBag from /Users/sruthibollu/anaconda3/envs/analytics-prep/lib/python3.9/site-packages/airflow/example_dags/example_latest_only_with_trigger.py
[2025-05-27T16:49:45.917-0400] {processor.py:753} INFO - DAG(s) dict_keys(['latest_only_with_trigger']) retrieved from /Users/sruthibollu/anaconda3/envs/analytics-prep/lib/python3.9/site-packages/airflow/example_dags/example_latest_only_with_trigger.py
[2025-05-27T16:49:46.262-0400] {logging_mixin.py:137} INFO - [2025-05-27T16:49:46.261-0400] {dag.py:2690} INFO - Sync 1 DAGs
[2025-05-27T16:49:46.268-0400] {logging_mixin.py:137} INFO - [2025-05-27T16:49:46.268-0400] {dag.py:3437} INFO - Setting next_dagrun for latest_only_with_trigger to 2025-05-27T16:49:46.268258+00:00, run_after=2025-05-27T20:49:46.268258+00:00
[2025-05-27T16:49:46.274-0400] {processor.py:175} INFO - Processing /Users/sruthibollu/anaconda3/envs/analytics-prep/lib/python3.9/site-packages/airflow/example_dags/example_latest_only_with_trigger.py took 0.384 seconds
[2025-05-27T16:51:03.157-0400] {processor.py:153} INFO - Started process (PID=52289) to work on /Users/sruthibollu/anaconda3/envs/analytics-prep/lib/python3.9/site-packages/airflow/example_dags/example_latest_only_with_trigger.py
[2025-05-27T16:51:03.159-0400] {processor.py:743} INFO - Processing file /Users/sruthibollu/anaconda3/envs/analytics-prep/lib/python3.9/site-packages/airflow/example_dags/example_latest_only_with_trigger.py for tasks to queue
[2025-05-27T16:51:03.159-0400] {logging_mixin.py:137} INFO - [2025-05-27T16:51:03.159-0400] {dagbag.py:538} INFO - Filling up the DagBag from /Users/sruthibollu/anaconda3/envs/analytics-prep/lib/python3.9/site-packages/airflow/example_dags/example_latest_only_with_trigger.py
[2025-05-27T16:51:03.182-0400] {processor.py:753} INFO - DAG(s) dict_keys(['latest_only_with_trigger']) retrieved from /Users/sruthibollu/anaconda3/envs/analytics-prep/lib/python3.9/site-packages/airflow/example_dags/example_latest_only_with_trigger.py
[2025-05-27T16:51:03.537-0400] {logging_mixin.py:137} INFO - [2025-05-27T16:51:03.536-0400] {dag.py:2690} INFO - Sync 1 DAGs
[2025-05-27T16:51:03.545-0400] {logging_mixin.py:137} INFO - [2025-05-27T16:51:03.545-0400] {dag.py:3437} INFO - Setting next_dagrun for latest_only_with_trigger to 2025-05-27T16:51:03.545066+00:00, run_after=2025-05-27T20:51:03.545066+00:00
[2025-05-27T16:51:03.551-0400] {processor.py:175} INFO - Processing /Users/sruthibollu/anaconda3/envs/analytics-prep/lib/python3.9/site-packages/airflow/example_dags/example_latest_only_with_trigger.py took 0.395 seconds
[2025-05-27T16:52:23.656-0400] {processor.py:153} INFO - Started process (PID=52759) to work on /Users/sruthibollu/anaconda3/envs/analytics-prep/lib/python3.9/site-packages/airflow/example_dags/example_latest_only_with_trigger.py
[2025-05-27T16:52:23.658-0400] {processor.py:743} INFO - Processing file /Users/sruthibollu/anaconda3/envs/analytics-prep/lib/python3.9/site-packages/airflow/example_dags/example_latest_only_with_trigger.py for tasks to queue
[2025-05-27T16:52:23.658-0400] {logging_mixin.py:137} INFO - [2025-05-27T16:52:23.658-0400] {dagbag.py:538} INFO - Filling up the DagBag from /Users/sruthibollu/anaconda3/envs/analytics-prep/lib/python3.9/site-packages/airflow/example_dags/example_latest_only_with_trigger.py
[2025-05-27T16:52:23.682-0400] {processor.py:753} INFO - DAG(s) dict_keys(['latest_only_with_trigger']) retrieved from /Users/sruthibollu/anaconda3/envs/analytics-prep/lib/python3.9/site-packages/airflow/example_dags/example_latest_only_with_trigger.py
[2025-05-27T16:52:24.042-0400] {logging_mixin.py:137} INFO - [2025-05-27T16:52:24.042-0400] {dag.py:2690} INFO - Sync 1 DAGs
[2025-05-27T16:52:24.049-0400] {logging_mixin.py:137} INFO - [2025-05-27T16:52:24.049-0400] {dag.py:3437} INFO - Setting next_dagrun for latest_only_with_trigger to 2025-05-27T16:52:24.049300+00:00, run_after=2025-05-27T20:52:24.049300+00:00
[2025-05-27T16:52:24.057-0400] {processor.py:175} INFO - Processing /Users/sruthibollu/anaconda3/envs/analytics-prep/lib/python3.9/site-packages/airflow/example_dags/example_latest_only_with_trigger.py took 0.402 seconds
[2025-05-27T16:53:40.980-0400] {processor.py:153} INFO - Started process (PID=53212) to work on /Users/sruthibollu/anaconda3/envs/analytics-prep/lib/python3.9/site-packages/airflow/example_dags/example_latest_only_with_trigger.py
[2025-05-27T16:53:40.982-0400] {processor.py:743} INFO - Processing file /Users/sruthibollu/anaconda3/envs/analytics-prep/lib/python3.9/site-packages/airflow/example_dags/example_latest_only_with_trigger.py for tasks to queue
[2025-05-27T16:53:40.983-0400] {logging_mixin.py:137} INFO - [2025-05-27T16:53:40.983-0400] {dagbag.py:538} INFO - Filling up the DagBag from /Users/sruthibollu/anaconda3/envs/analytics-prep/lib/python3.9/site-packages/airflow/example_dags/example_latest_only_with_trigger.py
[2025-05-27T16:53:41.008-0400] {processor.py:753} INFO - DAG(s) dict_keys(['latest_only_with_trigger']) retrieved from /Users/sruthibollu/anaconda3/envs/analytics-prep/lib/python3.9/site-packages/airflow/example_dags/example_latest_only_with_trigger.py
[2025-05-27T16:53:41.385-0400] {logging_mixin.py:137} INFO - [2025-05-27T16:53:41.385-0400] {dag.py:2690} INFO - Sync 1 DAGs
[2025-05-27T16:53:41.392-0400] {logging_mixin.py:137} INFO - [2025-05-27T16:53:41.392-0400] {dag.py:3437} INFO - Setting next_dagrun for latest_only_with_trigger to 2025-05-27T16:53:41.391967+00:00, run_after=2025-05-27T20:53:41.391967+00:00
[2025-05-27T16:53:41.398-0400] {processor.py:175} INFO - Processing /Users/sruthibollu/anaconda3/envs/analytics-prep/lib/python3.9/site-packages/airflow/example_dags/example_latest_only_with_trigger.py took 0.418 seconds
[2025-05-27T17:49:04.606-0400] {processor.py:153} INFO - Started process (PID=53892) to work on /Users/sruthibollu/anaconda3/envs/analytics-prep/lib/python3.9/site-packages/airflow/example_dags/example_latest_only_with_trigger.py
[2025-05-27T17:49:04.609-0400] {processor.py:743} INFO - Processing file /Users/sruthibollu/anaconda3/envs/analytics-prep/lib/python3.9/site-packages/airflow/example_dags/example_latest_only_with_trigger.py for tasks to queue
[2025-05-27T17:49:04.610-0400] {logging_mixin.py:137} INFO - [2025-05-27T17:49:04.610-0400] {dagbag.py:538} INFO - Filling up the DagBag from /Users/sruthibollu/anaconda3/envs/analytics-prep/lib/python3.9/site-packages/airflow/example_dags/example_latest_only_with_trigger.py
[2025-05-27T17:49:04.646-0400] {processor.py:753} INFO - DAG(s) dict_keys(['latest_only_with_trigger']) retrieved from /Users/sruthibollu/anaconda3/envs/analytics-prep/lib/python3.9/site-packages/airflow/example_dags/example_latest_only_with_trigger.py
[2025-05-27T17:49:05.064-0400] {logging_mixin.py:137} INFO - [2025-05-27T17:49:05.064-0400] {dag.py:2690} INFO - Sync 1 DAGs
[2025-05-27T17:49:05.074-0400] {logging_mixin.py:137} INFO - [2025-05-27T17:49:05.074-0400] {dag.py:3437} INFO - Setting next_dagrun for latest_only_with_trigger to 2025-05-27T17:49:05.074062+00:00, run_after=2025-05-27T21:49:05.074062+00:00
[2025-05-27T17:49:05.082-0400] {processor.py:175} INFO - Processing /Users/sruthibollu/anaconda3/envs/analytics-prep/lib/python3.9/site-packages/airflow/example_dags/example_latest_only_with_trigger.py took 0.476 seconds
[2025-05-27T18:30:49.851-0400] {processor.py:153} INFO - Started process (PID=54870) to work on /Users/sruthibollu/anaconda3/envs/analytics-prep/lib/python3.9/site-packages/airflow/example_dags/example_latest_only_with_trigger.py
[2025-05-27T18:30:49.853-0400] {processor.py:743} INFO - Processing file /Users/sruthibollu/anaconda3/envs/analytics-prep/lib/python3.9/site-packages/airflow/example_dags/example_latest_only_with_trigger.py for tasks to queue
[2025-05-27T18:30:49.853-0400] {logging_mixin.py:137} INFO - [2025-05-27T18:30:49.853-0400] {dagbag.py:538} INFO - Filling up the DagBag from /Users/sruthibollu/anaconda3/envs/analytics-prep/lib/python3.9/site-packages/airflow/example_dags/example_latest_only_with_trigger.py
[2025-05-27T18:30:49.878-0400] {processor.py:753} INFO - DAG(s) dict_keys(['latest_only_with_trigger']) retrieved from /Users/sruthibollu/anaconda3/envs/analytics-prep/lib/python3.9/site-packages/airflow/example_dags/example_latest_only_with_trigger.py
[2025-05-27T18:30:50.257-0400] {logging_mixin.py:137} INFO - [2025-05-27T18:30:50.257-0400] {dag.py:2690} INFO - Sync 1 DAGs
[2025-05-27T18:30:50.263-0400] {logging_mixin.py:137} INFO - [2025-05-27T18:30:50.263-0400] {dag.py:3437} INFO - Setting next_dagrun for latest_only_with_trigger to 2025-05-27T18:30:50.263563+00:00, run_after=2025-05-27T22:30:50.263563+00:00
[2025-05-27T18:30:50.270-0400] {processor.py:175} INFO - Processing /Users/sruthibollu/anaconda3/envs/analytics-prep/lib/python3.9/site-packages/airflow/example_dags/example_latest_only_with_trigger.py took 0.420 seconds
[2025-05-27T18:52:23.040-0400] {processor.py:153} INFO - Started process (PID=55530) to work on /Users/sruthibollu/anaconda3/envs/analytics-prep/lib/python3.9/site-packages/airflow/example_dags/example_latest_only_with_trigger.py
[2025-05-27T18:52:23.043-0400] {processor.py:743} INFO - Processing file /Users/sruthibollu/anaconda3/envs/analytics-prep/lib/python3.9/site-packages/airflow/example_dags/example_latest_only_with_trigger.py for tasks to queue
[2025-05-27T18:52:23.043-0400] {logging_mixin.py:137} INFO - [2025-05-27T18:52:23.043-0400] {dagbag.py:538} INFO - Filling up the DagBag from /Users/sruthibollu/anaconda3/envs/analytics-prep/lib/python3.9/site-packages/airflow/example_dags/example_latest_only_with_trigger.py
[2025-05-27T18:52:23.073-0400] {processor.py:753} INFO - DAG(s) dict_keys(['latest_only_with_trigger']) retrieved from /Users/sruthibollu/anaconda3/envs/analytics-prep/lib/python3.9/site-packages/airflow/example_dags/example_latest_only_with_trigger.py
[2025-05-27T18:52:23.751-0400] {logging_mixin.py:137} INFO - [2025-05-27T18:52:23.751-0400] {dag.py:2690} INFO - Sync 1 DAGs
[2025-05-27T18:52:23.766-0400] {logging_mixin.py:137} INFO - [2025-05-27T18:52:23.766-0400] {dag.py:3437} INFO - Setting next_dagrun for latest_only_with_trigger to 2025-05-27T18:52:23.766200+00:00, run_after=2025-05-27T22:52:23.766200+00:00
[2025-05-27T18:52:23.777-0400] {processor.py:175} INFO - Processing /Users/sruthibollu/anaconda3/envs/analytics-prep/lib/python3.9/site-packages/airflow/example_dags/example_latest_only_with_trigger.py took 0.738 seconds
[2025-05-27T19:37:23.742-0400] {processor.py:153} INFO - Started process (PID=56349) to work on /Users/sruthibollu/anaconda3/envs/analytics-prep/lib/python3.9/site-packages/airflow/example_dags/example_latest_only_with_trigger.py
[2025-05-27T19:37:23.745-0400] {processor.py:743} INFO - Processing file /Users/sruthibollu/anaconda3/envs/analytics-prep/lib/python3.9/site-packages/airflow/example_dags/example_latest_only_with_trigger.py for tasks to queue
[2025-05-27T19:37:23.746-0400] {logging_mixin.py:137} INFO - [2025-05-27T19:37:23.746-0400] {dagbag.py:538} INFO - Filling up the DagBag from /Users/sruthibollu/anaconda3/envs/analytics-prep/lib/python3.9/site-packages/airflow/example_dags/example_latest_only_with_trigger.py
[2025-05-27T19:37:23.775-0400] {processor.py:753} INFO - DAG(s) dict_keys(['latest_only_with_trigger']) retrieved from /Users/sruthibollu/anaconda3/envs/analytics-prep/lib/python3.9/site-packages/airflow/example_dags/example_latest_only_with_trigger.py
[2025-05-27T19:37:24.114-0400] {logging_mixin.py:137} INFO - [2025-05-27T19:37:24.114-0400] {dag.py:2690} INFO - Sync 1 DAGs
[2025-05-27T19:37:24.122-0400] {logging_mixin.py:137} INFO - [2025-05-27T19:37:24.121-0400] {dag.py:3437} INFO - Setting next_dagrun for latest_only_with_trigger to 2025-05-27T19:37:24.121886+00:00, run_after=2025-05-27T23:37:24.121886+00:00
[2025-05-27T19:37:24.127-0400] {processor.py:175} INFO - Processing /Users/sruthibollu/anaconda3/envs/analytics-prep/lib/python3.9/site-packages/airflow/example_dags/example_latest_only_with_trigger.py took 0.385 seconds
[2025-05-27T19:56:06.110-0400] {processor.py:153} INFO - Started process (PID=56787) to work on /Users/sruthibollu/anaconda3/envs/analytics-prep/lib/python3.9/site-packages/airflow/example_dags/example_latest_only_with_trigger.py
[2025-05-27T19:56:06.113-0400] {processor.py:743} INFO - Processing file /Users/sruthibollu/anaconda3/envs/analytics-prep/lib/python3.9/site-packages/airflow/example_dags/example_latest_only_with_trigger.py for tasks to queue
[2025-05-27T19:56:06.113-0400] {logging_mixin.py:137} INFO - [2025-05-27T19:56:06.113-0400] {dagbag.py:538} INFO - Filling up the DagBag from /Users/sruthibollu/anaconda3/envs/analytics-prep/lib/python3.9/site-packages/airflow/example_dags/example_latest_only_with_trigger.py
[2025-05-27T19:56:06.137-0400] {processor.py:753} INFO - DAG(s) dict_keys(['latest_only_with_trigger']) retrieved from /Users/sruthibollu/anaconda3/envs/analytics-prep/lib/python3.9/site-packages/airflow/example_dags/example_latest_only_with_trigger.py
[2025-05-27T19:56:06.519-0400] {logging_mixin.py:137} INFO - [2025-05-27T19:56:06.519-0400] {dag.py:2690} INFO - Sync 1 DAGs
[2025-05-27T19:56:06.526-0400] {logging_mixin.py:137} INFO - [2025-05-27T19:56:06.526-0400] {dag.py:3437} INFO - Setting next_dagrun for latest_only_with_trigger to 2025-05-27T19:56:06.526856+00:00, run_after=2025-05-27T23:56:06.526856+00:00
[2025-05-27T19:56:06.533-0400] {processor.py:175} INFO - Processing /Users/sruthibollu/anaconda3/envs/analytics-prep/lib/python3.9/site-packages/airflow/example_dags/example_latest_only_with_trigger.py took 0.423 seconds
