[2025-05-27T16:48:08.198-0400] {processor.py:153} INFO - Started process (PID=50057) to work on /Users/sruthibollu/anaconda3/envs/analytics-prep/lib/python3.9/site-packages/airflow/example_dags/example_sensor_decorator.py
[2025-05-27T16:48:08.200-0400] {processor.py:743} INFO - Processing file /Users/sruthibollu/anaconda3/envs/analytics-prep/lib/python3.9/site-packages/airflow/example_dags/example_sensor_decorator.py for tasks to queue
[2025-05-27T16:48:08.200-0400] {logging_mixin.py:137} INFO - [2025-05-27T16:48:08.200-0400] {dagbag.py:538} INFO - Filling up the DagBag from /Users/sruthibollu/anaconda3/envs/analytics-prep/lib/python3.9/site-packages/airflow/example_dags/example_sensor_decorator.py
[2025-05-27T16:48:08.236-0400] {processor.py:753} INFO - DAG(s) dict_keys(['example_sensor_decorator']) retrieved from /Users/sruthibollu/anaconda3/envs/analytics-prep/lib/python3.9/site-packages/airflow/example_dags/example_sensor_decorator.py
[2025-05-27T16:48:08.621-0400] {logging_mixin.py:137} INFO - [2025-05-27T16:48:08.620-0400] {dag.py:2690} INFO - Sync 1 DAGs
[2025-05-27T16:48:08.626-0400] {logging_mixin.py:137} INFO - [2025-05-27T16:48:08.626-0400] {dag.py:3437} INFO - Setting next_dagrun for example_sensor_decorator to None, run_after=None
[2025-05-27T16:48:08.632-0400] {processor.py:175} INFO - Processing /Users/sruthibollu/anaconda3/envs/analytics-prep/lib/python3.9/site-packages/airflow/example_dags/example_sensor_decorator.py took 0.435 seconds
[2025-05-27T16:49:21.171-0400] {processor.py:153} INFO - Started process (PID=51145) to work on /Users/sruthibollu/anaconda3/envs/analytics-prep/lib/python3.9/site-packages/airflow/example_dags/example_sensor_decorator.py
[2025-05-27T16:49:21.173-0400] {processor.py:743} INFO - Processing file /Users/sruthibollu/anaconda3/envs/analytics-prep/lib/python3.9/site-packages/airflow/example_dags/example_sensor_decorator.py for tasks to queue
[2025-05-27T16:49:21.173-0400] {logging_mixin.py:137} INFO - [2025-05-27T16:49:21.173-0400] {dagbag.py:538} INFO - Filling up the DagBag from /Users/sruthibollu/anaconda3/envs/analytics-prep/lib/python3.9/site-packages/airflow/example_dags/example_sensor_decorator.py
[2025-05-27T16:49:21.208-0400] {processor.py:753} INFO - DAG(s) dict_keys(['example_sensor_decorator']) retrieved from /Users/sruthibollu/anaconda3/envs/analytics-prep/lib/python3.9/site-packages/airflow/example_dags/example_sensor_decorator.py
[2025-05-27T16:49:21.627-0400] {logging_mixin.py:137} INFO - [2025-05-27T16:49:21.626-0400] {dag.py:2690} INFO - Sync 1 DAGs
[2025-05-27T16:49:21.632-0400] {logging_mixin.py:137} INFO - [2025-05-27T16:49:21.632-0400] {dag.py:3437} INFO - Setting next_dagrun for example_sensor_decorator to None, run_after=None
[2025-05-27T16:49:21.639-0400] {processor.py:175} INFO - Processing /Users/sruthibollu/anaconda3/envs/analytics-prep/lib/python3.9/site-packages/airflow/example_dags/example_sensor_decorator.py took 0.469 seconds
[2025-05-27T16:50:46.341-0400] {processor.py:153} INFO - Started process (PID=52192) to work on /Users/sruthibollu/anaconda3/envs/analytics-prep/lib/python3.9/site-packages/airflow/example_dags/example_sensor_decorator.py
[2025-05-27T16:50:46.343-0400] {processor.py:743} INFO - Processing file /Users/sruthibollu/anaconda3/envs/analytics-prep/lib/python3.9/site-packages/airflow/example_dags/example_sensor_decorator.py for tasks to queue
[2025-05-27T16:50:46.343-0400] {logging_mixin.py:137} INFO - [2025-05-27T16:50:46.343-0400] {dagbag.py:538} INFO - Filling up the DagBag from /Users/sruthibollu/anaconda3/envs/analytics-prep/lib/python3.9/site-packages/airflow/example_dags/example_sensor_decorator.py
[2025-05-27T16:50:46.381-0400] {processor.py:753} INFO - DAG(s) dict_keys(['example_sensor_decorator']) retrieved from /Users/sruthibollu/anaconda3/envs/analytics-prep/lib/python3.9/site-packages/airflow/example_dags/example_sensor_decorator.py
[2025-05-27T16:50:46.809-0400] {logging_mixin.py:137} INFO - [2025-05-27T16:50:46.809-0400] {dag.py:2690} INFO - Sync 1 DAGs
[2025-05-27T16:50:46.815-0400] {logging_mixin.py:137} INFO - [2025-05-27T16:50:46.815-0400] {dag.py:3437} INFO - Setting next_dagrun for example_sensor_decorator to None, run_after=None
[2025-05-27T16:50:46.822-0400] {processor.py:175} INFO - Processing /Users/sruthibollu/anaconda3/envs/analytics-prep/lib/python3.9/site-packages/airflow/example_dags/example_sensor_decorator.py took 0.482 seconds
[2025-05-27T16:52:13.910-0400] {processor.py:153} INFO - Started process (PID=52700) to work on /Users/sruthibollu/anaconda3/envs/analytics-prep/lib/python3.9/site-packages/airflow/example_dags/example_sensor_decorator.py
[2025-05-27T16:52:13.912-0400] {processor.py:743} INFO - Processing file /Users/sruthibollu/anaconda3/envs/analytics-prep/lib/python3.9/site-packages/airflow/example_dags/example_sensor_decorator.py for tasks to queue
[2025-05-27T16:52:13.912-0400] {logging_mixin.py:137} INFO - [2025-05-27T16:52:13.912-0400] {dagbag.py:538} INFO - Filling up the DagBag from /Users/sruthibollu/anaconda3/envs/analytics-prep/lib/python3.9/site-packages/airflow/example_dags/example_sensor_decorator.py
[2025-05-27T16:52:13.947-0400] {processor.py:753} INFO - DAG(s) dict_keys(['example_sensor_decorator']) retrieved from /Users/sruthibollu/anaconda3/envs/analytics-prep/lib/python3.9/site-packages/airflow/example_dags/example_sensor_decorator.py
[2025-05-27T16:52:14.343-0400] {logging_mixin.py:137} INFO - [2025-05-27T16:52:14.343-0400] {dag.py:2690} INFO - Sync 1 DAGs
[2025-05-27T16:52:14.351-0400] {logging_mixin.py:137} INFO - [2025-05-27T16:52:14.351-0400] {dag.py:3437} INFO - Setting next_dagrun for example_sensor_decorator to None, run_after=None
[2025-05-27T16:52:14.359-0400] {processor.py:175} INFO - Processing /Users/sruthibollu/anaconda3/envs/analytics-prep/lib/python3.9/site-packages/airflow/example_dags/example_sensor_decorator.py took 0.450 seconds
[2025-05-27T16:53:32.541-0400] {processor.py:153} INFO - Started process (PID=53161) to work on /Users/sruthibollu/anaconda3/envs/analytics-prep/lib/python3.9/site-packages/airflow/example_dags/example_sensor_decorator.py
[2025-05-27T16:53:32.543-0400] {processor.py:743} INFO - Processing file /Users/sruthibollu/anaconda3/envs/analytics-prep/lib/python3.9/site-packages/airflow/example_dags/example_sensor_decorator.py for tasks to queue
[2025-05-27T16:53:32.544-0400] {logging_mixin.py:137} INFO - [2025-05-27T16:53:32.544-0400] {dagbag.py:538} INFO - Filling up the DagBag from /Users/sruthibollu/anaconda3/envs/analytics-prep/lib/python3.9/site-packages/airflow/example_dags/example_sensor_decorator.py
[2025-05-27T16:53:32.575-0400] {processor.py:753} INFO - DAG(s) dict_keys(['example_sensor_decorator']) retrieved from /Users/sruthibollu/anaconda3/envs/analytics-prep/lib/python3.9/site-packages/airflow/example_dags/example_sensor_decorator.py
[2025-05-27T16:53:32.952-0400] {logging_mixin.py:137} INFO - [2025-05-27T16:53:32.952-0400] {dag.py:2690} INFO - Sync 1 DAGs
[2025-05-27T16:53:32.957-0400] {logging_mixin.py:137} INFO - [2025-05-27T16:53:32.957-0400] {dag.py:3437} INFO - Setting next_dagrun for example_sensor_decorator to None, run_after=None
[2025-05-27T16:53:32.964-0400] {processor.py:175} INFO - Processing /Users/sruthibollu/anaconda3/envs/analytics-prep/lib/python3.9/site-packages/airflow/example_dags/example_sensor_decorator.py took 0.423 seconds
[2025-05-27T17:38:59.464-0400] {processor.py:153} INFO - Started process (PID=53810) to work on /Users/sruthibollu/anaconda3/envs/analytics-prep/lib/python3.9/site-packages/airflow/example_dags/example_sensor_decorator.py
[2025-05-27T17:38:59.466-0400] {processor.py:743} INFO - Processing file /Users/sruthibollu/anaconda3/envs/analytics-prep/lib/python3.9/site-packages/airflow/example_dags/example_sensor_decorator.py for tasks to queue
[2025-05-27T17:38:59.466-0400] {logging_mixin.py:137} INFO - [2025-05-27T17:38:59.466-0400] {dagbag.py:538} INFO - Filling up the DagBag from /Users/sruthibollu/anaconda3/envs/analytics-prep/lib/python3.9/site-packages/airflow/example_dags/example_sensor_decorator.py
[2025-05-27T17:38:59.502-0400] {processor.py:753} INFO - DAG(s) dict_keys(['example_sensor_decorator']) retrieved from /Users/sruthibollu/anaconda3/envs/analytics-prep/lib/python3.9/site-packages/airflow/example_dags/example_sensor_decorator.py
[2025-05-27T17:38:59.932-0400] {logging_mixin.py:137} INFO - [2025-05-27T17:38:59.932-0400] {dag.py:2690} INFO - Sync 1 DAGs
[2025-05-27T17:38:59.939-0400] {logging_mixin.py:137} INFO - [2025-05-27T17:38:59.939-0400] {dag.py:3437} INFO - Setting next_dagrun for example_sensor_decorator to None, run_after=None
[2025-05-27T17:38:59.946-0400] {processor.py:175} INFO - Processing /Users/sruthibollu/anaconda3/envs/analytics-prep/lib/python3.9/site-packages/airflow/example_dags/example_sensor_decorator.py took 0.483 seconds
[2025-05-27T18:06:54.645-0400] {processor.py:153} INFO - Started process (PID=54446) to work on /Users/sruthibollu/anaconda3/envs/analytics-prep/lib/python3.9/site-packages/airflow/example_dags/example_sensor_decorator.py
[2025-05-27T18:06:54.647-0400] {processor.py:743} INFO - Processing file /Users/sruthibollu/anaconda3/envs/analytics-prep/lib/python3.9/site-packages/airflow/example_dags/example_sensor_decorator.py for tasks to queue
[2025-05-27T18:06:54.647-0400] {logging_mixin.py:137} INFO - [2025-05-27T18:06:54.647-0400] {dagbag.py:538} INFO - Filling up the DagBag from /Users/sruthibollu/anaconda3/envs/analytics-prep/lib/python3.9/site-packages/airflow/example_dags/example_sensor_decorator.py
[2025-05-27T18:06:54.681-0400] {processor.py:753} INFO - DAG(s) dict_keys(['example_sensor_decorator']) retrieved from /Users/sruthibollu/anaconda3/envs/analytics-prep/lib/python3.9/site-packages/airflow/example_dags/example_sensor_decorator.py
[2025-05-27T18:06:55.092-0400] {logging_mixin.py:137} INFO - [2025-05-27T18:06:55.091-0400] {dag.py:2690} INFO - Sync 1 DAGs
[2025-05-27T18:06:55.100-0400] {logging_mixin.py:137} INFO - [2025-05-27T18:06:55.100-0400] {dag.py:3437} INFO - Setting next_dagrun for example_sensor_decorator to None, run_after=None
[2025-05-27T18:06:55.108-0400] {processor.py:175} INFO - Processing /Users/sruthibollu/anaconda3/envs/analytics-prep/lib/python3.9/site-packages/airflow/example_dags/example_sensor_decorator.py took 0.463 seconds
[2025-05-27T18:30:42.140-0400] {processor.py:153} INFO - Started process (PID=54823) to work on /Users/sruthibollu/anaconda3/envs/analytics-prep/lib/python3.9/site-packages/airflow/example_dags/example_sensor_decorator.py
[2025-05-27T18:30:42.142-0400] {processor.py:743} INFO - Processing file /Users/sruthibollu/anaconda3/envs/analytics-prep/lib/python3.9/site-packages/airflow/example_dags/example_sensor_decorator.py for tasks to queue
[2025-05-27T18:30:42.142-0400] {logging_mixin.py:137} INFO - [2025-05-27T18:30:42.142-0400] {dagbag.py:538} INFO - Filling up the DagBag from /Users/sruthibollu/anaconda3/envs/analytics-prep/lib/python3.9/site-packages/airflow/example_dags/example_sensor_decorator.py
[2025-05-27T18:30:42.181-0400] {processor.py:753} INFO - DAG(s) dict_keys(['example_sensor_decorator']) retrieved from /Users/sruthibollu/anaconda3/envs/analytics-prep/lib/python3.9/site-packages/airflow/example_dags/example_sensor_decorator.py
[2025-05-27T18:30:42.665-0400] {logging_mixin.py:137} INFO - [2025-05-27T18:30:42.665-0400] {dag.py:2690} INFO - Sync 1 DAGs
[2025-05-27T18:30:42.673-0400] {logging_mixin.py:137} INFO - [2025-05-27T18:30:42.673-0400] {dag.py:3437} INFO - Setting next_dagrun for example_sensor_decorator to None, run_after=None
[2025-05-27T18:30:42.679-0400] {processor.py:175} INFO - Processing /Users/sruthibollu/anaconda3/envs/analytics-prep/lib/python3.9/site-packages/airflow/example_dags/example_sensor_decorator.py took 0.540 seconds
[2025-05-27T18:40:09.827-0400] {processor.py:153} INFO - Started process (PID=55469) to work on /Users/sruthibollu/anaconda3/envs/analytics-prep/lib/python3.9/site-packages/airflow/example_dags/example_sensor_decorator.py
[2025-05-27T18:40:09.832-0400] {processor.py:743} INFO - Processing file /Users/sruthibollu/anaconda3/envs/analytics-prep/lib/python3.9/site-packages/airflow/example_dags/example_sensor_decorator.py for tasks to queue
[2025-05-27T18:40:09.832-0400] {logging_mixin.py:137} INFO - [2025-05-27T18:40:09.832-0400] {dagbag.py:538} INFO - Filling up the DagBag from /Users/sruthibollu/anaconda3/envs/analytics-prep/lib/python3.9/site-packages/airflow/example_dags/example_sensor_decorator.py
[2025-05-27T18:40:09.866-0400] {processor.py:753} INFO - DAG(s) dict_keys(['example_sensor_decorator']) retrieved from /Users/sruthibollu/anaconda3/envs/analytics-prep/lib/python3.9/site-packages/airflow/example_dags/example_sensor_decorator.py
[2025-05-27T18:40:10.279-0400] {logging_mixin.py:137} INFO - [2025-05-27T18:40:10.279-0400] {dag.py:2690} INFO - Sync 1 DAGs
[2025-05-27T18:40:10.287-0400] {logging_mixin.py:137} INFO - [2025-05-27T18:40:10.287-0400] {dag.py:3437} INFO - Setting next_dagrun for example_sensor_decorator to None, run_after=None
[2025-05-27T18:40:10.293-0400] {processor.py:175} INFO - Processing /Users/sruthibollu/anaconda3/envs/analytics-prep/lib/python3.9/site-packages/airflow/example_dags/example_sensor_decorator.py took 0.466 seconds
[2025-05-27T19:05:36.894-0400] {processor.py:153} INFO - Started process (PID=55898) to work on /Users/sruthibollu/anaconda3/envs/analytics-prep/lib/python3.9/site-packages/airflow/example_dags/example_sensor_decorator.py
[2025-05-27T19:05:36.896-0400] {processor.py:743} INFO - Processing file /Users/sruthibollu/anaconda3/envs/analytics-prep/lib/python3.9/site-packages/airflow/example_dags/example_sensor_decorator.py for tasks to queue
[2025-05-27T19:05:36.897-0400] {logging_mixin.py:137} INFO - [2025-05-27T19:05:36.897-0400] {dagbag.py:538} INFO - Filling up the DagBag from /Users/sruthibollu/anaconda3/envs/analytics-prep/lib/python3.9/site-packages/airflow/example_dags/example_sensor_decorator.py
[2025-05-27T19:05:36.936-0400] {processor.py:753} INFO - DAG(s) dict_keys(['example_sensor_decorator']) retrieved from /Users/sruthibollu/anaconda3/envs/analytics-prep/lib/python3.9/site-packages/airflow/example_dags/example_sensor_decorator.py
[2025-05-27T19:05:37.359-0400] {logging_mixin.py:137} INFO - [2025-05-27T19:05:37.359-0400] {dag.py:2690} INFO - Sync 1 DAGs
[2025-05-27T19:05:37.366-0400] {logging_mixin.py:137} INFO - [2025-05-27T19:05:37.366-0400] {dag.py:3437} INFO - Setting next_dagrun for example_sensor_decorator to None, run_after=None
[2025-05-27T19:05:37.373-0400] {processor.py:175} INFO - Processing /Users/sruthibollu/anaconda3/envs/analytics-prep/lib/python3.9/site-packages/airflow/example_dags/example_sensor_decorator.py took 0.479 seconds
[2025-05-27T19:37:05.110-0400] {processor.py:153} INFO - Started process (PID=56287) to work on /Users/sruthibollu/anaconda3/envs/analytics-prep/lib/python3.9/site-packages/airflow/example_dags/example_sensor_decorator.py
[2025-05-27T19:37:05.113-0400] {processor.py:743} INFO - Processing file /Users/sruthibollu/anaconda3/envs/analytics-prep/lib/python3.9/site-packages/airflow/example_dags/example_sensor_decorator.py for tasks to queue
[2025-05-27T19:37:05.113-0400] {logging_mixin.py:137} INFO - [2025-05-27T19:37:05.113-0400] {dagbag.py:538} INFO - Filling up the DagBag from /Users/sruthibollu/anaconda3/envs/analytics-prep/lib/python3.9/site-packages/airflow/example_dags/example_sensor_decorator.py
[2025-05-27T19:37:05.166-0400] {processor.py:753} INFO - DAG(s) dict_keys(['example_sensor_decorator']) retrieved from /Users/sruthibollu/anaconda3/envs/analytics-prep/lib/python3.9/site-packages/airflow/example_dags/example_sensor_decorator.py
[2025-05-27T19:37:05.588-0400] {logging_mixin.py:137} INFO - [2025-05-27T19:37:05.588-0400] {dag.py:2690} INFO - Sync 1 DAGs
[2025-05-27T19:37:05.596-0400] {logging_mixin.py:137} INFO - [2025-05-27T19:37:05.596-0400] {dag.py:3437} INFO - Setting next_dagrun for example_sensor_decorator to None, run_after=None
[2025-05-27T19:37:05.603-0400] {processor.py:175} INFO - Processing /Users/sruthibollu/anaconda3/envs/analytics-prep/lib/python3.9/site-packages/airflow/example_dags/example_sensor_decorator.py took 0.493 seconds
[2025-05-27T19:55:58.278-0400] {processor.py:153} INFO - Started process (PID=56747) to work on /Users/sruthibollu/anaconda3/envs/analytics-prep/lib/python3.9/site-packages/airflow/example_dags/example_sensor_decorator.py
[2025-05-27T19:55:58.281-0400] {processor.py:743} INFO - Processing file /Users/sruthibollu/anaconda3/envs/analytics-prep/lib/python3.9/site-packages/airflow/example_dags/example_sensor_decorator.py for tasks to queue
[2025-05-27T19:55:58.281-0400] {logging_mixin.py:137} INFO - [2025-05-27T19:55:58.281-0400] {dagbag.py:538} INFO - Filling up the DagBag from /Users/sruthibollu/anaconda3/envs/analytics-prep/lib/python3.9/site-packages/airflow/example_dags/example_sensor_decorator.py
[2025-05-27T19:55:58.322-0400] {processor.py:753} INFO - DAG(s) dict_keys(['example_sensor_decorator']) retrieved from /Users/sruthibollu/anaconda3/envs/analytics-prep/lib/python3.9/site-packages/airflow/example_dags/example_sensor_decorator.py
[2025-05-27T19:55:58.730-0400] {logging_mixin.py:137} INFO - [2025-05-27T19:55:58.730-0400] {dag.py:2690} INFO - Sync 1 DAGs
[2025-05-27T19:55:58.738-0400] {logging_mixin.py:137} INFO - [2025-05-27T19:55:58.738-0400] {dag.py:3437} INFO - Setting next_dagrun for example_sensor_decorator to None, run_after=None
[2025-05-27T19:55:58.744-0400] {processor.py:175} INFO - Processing /Users/sruthibollu/anaconda3/envs/analytics-prep/lib/python3.9/site-packages/airflow/example_dags/example_sensor_decorator.py took 0.467 seconds
