[2025-05-27T16:48:04.390-0400] {processor.py:153} INFO - Started process (PID=50044) to work on /Users/sruthibollu/anaconda3/envs/analytics-prep/lib/python3.9/site-packages/airflow/example_dags/example_short_circuit_decorator.py
[2025-05-27T16:48:04.393-0400] {processor.py:743} INFO - Processing file /Users/sruthibollu/anaconda3/envs/analytics-prep/lib/python3.9/site-packages/airflow/example_dags/example_short_circuit_decorator.py for tasks to queue
[2025-05-27T16:48:04.393-0400] {logging_mixin.py:137} INFO - [2025-05-27T16:48:04.393-0400] {dagbag.py:538} INFO - Filling up the DagBag from /Users/sruthibollu/anaconda3/envs/analytics-prep/lib/python3.9/site-packages/airflow/example_dags/example_short_circuit_decorator.py
[2025-05-27T16:48:04.427-0400] {processor.py:753} INFO - DAG(s) dict_keys(['example_short_circuit_decorator']) retrieved from /Users/sruthibollu/anaconda3/envs/analytics-prep/lib/python3.9/site-packages/airflow/example_dags/example_short_circuit_decorator.py
[2025-05-27T16:48:04.776-0400] {logging_mixin.py:137} INFO - [2025-05-27T16:48:04.776-0400] {dag.py:2690} INFO - Sync 1 DAGs
[2025-05-27T16:48:04.787-0400] {logging_mixin.py:137} INFO - [2025-05-27T16:48:04.787-0400] {dag.py:3437} INFO - Setting next_dagrun for example_short_circuit_decorator to 2025-05-26T20:48:04.787810+00:00, run_after=2025-05-27T20:48:04.787810+00:00
[2025-05-27T16:48:04.796-0400] {processor.py:175} INFO - Processing /Users/sruthibollu/anaconda3/envs/analytics-prep/lib/python3.9/site-packages/airflow/example_dags/example_short_circuit_decorator.py took 0.406 seconds
[2025-05-27T16:49:17.344-0400] {processor.py:153} INFO - Started process (PID=51118) to work on /Users/sruthibollu/anaconda3/envs/analytics-prep/lib/python3.9/site-packages/airflow/example_dags/example_short_circuit_decorator.py
[2025-05-27T16:49:17.346-0400] {processor.py:743} INFO - Processing file /Users/sruthibollu/anaconda3/envs/analytics-prep/lib/python3.9/site-packages/airflow/example_dags/example_short_circuit_decorator.py for tasks to queue
[2025-05-27T16:49:17.347-0400] {logging_mixin.py:137} INFO - [2025-05-27T16:49:17.347-0400] {dagbag.py:538} INFO - Filling up the DagBag from /Users/sruthibollu/anaconda3/envs/analytics-prep/lib/python3.9/site-packages/airflow/example_dags/example_short_circuit_decorator.py
[2025-05-27T16:49:17.406-0400] {processor.py:753} INFO - DAG(s) dict_keys(['example_short_circuit_decorator']) retrieved from /Users/sruthibollu/anaconda3/envs/analytics-prep/lib/python3.9/site-packages/airflow/example_dags/example_short_circuit_decorator.py
[2025-05-27T16:49:17.811-0400] {logging_mixin.py:137} INFO - [2025-05-27T16:49:17.811-0400] {dag.py:2690} INFO - Sync 1 DAGs
[2025-05-27T16:49:17.821-0400] {logging_mixin.py:137} INFO - [2025-05-27T16:49:17.821-0400] {dag.py:3437} INFO - Setting next_dagrun for example_short_circuit_decorator to 2025-05-26T20:49:17.821531+00:00, run_after=2025-05-27T20:49:17.821531+00:00
[2025-05-27T16:49:17.829-0400] {processor.py:175} INFO - Processing /Users/sruthibollu/anaconda3/envs/analytics-prep/lib/python3.9/site-packages/airflow/example_dags/example_short_circuit_decorator.py took 0.485 seconds
[2025-05-27T16:50:42.416-0400] {processor.py:153} INFO - Started process (PID=52168) to work on /Users/sruthibollu/anaconda3/envs/analytics-prep/lib/python3.9/site-packages/airflow/example_dags/example_short_circuit_decorator.py
[2025-05-27T16:50:42.419-0400] {processor.py:743} INFO - Processing file /Users/sruthibollu/anaconda3/envs/analytics-prep/lib/python3.9/site-packages/airflow/example_dags/example_short_circuit_decorator.py for tasks to queue
[2025-05-27T16:50:42.419-0400] {logging_mixin.py:137} INFO - [2025-05-27T16:50:42.419-0400] {dagbag.py:538} INFO - Filling up the DagBag from /Users/sruthibollu/anaconda3/envs/analytics-prep/lib/python3.9/site-packages/airflow/example_dags/example_short_circuit_decorator.py
[2025-05-27T16:50:42.452-0400] {processor.py:753} INFO - DAG(s) dict_keys(['example_short_circuit_decorator']) retrieved from /Users/sruthibollu/anaconda3/envs/analytics-prep/lib/python3.9/site-packages/airflow/example_dags/example_short_circuit_decorator.py
[2025-05-27T16:50:42.852-0400] {logging_mixin.py:137} INFO - [2025-05-27T16:50:42.852-0400] {dag.py:2690} INFO - Sync 1 DAGs
[2025-05-27T16:50:42.859-0400] {logging_mixin.py:137} INFO - [2025-05-27T16:50:42.859-0400] {dag.py:3437} INFO - Setting next_dagrun for example_short_circuit_decorator to 2025-05-26T20:50:42.859274+00:00, run_after=2025-05-27T20:50:42.859274+00:00
[2025-05-27T16:50:42.866-0400] {processor.py:175} INFO - Processing /Users/sruthibollu/anaconda3/envs/analytics-prep/lib/python3.9/site-packages/airflow/example_dags/example_short_circuit_decorator.py took 0.450 seconds
[2025-05-27T16:52:09.982-0400] {processor.py:153} INFO - Started process (PID=52677) to work on /Users/sruthibollu/anaconda3/envs/analytics-prep/lib/python3.9/site-packages/airflow/example_dags/example_short_circuit_decorator.py
[2025-05-27T16:52:09.984-0400] {processor.py:743} INFO - Processing file /Users/sruthibollu/anaconda3/envs/analytics-prep/lib/python3.9/site-packages/airflow/example_dags/example_short_circuit_decorator.py for tasks to queue
[2025-05-27T16:52:09.985-0400] {logging_mixin.py:137} INFO - [2025-05-27T16:52:09.985-0400] {dagbag.py:538} INFO - Filling up the DagBag from /Users/sruthibollu/anaconda3/envs/analytics-prep/lib/python3.9/site-packages/airflow/example_dags/example_short_circuit_decorator.py
[2025-05-27T16:52:10.019-0400] {processor.py:753} INFO - DAG(s) dict_keys(['example_short_circuit_decorator']) retrieved from /Users/sruthibollu/anaconda3/envs/analytics-prep/lib/python3.9/site-packages/airflow/example_dags/example_short_circuit_decorator.py
[2025-05-27T16:52:10.366-0400] {logging_mixin.py:137} INFO - [2025-05-27T16:52:10.366-0400] {dag.py:2690} INFO - Sync 1 DAGs
[2025-05-27T16:52:10.373-0400] {logging_mixin.py:137} INFO - [2025-05-27T16:52:10.372-0400] {dag.py:3437} INFO - Setting next_dagrun for example_short_circuit_decorator to 2025-05-26T20:52:10.372917+00:00, run_after=2025-05-27T20:52:10.372917+00:00
[2025-05-27T16:52:10.379-0400] {processor.py:175} INFO - Processing /Users/sruthibollu/anaconda3/envs/analytics-prep/lib/python3.9/site-packages/airflow/example_dags/example_short_circuit_decorator.py took 0.398 seconds
[2025-05-27T16:53:28.597-0400] {processor.py:153} INFO - Started process (PID=53137) to work on /Users/sruthibollu/anaconda3/envs/analytics-prep/lib/python3.9/site-packages/airflow/example_dags/example_short_circuit_decorator.py
[2025-05-27T16:53:28.600-0400] {processor.py:743} INFO - Processing file /Users/sruthibollu/anaconda3/envs/analytics-prep/lib/python3.9/site-packages/airflow/example_dags/example_short_circuit_decorator.py for tasks to queue
[2025-05-27T16:53:28.600-0400] {logging_mixin.py:137} INFO - [2025-05-27T16:53:28.600-0400] {dagbag.py:538} INFO - Filling up the DagBag from /Users/sruthibollu/anaconda3/envs/analytics-prep/lib/python3.9/site-packages/airflow/example_dags/example_short_circuit_decorator.py
[2025-05-27T16:53:28.636-0400] {processor.py:753} INFO - DAG(s) dict_keys(['example_short_circuit_decorator']) retrieved from /Users/sruthibollu/anaconda3/envs/analytics-prep/lib/python3.9/site-packages/airflow/example_dags/example_short_circuit_decorator.py
[2025-05-27T16:53:29.008-0400] {logging_mixin.py:137} INFO - [2025-05-27T16:53:29.008-0400] {dag.py:2690} INFO - Sync 1 DAGs
[2025-05-27T16:53:29.015-0400] {logging_mixin.py:137} INFO - [2025-05-27T16:53:29.015-0400] {dag.py:3437} INFO - Setting next_dagrun for example_short_circuit_decorator to 2025-05-26T20:53:29.015068+00:00, run_after=2025-05-27T20:53:29.015068+00:00
[2025-05-27T16:53:29.021-0400] {processor.py:175} INFO - Processing /Users/sruthibollu/anaconda3/envs/analytics-prep/lib/python3.9/site-packages/airflow/example_dags/example_short_circuit_decorator.py took 0.424 seconds
[2025-05-27T17:38:56.316-0400] {processor.py:153} INFO - Started process (PID=53773) to work on /Users/sruthibollu/anaconda3/envs/analytics-prep/lib/python3.9/site-packages/airflow/example_dags/example_short_circuit_decorator.py
[2025-05-27T17:38:56.318-0400] {processor.py:743} INFO - Processing file /Users/sruthibollu/anaconda3/envs/analytics-prep/lib/python3.9/site-packages/airflow/example_dags/example_short_circuit_decorator.py for tasks to queue
[2025-05-27T17:38:56.318-0400] {logging_mixin.py:137} INFO - [2025-05-27T17:38:56.318-0400] {dagbag.py:538} INFO - Filling up the DagBag from /Users/sruthibollu/anaconda3/envs/analytics-prep/lib/python3.9/site-packages/airflow/example_dags/example_short_circuit_decorator.py
[2025-05-27T17:38:56.353-0400] {processor.py:753} INFO - DAG(s) dict_keys(['example_short_circuit_decorator']) retrieved from /Users/sruthibollu/anaconda3/envs/analytics-prep/lib/python3.9/site-packages/airflow/example_dags/example_short_circuit_decorator.py
[2025-05-27T17:38:56.726-0400] {logging_mixin.py:137} INFO - [2025-05-27T17:38:56.726-0400] {dag.py:2690} INFO - Sync 1 DAGs
[2025-05-27T17:38:56.734-0400] {logging_mixin.py:137} INFO - [2025-05-27T17:38:56.734-0400] {dag.py:3437} INFO - Setting next_dagrun for example_short_circuit_decorator to 2025-05-26T21:38:56.734851+00:00, run_after=2025-05-27T21:38:56.734851+00:00
[2025-05-27T17:38:56.741-0400] {processor.py:175} INFO - Processing /Users/sruthibollu/anaconda3/envs/analytics-prep/lib/python3.9/site-packages/airflow/example_dags/example_short_circuit_decorator.py took 0.426 seconds
[2025-05-27T18:06:50.700-0400] {processor.py:153} INFO - Started process (PID=54422) to work on /Users/sruthibollu/anaconda3/envs/analytics-prep/lib/python3.9/site-packages/airflow/example_dags/example_short_circuit_decorator.py
[2025-05-27T18:06:50.703-0400] {processor.py:743} INFO - Processing file /Users/sruthibollu/anaconda3/envs/analytics-prep/lib/python3.9/site-packages/airflow/example_dags/example_short_circuit_decorator.py for tasks to queue
[2025-05-27T18:06:50.703-0400] {logging_mixin.py:137} INFO - [2025-05-27T18:06:50.703-0400] {dagbag.py:538} INFO - Filling up the DagBag from /Users/sruthibollu/anaconda3/envs/analytics-prep/lib/python3.9/site-packages/airflow/example_dags/example_short_circuit_decorator.py
[2025-05-27T18:06:50.739-0400] {processor.py:753} INFO - DAG(s) dict_keys(['example_short_circuit_decorator']) retrieved from /Users/sruthibollu/anaconda3/envs/analytics-prep/lib/python3.9/site-packages/airflow/example_dags/example_short_circuit_decorator.py
[2025-05-27T18:06:51.129-0400] {logging_mixin.py:137} INFO - [2025-05-27T18:06:51.129-0400] {dag.py:2690} INFO - Sync 1 DAGs
[2025-05-27T18:06:51.136-0400] {logging_mixin.py:137} INFO - [2025-05-27T18:06:51.136-0400] {dag.py:3437} INFO - Setting next_dagrun for example_short_circuit_decorator to 2025-05-26T22:06:51.136643+00:00, run_after=2025-05-27T22:06:51.136643+00:00
[2025-05-27T18:06:51.143-0400] {processor.py:175} INFO - Processing /Users/sruthibollu/anaconda3/envs/analytics-prep/lib/python3.9/site-packages/airflow/example_dags/example_short_circuit_decorator.py took 0.443 seconds
[2025-05-27T18:30:38.177-0400] {processor.py:153} INFO - Started process (PID=54797) to work on /Users/sruthibollu/anaconda3/envs/analytics-prep/lib/python3.9/site-packages/airflow/example_dags/example_short_circuit_decorator.py
[2025-05-27T18:30:38.179-0400] {processor.py:743} INFO - Processing file /Users/sruthibollu/anaconda3/envs/analytics-prep/lib/python3.9/site-packages/airflow/example_dags/example_short_circuit_decorator.py for tasks to queue
[2025-05-27T18:30:38.179-0400] {logging_mixin.py:137} INFO - [2025-05-27T18:30:38.179-0400] {dagbag.py:538} INFO - Filling up the DagBag from /Users/sruthibollu/anaconda3/envs/analytics-prep/lib/python3.9/site-packages/airflow/example_dags/example_short_circuit_decorator.py
[2025-05-27T18:30:38.220-0400] {processor.py:753} INFO - DAG(s) dict_keys(['example_short_circuit_decorator']) retrieved from /Users/sruthibollu/anaconda3/envs/analytics-prep/lib/python3.9/site-packages/airflow/example_dags/example_short_circuit_decorator.py
[2025-05-27T18:30:38.618-0400] {logging_mixin.py:137} INFO - [2025-05-27T18:30:38.618-0400] {dag.py:2690} INFO - Sync 1 DAGs
[2025-05-27T18:30:38.624-0400] {logging_mixin.py:137} INFO - [2025-05-27T18:30:38.624-0400] {dag.py:3437} INFO - Setting next_dagrun for example_short_circuit_decorator to 2025-05-26T22:30:38.624525+00:00, run_after=2025-05-27T22:30:38.624525+00:00
[2025-05-27T18:30:38.631-0400] {processor.py:175} INFO - Processing /Users/sruthibollu/anaconda3/envs/analytics-prep/lib/python3.9/site-packages/airflow/example_dags/example_short_circuit_decorator.py took 0.454 seconds
[2025-05-27T18:40:05.947-0400] {processor.py:153} INFO - Started process (PID=55444) to work on /Users/sruthibollu/anaconda3/envs/analytics-prep/lib/python3.9/site-packages/airflow/example_dags/example_short_circuit_decorator.py
[2025-05-27T18:40:05.949-0400] {processor.py:743} INFO - Processing file /Users/sruthibollu/anaconda3/envs/analytics-prep/lib/python3.9/site-packages/airflow/example_dags/example_short_circuit_decorator.py for tasks to queue
[2025-05-27T18:40:05.949-0400] {logging_mixin.py:137} INFO - [2025-05-27T18:40:05.949-0400] {dagbag.py:538} INFO - Filling up the DagBag from /Users/sruthibollu/anaconda3/envs/analytics-prep/lib/python3.9/site-packages/airflow/example_dags/example_short_circuit_decorator.py
[2025-05-27T18:40:05.980-0400] {processor.py:753} INFO - DAG(s) dict_keys(['example_short_circuit_decorator']) retrieved from /Users/sruthibollu/anaconda3/envs/analytics-prep/lib/python3.9/site-packages/airflow/example_dags/example_short_circuit_decorator.py
[2025-05-27T18:40:06.349-0400] {logging_mixin.py:137} INFO - [2025-05-27T18:40:06.349-0400] {dag.py:2690} INFO - Sync 1 DAGs
[2025-05-27T18:40:06.360-0400] {logging_mixin.py:137} INFO - [2025-05-27T18:40:06.360-0400] {dag.py:3437} INFO - Setting next_dagrun for example_short_circuit_decorator to 2025-05-26T22:40:06.360246+00:00, run_after=2025-05-27T22:40:06.360246+00:00
[2025-05-27T18:40:06.370-0400] {processor.py:175} INFO - Processing /Users/sruthibollu/anaconda3/envs/analytics-prep/lib/python3.9/site-packages/airflow/example_dags/example_short_circuit_decorator.py took 0.423 seconds
[2025-05-27T19:05:33.365-0400] {processor.py:153} INFO - Started process (PID=55871) to work on /Users/sruthibollu/anaconda3/envs/analytics-prep/lib/python3.9/site-packages/airflow/example_dags/example_short_circuit_decorator.py
[2025-05-27T19:05:33.367-0400] {processor.py:743} INFO - Processing file /Users/sruthibollu/anaconda3/envs/analytics-prep/lib/python3.9/site-packages/airflow/example_dags/example_short_circuit_decorator.py for tasks to queue
[2025-05-27T19:05:33.367-0400] {logging_mixin.py:137} INFO - [2025-05-27T19:05:33.367-0400] {dagbag.py:538} INFO - Filling up the DagBag from /Users/sruthibollu/anaconda3/envs/analytics-prep/lib/python3.9/site-packages/airflow/example_dags/example_short_circuit_decorator.py
[2025-05-27T19:05:33.423-0400] {processor.py:753} INFO - DAG(s) dict_keys(['example_short_circuit_decorator']) retrieved from /Users/sruthibollu/anaconda3/envs/analytics-prep/lib/python3.9/site-packages/airflow/example_dags/example_short_circuit_decorator.py
[2025-05-27T19:05:33.865-0400] {logging_mixin.py:137} INFO - [2025-05-27T19:05:33.865-0400] {dag.py:2690} INFO - Sync 1 DAGs
[2025-05-27T19:05:33.874-0400] {logging_mixin.py:137} INFO - [2025-05-27T19:05:33.874-0400] {dag.py:3437} INFO - Setting next_dagrun for example_short_circuit_decorator to 2025-05-26T23:05:33.874211+00:00, run_after=2025-05-27T23:05:33.874211+00:00
[2025-05-27T19:05:33.884-0400] {processor.py:175} INFO - Processing /Users/sruthibollu/anaconda3/envs/analytics-prep/lib/python3.9/site-packages/airflow/example_dags/example_short_circuit_decorator.py took 0.521 seconds
[2025-05-27T19:36:44.668-0400] {processor.py:153} INFO - Started process (PID=56273) to work on /Users/sruthibollu/anaconda3/envs/analytics-prep/lib/python3.9/site-packages/airflow/example_dags/example_short_circuit_decorator.py
[2025-05-27T19:36:44.671-0400] {processor.py:743} INFO - Processing file /Users/sruthibollu/anaconda3/envs/analytics-prep/lib/python3.9/site-packages/airflow/example_dags/example_short_circuit_decorator.py for tasks to queue
[2025-05-27T19:36:44.671-0400] {logging_mixin.py:137} INFO - [2025-05-27T19:36:44.671-0400] {dagbag.py:538} INFO - Filling up the DagBag from /Users/sruthibollu/anaconda3/envs/analytics-prep/lib/python3.9/site-packages/airflow/example_dags/example_short_circuit_decorator.py
[2025-05-27T19:36:44.710-0400] {processor.py:753} INFO - DAG(s) dict_keys(['example_short_circuit_decorator']) retrieved from /Users/sruthibollu/anaconda3/envs/analytics-prep/lib/python3.9/site-packages/airflow/example_dags/example_short_circuit_decorator.py
[2025-05-27T19:36:45.046-0400] {logging_mixin.py:137} INFO - [2025-05-27T19:36:45.046-0400] {dag.py:2690} INFO - Sync 1 DAGs
[2025-05-27T19:36:45.052-0400] {logging_mixin.py:137} INFO - [2025-05-27T19:36:45.052-0400] {dag.py:3437} INFO - Setting next_dagrun for example_short_circuit_decorator to 2025-05-26T23:36:45.052134+00:00, run_after=2025-05-27T23:36:45.052134+00:00
[2025-05-27T19:36:45.058-0400] {processor.py:175} INFO - Processing /Users/sruthibollu/anaconda3/envs/analytics-prep/lib/python3.9/site-packages/airflow/example_dags/example_short_circuit_decorator.py took 0.390 seconds
[2025-05-27T19:55:55.281-0400] {processor.py:153} INFO - Started process (PID=56723) to work on /Users/sruthibollu/anaconda3/envs/analytics-prep/lib/python3.9/site-packages/airflow/example_dags/example_short_circuit_decorator.py
[2025-05-27T19:55:55.284-0400] {processor.py:743} INFO - Processing file /Users/sruthibollu/anaconda3/envs/analytics-prep/lib/python3.9/site-packages/airflow/example_dags/example_short_circuit_decorator.py for tasks to queue
[2025-05-27T19:55:55.284-0400] {logging_mixin.py:137} INFO - [2025-05-27T19:55:55.284-0400] {dagbag.py:538} INFO - Filling up the DagBag from /Users/sruthibollu/anaconda3/envs/analytics-prep/lib/python3.9/site-packages/airflow/example_dags/example_short_circuit_decorator.py
[2025-05-27T19:55:55.323-0400] {processor.py:753} INFO - DAG(s) dict_keys(['example_short_circuit_decorator']) retrieved from /Users/sruthibollu/anaconda3/envs/analytics-prep/lib/python3.9/site-packages/airflow/example_dags/example_short_circuit_decorator.py
[2025-05-27T19:55:55.692-0400] {logging_mixin.py:137} INFO - [2025-05-27T19:55:55.691-0400] {dag.py:2690} INFO - Sync 1 DAGs
[2025-05-27T19:55:55.698-0400] {logging_mixin.py:137} INFO - [2025-05-27T19:55:55.698-0400] {dag.py:3437} INFO - Setting next_dagrun for example_short_circuit_decorator to 2025-05-26T23:55:55.698815+00:00, run_after=2025-05-27T23:55:55.698815+00:00
[2025-05-27T19:55:55.705-0400] {processor.py:175} INFO - Processing /Users/sruthibollu/anaconda3/envs/analytics-prep/lib/python3.9/site-packages/airflow/example_dags/example_short_circuit_decorator.py took 0.424 seconds
