[2025-05-27T16:48:37.723-0400] {processor.py:153} INFO - Started process (PID=50897) to work on /Users/sruthibollu/anaconda3/envs/analytics-prep/lib/python3.9/site-packages/airflow/example_dags/example_branch_labels.py
[2025-05-27T16:48:37.725-0400] {processor.py:743} INFO - Processing file /Users/sruthibollu/anaconda3/envs/analytics-prep/lib/python3.9/site-packages/airflow/example_dags/example_branch_labels.py for tasks to queue
[2025-05-27T16:48:37.725-0400] {logging_mixin.py:137} INFO - [2025-05-27T16:48:37.725-0400] {dagbag.py:538} INFO - Filling up the DagBag from /Users/sruthibollu/anaconda3/envs/analytics-prep/lib/python3.9/site-packages/airflow/example_dags/example_branch_labels.py
[2025-05-27T16:48:37.748-0400] {processor.py:753} INFO - DAG(s) dict_keys(['example_branch_labels']) retrieved from /Users/sruthibollu/anaconda3/envs/analytics-prep/lib/python3.9/site-packages/airflow/example_dags/example_branch_labels.py
[2025-05-27T16:48:38.107-0400] {logging_mixin.py:137} INFO - [2025-05-27T16:48:38.107-0400] {dag.py:2690} INFO - Sync 1 DAGs
[2025-05-27T16:48:38.114-0400] {logging_mixin.py:137} INFO - [2025-05-27T16:48:38.114-0400] {dag.py:3437} INFO - Setting next_dagrun for example_branch_labels to 2025-05-26T00:00:00+00:00, run_after=2025-05-27T00:00:00+00:00
[2025-05-27T16:48:38.120-0400] {processor.py:175} INFO - Processing /Users/sruthibollu/anaconda3/envs/analytics-prep/lib/python3.9/site-packages/airflow/example_dags/example_branch_labels.py took 0.398 seconds
[2025-05-27T16:50:05.751-0400] {processor.py:153} INFO - Started process (PID=51948) to work on /Users/sruthibollu/anaconda3/envs/analytics-prep/lib/python3.9/site-packages/airflow/example_dags/example_branch_labels.py
[2025-05-27T16:50:05.754-0400] {processor.py:743} INFO - Processing file /Users/sruthibollu/anaconda3/envs/analytics-prep/lib/python3.9/site-packages/airflow/example_dags/example_branch_labels.py for tasks to queue
[2025-05-27T16:50:05.754-0400] {logging_mixin.py:137} INFO - [2025-05-27T16:50:05.754-0400] {dagbag.py:538} INFO - Filling up the DagBag from /Users/sruthibollu/anaconda3/envs/analytics-prep/lib/python3.9/site-packages/airflow/example_dags/example_branch_labels.py
[2025-05-27T16:50:05.779-0400] {processor.py:753} INFO - DAG(s) dict_keys(['example_branch_labels']) retrieved from /Users/sruthibollu/anaconda3/envs/analytics-prep/lib/python3.9/site-packages/airflow/example_dags/example_branch_labels.py
[2025-05-27T16:50:06.149-0400] {logging_mixin.py:137} INFO - [2025-05-27T16:50:06.149-0400] {dag.py:2690} INFO - Sync 1 DAGs
[2025-05-27T16:50:06.156-0400] {logging_mixin.py:137} INFO - [2025-05-27T16:50:06.156-0400] {dag.py:3437} INFO - Setting next_dagrun for example_branch_labels to 2025-05-26T00:00:00+00:00, run_after=2025-05-27T00:00:00+00:00
[2025-05-27T16:50:06.162-0400] {processor.py:175} INFO - Processing /Users/sruthibollu/anaconda3/envs/analytics-prep/lib/python3.9/site-packages/airflow/example_dags/example_branch_labels.py took 0.411 seconds
[2025-05-27T16:51:32.338-0400] {processor.py:153} INFO - Started process (PID=52449) to work on /Users/sruthibollu/anaconda3/envs/analytics-prep/lib/python3.9/site-packages/airflow/example_dags/example_branch_labels.py
[2025-05-27T16:51:32.340-0400] {processor.py:743} INFO - Processing file /Users/sruthibollu/anaconda3/envs/analytics-prep/lib/python3.9/site-packages/airflow/example_dags/example_branch_labels.py for tasks to queue
[2025-05-27T16:51:32.340-0400] {logging_mixin.py:137} INFO - [2025-05-27T16:51:32.340-0400] {dagbag.py:538} INFO - Filling up the DagBag from /Users/sruthibollu/anaconda3/envs/analytics-prep/lib/python3.9/site-packages/airflow/example_dags/example_branch_labels.py
[2025-05-27T16:51:32.369-0400] {processor.py:753} INFO - DAG(s) dict_keys(['example_branch_labels']) retrieved from /Users/sruthibollu/anaconda3/envs/analytics-prep/lib/python3.9/site-packages/airflow/example_dags/example_branch_labels.py
[2025-05-27T16:51:33.000-0400] {logging_mixin.py:137} INFO - [2025-05-27T16:51:32.999-0400] {dag.py:2690} INFO - Sync 1 DAGs
[2025-05-27T16:51:33.029-0400] {logging_mixin.py:137} INFO - [2025-05-27T16:51:33.029-0400] {dag.py:3437} INFO - Setting next_dagrun for example_branch_labels to 2025-05-26T00:00:00+00:00, run_after=2025-05-27T00:00:00+00:00
[2025-05-27T16:51:33.071-0400] {processor.py:175} INFO - Processing /Users/sruthibollu/anaconda3/envs/analytics-prep/lib/python3.9/site-packages/airflow/example_dags/example_branch_labels.py took 0.733 seconds
[2025-05-27T16:53:02.391-0400] {processor.py:153} INFO - Started process (PID=52981) to work on /Users/sruthibollu/anaconda3/envs/analytics-prep/lib/python3.9/site-packages/airflow/example_dags/example_branch_labels.py
[2025-05-27T16:53:02.393-0400] {processor.py:743} INFO - Processing file /Users/sruthibollu/anaconda3/envs/analytics-prep/lib/python3.9/site-packages/airflow/example_dags/example_branch_labels.py for tasks to queue
[2025-05-27T16:53:02.393-0400] {logging_mixin.py:137} INFO - [2025-05-27T16:53:02.393-0400] {dagbag.py:538} INFO - Filling up the DagBag from /Users/sruthibollu/anaconda3/envs/analytics-prep/lib/python3.9/site-packages/airflow/example_dags/example_branch_labels.py
[2025-05-27T16:53:02.415-0400] {processor.py:753} INFO - DAG(s) dict_keys(['example_branch_labels']) retrieved from /Users/sruthibollu/anaconda3/envs/analytics-prep/lib/python3.9/site-packages/airflow/example_dags/example_branch_labels.py
[2025-05-27T16:53:02.754-0400] {logging_mixin.py:137} INFO - [2025-05-27T16:53:02.754-0400] {dag.py:2690} INFO - Sync 1 DAGs
[2025-05-27T16:53:02.761-0400] {logging_mixin.py:137} INFO - [2025-05-27T16:53:02.761-0400] {dag.py:3437} INFO - Setting next_dagrun for example_branch_labels to 2025-05-26T00:00:00+00:00, run_after=2025-05-27T00:00:00+00:00
[2025-05-27T16:53:02.767-0400] {processor.py:175} INFO - Processing /Users/sruthibollu/anaconda3/envs/analytics-prep/lib/python3.9/site-packages/airflow/example_dags/example_branch_labels.py took 0.377 seconds
[2025-05-27T17:31:08.239-0400] {processor.py:153} INFO - Started process (PID=53511) to work on /Users/sruthibollu/anaconda3/envs/analytics-prep/lib/python3.9/site-packages/airflow/example_dags/example_branch_labels.py
[2025-05-27T17:31:08.241-0400] {processor.py:743} INFO - Processing file /Users/sruthibollu/anaconda3/envs/analytics-prep/lib/python3.9/site-packages/airflow/example_dags/example_branch_labels.py for tasks to queue
[2025-05-27T17:31:08.242-0400] {logging_mixin.py:137} INFO - [2025-05-27T17:31:08.241-0400] {dagbag.py:538} INFO - Filling up the DagBag from /Users/sruthibollu/anaconda3/envs/analytics-prep/lib/python3.9/site-packages/airflow/example_dags/example_branch_labels.py
[2025-05-27T17:31:08.264-0400] {processor.py:753} INFO - DAG(s) dict_keys(['example_branch_labels']) retrieved from /Users/sruthibollu/anaconda3/envs/analytics-prep/lib/python3.9/site-packages/airflow/example_dags/example_branch_labels.py
[2025-05-27T17:31:08.653-0400] {logging_mixin.py:137} INFO - [2025-05-27T17:31:08.653-0400] {dag.py:2690} INFO - Sync 1 DAGs
[2025-05-27T17:31:08.661-0400] {logging_mixin.py:137} INFO - [2025-05-27T17:31:08.660-0400] {dag.py:3437} INFO - Setting next_dagrun for example_branch_labels to 2025-05-26T00:00:00+00:00, run_after=2025-05-27T00:00:00+00:00
[2025-05-27T17:31:08.667-0400] {processor.py:175} INFO - Processing /Users/sruthibollu/anaconda3/envs/analytics-prep/lib/python3.9/site-packages/airflow/example_dags/example_branch_labels.py took 0.428 seconds
[2025-05-27T18:19:27.331-0400] {processor.py:153} INFO - Started process (PID=54536) to work on /Users/sruthibollu/anaconda3/envs/analytics-prep/lib/python3.9/site-packages/airflow/example_dags/example_branch_labels.py
[2025-05-27T18:19:27.333-0400] {processor.py:743} INFO - Processing file /Users/sruthibollu/anaconda3/envs/analytics-prep/lib/python3.9/site-packages/airflow/example_dags/example_branch_labels.py for tasks to queue
[2025-05-27T18:19:27.333-0400] {logging_mixin.py:137} INFO - [2025-05-27T18:19:27.333-0400] {dagbag.py:538} INFO - Filling up the DagBag from /Users/sruthibollu/anaconda3/envs/analytics-prep/lib/python3.9/site-packages/airflow/example_dags/example_branch_labels.py
[2025-05-27T18:19:27.362-0400] {processor.py:753} INFO - DAG(s) dict_keys(['example_branch_labels']) retrieved from /Users/sruthibollu/anaconda3/envs/analytics-prep/lib/python3.9/site-packages/airflow/example_dags/example_branch_labels.py
[2025-05-27T18:19:27.723-0400] {logging_mixin.py:137} INFO - [2025-05-27T18:19:27.723-0400] {dag.py:2690} INFO - Sync 1 DAGs
[2025-05-27T18:19:27.730-0400] {logging_mixin.py:137} INFO - [2025-05-27T18:19:27.730-0400] {dag.py:3437} INFO - Setting next_dagrun for example_branch_labels to 2025-05-26T00:00:00+00:00, run_after=2025-05-27T00:00:00+00:00
[2025-05-27T18:19:27.736-0400] {processor.py:175} INFO - Processing /Users/sruthibollu/anaconda3/envs/analytics-prep/lib/python3.9/site-packages/airflow/example_dags/example_branch_labels.py took 0.407 seconds
[2025-05-27T18:38:51.323-0400] {processor.py:153} INFO - Started process (PID=55223) to work on /Users/sruthibollu/anaconda3/envs/analytics-prep/lib/python3.9/site-packages/airflow/example_dags/example_branch_labels.py
[2025-05-27T18:38:51.325-0400] {processor.py:743} INFO - Processing file /Users/sruthibollu/anaconda3/envs/analytics-prep/lib/python3.9/site-packages/airflow/example_dags/example_branch_labels.py for tasks to queue
[2025-05-27T18:38:51.325-0400] {logging_mixin.py:137} INFO - [2025-05-27T18:38:51.325-0400] {dagbag.py:538} INFO - Filling up the DagBag from /Users/sruthibollu/anaconda3/envs/analytics-prep/lib/python3.9/site-packages/airflow/example_dags/example_branch_labels.py
[2025-05-27T18:38:51.351-0400] {processor.py:753} INFO - DAG(s) dict_keys(['example_branch_labels']) retrieved from /Users/sruthibollu/anaconda3/envs/analytics-prep/lib/python3.9/site-packages/airflow/example_dags/example_branch_labels.py
[2025-05-27T18:38:51.792-0400] {logging_mixin.py:137} INFO - [2025-05-27T18:38:51.792-0400] {dag.py:2690} INFO - Sync 1 DAGs
[2025-05-27T18:38:51.802-0400] {logging_mixin.py:137} INFO - [2025-05-27T18:38:51.802-0400] {dag.py:3437} INFO - Setting next_dagrun for example_branch_labels to 2025-05-26T00:00:00+00:00, run_after=2025-05-27T00:00:00+00:00
[2025-05-27T18:38:51.808-0400] {processor.py:175} INFO - Processing /Users/sruthibollu/anaconda3/envs/analytics-prep/lib/python3.9/site-packages/airflow/example_dags/example_branch_labels.py took 0.486 seconds
[2025-05-27T19:05:52.641-0400] {processor.py:153} INFO - Started process (PID=55998) to work on /Users/sruthibollu/anaconda3/envs/analytics-prep/lib/python3.9/site-packages/airflow/example_dags/example_branch_labels.py
[2025-05-27T19:05:52.644-0400] {processor.py:743} INFO - Processing file /Users/sruthibollu/anaconda3/envs/analytics-prep/lib/python3.9/site-packages/airflow/example_dags/example_branch_labels.py for tasks to queue
[2025-05-27T19:05:52.644-0400] {logging_mixin.py:137} INFO - [2025-05-27T19:05:52.644-0400] {dagbag.py:538} INFO - Filling up the DagBag from /Users/sruthibollu/anaconda3/envs/analytics-prep/lib/python3.9/site-packages/airflow/example_dags/example_branch_labels.py
[2025-05-27T19:05:52.676-0400] {processor.py:753} INFO - DAG(s) dict_keys(['example_branch_labels']) retrieved from /Users/sruthibollu/anaconda3/envs/analytics-prep/lib/python3.9/site-packages/airflow/example_dags/example_branch_labels.py
[2025-05-27T19:05:53.035-0400] {logging_mixin.py:137} INFO - [2025-05-27T19:05:53.035-0400] {dag.py:2690} INFO - Sync 1 DAGs
[2025-05-27T19:05:53.042-0400] {logging_mixin.py:137} INFO - [2025-05-27T19:05:53.042-0400] {dag.py:3437} INFO - Setting next_dagrun for example_branch_labels to 2025-05-26T00:00:00+00:00, run_after=2025-05-27T00:00:00+00:00
[2025-05-27T19:05:53.048-0400] {processor.py:175} INFO - Processing /Users/sruthibollu/anaconda3/envs/analytics-prep/lib/python3.9/site-packages/airflow/example_dags/example_branch_labels.py took 0.408 seconds
[2025-05-27T19:48:28.479-0400] {processor.py:153} INFO - Started process (PID=56493) to work on /Users/sruthibollu/anaconda3/envs/analytics-prep/lib/python3.9/site-packages/airflow/example_dags/example_branch_labels.py
[2025-05-27T19:48:28.482-0400] {processor.py:743} INFO - Processing file /Users/sruthibollu/anaconda3/envs/analytics-prep/lib/python3.9/site-packages/airflow/example_dags/example_branch_labels.py for tasks to queue
[2025-05-27T19:48:28.483-0400] {logging_mixin.py:137} INFO - [2025-05-27T19:48:28.482-0400] {dagbag.py:538} INFO - Filling up the DagBag from /Users/sruthibollu/anaconda3/envs/analytics-prep/lib/python3.9/site-packages/airflow/example_dags/example_branch_labels.py
[2025-05-27T19:48:28.511-0400] {processor.py:753} INFO - DAG(s) dict_keys(['example_branch_labels']) retrieved from /Users/sruthibollu/anaconda3/envs/analytics-prep/lib/python3.9/site-packages/airflow/example_dags/example_branch_labels.py
[2025-05-27T19:48:28.936-0400] {logging_mixin.py:137} INFO - [2025-05-27T19:48:28.936-0400] {dag.py:2690} INFO - Sync 1 DAGs
[2025-05-27T19:48:28.945-0400] {logging_mixin.py:137} INFO - [2025-05-27T19:48:28.945-0400] {dag.py:3437} INFO - Setting next_dagrun for example_branch_labels to 2025-05-26T00:00:00+00:00, run_after=2025-05-27T00:00:00+00:00
[2025-05-27T19:48:28.951-0400] {processor.py:175} INFO - Processing /Users/sruthibollu/anaconda3/envs/analytics-prep/lib/python3.9/site-packages/airflow/example_dags/example_branch_labels.py took 0.473 seconds
