[2025-05-27T16:48:33.895-0400] {processor.py:153} INFO - Started process (PID=50875) to work on /Users/sruthibollu/anaconda3/envs/analytics-prep/lib/python3.9/site-packages/airflow/example_dags/example_branch_operator_decorator.py
[2025-05-27T16:48:33.897-0400] {processor.py:743} INFO - Processing file /Users/sruthibollu/anaconda3/envs/analytics-prep/lib/python3.9/site-packages/airflow/example_dags/example_branch_operator_decorator.py for tasks to queue
[2025-05-27T16:48:33.897-0400] {logging_mixin.py:137} INFO - [2025-05-27T16:48:33.897-0400] {dagbag.py:538} INFO - Filling up the DagBag from /Users/sruthibollu/anaconda3/envs/analytics-prep/lib/python3.9/site-packages/airflow/example_dags/example_branch_operator_decorator.py
[2025-05-27T16:48:33.930-0400] {processor.py:753} INFO - DAG(s) dict_keys(['example_branch_python_operator_decorator']) retrieved from /Users/sruthibollu/anaconda3/envs/analytics-prep/lib/python3.9/site-packages/airflow/example_dags/example_branch_operator_decorator.py
[2025-05-27T16:48:34.264-0400] {logging_mixin.py:137} INFO - [2025-05-27T16:48:34.264-0400] {dag.py:2690} INFO - Sync 1 DAGs
[2025-05-27T16:48:34.271-0400] {logging_mixin.py:137} INFO - [2025-05-27T16:48:34.271-0400] {dag.py:3437} INFO - Setting next_dagrun for example_branch_python_operator_decorator to 2025-05-26T00:00:00+00:00, run_after=2025-05-27T00:00:00+00:00
[2025-05-27T16:48:34.277-0400] {processor.py:175} INFO - Processing /Users/sruthibollu/anaconda3/envs/analytics-prep/lib/python3.9/site-packages/airflow/example_dags/example_branch_operator_decorator.py took 0.383 seconds
[2025-05-27T16:50:01.967-0400] {processor.py:153} INFO - Started process (PID=51930) to work on /Users/sruthibollu/anaconda3/envs/analytics-prep/lib/python3.9/site-packages/airflow/example_dags/example_branch_operator_decorator.py
[2025-05-27T16:50:01.969-0400] {processor.py:743} INFO - Processing file /Users/sruthibollu/anaconda3/envs/analytics-prep/lib/python3.9/site-packages/airflow/example_dags/example_branch_operator_decorator.py for tasks to queue
[2025-05-27T16:50:01.969-0400] {logging_mixin.py:137} INFO - [2025-05-27T16:50:01.969-0400] {dagbag.py:538} INFO - Filling up the DagBag from /Users/sruthibollu/anaconda3/envs/analytics-prep/lib/python3.9/site-packages/airflow/example_dags/example_branch_operator_decorator.py
[2025-05-27T16:50:02.010-0400] {processor.py:753} INFO - DAG(s) dict_keys(['example_branch_python_operator_decorator']) retrieved from /Users/sruthibollu/anaconda3/envs/analytics-prep/lib/python3.9/site-packages/airflow/example_dags/example_branch_operator_decorator.py
[2025-05-27T16:50:02.397-0400] {logging_mixin.py:137} INFO - [2025-05-27T16:50:02.397-0400] {dag.py:2690} INFO - Sync 1 DAGs
[2025-05-27T16:50:02.404-0400] {logging_mixin.py:137} INFO - [2025-05-27T16:50:02.404-0400] {dag.py:3437} INFO - Setting next_dagrun for example_branch_python_operator_decorator to 2025-05-26T00:00:00+00:00, run_after=2025-05-27T00:00:00+00:00
[2025-05-27T16:50:02.411-0400] {processor.py:175} INFO - Processing /Users/sruthibollu/anaconda3/envs/analytics-prep/lib/python3.9/site-packages/airflow/example_dags/example_branch_operator_decorator.py took 0.445 seconds
[2025-05-27T16:51:28.611-0400] {processor.py:153} INFO - Started process (PID=52426) to work on /Users/sruthibollu/anaconda3/envs/analytics-prep/lib/python3.9/site-packages/airflow/example_dags/example_branch_operator_decorator.py
[2025-05-27T16:51:28.613-0400] {processor.py:743} INFO - Processing file /Users/sruthibollu/anaconda3/envs/analytics-prep/lib/python3.9/site-packages/airflow/example_dags/example_branch_operator_decorator.py for tasks to queue
[2025-05-27T16:51:28.614-0400] {logging_mixin.py:137} INFO - [2025-05-27T16:51:28.613-0400] {dagbag.py:538} INFO - Filling up the DagBag from /Users/sruthibollu/anaconda3/envs/analytics-prep/lib/python3.9/site-packages/airflow/example_dags/example_branch_operator_decorator.py
[2025-05-27T16:51:28.674-0400] {processor.py:753} INFO - DAG(s) dict_keys(['example_branch_python_operator_decorator']) retrieved from /Users/sruthibollu/anaconda3/envs/analytics-prep/lib/python3.9/site-packages/airflow/example_dags/example_branch_operator_decorator.py
[2025-05-27T16:51:29.175-0400] {logging_mixin.py:137} INFO - [2025-05-27T16:51:29.175-0400] {dag.py:2690} INFO - Sync 1 DAGs
[2025-05-27T16:51:29.195-0400] {logging_mixin.py:137} INFO - [2025-05-27T16:51:29.194-0400] {dag.py:3437} INFO - Setting next_dagrun for example_branch_python_operator_decorator to 2025-05-26T00:00:00+00:00, run_after=2025-05-27T00:00:00+00:00
[2025-05-27T16:51:29.222-0400] {processor.py:175} INFO - Processing /Users/sruthibollu/anaconda3/envs/analytics-prep/lib/python3.9/site-packages/airflow/example_dags/example_branch_operator_decorator.py took 0.612 seconds
[2025-05-27T16:52:58.582-0400] {processor.py:153} INFO - Started process (PID=52967) to work on /Users/sruthibollu/anaconda3/envs/analytics-prep/lib/python3.9/site-packages/airflow/example_dags/example_branch_operator_decorator.py
[2025-05-27T16:52:58.587-0400] {processor.py:743} INFO - Processing file /Users/sruthibollu/anaconda3/envs/analytics-prep/lib/python3.9/site-packages/airflow/example_dags/example_branch_operator_decorator.py for tasks to queue
[2025-05-27T16:52:58.587-0400] {logging_mixin.py:137} INFO - [2025-05-27T16:52:58.587-0400] {dagbag.py:538} INFO - Filling up the DagBag from /Users/sruthibollu/anaconda3/envs/analytics-prep/lib/python3.9/site-packages/airflow/example_dags/example_branch_operator_decorator.py
[2025-05-27T16:52:58.620-0400] {processor.py:753} INFO - DAG(s) dict_keys(['example_branch_python_operator_decorator']) retrieved from /Users/sruthibollu/anaconda3/envs/analytics-prep/lib/python3.9/site-packages/airflow/example_dags/example_branch_operator_decorator.py
[2025-05-27T16:52:58.961-0400] {logging_mixin.py:137} INFO - [2025-05-27T16:52:58.961-0400] {dag.py:2690} INFO - Sync 1 DAGs
[2025-05-27T16:52:58.968-0400] {logging_mixin.py:137} INFO - [2025-05-27T16:52:58.968-0400] {dag.py:3437} INFO - Setting next_dagrun for example_branch_python_operator_decorator to 2025-05-26T00:00:00+00:00, run_after=2025-05-27T00:00:00+00:00
[2025-05-27T16:52:58.974-0400] {processor.py:175} INFO - Processing /Users/sruthibollu/anaconda3/envs/analytics-prep/lib/python3.9/site-packages/airflow/example_dags/example_branch_operator_decorator.py took 0.392 seconds
[2025-05-27T17:31:04.670-0400] {processor.py:153} INFO - Started process (PID=53489) to work on /Users/sruthibollu/anaconda3/envs/analytics-prep/lib/python3.9/site-packages/airflow/example_dags/example_branch_operator_decorator.py
[2025-05-27T17:31:04.673-0400] {processor.py:743} INFO - Processing file /Users/sruthibollu/anaconda3/envs/analytics-prep/lib/python3.9/site-packages/airflow/example_dags/example_branch_operator_decorator.py for tasks to queue
[2025-05-27T17:31:04.673-0400] {logging_mixin.py:137} INFO - [2025-05-27T17:31:04.673-0400] {dagbag.py:538} INFO - Filling up the DagBag from /Users/sruthibollu/anaconda3/envs/analytics-prep/lib/python3.9/site-packages/airflow/example_dags/example_branch_operator_decorator.py
[2025-05-27T17:31:04.713-0400] {processor.py:753} INFO - DAG(s) dict_keys(['example_branch_python_operator_decorator']) retrieved from /Users/sruthibollu/anaconda3/envs/analytics-prep/lib/python3.9/site-packages/airflow/example_dags/example_branch_operator_decorator.py
[2025-05-27T17:31:05.089-0400] {logging_mixin.py:137} INFO - [2025-05-27T17:31:05.089-0400] {dag.py:2690} INFO - Sync 1 DAGs
[2025-05-27T17:31:05.098-0400] {logging_mixin.py:137} INFO - [2025-05-27T17:31:05.098-0400] {dag.py:3437} INFO - Setting next_dagrun for example_branch_python_operator_decorator to 2025-05-26T00:00:00+00:00, run_after=2025-05-27T00:00:00+00:00
[2025-05-27T17:31:05.104-0400] {processor.py:175} INFO - Processing /Users/sruthibollu/anaconda3/envs/analytics-prep/lib/python3.9/site-packages/airflow/example_dags/example_branch_operator_decorator.py took 0.434 seconds
[2025-05-27T18:19:23.320-0400] {processor.py:153} INFO - Started process (PID=54512) to work on /Users/sruthibollu/anaconda3/envs/analytics-prep/lib/python3.9/site-packages/airflow/example_dags/example_branch_operator_decorator.py
[2025-05-27T18:19:23.322-0400] {processor.py:743} INFO - Processing file /Users/sruthibollu/anaconda3/envs/analytics-prep/lib/python3.9/site-packages/airflow/example_dags/example_branch_operator_decorator.py for tasks to queue
[2025-05-27T18:19:23.322-0400] {logging_mixin.py:137} INFO - [2025-05-27T18:19:23.322-0400] {dagbag.py:538} INFO - Filling up the DagBag from /Users/sruthibollu/anaconda3/envs/analytics-prep/lib/python3.9/site-packages/airflow/example_dags/example_branch_operator_decorator.py
[2025-05-27T18:19:23.360-0400] {processor.py:753} INFO - DAG(s) dict_keys(['example_branch_python_operator_decorator']) retrieved from /Users/sruthibollu/anaconda3/envs/analytics-prep/lib/python3.9/site-packages/airflow/example_dags/example_branch_operator_decorator.py
[2025-05-27T18:19:23.733-0400] {logging_mixin.py:137} INFO - [2025-05-27T18:19:23.733-0400] {dag.py:2690} INFO - Sync 1 DAGs
[2025-05-27T18:19:23.740-0400] {logging_mixin.py:137} INFO - [2025-05-27T18:19:23.740-0400] {dag.py:3437} INFO - Setting next_dagrun for example_branch_python_operator_decorator to 2025-05-26T00:00:00+00:00, run_after=2025-05-27T00:00:00+00:00
[2025-05-27T18:19:23.748-0400] {processor.py:175} INFO - Processing /Users/sruthibollu/anaconda3/envs/analytics-prep/lib/python3.9/site-packages/airflow/example_dags/example_branch_operator_decorator.py took 0.429 seconds
[2025-05-27T18:38:47.435-0400] {processor.py:153} INFO - Started process (PID=55185) to work on /Users/sruthibollu/anaconda3/envs/analytics-prep/lib/python3.9/site-packages/airflow/example_dags/example_branch_operator_decorator.py
[2025-05-27T18:38:47.437-0400] {processor.py:743} INFO - Processing file /Users/sruthibollu/anaconda3/envs/analytics-prep/lib/python3.9/site-packages/airflow/example_dags/example_branch_operator_decorator.py for tasks to queue
[2025-05-27T18:38:47.438-0400] {logging_mixin.py:137} INFO - [2025-05-27T18:38:47.438-0400] {dagbag.py:538} INFO - Filling up the DagBag from /Users/sruthibollu/anaconda3/envs/analytics-prep/lib/python3.9/site-packages/airflow/example_dags/example_branch_operator_decorator.py
[2025-05-27T18:38:47.474-0400] {processor.py:753} INFO - DAG(s) dict_keys(['example_branch_python_operator_decorator']) retrieved from /Users/sruthibollu/anaconda3/envs/analytics-prep/lib/python3.9/site-packages/airflow/example_dags/example_branch_operator_decorator.py
[2025-05-27T18:38:47.846-0400] {logging_mixin.py:137} INFO - [2025-05-27T18:38:47.845-0400] {dag.py:2690} INFO - Sync 1 DAGs
[2025-05-27T18:38:47.853-0400] {logging_mixin.py:137} INFO - [2025-05-27T18:38:47.853-0400] {dag.py:3437} INFO - Setting next_dagrun for example_branch_python_operator_decorator to 2025-05-26T00:00:00+00:00, run_after=2025-05-27T00:00:00+00:00
[2025-05-27T18:38:47.860-0400] {processor.py:175} INFO - Processing /Users/sruthibollu/anaconda3/envs/analytics-prep/lib/python3.9/site-packages/airflow/example_dags/example_branch_operator_decorator.py took 0.425 seconds
[2025-05-27T19:05:48.843-0400] {processor.py:153} INFO - Started process (PID=55975) to work on /Users/sruthibollu/anaconda3/envs/analytics-prep/lib/python3.9/site-packages/airflow/example_dags/example_branch_operator_decorator.py
[2025-05-27T19:05:48.846-0400] {processor.py:743} INFO - Processing file /Users/sruthibollu/anaconda3/envs/analytics-prep/lib/python3.9/site-packages/airflow/example_dags/example_branch_operator_decorator.py for tasks to queue
[2025-05-27T19:05:48.846-0400] {logging_mixin.py:137} INFO - [2025-05-27T19:05:48.846-0400] {dagbag.py:538} INFO - Filling up the DagBag from /Users/sruthibollu/anaconda3/envs/analytics-prep/lib/python3.9/site-packages/airflow/example_dags/example_branch_operator_decorator.py
[2025-05-27T19:05:48.892-0400] {processor.py:753} INFO - DAG(s) dict_keys(['example_branch_python_operator_decorator']) retrieved from /Users/sruthibollu/anaconda3/envs/analytics-prep/lib/python3.9/site-packages/airflow/example_dags/example_branch_operator_decorator.py
[2025-05-27T19:05:49.236-0400] {logging_mixin.py:137} INFO - [2025-05-27T19:05:49.236-0400] {dag.py:2690} INFO - Sync 1 DAGs
[2025-05-27T19:05:49.244-0400] {logging_mixin.py:137} INFO - [2025-05-27T19:05:49.244-0400] {dag.py:3437} INFO - Setting next_dagrun for example_branch_python_operator_decorator to 2025-05-26T00:00:00+00:00, run_after=2025-05-27T00:00:00+00:00
[2025-05-27T19:05:49.250-0400] {processor.py:175} INFO - Processing /Users/sruthibollu/anaconda3/envs/analytics-prep/lib/python3.9/site-packages/airflow/example_dags/example_branch_operator_decorator.py took 0.407 seconds
[2025-05-27T19:48:24.538-0400] {processor.py:153} INFO - Started process (PID=56470) to work on /Users/sruthibollu/anaconda3/envs/analytics-prep/lib/python3.9/site-packages/airflow/example_dags/example_branch_operator_decorator.py
[2025-05-27T19:48:24.540-0400] {processor.py:743} INFO - Processing file /Users/sruthibollu/anaconda3/envs/analytics-prep/lib/python3.9/site-packages/airflow/example_dags/example_branch_operator_decorator.py for tasks to queue
[2025-05-27T19:48:24.540-0400] {logging_mixin.py:137} INFO - [2025-05-27T19:48:24.540-0400] {dagbag.py:538} INFO - Filling up the DagBag from /Users/sruthibollu/anaconda3/envs/analytics-prep/lib/python3.9/site-packages/airflow/example_dags/example_branch_operator_decorator.py
[2025-05-27T19:48:24.574-0400] {processor.py:753} INFO - DAG(s) dict_keys(['example_branch_python_operator_decorator']) retrieved from /Users/sruthibollu/anaconda3/envs/analytics-prep/lib/python3.9/site-packages/airflow/example_dags/example_branch_operator_decorator.py
[2025-05-27T19:48:24.931-0400] {logging_mixin.py:137} INFO - [2025-05-27T19:48:24.931-0400] {dag.py:2690} INFO - Sync 1 DAGs
[2025-05-27T19:48:24.939-0400] {logging_mixin.py:137} INFO - [2025-05-27T19:48:24.939-0400] {dag.py:3437} INFO - Setting next_dagrun for example_branch_python_operator_decorator to 2025-05-26T00:00:00+00:00, run_after=2025-05-27T00:00:00+00:00
[2025-05-27T19:48:24.945-0400] {processor.py:175} INFO - Processing /Users/sruthibollu/anaconda3/envs/analytics-prep/lib/python3.9/site-packages/airflow/example_dags/example_branch_operator_decorator.py took 0.408 seconds
