[2025-05-27T16:47:47.614-0400] {processor.py:153} INFO - Started process (PID=49947) to work on /Users/sruthibollu/anaconda3/envs/analytics-prep/lib/python3.9/site-packages/airflow/example_dags/example_xcom.py
[2025-05-27T16:47:47.616-0400] {processor.py:743} INFO - Processing file /Users/sruthibollu/anaconda3/envs/analytics-prep/lib/python3.9/site-packages/airflow/example_dags/example_xcom.py for tasks to queue
[2025-05-27T16:47:47.616-0400] {logging_mixin.py:137} INFO - [2025-05-27T16:47:47.616-0400] {dagbag.py:538} INFO - Filling up the DagBag from /Users/sruthibollu/anaconda3/envs/analytics-prep/lib/python3.9/site-packages/airflow/example_dags/example_xcom.py
[2025-05-27T16:47:47.653-0400] {processor.py:753} INFO - DAG(s) dict_keys(['example_xcom']) retrieved from /Users/sruthibollu/anaconda3/envs/analytics-prep/lib/python3.9/site-packages/airflow/example_dags/example_xcom.py
[2025-05-27T16:47:47.672-0400] {logging_mixin.py:137} INFO - [2025-05-27T16:47:47.671-0400] {dag.py:2690} INFO - Sync 1 DAGs
[2025-05-27T16:47:48.006-0400] {logging_mixin.py:137} INFO - [2025-05-27T16:47:48.006-0400] {dag.py:3437} INFO - Setting next_dagrun for example_xcom to 2021-01-01T00:00:00+00:00, run_after=2021-01-01T00:00:00+00:00
[2025-05-27T16:47:48.012-0400] {processor.py:175} INFO - Processing /Users/sruthibollu/anaconda3/envs/analytics-prep/lib/python3.9/site-packages/airflow/example_dags/example_xcom.py took 0.399 seconds
[2025-05-27T16:48:57.556-0400] {processor.py:153} INFO - Started process (PID=50996) to work on /Users/sruthibollu/anaconda3/envs/analytics-prep/lib/python3.9/site-packages/airflow/example_dags/example_xcom.py
[2025-05-27T16:48:57.558-0400] {processor.py:743} INFO - Processing file /Users/sruthibollu/anaconda3/envs/analytics-prep/lib/python3.9/site-packages/airflow/example_dags/example_xcom.py for tasks to queue
[2025-05-27T16:48:57.559-0400] {logging_mixin.py:137} INFO - [2025-05-27T16:48:57.559-0400] {dagbag.py:538} INFO - Filling up the DagBag from /Users/sruthibollu/anaconda3/envs/analytics-prep/lib/python3.9/site-packages/airflow/example_dags/example_xcom.py
[2025-05-27T16:48:57.596-0400] {processor.py:753} INFO - DAG(s) dict_keys(['example_xcom']) retrieved from /Users/sruthibollu/anaconda3/envs/analytics-prep/lib/python3.9/site-packages/airflow/example_dags/example_xcom.py
[2025-05-27T16:48:57.957-0400] {logging_mixin.py:137} INFO - [2025-05-27T16:48:57.957-0400] {dag.py:2690} INFO - Sync 1 DAGs
[2025-05-27T16:48:57.964-0400] {logging_mixin.py:137} INFO - [2025-05-27T16:48:57.964-0400] {dag.py:3437} INFO - Setting next_dagrun for example_xcom to 2021-01-01T00:00:00+00:00, run_after=2021-01-01T00:00:00+00:00
[2025-05-27T16:48:57.970-0400] {processor.py:175} INFO - Processing /Users/sruthibollu/anaconda3/envs/analytics-prep/lib/python3.9/site-packages/airflow/example_dags/example_xcom.py took 0.414 seconds
[2025-05-27T16:49:42.161-0400] {processor.py:153} INFO - Started process (PID=51809) to work on /Users/sruthibollu/anaconda3/envs/analytics-prep/lib/python3.9/site-packages/airflow/example_dags/example_xcom.py
[2025-05-27T16:49:42.164-0400] {processor.py:743} INFO - Processing file /Users/sruthibollu/anaconda3/envs/analytics-prep/lib/python3.9/site-packages/airflow/example_dags/example_xcom.py for tasks to queue
[2025-05-27T16:49:42.164-0400] {logging_mixin.py:137} INFO - [2025-05-27T16:49:42.164-0400] {dagbag.py:538} INFO - Filling up the DagBag from /Users/sruthibollu/anaconda3/envs/analytics-prep/lib/python3.9/site-packages/airflow/example_dags/example_xcom.py
[2025-05-27T16:49:42.196-0400] {processor.py:753} INFO - DAG(s) dict_keys(['example_xcom']) retrieved from /Users/sruthibollu/anaconda3/envs/analytics-prep/lib/python3.9/site-packages/airflow/example_dags/example_xcom.py
[2025-05-27T16:49:42.533-0400] {logging_mixin.py:137} INFO - [2025-05-27T16:49:42.533-0400] {dag.py:2690} INFO - Sync 1 DAGs
[2025-05-27T16:49:42.541-0400] {logging_mixin.py:137} INFO - [2025-05-27T16:49:42.541-0400] {dag.py:3437} INFO - Setting next_dagrun for example_xcom to 2021-01-01T00:00:00+00:00, run_after=2021-01-01T00:00:00+00:00
[2025-05-27T16:49:42.548-0400] {processor.py:175} INFO - Processing /Users/sruthibollu/anaconda3/envs/analytics-prep/lib/python3.9/site-packages/airflow/example_dags/example_xcom.py took 0.387 seconds
[2025-05-27T16:50:25.453-0400] {processor.py:153} INFO - Started process (PID=52068) to work on /Users/sruthibollu/anaconda3/envs/analytics-prep/lib/python3.9/site-packages/airflow/example_dags/example_xcom.py
[2025-05-27T16:50:25.458-0400] {processor.py:743} INFO - Processing file /Users/sruthibollu/anaconda3/envs/analytics-prep/lib/python3.9/site-packages/airflow/example_dags/example_xcom.py for tasks to queue
[2025-05-27T16:50:25.458-0400] {logging_mixin.py:137} INFO - [2025-05-27T16:50:25.458-0400] {dagbag.py:538} INFO - Filling up the DagBag from /Users/sruthibollu/anaconda3/envs/analytics-prep/lib/python3.9/site-packages/airflow/example_dags/example_xcom.py
[2025-05-27T16:50:25.544-0400] {processor.py:753} INFO - DAG(s) dict_keys(['example_xcom']) retrieved from /Users/sruthibollu/anaconda3/envs/analytics-prep/lib/python3.9/site-packages/airflow/example_dags/example_xcom.py
[2025-05-27T16:50:25.924-0400] {logging_mixin.py:137} INFO - [2025-05-27T16:50:25.924-0400] {dag.py:2690} INFO - Sync 1 DAGs
[2025-05-27T16:50:25.930-0400] {logging_mixin.py:137} INFO - [2025-05-27T16:50:25.930-0400] {dag.py:3437} INFO - Setting next_dagrun for example_xcom to 2021-01-01T00:00:00+00:00, run_after=2021-01-01T00:00:00+00:00
[2025-05-27T16:50:25.937-0400] {processor.py:175} INFO - Processing /Users/sruthibollu/anaconda3/envs/analytics-prep/lib/python3.9/site-packages/airflow/example_dags/example_xcom.py took 0.485 seconds
[2025-05-27T16:51:52.222-0400] {processor.py:153} INFO - Started process (PID=52567) to work on /Users/sruthibollu/anaconda3/envs/analytics-prep/lib/python3.9/site-packages/airflow/example_dags/example_xcom.py
[2025-05-27T16:51:52.225-0400] {processor.py:743} INFO - Processing file /Users/sruthibollu/anaconda3/envs/analytics-prep/lib/python3.9/site-packages/airflow/example_dags/example_xcom.py for tasks to queue
[2025-05-27T16:51:52.225-0400] {logging_mixin.py:137} INFO - [2025-05-27T16:51:52.225-0400] {dagbag.py:538} INFO - Filling up the DagBag from /Users/sruthibollu/anaconda3/envs/analytics-prep/lib/python3.9/site-packages/airflow/example_dags/example_xcom.py
[2025-05-27T16:51:52.272-0400] {processor.py:753} INFO - DAG(s) dict_keys(['example_xcom']) retrieved from /Users/sruthibollu/anaconda3/envs/analytics-prep/lib/python3.9/site-packages/airflow/example_dags/example_xcom.py
[2025-05-27T16:51:52.666-0400] {logging_mixin.py:137} INFO - [2025-05-27T16:51:52.666-0400] {dag.py:2690} INFO - Sync 1 DAGs
[2025-05-27T16:51:52.673-0400] {logging_mixin.py:137} INFO - [2025-05-27T16:51:52.673-0400] {dag.py:3437} INFO - Setting next_dagrun for example_xcom to 2021-01-01T00:00:00+00:00, run_after=2021-01-01T00:00:00+00:00
[2025-05-27T16:51:52.680-0400] {processor.py:175} INFO - Processing /Users/sruthibollu/anaconda3/envs/analytics-prep/lib/python3.9/site-packages/airflow/example_dags/example_xcom.py took 0.458 seconds
[2025-05-27T16:52:42.898-0400] {processor.py:153} INFO - Started process (PID=52869) to work on /Users/sruthibollu/anaconda3/envs/analytics-prep/lib/python3.9/site-packages/airflow/example_dags/example_xcom.py
[2025-05-27T16:52:42.900-0400] {processor.py:743} INFO - Processing file /Users/sruthibollu/anaconda3/envs/analytics-prep/lib/python3.9/site-packages/airflow/example_dags/example_xcom.py for tasks to queue
[2025-05-27T16:52:42.901-0400] {logging_mixin.py:137} INFO - [2025-05-27T16:52:42.901-0400] {dagbag.py:538} INFO - Filling up the DagBag from /Users/sruthibollu/anaconda3/envs/analytics-prep/lib/python3.9/site-packages/airflow/example_dags/example_xcom.py
[2025-05-27T16:52:42.936-0400] {processor.py:753} INFO - DAG(s) dict_keys(['example_xcom']) retrieved from /Users/sruthibollu/anaconda3/envs/analytics-prep/lib/python3.9/site-packages/airflow/example_dags/example_xcom.py
[2025-05-27T16:52:43.293-0400] {logging_mixin.py:137} INFO - [2025-05-27T16:52:43.292-0400] {dag.py:2690} INFO - Sync 1 DAGs
[2025-05-27T16:52:43.299-0400] {logging_mixin.py:137} INFO - [2025-05-27T16:52:43.299-0400] {dag.py:3437} INFO - Setting next_dagrun for example_xcom to 2021-01-01T00:00:00+00:00, run_after=2021-01-01T00:00:00+00:00
[2025-05-27T16:52:43.307-0400] {processor.py:175} INFO - Processing /Users/sruthibollu/anaconda3/envs/analytics-prep/lib/python3.9/site-packages/airflow/example_dags/example_xcom.py took 0.409 seconds
[2025-05-27T16:54:00.856-0400] {processor.py:153} INFO - Started process (PID=53333) to work on /Users/sruthibollu/anaconda3/envs/analytics-prep/lib/python3.9/site-packages/airflow/example_dags/example_xcom.py
[2025-05-27T16:54:00.859-0400] {processor.py:743} INFO - Processing file /Users/sruthibollu/anaconda3/envs/analytics-prep/lib/python3.9/site-packages/airflow/example_dags/example_xcom.py for tasks to queue
[2025-05-27T16:54:00.859-0400] {logging_mixin.py:137} INFO - [2025-05-27T16:54:00.859-0400] {dagbag.py:538} INFO - Filling up the DagBag from /Users/sruthibollu/anaconda3/envs/analytics-prep/lib/python3.9/site-packages/airflow/example_dags/example_xcom.py
[2025-05-27T16:54:00.897-0400] {processor.py:753} INFO - DAG(s) dict_keys(['example_xcom']) retrieved from /Users/sruthibollu/anaconda3/envs/analytics-prep/lib/python3.9/site-packages/airflow/example_dags/example_xcom.py
[2025-05-27T16:54:01.257-0400] {logging_mixin.py:137} INFO - [2025-05-27T16:54:01.257-0400] {dag.py:2690} INFO - Sync 1 DAGs
[2025-05-27T16:54:01.264-0400] {logging_mixin.py:137} INFO - [2025-05-27T16:54:01.264-0400] {dag.py:3437} INFO - Setting next_dagrun for example_xcom to 2021-01-01T00:00:00+00:00, run_after=2021-01-01T00:00:00+00:00
[2025-05-27T16:54:01.271-0400] {processor.py:175} INFO - Processing /Users/sruthibollu/anaconda3/envs/analytics-prep/lib/python3.9/site-packages/airflow/example_dags/example_xcom.py took 0.416 seconds
[2025-05-27T17:32:44.291-0400] {processor.py:153} INFO - Started process (PID=53639) to work on /Users/sruthibollu/anaconda3/envs/analytics-prep/lib/python3.9/site-packages/airflow/example_dags/example_xcom.py
[2025-05-27T17:32:44.293-0400] {processor.py:743} INFO - Processing file /Users/sruthibollu/anaconda3/envs/analytics-prep/lib/python3.9/site-packages/airflow/example_dags/example_xcom.py for tasks to queue
[2025-05-27T17:32:44.293-0400] {logging_mixin.py:137} INFO - [2025-05-27T17:32:44.293-0400] {dagbag.py:538} INFO - Filling up the DagBag from /Users/sruthibollu/anaconda3/envs/analytics-prep/lib/python3.9/site-packages/airflow/example_dags/example_xcom.py
[2025-05-27T17:32:44.326-0400] {processor.py:753} INFO - DAG(s) dict_keys(['example_xcom']) retrieved from /Users/sruthibollu/anaconda3/envs/analytics-prep/lib/python3.9/site-packages/airflow/example_dags/example_xcom.py
[2025-05-27T17:32:44.662-0400] {logging_mixin.py:137} INFO - [2025-05-27T17:32:44.662-0400] {dag.py:2690} INFO - Sync 1 DAGs
[2025-05-27T17:32:44.669-0400] {logging_mixin.py:137} INFO - [2025-05-27T17:32:44.669-0400] {dag.py:3437} INFO - Setting next_dagrun for example_xcom to 2021-01-01T00:00:00+00:00, run_after=2021-01-01T00:00:00+00:00
[2025-05-27T17:32:44.676-0400] {processor.py:175} INFO - Processing /Users/sruthibollu/anaconda3/envs/analytics-prep/lib/python3.9/site-packages/airflow/example_dags/example_xcom.py took 0.385 seconds
[2025-05-27T18:06:33.519-0400] {processor.py:153} INFO - Started process (PID=54296) to work on /Users/sruthibollu/anaconda3/envs/analytics-prep/lib/python3.9/site-packages/airflow/example_dags/example_xcom.py
[2025-05-27T18:06:33.521-0400] {processor.py:743} INFO - Processing file /Users/sruthibollu/anaconda3/envs/analytics-prep/lib/python3.9/site-packages/airflow/example_dags/example_xcom.py for tasks to queue
[2025-05-27T18:06:33.521-0400] {logging_mixin.py:137} INFO - [2025-05-27T18:06:33.521-0400] {dagbag.py:538} INFO - Filling up the DagBag from /Users/sruthibollu/anaconda3/envs/analytics-prep/lib/python3.9/site-packages/airflow/example_dags/example_xcom.py
[2025-05-27T18:06:33.564-0400] {processor.py:753} INFO - DAG(s) dict_keys(['example_xcom']) retrieved from /Users/sruthibollu/anaconda3/envs/analytics-prep/lib/python3.9/site-packages/airflow/example_dags/example_xcom.py
[2025-05-27T18:06:33.952-0400] {logging_mixin.py:137} INFO - [2025-05-27T18:06:33.952-0400] {dag.py:2690} INFO - Sync 1 DAGs
[2025-05-27T18:06:33.959-0400] {logging_mixin.py:137} INFO - [2025-05-27T18:06:33.959-0400] {dag.py:3437} INFO - Setting next_dagrun for example_xcom to 2021-01-01T00:00:00+00:00, run_after=2021-01-01T00:00:00+00:00
[2025-05-27T18:06:33.965-0400] {processor.py:175} INFO - Processing /Users/sruthibollu/anaconda3/envs/analytics-prep/lib/python3.9/site-packages/airflow/example_dags/example_xcom.py took 0.447 seconds
[2025-05-27T18:19:47.148-0400] {processor.py:153} INFO - Started process (PID=54651) to work on /Users/sruthibollu/anaconda3/envs/analytics-prep/lib/python3.9/site-packages/airflow/example_dags/example_xcom.py
[2025-05-27T18:19:47.150-0400] {processor.py:743} INFO - Processing file /Users/sruthibollu/anaconda3/envs/analytics-prep/lib/python3.9/site-packages/airflow/example_dags/example_xcom.py for tasks to queue
[2025-05-27T18:19:47.151-0400] {logging_mixin.py:137} INFO - [2025-05-27T18:19:47.151-0400] {dagbag.py:538} INFO - Filling up the DagBag from /Users/sruthibollu/anaconda3/envs/analytics-prep/lib/python3.9/site-packages/airflow/example_dags/example_xcom.py
[2025-05-27T18:19:47.188-0400] {processor.py:753} INFO - DAG(s) dict_keys(['example_xcom']) retrieved from /Users/sruthibollu/anaconda3/envs/analytics-prep/lib/python3.9/site-packages/airflow/example_dags/example_xcom.py
[2025-05-27T18:19:47.534-0400] {logging_mixin.py:137} INFO - [2025-05-27T18:19:47.534-0400] {dag.py:2690} INFO - Sync 1 DAGs
[2025-05-27T18:19:47.540-0400] {logging_mixin.py:137} INFO - [2025-05-27T18:19:47.540-0400] {dag.py:3437} INFO - Setting next_dagrun for example_xcom to 2021-01-01T00:00:00+00:00, run_after=2021-01-01T00:00:00+00:00
[2025-05-27T18:19:47.548-0400] {processor.py:175} INFO - Processing /Users/sruthibollu/anaconda3/envs/analytics-prep/lib/python3.9/site-packages/airflow/example_dags/example_xcom.py took 0.401 seconds
[2025-05-27T18:31:26.675-0400] {processor.py:153} INFO - Started process (PID=55054) to work on /Users/sruthibollu/anaconda3/envs/analytics-prep/lib/python3.9/site-packages/airflow/example_dags/example_xcom.py
[2025-05-27T18:31:26.679-0400] {processor.py:743} INFO - Processing file /Users/sruthibollu/anaconda3/envs/analytics-prep/lib/python3.9/site-packages/airflow/example_dags/example_xcom.py for tasks to queue
[2025-05-27T18:31:26.679-0400] {logging_mixin.py:137} INFO - [2025-05-27T18:31:26.679-0400] {dagbag.py:538} INFO - Filling up the DagBag from /Users/sruthibollu/anaconda3/envs/analytics-prep/lib/python3.9/site-packages/airflow/example_dags/example_xcom.py
[2025-05-27T18:31:26.736-0400] {processor.py:753} INFO - DAG(s) dict_keys(['example_xcom']) retrieved from /Users/sruthibollu/anaconda3/envs/analytics-prep/lib/python3.9/site-packages/airflow/example_dags/example_xcom.py
[2025-05-27T18:31:27.471-0400] {logging_mixin.py:137} INFO - [2025-05-27T18:31:27.471-0400] {dag.py:2690} INFO - Sync 1 DAGs
[2025-05-27T18:31:27.487-0400] {logging_mixin.py:137} INFO - [2025-05-27T18:31:27.487-0400] {dag.py:3437} INFO - Setting next_dagrun for example_xcom to 2021-01-01T00:00:00+00:00, run_after=2021-01-01T00:00:00+00:00
[2025-05-27T18:31:27.498-0400] {processor.py:175} INFO - Processing /Users/sruthibollu/anaconda3/envs/analytics-prep/lib/python3.9/site-packages/airflow/example_dags/example_xcom.py took 0.823 seconds
[2025-05-27T18:39:10.794-0400] {processor.py:153} INFO - Started process (PID=55336) to work on /Users/sruthibollu/anaconda3/envs/analytics-prep/lib/python3.9/site-packages/airflow/example_dags/example_xcom.py
[2025-05-27T18:39:10.796-0400] {processor.py:743} INFO - Processing file /Users/sruthibollu/anaconda3/envs/analytics-prep/lib/python3.9/site-packages/airflow/example_dags/example_xcom.py for tasks to queue
[2025-05-27T18:39:10.796-0400] {logging_mixin.py:137} INFO - [2025-05-27T18:39:10.796-0400] {dagbag.py:538} INFO - Filling up the DagBag from /Users/sruthibollu/anaconda3/envs/analytics-prep/lib/python3.9/site-packages/airflow/example_dags/example_xcom.py
[2025-05-27T18:39:10.834-0400] {processor.py:753} INFO - DAG(s) dict_keys(['example_xcom']) retrieved from /Users/sruthibollu/anaconda3/envs/analytics-prep/lib/python3.9/site-packages/airflow/example_dags/example_xcom.py
[2025-05-27T18:39:11.205-0400] {logging_mixin.py:137} INFO - [2025-05-27T18:39:11.205-0400] {dag.py:2690} INFO - Sync 1 DAGs
[2025-05-27T18:39:11.211-0400] {logging_mixin.py:137} INFO - [2025-05-27T18:39:11.211-0400] {dag.py:3437} INFO - Setting next_dagrun for example_xcom to 2021-01-01T00:00:00+00:00, run_after=2021-01-01T00:00:00+00:00
[2025-05-27T18:39:11.218-0400] {processor.py:175} INFO - Processing /Users/sruthibollu/anaconda3/envs/analytics-prep/lib/python3.9/site-packages/airflow/example_dags/example_xcom.py took 0.426 seconds
[2025-05-27T18:54:48.744-0400] {processor.py:153} INFO - Started process (PID=55750) to work on /Users/sruthibollu/anaconda3/envs/analytics-prep/lib/python3.9/site-packages/airflow/example_dags/example_xcom.py
[2025-05-27T18:54:48.747-0400] {processor.py:743} INFO - Processing file /Users/sruthibollu/anaconda3/envs/analytics-prep/lib/python3.9/site-packages/airflow/example_dags/example_xcom.py for tasks to queue
[2025-05-27T18:54:48.747-0400] {logging_mixin.py:137} INFO - [2025-05-27T18:54:48.747-0400] {dagbag.py:538} INFO - Filling up the DagBag from /Users/sruthibollu/anaconda3/envs/analytics-prep/lib/python3.9/site-packages/airflow/example_dags/example_xcom.py
[2025-05-27T18:54:48.785-0400] {processor.py:753} INFO - DAG(s) dict_keys(['example_xcom']) retrieved from /Users/sruthibollu/anaconda3/envs/analytics-prep/lib/python3.9/site-packages/airflow/example_dags/example_xcom.py
[2025-05-27T18:54:49.175-0400] {logging_mixin.py:137} INFO - [2025-05-27T18:54:49.175-0400] {dag.py:2690} INFO - Sync 1 DAGs
[2025-05-27T18:54:49.181-0400] {logging_mixin.py:137} INFO - [2025-05-27T18:54:49.181-0400] {dag.py:3437} INFO - Setting next_dagrun for example_xcom to 2021-01-01T00:00:00+00:00, run_after=2021-01-01T00:00:00+00:00
[2025-05-27T18:54:49.187-0400] {processor.py:175} INFO - Processing /Users/sruthibollu/anaconda3/envs/analytics-prep/lib/python3.9/site-packages/airflow/example_dags/example_xcom.py took 0.444 seconds
[2025-05-27T19:36:11.329-0400] {processor.py:153} INFO - Started process (PID=56155) to work on /Users/sruthibollu/anaconda3/envs/analytics-prep/lib/python3.9/site-packages/airflow/example_dags/example_xcom.py
[2025-05-27T19:36:11.331-0400] {processor.py:743} INFO - Processing file /Users/sruthibollu/anaconda3/envs/analytics-prep/lib/python3.9/site-packages/airflow/example_dags/example_xcom.py for tasks to queue
[2025-05-27T19:36:11.331-0400] {logging_mixin.py:137} INFO - [2025-05-27T19:36:11.331-0400] {dagbag.py:538} INFO - Filling up the DagBag from /Users/sruthibollu/anaconda3/envs/analytics-prep/lib/python3.9/site-packages/airflow/example_dags/example_xcom.py
[2025-05-27T19:36:11.376-0400] {processor.py:753} INFO - DAG(s) dict_keys(['example_xcom']) retrieved from /Users/sruthibollu/anaconda3/envs/analytics-prep/lib/python3.9/site-packages/airflow/example_dags/example_xcom.py
[2025-05-27T19:36:11.782-0400] {logging_mixin.py:137} INFO - [2025-05-27T19:36:11.782-0400] {dag.py:2690} INFO - Sync 1 DAGs
[2025-05-27T19:36:11.792-0400] {logging_mixin.py:137} INFO - [2025-05-27T19:36:11.792-0400] {dag.py:3437} INFO - Setting next_dagrun for example_xcom to 2021-01-01T00:00:00+00:00, run_after=2021-01-01T00:00:00+00:00
[2025-05-27T19:36:11.798-0400] {processor.py:175} INFO - Processing /Users/sruthibollu/anaconda3/envs/analytics-prep/lib/python3.9/site-packages/airflow/example_dags/example_xcom.py took 0.470 seconds
[2025-05-27T19:49:57.379-0400] {processor.py:153} INFO - Started process (PID=56605) to work on /Users/sruthibollu/anaconda3/envs/analytics-prep/lib/python3.9/site-packages/airflow/example_dags/example_xcom.py
[2025-05-27T19:49:57.382-0400] {processor.py:743} INFO - Processing file /Users/sruthibollu/anaconda3/envs/analytics-prep/lib/python3.9/site-packages/airflow/example_dags/example_xcom.py for tasks to queue
[2025-05-27T19:49:57.383-0400] {logging_mixin.py:137} INFO - [2025-05-27T19:49:57.383-0400] {dagbag.py:538} INFO - Filling up the DagBag from /Users/sruthibollu/anaconda3/envs/analytics-prep/lib/python3.9/site-packages/airflow/example_dags/example_xcom.py
[2025-05-27T19:49:57.436-0400] {processor.py:753} INFO - DAG(s) dict_keys(['example_xcom']) retrieved from /Users/sruthibollu/anaconda3/envs/analytics-prep/lib/python3.9/site-packages/airflow/example_dags/example_xcom.py
[2025-05-27T19:49:57.891-0400] {logging_mixin.py:137} INFO - [2025-05-27T19:49:57.891-0400] {dag.py:2690} INFO - Sync 1 DAGs
[2025-05-27T19:49:57.899-0400] {logging_mixin.py:137} INFO - [2025-05-27T19:49:57.899-0400] {dag.py:3437} INFO - Setting next_dagrun for example_xcom to 2021-01-01T00:00:00+00:00, run_after=2021-01-01T00:00:00+00:00
[2025-05-27T19:49:57.907-0400] {processor.py:175} INFO - Processing /Users/sruthibollu/anaconda3/envs/analytics-prep/lib/python3.9/site-packages/airflow/example_dags/example_xcom.py took 0.530 seconds
[2025-05-27T19:57:04.204-0400] {processor.py:153} INFO - Started process (PID=56934) to work on /Users/sruthibollu/anaconda3/envs/analytics-prep/lib/python3.9/site-packages/airflow/example_dags/example_xcom.py
[2025-05-27T19:57:04.206-0400] {processor.py:743} INFO - Processing file /Users/sruthibollu/anaconda3/envs/analytics-prep/lib/python3.9/site-packages/airflow/example_dags/example_xcom.py for tasks to queue
[2025-05-27T19:57:04.207-0400] {logging_mixin.py:137} INFO - [2025-05-27T19:57:04.206-0400] {dagbag.py:538} INFO - Filling up the DagBag from /Users/sruthibollu/anaconda3/envs/analytics-prep/lib/python3.9/site-packages/airflow/example_dags/example_xcom.py
[2025-05-27T19:57:04.241-0400] {processor.py:753} INFO - DAG(s) dict_keys(['example_xcom']) retrieved from /Users/sruthibollu/anaconda3/envs/analytics-prep/lib/python3.9/site-packages/airflow/example_dags/example_xcom.py
[2025-05-27T19:57:04.612-0400] {logging_mixin.py:137} INFO - [2025-05-27T19:57:04.612-0400] {dag.py:2690} INFO - Sync 1 DAGs
[2025-05-27T19:57:04.619-0400] {logging_mixin.py:137} INFO - [2025-05-27T19:57:04.619-0400] {dag.py:3437} INFO - Setting next_dagrun for example_xcom to 2021-01-01T00:00:00+00:00, run_after=2021-01-01T00:00:00+00:00
[2025-05-27T19:57:04.626-0400] {processor.py:175} INFO - Processing /Users/sruthibollu/anaconda3/envs/analytics-prep/lib/python3.9/site-packages/airflow/example_dags/example_xcom.py took 0.422 seconds
