[2025-05-27T16:48:26.463-0400] {processor.py:153} INFO - Started process (PID=50834) to work on /Users/sruthibollu/anaconda3/envs/analytics-prep/lib/python3.9/site-packages/airflow/example_dags/example_datasets.py
[2025-05-27T16:48:26.465-0400] {processor.py:743} INFO - Processing file /Users/sruthibollu/anaconda3/envs/analytics-prep/lib/python3.9/site-packages/airflow/example_dags/example_datasets.py for tasks to queue
[2025-05-27T16:48:26.465-0400] {logging_mixin.py:137} INFO - [2025-05-27T16:48:26.465-0400] {dagbag.py:538} INFO - Filling up the DagBag from /Users/sruthibollu/anaconda3/envs/analytics-prep/lib/python3.9/site-packages/airflow/example_dags/example_datasets.py
[2025-05-27T16:48:26.493-0400] {processor.py:753} INFO - DAG(s) dict_keys(['dataset_consumes_unknown_never_scheduled', 'dataset_consumes_1_and_2', 'dataset_consumes_1_never_scheduled', 'dataset_consumes_1', 'dataset_produces_1', 'dataset_produces_2']) retrieved from /Users/sruthibollu/anaconda3/envs/analytics-prep/lib/python3.9/site-packages/airflow/example_dags/example_datasets.py
[2025-05-27T16:48:26.897-0400] {logging_mixin.py:137} INFO - [2025-05-27T16:48:26.897-0400] {dag.py:2690} INFO - Sync 6 DAGs
[2025-05-27T16:48:26.904-0400] {logging_mixin.py:137} INFO - [2025-05-27T16:48:26.904-0400] {dag.py:3437} INFO - Setting next_dagrun for dataset_consumes_1 to None, run_after=None
[2025-05-27T16:48:26.905-0400] {logging_mixin.py:137} INFO - [2025-05-27T16:48:26.905-0400] {dag.py:3437} INFO - Setting next_dagrun for dataset_consumes_1_and_2 to None, run_after=None
[2025-05-27T16:48:26.905-0400] {logging_mixin.py:137} INFO - [2025-05-27T16:48:26.905-0400] {dag.py:3437} INFO - Setting next_dagrun for dataset_consumes_1_never_scheduled to None, run_after=None
[2025-05-27T16:48:26.905-0400] {logging_mixin.py:137} INFO - [2025-05-27T16:48:26.905-0400] {dag.py:3437} INFO - Setting next_dagrun for dataset_consumes_unknown_never_scheduled to None, run_after=None
[2025-05-27T16:48:26.906-0400] {logging_mixin.py:137} INFO - [2025-05-27T16:48:26.906-0400] {dag.py:3437} INFO - Setting next_dagrun for dataset_produces_1 to 2025-05-26T00:00:00+00:00, run_after=2025-05-27T00:00:00+00:00
[2025-05-27T16:48:26.907-0400] {logging_mixin.py:137} INFO - [2025-05-27T16:48:26.906-0400] {dag.py:3437} INFO - Setting next_dagrun for dataset_produces_2 to None, run_after=None
[2025-05-27T16:48:26.917-0400] {processor.py:175} INFO - Processing /Users/sruthibollu/anaconda3/envs/analytics-prep/lib/python3.9/site-packages/airflow/example_dags/example_datasets.py took 0.455 seconds
[2025-05-27T16:49:54.380-0400] {processor.py:153} INFO - Started process (PID=51883) to work on /Users/sruthibollu/anaconda3/envs/analytics-prep/lib/python3.9/site-packages/airflow/example_dags/example_datasets.py
[2025-05-27T16:49:54.383-0400] {processor.py:743} INFO - Processing file /Users/sruthibollu/anaconda3/envs/analytics-prep/lib/python3.9/site-packages/airflow/example_dags/example_datasets.py for tasks to queue
[2025-05-27T16:49:54.383-0400] {logging_mixin.py:137} INFO - [2025-05-27T16:49:54.383-0400] {dagbag.py:538} INFO - Filling up the DagBag from /Users/sruthibollu/anaconda3/envs/analytics-prep/lib/python3.9/site-packages/airflow/example_dags/example_datasets.py
[2025-05-27T16:49:54.407-0400] {processor.py:753} INFO - DAG(s) dict_keys(['dataset_consumes_unknown_never_scheduled', 'dataset_produces_2', 'dataset_consumes_1_never_scheduled', 'dataset_consumes_1', 'dataset_produces_1', 'dataset_consumes_1_and_2']) retrieved from /Users/sruthibollu/anaconda3/envs/analytics-prep/lib/python3.9/site-packages/airflow/example_dags/example_datasets.py
[2025-05-27T16:49:54.762-0400] {logging_mixin.py:137} INFO - [2025-05-27T16:49:54.762-0400] {dag.py:2690} INFO - Sync 6 DAGs
[2025-05-27T16:49:54.769-0400] {logging_mixin.py:137} INFO - [2025-05-27T16:49:54.769-0400] {dag.py:3437} INFO - Setting next_dagrun for dataset_consumes_1 to None, run_after=None
[2025-05-27T16:49:54.770-0400] {logging_mixin.py:137} INFO - [2025-05-27T16:49:54.770-0400] {dag.py:3437} INFO - Setting next_dagrun for dataset_consumes_1_and_2 to None, run_after=None
[2025-05-27T16:49:54.770-0400] {logging_mixin.py:137} INFO - [2025-05-27T16:49:54.770-0400] {dag.py:3437} INFO - Setting next_dagrun for dataset_consumes_1_never_scheduled to None, run_after=None
[2025-05-27T16:49:54.770-0400] {logging_mixin.py:137} INFO - [2025-05-27T16:49:54.770-0400] {dag.py:3437} INFO - Setting next_dagrun for dataset_consumes_unknown_never_scheduled to None, run_after=None
[2025-05-27T16:49:54.771-0400] {logging_mixin.py:137} INFO - [2025-05-27T16:49:54.771-0400] {dag.py:3437} INFO - Setting next_dagrun for dataset_produces_1 to 2025-05-26T00:00:00+00:00, run_after=2025-05-27T00:00:00+00:00
[2025-05-27T16:49:54.772-0400] {logging_mixin.py:137} INFO - [2025-05-27T16:49:54.772-0400] {dag.py:3437} INFO - Setting next_dagrun for dataset_produces_2 to None, run_after=None
[2025-05-27T16:49:54.782-0400] {processor.py:175} INFO - Processing /Users/sruthibollu/anaconda3/envs/analytics-prep/lib/python3.9/site-packages/airflow/example_dags/example_datasets.py took 0.402 seconds
[2025-05-27T16:51:14.400-0400] {processor.py:153} INFO - Started process (PID=52349) to work on /Users/sruthibollu/anaconda3/envs/analytics-prep/lib/python3.9/site-packages/airflow/example_dags/example_datasets.py
[2025-05-27T16:51:14.413-0400] {processor.py:743} INFO - Processing file /Users/sruthibollu/anaconda3/envs/analytics-prep/lib/python3.9/site-packages/airflow/example_dags/example_datasets.py for tasks to queue
[2025-05-27T16:51:14.418-0400] {logging_mixin.py:137} INFO - [2025-05-27T16:51:14.417-0400] {dagbag.py:538} INFO - Filling up the DagBag from /Users/sruthibollu/anaconda3/envs/analytics-prep/lib/python3.9/site-packages/airflow/example_dags/example_datasets.py
[2025-05-27T16:51:14.637-0400] {processor.py:753} INFO - DAG(s) dict_keys(['dataset_consumes_1_never_scheduled', 'dataset_produces_1', 'dataset_consumes_1', 'dataset_consumes_unknown_never_scheduled', 'dataset_produces_2', 'dataset_consumes_1_and_2']) retrieved from /Users/sruthibollu/anaconda3/envs/analytics-prep/lib/python3.9/site-packages/airflow/example_dags/example_datasets.py
[2025-05-27T16:51:16.679-0400] {logging_mixin.py:137} INFO - [2025-05-27T16:51:16.678-0400] {dag.py:2690} INFO - Sync 6 DAGs
[2025-05-27T16:51:16.696-0400] {logging_mixin.py:137} INFO - [2025-05-27T16:51:16.696-0400] {dag.py:3437} INFO - Setting next_dagrun for dataset_consumes_1 to None, run_after=None
[2025-05-27T16:51:16.697-0400] {logging_mixin.py:137} INFO - [2025-05-27T16:51:16.697-0400] {dag.py:3437} INFO - Setting next_dagrun for dataset_consumes_1_and_2 to None, run_after=None
[2025-05-27T16:51:16.698-0400] {logging_mixin.py:137} INFO - [2025-05-27T16:51:16.698-0400] {dag.py:3437} INFO - Setting next_dagrun for dataset_consumes_1_never_scheduled to None, run_after=None
[2025-05-27T16:51:16.698-0400] {logging_mixin.py:137} INFO - [2025-05-27T16:51:16.698-0400] {dag.py:3437} INFO - Setting next_dagrun for dataset_consumes_unknown_never_scheduled to None, run_after=None
[2025-05-27T16:51:16.701-0400] {logging_mixin.py:137} INFO - [2025-05-27T16:51:16.701-0400] {dag.py:3437} INFO - Setting next_dagrun for dataset_produces_1 to 2025-05-26T00:00:00+00:00, run_after=2025-05-27T00:00:00+00:00
[2025-05-27T16:51:16.701-0400] {logging_mixin.py:137} INFO - [2025-05-27T16:51:16.701-0400] {dag.py:3437} INFO - Setting next_dagrun for dataset_produces_2 to None, run_after=None
[2025-05-27T16:51:16.799-0400] {processor.py:175} INFO - Processing /Users/sruthibollu/anaconda3/envs/analytics-prep/lib/python3.9/site-packages/airflow/example_dags/example_datasets.py took 2.403 seconds
[2025-05-27T16:52:51.438-0400] {processor.py:153} INFO - Started process (PID=52919) to work on /Users/sruthibollu/anaconda3/envs/analytics-prep/lib/python3.9/site-packages/airflow/example_dags/example_datasets.py
[2025-05-27T16:52:51.440-0400] {processor.py:743} INFO - Processing file /Users/sruthibollu/anaconda3/envs/analytics-prep/lib/python3.9/site-packages/airflow/example_dags/example_datasets.py for tasks to queue
[2025-05-27T16:52:51.441-0400] {logging_mixin.py:137} INFO - [2025-05-27T16:52:51.441-0400] {dagbag.py:538} INFO - Filling up the DagBag from /Users/sruthibollu/anaconda3/envs/analytics-prep/lib/python3.9/site-packages/airflow/example_dags/example_datasets.py
[2025-05-27T16:52:51.464-0400] {processor.py:753} INFO - DAG(s) dict_keys(['dataset_consumes_1', 'dataset_consumes_1_never_scheduled', 'dataset_produces_2', 'dataset_consumes_1_and_2', 'dataset_consumes_unknown_never_scheduled', 'dataset_produces_1']) retrieved from /Users/sruthibollu/anaconda3/envs/analytics-prep/lib/python3.9/site-packages/airflow/example_dags/example_datasets.py
[2025-05-27T16:52:51.815-0400] {logging_mixin.py:137} INFO - [2025-05-27T16:52:51.815-0400] {dag.py:2690} INFO - Sync 6 DAGs
[2025-05-27T16:52:51.822-0400] {logging_mixin.py:137} INFO - [2025-05-27T16:52:51.822-0400] {dag.py:3437} INFO - Setting next_dagrun for dataset_consumes_1 to None, run_after=None
[2025-05-27T16:52:51.823-0400] {logging_mixin.py:137} INFO - [2025-05-27T16:52:51.823-0400] {dag.py:3437} INFO - Setting next_dagrun for dataset_consumes_1_and_2 to None, run_after=None
[2025-05-27T16:52:51.823-0400] {logging_mixin.py:137} INFO - [2025-05-27T16:52:51.823-0400] {dag.py:3437} INFO - Setting next_dagrun for dataset_consumes_1_never_scheduled to None, run_after=None
[2025-05-27T16:52:51.824-0400] {logging_mixin.py:137} INFO - [2025-05-27T16:52:51.823-0400] {dag.py:3437} INFO - Setting next_dagrun for dataset_consumes_unknown_never_scheduled to None, run_after=None
[2025-05-27T16:52:51.824-0400] {logging_mixin.py:137} INFO - [2025-05-27T16:52:51.824-0400] {dag.py:3437} INFO - Setting next_dagrun for dataset_produces_1 to 2025-05-26T00:00:00+00:00, run_after=2025-05-27T00:00:00+00:00
[2025-05-27T16:52:51.825-0400] {logging_mixin.py:137} INFO - [2025-05-27T16:52:51.825-0400] {dag.py:3437} INFO - Setting next_dagrun for dataset_produces_2 to None, run_after=None
[2025-05-27T16:52:51.835-0400] {processor.py:175} INFO - Processing /Users/sruthibollu/anaconda3/envs/analytics-prep/lib/python3.9/site-packages/airflow/example_dags/example_datasets.py took 0.397 seconds
[2025-05-27T17:27:04.149-0400] {processor.py:153} INFO - Started process (PID=53431) to work on /Users/sruthibollu/anaconda3/envs/analytics-prep/lib/python3.9/site-packages/airflow/example_dags/example_datasets.py
[2025-05-27T17:27:04.151-0400] {processor.py:743} INFO - Processing file /Users/sruthibollu/anaconda3/envs/analytics-prep/lib/python3.9/site-packages/airflow/example_dags/example_datasets.py for tasks to queue
[2025-05-27T17:27:04.152-0400] {logging_mixin.py:137} INFO - [2025-05-27T17:27:04.152-0400] {dagbag.py:538} INFO - Filling up the DagBag from /Users/sruthibollu/anaconda3/envs/analytics-prep/lib/python3.9/site-packages/airflow/example_dags/example_datasets.py
[2025-05-27T17:27:04.177-0400] {processor.py:753} INFO - DAG(s) dict_keys(['dataset_produces_1', 'dataset_consumes_1_and_2', 'dataset_consumes_unknown_never_scheduled', 'dataset_produces_2', 'dataset_consumes_1_never_scheduled', 'dataset_consumes_1']) retrieved from /Users/sruthibollu/anaconda3/envs/analytics-prep/lib/python3.9/site-packages/airflow/example_dags/example_datasets.py
[2025-05-27T17:27:04.572-0400] {logging_mixin.py:137} INFO - [2025-05-27T17:27:04.572-0400] {dag.py:2690} INFO - Sync 6 DAGs
[2025-05-27T17:27:04.579-0400] {logging_mixin.py:137} INFO - [2025-05-27T17:27:04.579-0400] {dag.py:3437} INFO - Setting next_dagrun for dataset_consumes_1 to None, run_after=None
[2025-05-27T17:27:04.580-0400] {logging_mixin.py:137} INFO - [2025-05-27T17:27:04.580-0400] {dag.py:3437} INFO - Setting next_dagrun for dataset_consumes_1_and_2 to None, run_after=None
[2025-05-27T17:27:04.580-0400] {logging_mixin.py:137} INFO - [2025-05-27T17:27:04.580-0400] {dag.py:3437} INFO - Setting next_dagrun for dataset_consumes_1_never_scheduled to None, run_after=None
[2025-05-27T17:27:04.580-0400] {logging_mixin.py:137} INFO - [2025-05-27T17:27:04.580-0400] {dag.py:3437} INFO - Setting next_dagrun for dataset_consumes_unknown_never_scheduled to None, run_after=None
[2025-05-27T17:27:04.581-0400] {logging_mixin.py:137} INFO - [2025-05-27T17:27:04.581-0400] {dag.py:3437} INFO - Setting next_dagrun for dataset_produces_1 to 2025-05-26T00:00:00+00:00, run_after=2025-05-27T00:00:00+00:00
[2025-05-27T17:27:04.582-0400] {logging_mixin.py:137} INFO - [2025-05-27T17:27:04.582-0400] {dag.py:3437} INFO - Setting next_dagrun for dataset_produces_2 to None, run_after=None
[2025-05-27T17:27:04.593-0400] {processor.py:175} INFO - Processing /Users/sruthibollu/anaconda3/envs/analytics-prep/lib/python3.9/site-packages/airflow/example_dags/example_datasets.py took 0.444 seconds
[2025-05-27T17:49:14.532-0400] {processor.py:153} INFO - Started process (PID=54085) to work on /Users/sruthibollu/anaconda3/envs/analytics-prep/lib/python3.9/site-packages/airflow/example_dags/example_datasets.py
[2025-05-27T17:49:14.537-0400] {processor.py:743} INFO - Processing file /Users/sruthibollu/anaconda3/envs/analytics-prep/lib/python3.9/site-packages/airflow/example_dags/example_datasets.py for tasks to queue
[2025-05-27T17:49:14.537-0400] {logging_mixin.py:137} INFO - [2025-05-27T17:49:14.537-0400] {dagbag.py:538} INFO - Filling up the DagBag from /Users/sruthibollu/anaconda3/envs/analytics-prep/lib/python3.9/site-packages/airflow/example_dags/example_datasets.py
[2025-05-27T17:49:14.568-0400] {processor.py:753} INFO - DAG(s) dict_keys(['dataset_consumes_1_never_scheduled', 'dataset_produces_2', 'dataset_consumes_1_and_2', 'dataset_produces_1', 'dataset_consumes_1', 'dataset_consumes_unknown_never_scheduled']) retrieved from /Users/sruthibollu/anaconda3/envs/analytics-prep/lib/python3.9/site-packages/airflow/example_dags/example_datasets.py
[2025-05-27T17:49:14.977-0400] {logging_mixin.py:137} INFO - [2025-05-27T17:49:14.977-0400] {dag.py:2690} INFO - Sync 6 DAGs
[2025-05-27T17:49:14.983-0400] {logging_mixin.py:137} INFO - [2025-05-27T17:49:14.983-0400] {dag.py:3437} INFO - Setting next_dagrun for dataset_consumes_1 to None, run_after=None
[2025-05-27T17:49:14.984-0400] {logging_mixin.py:137} INFO - [2025-05-27T17:49:14.983-0400] {dag.py:3437} INFO - Setting next_dagrun for dataset_consumes_1_and_2 to None, run_after=None
[2025-05-27T17:49:14.984-0400] {logging_mixin.py:137} INFO - [2025-05-27T17:49:14.984-0400] {dag.py:3437} INFO - Setting next_dagrun for dataset_consumes_1_never_scheduled to None, run_after=None
[2025-05-27T17:49:14.984-0400] {logging_mixin.py:137} INFO - [2025-05-27T17:49:14.984-0400] {dag.py:3437} INFO - Setting next_dagrun for dataset_consumes_unknown_never_scheduled to None, run_after=None
[2025-05-27T17:49:14.985-0400] {logging_mixin.py:137} INFO - [2025-05-27T17:49:14.985-0400] {dag.py:3437} INFO - Setting next_dagrun for dataset_produces_1 to 2025-05-26T00:00:00+00:00, run_after=2025-05-27T00:00:00+00:00
[2025-05-27T17:49:14.985-0400] {logging_mixin.py:137} INFO - [2025-05-27T17:49:14.985-0400] {dag.py:3437} INFO - Setting next_dagrun for dataset_produces_2 to None, run_after=None
[2025-05-27T17:49:14.995-0400] {processor.py:175} INFO - Processing /Users/sruthibollu/anaconda3/envs/analytics-prep/lib/python3.9/site-packages/airflow/example_dags/example_datasets.py took 0.463 seconds
[2025-05-27T18:30:59.000-0400] {processor.py:153} INFO - Started process (PID=54917) to work on /Users/sruthibollu/anaconda3/envs/analytics-prep/lib/python3.9/site-packages/airflow/example_dags/example_datasets.py
[2025-05-27T18:30:59.003-0400] {processor.py:743} INFO - Processing file /Users/sruthibollu/anaconda3/envs/analytics-prep/lib/python3.9/site-packages/airflow/example_dags/example_datasets.py for tasks to queue
[2025-05-27T18:30:59.003-0400] {logging_mixin.py:137} INFO - [2025-05-27T18:30:59.003-0400] {dagbag.py:538} INFO - Filling up the DagBag from /Users/sruthibollu/anaconda3/envs/analytics-prep/lib/python3.9/site-packages/airflow/example_dags/example_datasets.py
[2025-05-27T18:30:59.028-0400] {processor.py:753} INFO - DAG(s) dict_keys(['dataset_produces_2', 'dataset_produces_1', 'dataset_consumes_1', 'dataset_consumes_unknown_never_scheduled', 'dataset_consumes_1_and_2', 'dataset_consumes_1_never_scheduled']) retrieved from /Users/sruthibollu/anaconda3/envs/analytics-prep/lib/python3.9/site-packages/airflow/example_dags/example_datasets.py
[2025-05-27T18:30:59.424-0400] {logging_mixin.py:137} INFO - [2025-05-27T18:30:59.424-0400] {dag.py:2690} INFO - Sync 6 DAGs
[2025-05-27T18:30:59.430-0400] {logging_mixin.py:137} INFO - [2025-05-27T18:30:59.430-0400] {dag.py:3437} INFO - Setting next_dagrun for dataset_consumes_1 to None, run_after=None
[2025-05-27T18:30:59.431-0400] {logging_mixin.py:137} INFO - [2025-05-27T18:30:59.431-0400] {dag.py:3437} INFO - Setting next_dagrun for dataset_consumes_1_and_2 to None, run_after=None
[2025-05-27T18:30:59.432-0400] {logging_mixin.py:137} INFO - [2025-05-27T18:30:59.432-0400] {dag.py:3437} INFO - Setting next_dagrun for dataset_consumes_1_never_scheduled to None, run_after=None
[2025-05-27T18:30:59.432-0400] {logging_mixin.py:137} INFO - [2025-05-27T18:30:59.432-0400] {dag.py:3437} INFO - Setting next_dagrun for dataset_consumes_unknown_never_scheduled to None, run_after=None
[2025-05-27T18:30:59.433-0400] {logging_mixin.py:137} INFO - [2025-05-27T18:30:59.433-0400] {dag.py:3437} INFO - Setting next_dagrun for dataset_produces_1 to 2025-05-26T00:00:00+00:00, run_after=2025-05-27T00:00:00+00:00
[2025-05-27T18:30:59.433-0400] {logging_mixin.py:137} INFO - [2025-05-27T18:30:59.433-0400] {dag.py:3437} INFO - Setting next_dagrun for dataset_produces_2 to None, run_after=None
[2025-05-27T18:30:59.444-0400] {processor.py:175} INFO - Processing /Users/sruthibollu/anaconda3/envs/analytics-prep/lib/python3.9/site-packages/airflow/example_dags/example_datasets.py took 0.445 seconds
[2025-05-27T18:52:33.280-0400] {processor.py:153} INFO - Started process (PID=55622) to work on /Users/sruthibollu/anaconda3/envs/analytics-prep/lib/python3.9/site-packages/airflow/example_dags/example_datasets.py
[2025-05-27T18:52:33.283-0400] {processor.py:743} INFO - Processing file /Users/sruthibollu/anaconda3/envs/analytics-prep/lib/python3.9/site-packages/airflow/example_dags/example_datasets.py for tasks to queue
[2025-05-27T18:52:33.283-0400] {logging_mixin.py:137} INFO - [2025-05-27T18:52:33.283-0400] {dagbag.py:538} INFO - Filling up the DagBag from /Users/sruthibollu/anaconda3/envs/analytics-prep/lib/python3.9/site-packages/airflow/example_dags/example_datasets.py
[2025-05-27T18:52:33.320-0400] {processor.py:753} INFO - DAG(s) dict_keys(['dataset_consumes_unknown_never_scheduled', 'dataset_produces_2', 'dataset_produces_1', 'dataset_consumes_1', 'dataset_consumes_1_and_2', 'dataset_consumes_1_never_scheduled']) retrieved from /Users/sruthibollu/anaconda3/envs/analytics-prep/lib/python3.9/site-packages/airflow/example_dags/example_datasets.py
[2025-05-27T18:52:33.715-0400] {logging_mixin.py:137} INFO - [2025-05-27T18:52:33.715-0400] {dag.py:2690} INFO - Sync 6 DAGs
[2025-05-27T18:52:33.722-0400] {logging_mixin.py:137} INFO - [2025-05-27T18:52:33.722-0400] {dag.py:3437} INFO - Setting next_dagrun for dataset_consumes_1 to None, run_after=None
[2025-05-27T18:52:33.723-0400] {logging_mixin.py:137} INFO - [2025-05-27T18:52:33.723-0400] {dag.py:3437} INFO - Setting next_dagrun for dataset_consumes_1_and_2 to None, run_after=None
[2025-05-27T18:52:33.723-0400] {logging_mixin.py:137} INFO - [2025-05-27T18:52:33.723-0400] {dag.py:3437} INFO - Setting next_dagrun for dataset_consumes_1_never_scheduled to None, run_after=None
[2025-05-27T18:52:33.724-0400] {logging_mixin.py:137} INFO - [2025-05-27T18:52:33.723-0400] {dag.py:3437} INFO - Setting next_dagrun for dataset_consumes_unknown_never_scheduled to None, run_after=None
[2025-05-27T18:52:33.724-0400] {logging_mixin.py:137} INFO - [2025-05-27T18:52:33.724-0400] {dag.py:3437} INFO - Setting next_dagrun for dataset_produces_1 to 2025-05-26T00:00:00+00:00, run_after=2025-05-27T00:00:00+00:00
[2025-05-27T18:52:33.725-0400] {logging_mixin.py:137} INFO - [2025-05-27T18:52:33.725-0400] {dag.py:3437} INFO - Setting next_dagrun for dataset_produces_2 to None, run_after=None
[2025-05-27T18:52:33.736-0400] {processor.py:175} INFO - Processing /Users/sruthibollu/anaconda3/envs/analytics-prep/lib/python3.9/site-packages/airflow/example_dags/example_datasets.py took 0.456 seconds
[2025-05-27T19:48:16.857-0400] {processor.py:153} INFO - Started process (PID=56421) to work on /Users/sruthibollu/anaconda3/envs/analytics-prep/lib/python3.9/site-packages/airflow/example_dags/example_datasets.py
[2025-05-27T19:48:16.859-0400] {processor.py:743} INFO - Processing file /Users/sruthibollu/anaconda3/envs/analytics-prep/lib/python3.9/site-packages/airflow/example_dags/example_datasets.py for tasks to queue
[2025-05-27T19:48:16.859-0400] {logging_mixin.py:137} INFO - [2025-05-27T19:48:16.859-0400] {dagbag.py:538} INFO - Filling up the DagBag from /Users/sruthibollu/anaconda3/envs/analytics-prep/lib/python3.9/site-packages/airflow/example_dags/example_datasets.py
[2025-05-27T19:48:16.883-0400] {processor.py:753} INFO - DAG(s) dict_keys(['dataset_produces_1', 'dataset_consumes_1', 'dataset_produces_2', 'dataset_consumes_1_and_2', 'dataset_consumes_unknown_never_scheduled', 'dataset_consumes_1_never_scheduled']) retrieved from /Users/sruthibollu/anaconda3/envs/analytics-prep/lib/python3.9/site-packages/airflow/example_dags/example_datasets.py
[2025-05-27T19:48:17.255-0400] {logging_mixin.py:137} INFO - [2025-05-27T19:48:17.255-0400] {dag.py:2690} INFO - Sync 6 DAGs
[2025-05-27T19:48:17.263-0400] {logging_mixin.py:137} INFO - [2025-05-27T19:48:17.263-0400] {dag.py:3437} INFO - Setting next_dagrun for dataset_consumes_1 to None, run_after=None
[2025-05-27T19:48:17.263-0400] {logging_mixin.py:137} INFO - [2025-05-27T19:48:17.263-0400] {dag.py:3437} INFO - Setting next_dagrun for dataset_consumes_1_and_2 to None, run_after=None
[2025-05-27T19:48:17.264-0400] {logging_mixin.py:137} INFO - [2025-05-27T19:48:17.264-0400] {dag.py:3437} INFO - Setting next_dagrun for dataset_consumes_1_never_scheduled to None, run_after=None
[2025-05-27T19:48:17.264-0400] {logging_mixin.py:137} INFO - [2025-05-27T19:48:17.264-0400] {dag.py:3437} INFO - Setting next_dagrun for dataset_consumes_unknown_never_scheduled to None, run_after=None
[2025-05-27T19:48:17.265-0400] {logging_mixin.py:137} INFO - [2025-05-27T19:48:17.265-0400] {dag.py:3437} INFO - Setting next_dagrun for dataset_produces_1 to 2025-05-26T00:00:00+00:00, run_after=2025-05-27T00:00:00+00:00
[2025-05-27T19:48:17.265-0400] {logging_mixin.py:137} INFO - [2025-05-27T19:48:17.265-0400] {dag.py:3437} INFO - Setting next_dagrun for dataset_produces_2 to None, run_after=None
[2025-05-27T19:48:17.277-0400] {processor.py:175} INFO - Processing /Users/sruthibollu/anaconda3/envs/analytics-prep/lib/python3.9/site-packages/airflow/example_dags/example_datasets.py took 0.421 seconds
[2025-05-27T19:57:17.927-0400] {processor.py:153} INFO - Started process (PID=56999) to work on /Users/sruthibollu/anaconda3/envs/analytics-prep/lib/python3.9/site-packages/airflow/example_dags/example_datasets.py
[2025-05-27T19:57:17.930-0400] {processor.py:743} INFO - Processing file /Users/sruthibollu/anaconda3/envs/analytics-prep/lib/python3.9/site-packages/airflow/example_dags/example_datasets.py for tasks to queue
[2025-05-27T19:57:17.930-0400] {logging_mixin.py:137} INFO - [2025-05-27T19:57:17.930-0400] {dagbag.py:538} INFO - Filling up the DagBag from /Users/sruthibollu/anaconda3/envs/analytics-prep/lib/python3.9/site-packages/airflow/example_dags/example_datasets.py
[2025-05-27T19:57:17.955-0400] {processor.py:753} INFO - DAG(s) dict_keys(['dataset_produces_1', 'dataset_consumes_1_never_scheduled', 'dataset_consumes_1', 'dataset_consumes_1_and_2', 'dataset_produces_2', 'dataset_consumes_unknown_never_scheduled']) retrieved from /Users/sruthibollu/anaconda3/envs/analytics-prep/lib/python3.9/site-packages/airflow/example_dags/example_datasets.py
[2025-05-27T19:57:18.360-0400] {logging_mixin.py:137} INFO - [2025-05-27T19:57:18.360-0400] {dag.py:2690} INFO - Sync 6 DAGs
[2025-05-27T19:57:18.369-0400] {logging_mixin.py:137} INFO - [2025-05-27T19:57:18.369-0400] {dag.py:3437} INFO - Setting next_dagrun for dataset_consumes_1 to None, run_after=None
[2025-05-27T19:57:18.370-0400] {logging_mixin.py:137} INFO - [2025-05-27T19:57:18.370-0400] {dag.py:3437} INFO - Setting next_dagrun for dataset_consumes_1_and_2 to None, run_after=None
[2025-05-27T19:57:18.370-0400] {logging_mixin.py:137} INFO - [2025-05-27T19:57:18.370-0400] {dag.py:3437} INFO - Setting next_dagrun for dataset_consumes_1_never_scheduled to None, run_after=None
[2025-05-27T19:57:18.370-0400] {logging_mixin.py:137} INFO - [2025-05-27T19:57:18.370-0400] {dag.py:3437} INFO - Setting next_dagrun for dataset_consumes_unknown_never_scheduled to None, run_after=None
[2025-05-27T19:57:18.371-0400] {logging_mixin.py:137} INFO - [2025-05-27T19:57:18.371-0400] {dag.py:3437} INFO - Setting next_dagrun for dataset_produces_1 to 2025-05-26T00:00:00+00:00, run_after=2025-05-27T00:00:00+00:00
[2025-05-27T19:57:18.371-0400] {logging_mixin.py:137} INFO - [2025-05-27T19:57:18.371-0400] {dag.py:3437} INFO - Setting next_dagrun for dataset_produces_2 to None, run_after=None
[2025-05-27T19:57:18.382-0400] {processor.py:175} INFO - Processing /Users/sruthibollu/anaconda3/envs/analytics-prep/lib/python3.9/site-packages/airflow/example_dags/example_datasets.py took 0.455 seconds
