[2025-05-27T16:48:35.809-0400] {processor.py:153} INFO - Started process (PID=50887) to work on /Users/sruthibollu/anaconda3/envs/analytics-prep/lib/python3.9/site-packages/airflow/example_dags/example_branch_operator.py
[2025-05-27T16:48:35.811-0400] {processor.py:743} INFO - Processing file /Users/sruthibollu/anaconda3/envs/analytics-prep/lib/python3.9/site-packages/airflow/example_dags/example_branch_operator.py for tasks to queue
[2025-05-27T16:48:35.811-0400] {logging_mixin.py:137} INFO - [2025-05-27T16:48:35.811-0400] {dagbag.py:538} INFO - Filling up the DagBag from /Users/sruthibollu/anaconda3/envs/analytics-prep/lib/python3.9/site-packages/airflow/example_dags/example_branch_operator.py
[2025-05-27T16:48:35.842-0400] {processor.py:753} INFO - DAG(s) dict_keys(['example_branch_operator']) retrieved from /Users/sruthibollu/anaconda3/envs/analytics-prep/lib/python3.9/site-packages/airflow/example_dags/example_branch_operator.py
[2025-05-27T16:48:36.187-0400] {logging_mixin.py:137} INFO - [2025-05-27T16:48:36.187-0400] {dag.py:2690} INFO - Sync 1 DAGs
[2025-05-27T16:48:36.194-0400] {logging_mixin.py:137} INFO - [2025-05-27T16:48:36.194-0400] {dag.py:3437} INFO - Setting next_dagrun for example_branch_operator to 2025-05-26T00:00:00+00:00, run_after=2025-05-27T00:00:00+00:00
[2025-05-27T16:48:36.200-0400] {processor.py:175} INFO - Processing /Users/sruthibollu/anaconda3/envs/analytics-prep/lib/python3.9/site-packages/airflow/example_dags/example_branch_operator.py took 0.392 seconds
[2025-05-27T16:50:03.886-0400] {processor.py:153} INFO - Started process (PID=51935) to work on /Users/sruthibollu/anaconda3/envs/analytics-prep/lib/python3.9/site-packages/airflow/example_dags/example_branch_operator.py
[2025-05-27T16:50:03.888-0400] {processor.py:743} INFO - Processing file /Users/sruthibollu/anaconda3/envs/analytics-prep/lib/python3.9/site-packages/airflow/example_dags/example_branch_operator.py for tasks to queue
[2025-05-27T16:50:03.889-0400] {logging_mixin.py:137} INFO - [2025-05-27T16:50:03.888-0400] {dagbag.py:538} INFO - Filling up the DagBag from /Users/sruthibollu/anaconda3/envs/analytics-prep/lib/python3.9/site-packages/airflow/example_dags/example_branch_operator.py
[2025-05-27T16:50:03.916-0400] {processor.py:753} INFO - DAG(s) dict_keys(['example_branch_operator']) retrieved from /Users/sruthibollu/anaconda3/envs/analytics-prep/lib/python3.9/site-packages/airflow/example_dags/example_branch_operator.py
[2025-05-27T16:50:04.268-0400] {logging_mixin.py:137} INFO - [2025-05-27T16:50:04.268-0400] {dag.py:2690} INFO - Sync 1 DAGs
[2025-05-27T16:50:04.276-0400] {logging_mixin.py:137} INFO - [2025-05-27T16:50:04.276-0400] {dag.py:3437} INFO - Setting next_dagrun for example_branch_operator to 2025-05-26T00:00:00+00:00, run_after=2025-05-27T00:00:00+00:00
[2025-05-27T16:50:04.283-0400] {processor.py:175} INFO - Processing /Users/sruthibollu/anaconda3/envs/analytics-prep/lib/python3.9/site-packages/airflow/example_dags/example_branch_operator.py took 0.397 seconds
[2025-05-27T16:51:30.065-0400] {processor.py:153} INFO - Started process (PID=52438) to work on /Users/sruthibollu/anaconda3/envs/analytics-prep/lib/python3.9/site-packages/airflow/example_dags/example_branch_operator.py
[2025-05-27T16:51:30.067-0400] {processor.py:743} INFO - Processing file /Users/sruthibollu/anaconda3/envs/analytics-prep/lib/python3.9/site-packages/airflow/example_dags/example_branch_operator.py for tasks to queue
[2025-05-27T16:51:30.068-0400] {logging_mixin.py:137} INFO - [2025-05-27T16:51:30.068-0400] {dagbag.py:538} INFO - Filling up the DagBag from /Users/sruthibollu/anaconda3/envs/analytics-prep/lib/python3.9/site-packages/airflow/example_dags/example_branch_operator.py
[2025-05-27T16:51:30.107-0400] {processor.py:753} INFO - DAG(s) dict_keys(['example_branch_operator']) retrieved from /Users/sruthibollu/anaconda3/envs/analytics-prep/lib/python3.9/site-packages/airflow/example_dags/example_branch_operator.py
[2025-05-27T16:51:30.551-0400] {logging_mixin.py:137} INFO - [2025-05-27T16:51:30.551-0400] {dag.py:2690} INFO - Sync 1 DAGs
[2025-05-27T16:51:30.564-0400] {logging_mixin.py:137} INFO - [2025-05-27T16:51:30.564-0400] {dag.py:3437} INFO - Setting next_dagrun for example_branch_operator to 2025-05-26T00:00:00+00:00, run_after=2025-05-27T00:00:00+00:00
[2025-05-27T16:51:30.572-0400] {processor.py:175} INFO - Processing /Users/sruthibollu/anaconda3/envs/analytics-prep/lib/python3.9/site-packages/airflow/example_dags/example_branch_operator.py took 0.508 seconds
[2025-05-27T16:53:00.493-0400] {processor.py:153} INFO - Started process (PID=52979) to work on /Users/sruthibollu/anaconda3/envs/analytics-prep/lib/python3.9/site-packages/airflow/example_dags/example_branch_operator.py
[2025-05-27T16:53:00.496-0400] {processor.py:743} INFO - Processing file /Users/sruthibollu/anaconda3/envs/analytics-prep/lib/python3.9/site-packages/airflow/example_dags/example_branch_operator.py for tasks to queue
[2025-05-27T16:53:00.496-0400] {logging_mixin.py:137} INFO - [2025-05-27T16:53:00.496-0400] {dagbag.py:538} INFO - Filling up the DagBag from /Users/sruthibollu/anaconda3/envs/analytics-prep/lib/python3.9/site-packages/airflow/example_dags/example_branch_operator.py
[2025-05-27T16:53:00.527-0400] {processor.py:753} INFO - DAG(s) dict_keys(['example_branch_operator']) retrieved from /Users/sruthibollu/anaconda3/envs/analytics-prep/lib/python3.9/site-packages/airflow/example_dags/example_branch_operator.py
[2025-05-27T16:53:00.865-0400] {logging_mixin.py:137} INFO - [2025-05-27T16:53:00.865-0400] {dag.py:2690} INFO - Sync 1 DAGs
[2025-05-27T16:53:00.873-0400] {logging_mixin.py:137} INFO - [2025-05-27T16:53:00.873-0400] {dag.py:3437} INFO - Setting next_dagrun for example_branch_operator to 2025-05-26T00:00:00+00:00, run_after=2025-05-27T00:00:00+00:00
[2025-05-27T16:53:00.879-0400] {processor.py:175} INFO - Processing /Users/sruthibollu/anaconda3/envs/analytics-prep/lib/python3.9/site-packages/airflow/example_dags/example_branch_operator.py took 0.387 seconds
[2025-05-27T17:31:06.301-0400] {processor.py:153} INFO - Started process (PID=53500) to work on /Users/sruthibollu/anaconda3/envs/analytics-prep/lib/python3.9/site-packages/airflow/example_dags/example_branch_operator.py
[2025-05-27T17:31:06.303-0400] {processor.py:743} INFO - Processing file /Users/sruthibollu/anaconda3/envs/analytics-prep/lib/python3.9/site-packages/airflow/example_dags/example_branch_operator.py for tasks to queue
[2025-05-27T17:31:06.303-0400] {logging_mixin.py:137} INFO - [2025-05-27T17:31:06.303-0400] {dagbag.py:538} INFO - Filling up the DagBag from /Users/sruthibollu/anaconda3/envs/analytics-prep/lib/python3.9/site-packages/airflow/example_dags/example_branch_operator.py
[2025-05-27T17:31:06.334-0400] {processor.py:753} INFO - DAG(s) dict_keys(['example_branch_operator']) retrieved from /Users/sruthibollu/anaconda3/envs/analytics-prep/lib/python3.9/site-packages/airflow/example_dags/example_branch_operator.py
[2025-05-27T17:31:06.695-0400] {logging_mixin.py:137} INFO - [2025-05-27T17:31:06.695-0400] {dag.py:2690} INFO - Sync 1 DAGs
[2025-05-27T17:31:06.703-0400] {logging_mixin.py:137} INFO - [2025-05-27T17:31:06.703-0400] {dag.py:3437} INFO - Setting next_dagrun for example_branch_operator to 2025-05-26T00:00:00+00:00, run_after=2025-05-27T00:00:00+00:00
[2025-05-27T17:31:06.710-0400] {processor.py:175} INFO - Processing /Users/sruthibollu/anaconda3/envs/analytics-prep/lib/python3.9/site-packages/airflow/example_dags/example_branch_operator.py took 0.409 seconds
[2025-05-27T18:19:25.346-0400] {processor.py:153} INFO - Started process (PID=54524) to work on /Users/sruthibollu/anaconda3/envs/analytics-prep/lib/python3.9/site-packages/airflow/example_dags/example_branch_operator.py
[2025-05-27T18:19:25.348-0400] {processor.py:743} INFO - Processing file /Users/sruthibollu/anaconda3/envs/analytics-prep/lib/python3.9/site-packages/airflow/example_dags/example_branch_operator.py for tasks to queue
[2025-05-27T18:19:25.348-0400] {logging_mixin.py:137} INFO - [2025-05-27T18:19:25.348-0400] {dagbag.py:538} INFO - Filling up the DagBag from /Users/sruthibollu/anaconda3/envs/analytics-prep/lib/python3.9/site-packages/airflow/example_dags/example_branch_operator.py
[2025-05-27T18:19:25.383-0400] {processor.py:753} INFO - DAG(s) dict_keys(['example_branch_operator']) retrieved from /Users/sruthibollu/anaconda3/envs/analytics-prep/lib/python3.9/site-packages/airflow/example_dags/example_branch_operator.py
[2025-05-27T18:19:25.758-0400] {logging_mixin.py:137} INFO - [2025-05-27T18:19:25.758-0400] {dag.py:2690} INFO - Sync 1 DAGs
[2025-05-27T18:19:25.766-0400] {logging_mixin.py:137} INFO - [2025-05-27T18:19:25.766-0400] {dag.py:3437} INFO - Setting next_dagrun for example_branch_operator to 2025-05-26T00:00:00+00:00, run_after=2025-05-27T00:00:00+00:00
[2025-05-27T18:19:25.772-0400] {processor.py:175} INFO - Processing /Users/sruthibollu/anaconda3/envs/analytics-prep/lib/python3.9/site-packages/airflow/example_dags/example_branch_operator.py took 0.427 seconds
[2025-05-27T18:38:49.352-0400] {processor.py:153} INFO - Started process (PID=55198) to work on /Users/sruthibollu/anaconda3/envs/analytics-prep/lib/python3.9/site-packages/airflow/example_dags/example_branch_operator.py
[2025-05-27T18:38:49.354-0400] {processor.py:743} INFO - Processing file /Users/sruthibollu/anaconda3/envs/analytics-prep/lib/python3.9/site-packages/airflow/example_dags/example_branch_operator.py for tasks to queue
[2025-05-27T18:38:49.354-0400] {logging_mixin.py:137} INFO - [2025-05-27T18:38:49.354-0400] {dagbag.py:538} INFO - Filling up the DagBag from /Users/sruthibollu/anaconda3/envs/analytics-prep/lib/python3.9/site-packages/airflow/example_dags/example_branch_operator.py
[2025-05-27T18:38:49.382-0400] {processor.py:753} INFO - DAG(s) dict_keys(['example_branch_operator']) retrieved from /Users/sruthibollu/anaconda3/envs/analytics-prep/lib/python3.9/site-packages/airflow/example_dags/example_branch_operator.py
[2025-05-27T18:38:49.748-0400] {logging_mixin.py:137} INFO - [2025-05-27T18:38:49.748-0400] {dag.py:2690} INFO - Sync 1 DAGs
[2025-05-27T18:38:49.757-0400] {logging_mixin.py:137} INFO - [2025-05-27T18:38:49.757-0400] {dag.py:3437} INFO - Setting next_dagrun for example_branch_operator to 2025-05-26T00:00:00+00:00, run_after=2025-05-27T00:00:00+00:00
[2025-05-27T18:38:49.767-0400] {processor.py:175} INFO - Processing /Users/sruthibollu/anaconda3/envs/analytics-prep/lib/python3.9/site-packages/airflow/example_dags/example_branch_operator.py took 0.416 seconds
[2025-05-27T19:05:50.745-0400] {processor.py:153} INFO - Started process (PID=55986) to work on /Users/sruthibollu/anaconda3/envs/analytics-prep/lib/python3.9/site-packages/airflow/example_dags/example_branch_operator.py
[2025-05-27T19:05:50.748-0400] {processor.py:743} INFO - Processing file /Users/sruthibollu/anaconda3/envs/analytics-prep/lib/python3.9/site-packages/airflow/example_dags/example_branch_operator.py for tasks to queue
[2025-05-27T19:05:50.749-0400] {logging_mixin.py:137} INFO - [2025-05-27T19:05:50.748-0400] {dagbag.py:538} INFO - Filling up the DagBag from /Users/sruthibollu/anaconda3/envs/analytics-prep/lib/python3.9/site-packages/airflow/example_dags/example_branch_operator.py
[2025-05-27T19:05:50.783-0400] {processor.py:753} INFO - DAG(s) dict_keys(['example_branch_operator']) retrieved from /Users/sruthibollu/anaconda3/envs/analytics-prep/lib/python3.9/site-packages/airflow/example_dags/example_branch_operator.py
[2025-05-27T19:05:51.139-0400] {logging_mixin.py:137} INFO - [2025-05-27T19:05:51.138-0400] {dag.py:2690} INFO - Sync 1 DAGs
[2025-05-27T19:05:51.146-0400] {logging_mixin.py:137} INFO - [2025-05-27T19:05:51.146-0400] {dag.py:3437} INFO - Setting next_dagrun for example_branch_operator to 2025-05-26T00:00:00+00:00, run_after=2025-05-27T00:00:00+00:00
[2025-05-27T19:05:51.152-0400] {processor.py:175} INFO - Processing /Users/sruthibollu/anaconda3/envs/analytics-prep/lib/python3.9/site-packages/airflow/example_dags/example_branch_operator.py took 0.408 seconds
[2025-05-27T19:48:26.412-0400] {processor.py:153} INFO - Started process (PID=56481) to work on /Users/sruthibollu/anaconda3/envs/analytics-prep/lib/python3.9/site-packages/airflow/example_dags/example_branch_operator.py
[2025-05-27T19:48:26.414-0400] {processor.py:743} INFO - Processing file /Users/sruthibollu/anaconda3/envs/analytics-prep/lib/python3.9/site-packages/airflow/example_dags/example_branch_operator.py for tasks to queue
[2025-05-27T19:48:26.415-0400] {logging_mixin.py:137} INFO - [2025-05-27T19:48:26.415-0400] {dagbag.py:538} INFO - Filling up the DagBag from /Users/sruthibollu/anaconda3/envs/analytics-prep/lib/python3.9/site-packages/airflow/example_dags/example_branch_operator.py
[2025-05-27T19:48:26.445-0400] {processor.py:753} INFO - DAG(s) dict_keys(['example_branch_operator']) retrieved from /Users/sruthibollu/anaconda3/envs/analytics-prep/lib/python3.9/site-packages/airflow/example_dags/example_branch_operator.py
[2025-05-27T19:48:26.804-0400] {logging_mixin.py:137} INFO - [2025-05-27T19:48:26.804-0400] {dag.py:2690} INFO - Sync 1 DAGs
[2025-05-27T19:48:26.812-0400] {logging_mixin.py:137} INFO - [2025-05-27T19:48:26.812-0400] {dag.py:3437} INFO - Setting next_dagrun for example_branch_operator to 2025-05-26T00:00:00+00:00, run_after=2025-05-27T00:00:00+00:00
[2025-05-27T19:48:26.822-0400] {processor.py:175} INFO - Processing /Users/sruthibollu/anaconda3/envs/analytics-prep/lib/python3.9/site-packages/airflow/example_dags/example_branch_operator.py took 0.410 seconds
