[2025-05-27T16:48:22.234-0400] {processor.py:153} INFO - Started process (PID=50810) to work on /Users/sruthibollu/anaconda3/envs/analytics-prep/lib/python3.9/site-packages/airflow/example_dags/example_external_task_marker_dag.py
[2025-05-27T16:48:22.236-0400] {processor.py:743} INFO - Processing file /Users/sruthibollu/anaconda3/envs/analytics-prep/lib/python3.9/site-packages/airflow/example_dags/example_external_task_marker_dag.py for tasks to queue
[2025-05-27T16:48:22.236-0400] {logging_mixin.py:137} INFO - [2025-05-27T16:48:22.236-0400] {dagbag.py:538} INFO - Filling up the DagBag from /Users/sruthibollu/anaconda3/envs/analytics-prep/lib/python3.9/site-packages/airflow/example_dags/example_external_task_marker_dag.py
[2025-05-27T16:48:22.259-0400] {processor.py:753} INFO - DAG(s) dict_keys(['example_external_task_marker_parent', 'example_external_task_marker_child']) retrieved from /Users/sruthibollu/anaconda3/envs/analytics-prep/lib/python3.9/site-packages/airflow/example_dags/example_external_task_marker_dag.py
[2025-05-27T16:48:22.697-0400] {logging_mixin.py:137} INFO - [2025-05-27T16:48:22.697-0400] {dag.py:2690} INFO - Sync 2 DAGs
[2025-05-27T16:48:22.704-0400] {logging_mixin.py:137} INFO - [2025-05-27T16:48:22.704-0400] {dag.py:3437} INFO - Setting next_dagrun for example_external_task_marker_child to None, run_after=None
[2025-05-27T16:48:22.705-0400] {logging_mixin.py:137} INFO - [2025-05-27T16:48:22.705-0400] {dag.py:3437} INFO - Setting next_dagrun for example_external_task_marker_parent to None, run_after=None
[2025-05-27T16:48:22.710-0400] {processor.py:175} INFO - Processing /Users/sruthibollu/anaconda3/envs/analytics-prep/lib/python3.9/site-packages/airflow/example_dags/example_external_task_marker_dag.py took 0.476 seconds
[2025-05-27T16:49:51.470-0400] {processor.py:153} INFO - Started process (PID=51862) to work on /Users/sruthibollu/anaconda3/envs/analytics-prep/lib/python3.9/site-packages/airflow/example_dags/example_external_task_marker_dag.py
[2025-05-27T16:49:51.472-0400] {processor.py:743} INFO - Processing file /Users/sruthibollu/anaconda3/envs/analytics-prep/lib/python3.9/site-packages/airflow/example_dags/example_external_task_marker_dag.py for tasks to queue
[2025-05-27T16:49:51.472-0400] {logging_mixin.py:137} INFO - [2025-05-27T16:49:51.472-0400] {dagbag.py:538} INFO - Filling up the DagBag from /Users/sruthibollu/anaconda3/envs/analytics-prep/lib/python3.9/site-packages/airflow/example_dags/example_external_task_marker_dag.py
[2025-05-27T16:49:51.495-0400] {processor.py:753} INFO - DAG(s) dict_keys(['example_external_task_marker_parent', 'example_external_task_marker_child']) retrieved from /Users/sruthibollu/anaconda3/envs/analytics-prep/lib/python3.9/site-packages/airflow/example_dags/example_external_task_marker_dag.py
[2025-05-27T16:49:51.945-0400] {logging_mixin.py:137} INFO - [2025-05-27T16:49:51.945-0400] {dag.py:2690} INFO - Sync 2 DAGs
[2025-05-27T16:49:51.952-0400] {logging_mixin.py:137} INFO - [2025-05-27T16:49:51.952-0400] {dag.py:3437} INFO - Setting next_dagrun for example_external_task_marker_child to None, run_after=None
[2025-05-27T16:49:51.953-0400] {logging_mixin.py:137} INFO - [2025-05-27T16:49:51.953-0400] {dag.py:3437} INFO - Setting next_dagrun for example_external_task_marker_parent to None, run_after=None
[2025-05-27T16:49:51.961-0400] {processor.py:175} INFO - Processing /Users/sruthibollu/anaconda3/envs/analytics-prep/lib/python3.9/site-packages/airflow/example_dags/example_external_task_marker_dag.py took 0.491 seconds
[2025-05-27T16:51:08.353-0400] {processor.py:153} INFO - Started process (PID=52326) to work on /Users/sruthibollu/anaconda3/envs/analytics-prep/lib/python3.9/site-packages/airflow/example_dags/example_external_task_marker_dag.py
[2025-05-27T16:51:08.355-0400] {processor.py:743} INFO - Processing file /Users/sruthibollu/anaconda3/envs/analytics-prep/lib/python3.9/site-packages/airflow/example_dags/example_external_task_marker_dag.py for tasks to queue
[2025-05-27T16:51:08.355-0400] {logging_mixin.py:137} INFO - [2025-05-27T16:51:08.355-0400] {dagbag.py:538} INFO - Filling up the DagBag from /Users/sruthibollu/anaconda3/envs/analytics-prep/lib/python3.9/site-packages/airflow/example_dags/example_external_task_marker_dag.py
[2025-05-27T16:51:08.380-0400] {processor.py:753} INFO - DAG(s) dict_keys(['example_external_task_marker_parent', 'example_external_task_marker_child']) retrieved from /Users/sruthibollu/anaconda3/envs/analytics-prep/lib/python3.9/site-packages/airflow/example_dags/example_external_task_marker_dag.py
[2025-05-27T16:51:08.876-0400] {logging_mixin.py:137} INFO - [2025-05-27T16:51:08.876-0400] {dag.py:2690} INFO - Sync 2 DAGs
[2025-05-27T16:51:08.883-0400] {logging_mixin.py:137} INFO - [2025-05-27T16:51:08.883-0400] {dag.py:3437} INFO - Setting next_dagrun for example_external_task_marker_child to None, run_after=None
[2025-05-27T16:51:08.884-0400] {logging_mixin.py:137} INFO - [2025-05-27T16:51:08.884-0400] {dag.py:3437} INFO - Setting next_dagrun for example_external_task_marker_parent to None, run_after=None
[2025-05-27T16:51:08.889-0400] {processor.py:175} INFO - Processing /Users/sruthibollu/anaconda3/envs/analytics-prep/lib/python3.9/site-packages/airflow/example_dags/example_external_task_marker_dag.py took 0.537 seconds
[2025-05-27T16:52:27.663-0400] {processor.py:153} INFO - Started process (PID=52785) to work on /Users/sruthibollu/anaconda3/envs/analytics-prep/lib/python3.9/site-packages/airflow/example_dags/example_external_task_marker_dag.py
[2025-05-27T16:52:27.666-0400] {processor.py:743} INFO - Processing file /Users/sruthibollu/anaconda3/envs/analytics-prep/lib/python3.9/site-packages/airflow/example_dags/example_external_task_marker_dag.py for tasks to queue
[2025-05-27T16:52:27.666-0400] {logging_mixin.py:137} INFO - [2025-05-27T16:52:27.666-0400] {dagbag.py:538} INFO - Filling up the DagBag from /Users/sruthibollu/anaconda3/envs/analytics-prep/lib/python3.9/site-packages/airflow/example_dags/example_external_task_marker_dag.py
[2025-05-27T16:52:27.692-0400] {processor.py:753} INFO - DAG(s) dict_keys(['example_external_task_marker_child', 'example_external_task_marker_parent']) retrieved from /Users/sruthibollu/anaconda3/envs/analytics-prep/lib/python3.9/site-packages/airflow/example_dags/example_external_task_marker_dag.py
[2025-05-27T16:52:28.277-0400] {logging_mixin.py:137} INFO - [2025-05-27T16:52:28.276-0400] {dag.py:2690} INFO - Sync 2 DAGs
[2025-05-27T16:52:28.283-0400] {logging_mixin.py:137} INFO - [2025-05-27T16:52:28.282-0400] {dag.py:3437} INFO - Setting next_dagrun for example_external_task_marker_child to None, run_after=None
[2025-05-27T16:52:28.283-0400] {logging_mixin.py:137} INFO - [2025-05-27T16:52:28.283-0400] {dag.py:3437} INFO - Setting next_dagrun for example_external_task_marker_parent to None, run_after=None
[2025-05-27T16:52:28.289-0400] {processor.py:175} INFO - Processing /Users/sruthibollu/anaconda3/envs/analytics-prep/lib/python3.9/site-packages/airflow/example_dags/example_external_task_marker_dag.py took 0.626 seconds
[2025-05-27T16:53:46.917-0400] {processor.py:153} INFO - Started process (PID=53249) to work on /Users/sruthibollu/anaconda3/envs/analytics-prep/lib/python3.9/site-packages/airflow/example_dags/example_external_task_marker_dag.py
[2025-05-27T16:53:46.922-0400] {processor.py:743} INFO - Processing file /Users/sruthibollu/anaconda3/envs/analytics-prep/lib/python3.9/site-packages/airflow/example_dags/example_external_task_marker_dag.py for tasks to queue
[2025-05-27T16:53:46.922-0400] {logging_mixin.py:137} INFO - [2025-05-27T16:53:46.922-0400] {dagbag.py:538} INFO - Filling up the DagBag from /Users/sruthibollu/anaconda3/envs/analytics-prep/lib/python3.9/site-packages/airflow/example_dags/example_external_task_marker_dag.py
[2025-05-27T16:53:46.951-0400] {processor.py:753} INFO - DAG(s) dict_keys(['example_external_task_marker_parent', 'example_external_task_marker_child']) retrieved from /Users/sruthibollu/anaconda3/envs/analytics-prep/lib/python3.9/site-packages/airflow/example_dags/example_external_task_marker_dag.py
[2025-05-27T16:53:47.469-0400] {logging_mixin.py:137} INFO - [2025-05-27T16:53:47.469-0400] {dag.py:2690} INFO - Sync 2 DAGs
[2025-05-27T16:53:47.477-0400] {logging_mixin.py:137} INFO - [2025-05-27T16:53:47.477-0400] {dag.py:3437} INFO - Setting next_dagrun for example_external_task_marker_child to None, run_after=None
[2025-05-27T16:53:47.478-0400] {logging_mixin.py:137} INFO - [2025-05-27T16:53:47.478-0400] {dag.py:3437} INFO - Setting next_dagrun for example_external_task_marker_parent to None, run_after=None
[2025-05-27T16:53:47.487-0400] {processor.py:175} INFO - Processing /Users/sruthibollu/anaconda3/envs/analytics-prep/lib/python3.9/site-packages/airflow/example_dags/example_external_task_marker_dag.py took 0.571 seconds
[2025-05-27T17:49:10.587-0400] {processor.py:153} INFO - Started process (PID=53943) to work on /Users/sruthibollu/anaconda3/envs/analytics-prep/lib/python3.9/site-packages/airflow/example_dags/example_external_task_marker_dag.py
[2025-05-27T17:49:10.593-0400] {processor.py:743} INFO - Processing file /Users/sruthibollu/anaconda3/envs/analytics-prep/lib/python3.9/site-packages/airflow/example_dags/example_external_task_marker_dag.py for tasks to queue
[2025-05-27T17:49:10.593-0400] {logging_mixin.py:137} INFO - [2025-05-27T17:49:10.593-0400] {dagbag.py:538} INFO - Filling up the DagBag from /Users/sruthibollu/anaconda3/envs/analytics-prep/lib/python3.9/site-packages/airflow/example_dags/example_external_task_marker_dag.py
[2025-05-27T17:49:10.621-0400] {processor.py:753} INFO - DAG(s) dict_keys(['example_external_task_marker_child', 'example_external_task_marker_parent']) retrieved from /Users/sruthibollu/anaconda3/envs/analytics-prep/lib/python3.9/site-packages/airflow/example_dags/example_external_task_marker_dag.py
[2025-05-27T17:49:11.090-0400] {logging_mixin.py:137} INFO - [2025-05-27T17:49:11.090-0400] {dag.py:2690} INFO - Sync 2 DAGs
[2025-05-27T17:49:11.098-0400] {logging_mixin.py:137} INFO - [2025-05-27T17:49:11.098-0400] {dag.py:3437} INFO - Setting next_dagrun for example_external_task_marker_child to None, run_after=None
[2025-05-27T17:49:11.100-0400] {logging_mixin.py:137} INFO - [2025-05-27T17:49:11.100-0400] {dag.py:3437} INFO - Setting next_dagrun for example_external_task_marker_parent to None, run_after=None
[2025-05-27T17:49:11.107-0400] {processor.py:175} INFO - Processing /Users/sruthibollu/anaconda3/envs/analytics-prep/lib/python3.9/site-packages/airflow/example_dags/example_external_task_marker_dag.py took 0.520 seconds
[2025-05-27T18:30:55.057-0400] {processor.py:153} INFO - Started process (PID=54894) to work on /Users/sruthibollu/anaconda3/envs/analytics-prep/lib/python3.9/site-packages/airflow/example_dags/example_external_task_marker_dag.py
[2025-05-27T18:30:55.059-0400] {processor.py:743} INFO - Processing file /Users/sruthibollu/anaconda3/envs/analytics-prep/lib/python3.9/site-packages/airflow/example_dags/example_external_task_marker_dag.py for tasks to queue
[2025-05-27T18:30:55.059-0400] {logging_mixin.py:137} INFO - [2025-05-27T18:30:55.059-0400] {dagbag.py:538} INFO - Filling up the DagBag from /Users/sruthibollu/anaconda3/envs/analytics-prep/lib/python3.9/site-packages/airflow/example_dags/example_external_task_marker_dag.py
[2025-05-27T18:30:55.082-0400] {processor.py:753} INFO - DAG(s) dict_keys(['example_external_task_marker_child', 'example_external_task_marker_parent']) retrieved from /Users/sruthibollu/anaconda3/envs/analytics-prep/lib/python3.9/site-packages/airflow/example_dags/example_external_task_marker_dag.py
[2025-05-27T18:30:55.512-0400] {logging_mixin.py:137} INFO - [2025-05-27T18:30:55.512-0400] {dag.py:2690} INFO - Sync 2 DAGs
[2025-05-27T18:30:55.519-0400] {logging_mixin.py:137} INFO - [2025-05-27T18:30:55.519-0400] {dag.py:3437} INFO - Setting next_dagrun for example_external_task_marker_child to None, run_after=None
[2025-05-27T18:30:55.520-0400] {logging_mixin.py:137} INFO - [2025-05-27T18:30:55.520-0400] {dag.py:3437} INFO - Setting next_dagrun for example_external_task_marker_parent to None, run_after=None
[2025-05-27T18:30:55.528-0400] {processor.py:175} INFO - Processing /Users/sruthibollu/anaconda3/envs/analytics-prep/lib/python3.9/site-packages/airflow/example_dags/example_external_task_marker_dag.py took 0.471 seconds
[2025-05-27T18:52:29.096-0400] {processor.py:153} INFO - Started process (PID=55583) to work on /Users/sruthibollu/anaconda3/envs/analytics-prep/lib/python3.9/site-packages/airflow/example_dags/example_external_task_marker_dag.py
[2025-05-27T18:52:29.099-0400] {processor.py:743} INFO - Processing file /Users/sruthibollu/anaconda3/envs/analytics-prep/lib/python3.9/site-packages/airflow/example_dags/example_external_task_marker_dag.py for tasks to queue
[2025-05-27T18:52:29.099-0400] {logging_mixin.py:137} INFO - [2025-05-27T18:52:29.099-0400] {dagbag.py:538} INFO - Filling up the DagBag from /Users/sruthibollu/anaconda3/envs/analytics-prep/lib/python3.9/site-packages/airflow/example_dags/example_external_task_marker_dag.py
[2025-05-27T18:52:29.124-0400] {processor.py:753} INFO - DAG(s) dict_keys(['example_external_task_marker_child', 'example_external_task_marker_parent']) retrieved from /Users/sruthibollu/anaconda3/envs/analytics-prep/lib/python3.9/site-packages/airflow/example_dags/example_external_task_marker_dag.py
[2025-05-27T18:52:29.642-0400] {logging_mixin.py:137} INFO - [2025-05-27T18:52:29.642-0400] {dag.py:2690} INFO - Sync 2 DAGs
[2025-05-27T18:52:29.652-0400] {logging_mixin.py:137} INFO - [2025-05-27T18:52:29.652-0400] {dag.py:3437} INFO - Setting next_dagrun for example_external_task_marker_child to None, run_after=None
[2025-05-27T18:52:29.654-0400] {logging_mixin.py:137} INFO - [2025-05-27T18:52:29.654-0400] {dag.py:3437} INFO - Setting next_dagrun for example_external_task_marker_parent to None, run_after=None
[2025-05-27T18:52:29.663-0400] {processor.py:175} INFO - Processing /Users/sruthibollu/anaconda3/envs/analytics-prep/lib/python3.9/site-packages/airflow/example_dags/example_external_task_marker_dag.py took 0.568 seconds
[2025-05-27T19:48:13.528-0400] {processor.py:153} INFO - Started process (PID=56402) to work on /Users/sruthibollu/anaconda3/envs/analytics-prep/lib/python3.9/site-packages/airflow/example_dags/example_external_task_marker_dag.py
[2025-05-27T19:48:13.530-0400] {processor.py:743} INFO - Processing file /Users/sruthibollu/anaconda3/envs/analytics-prep/lib/python3.9/site-packages/airflow/example_dags/example_external_task_marker_dag.py for tasks to queue
[2025-05-27T19:48:13.530-0400] {logging_mixin.py:137} INFO - [2025-05-27T19:48:13.530-0400] {dagbag.py:538} INFO - Filling up the DagBag from /Users/sruthibollu/anaconda3/envs/analytics-prep/lib/python3.9/site-packages/airflow/example_dags/example_external_task_marker_dag.py
[2025-05-27T19:48:13.561-0400] {processor.py:753} INFO - DAG(s) dict_keys(['example_external_task_marker_parent', 'example_external_task_marker_child']) retrieved from /Users/sruthibollu/anaconda3/envs/analytics-prep/lib/python3.9/site-packages/airflow/example_dags/example_external_task_marker_dag.py
[2025-05-27T19:48:14.074-0400] {logging_mixin.py:137} INFO - [2025-05-27T19:48:14.074-0400] {dag.py:2690} INFO - Sync 2 DAGs
[2025-05-27T19:48:14.080-0400] {logging_mixin.py:137} INFO - [2025-05-27T19:48:14.080-0400] {dag.py:3437} INFO - Setting next_dagrun for example_external_task_marker_child to None, run_after=None
[2025-05-27T19:48:14.081-0400] {logging_mixin.py:137} INFO - [2025-05-27T19:48:14.081-0400] {dag.py:3437} INFO - Setting next_dagrun for example_external_task_marker_parent to None, run_after=None
[2025-05-27T19:48:14.092-0400] {processor.py:175} INFO - Processing /Users/sruthibollu/anaconda3/envs/analytics-prep/lib/python3.9/site-packages/airflow/example_dags/example_external_task_marker_dag.py took 0.564 seconds
[2025-05-27T19:57:13.906-0400] {processor.py:153} INFO - Started process (PID=56973) to work on /Users/sruthibollu/anaconda3/envs/analytics-prep/lib/python3.9/site-packages/airflow/example_dags/example_external_task_marker_dag.py
[2025-05-27T19:57:13.909-0400] {processor.py:743} INFO - Processing file /Users/sruthibollu/anaconda3/envs/analytics-prep/lib/python3.9/site-packages/airflow/example_dags/example_external_task_marker_dag.py for tasks to queue
[2025-05-27T19:57:13.909-0400] {logging_mixin.py:137} INFO - [2025-05-27T19:57:13.909-0400] {dagbag.py:538} INFO - Filling up the DagBag from /Users/sruthibollu/anaconda3/envs/analytics-prep/lib/python3.9/site-packages/airflow/example_dags/example_external_task_marker_dag.py
[2025-05-27T19:57:13.932-0400] {processor.py:753} INFO - DAG(s) dict_keys(['example_external_task_marker_parent', 'example_external_task_marker_child']) retrieved from /Users/sruthibollu/anaconda3/envs/analytics-prep/lib/python3.9/site-packages/airflow/example_dags/example_external_task_marker_dag.py
[2025-05-27T19:57:14.354-0400] {logging_mixin.py:137} INFO - [2025-05-27T19:57:14.353-0400] {dag.py:2690} INFO - Sync 2 DAGs
[2025-05-27T19:57:14.359-0400] {logging_mixin.py:137} INFO - [2025-05-27T19:57:14.359-0400] {dag.py:3437} INFO - Setting next_dagrun for example_external_task_marker_child to None, run_after=None
[2025-05-27T19:57:14.360-0400] {logging_mixin.py:137} INFO - [2025-05-27T19:57:14.360-0400] {dag.py:3437} INFO - Setting next_dagrun for example_external_task_marker_parent to None, run_after=None
[2025-05-27T19:57:14.367-0400] {processor.py:175} INFO - Processing /Users/sruthibollu/anaconda3/envs/analytics-prep/lib/python3.9/site-packages/airflow/example_dags/example_external_task_marker_dag.py took 0.461 seconds
