[2025-05-27T16:47:53.539-0400] {processor.py:153} INFO - Started process (PID=49979) to work on /Users/sruthibollu/anaconda3/envs/analytics-prep/lib/python3.9/site-packages/airflow/example_dags/example_task_group_decorator.py
[2025-05-27T16:47:53.541-0400] {processor.py:743} INFO - Processing file /Users/sruthibollu/anaconda3/envs/analytics-prep/lib/python3.9/site-packages/airflow/example_dags/example_task_group_decorator.py for tasks to queue
[2025-05-27T16:47:53.541-0400] {logging_mixin.py:137} INFO - [2025-05-27T16:47:53.541-0400] {dagbag.py:538} INFO - Filling up the DagBag from /Users/sruthibollu/anaconda3/envs/analytics-prep/lib/python3.9/site-packages/airflow/example_dags/example_task_group_decorator.py
[2025-05-27T16:47:53.578-0400] {processor.py:753} INFO - DAG(s) dict_keys(['example_task_group_decorator']) retrieved from /Users/sruthibollu/anaconda3/envs/analytics-prep/lib/python3.9/site-packages/airflow/example_dags/example_task_group_decorator.py
[2025-05-27T16:47:53.602-0400] {logging_mixin.py:137} INFO - [2025-05-27T16:47:53.601-0400] {dag.py:2690} INFO - Sync 1 DAGs
[2025-05-27T16:47:53.946-0400] {logging_mixin.py:137} INFO - [2025-05-27T16:47:53.946-0400] {dag.py:3437} INFO - Setting next_dagrun for example_task_group_decorator to 2025-05-26T20:47:53.946566+00:00, run_after=2025-05-27T20:47:53.946566+00:00
[2025-05-27T16:47:53.952-0400] {processor.py:175} INFO - Processing /Users/sruthibollu/anaconda3/envs/analytics-prep/lib/python3.9/site-packages/airflow/example_dags/example_task_group_decorator.py took 0.414 seconds
[2025-05-27T16:49:04.997-0400] {processor.py:153} INFO - Started process (PID=51046) to work on /Users/sruthibollu/anaconda3/envs/analytics-prep/lib/python3.9/site-packages/airflow/example_dags/example_task_group_decorator.py
[2025-05-27T16:49:04.999-0400] {processor.py:743} INFO - Processing file /Users/sruthibollu/anaconda3/envs/analytics-prep/lib/python3.9/site-packages/airflow/example_dags/example_task_group_decorator.py for tasks to queue
[2025-05-27T16:49:04.999-0400] {logging_mixin.py:137} INFO - [2025-05-27T16:49:04.999-0400] {dagbag.py:538} INFO - Filling up the DagBag from /Users/sruthibollu/anaconda3/envs/analytics-prep/lib/python3.9/site-packages/airflow/example_dags/example_task_group_decorator.py
[2025-05-27T16:49:05.031-0400] {processor.py:753} INFO - DAG(s) dict_keys(['example_task_group_decorator']) retrieved from /Users/sruthibollu/anaconda3/envs/analytics-prep/lib/python3.9/site-packages/airflow/example_dags/example_task_group_decorator.py
[2025-05-27T16:49:05.420-0400] {logging_mixin.py:137} INFO - [2025-05-27T16:49:05.419-0400] {dag.py:2690} INFO - Sync 1 DAGs
[2025-05-27T16:49:05.428-0400] {logging_mixin.py:137} INFO - [2025-05-27T16:49:05.428-0400] {dag.py:3437} INFO - Setting next_dagrun for example_task_group_decorator to 2025-05-26T20:49:05.428111+00:00, run_after=2025-05-27T20:49:05.428111+00:00
[2025-05-27T16:49:05.434-0400] {processor.py:175} INFO - Processing /Users/sruthibollu/anaconda3/envs/analytics-prep/lib/python3.9/site-packages/airflow/example_dags/example_task_group_decorator.py took 0.438 seconds
[2025-05-27T16:50:33.360-0400] {processor.py:153} INFO - Started process (PID=52117) to work on /Users/sruthibollu/anaconda3/envs/analytics-prep/lib/python3.9/site-packages/airflow/example_dags/example_task_group_decorator.py
[2025-05-27T16:50:33.363-0400] {processor.py:743} INFO - Processing file /Users/sruthibollu/anaconda3/envs/analytics-prep/lib/python3.9/site-packages/airflow/example_dags/example_task_group_decorator.py for tasks to queue
[2025-05-27T16:50:33.363-0400] {logging_mixin.py:137} INFO - [2025-05-27T16:50:33.363-0400] {dagbag.py:538} INFO - Filling up the DagBag from /Users/sruthibollu/anaconda3/envs/analytics-prep/lib/python3.9/site-packages/airflow/example_dags/example_task_group_decorator.py
[2025-05-27T16:50:33.399-0400] {processor.py:753} INFO - DAG(s) dict_keys(['example_task_group_decorator']) retrieved from /Users/sruthibollu/anaconda3/envs/analytics-prep/lib/python3.9/site-packages/airflow/example_dags/example_task_group_decorator.py
[2025-05-27T16:50:33.753-0400] {logging_mixin.py:137} INFO - [2025-05-27T16:50:33.753-0400] {dag.py:2690} INFO - Sync 1 DAGs
[2025-05-27T16:50:33.760-0400] {logging_mixin.py:137} INFO - [2025-05-27T16:50:33.760-0400] {dag.py:3437} INFO - Setting next_dagrun for example_task_group_decorator to 2025-05-26T20:50:33.760761+00:00, run_after=2025-05-27T20:50:33.760761+00:00
[2025-05-27T16:50:33.767-0400] {processor.py:175} INFO - Processing /Users/sruthibollu/anaconda3/envs/analytics-prep/lib/python3.9/site-packages/airflow/example_dags/example_task_group_decorator.py took 0.407 seconds
[2025-05-27T16:52:00.256-0400] {processor.py:153} INFO - Started process (PID=52617) to work on /Users/sruthibollu/anaconda3/envs/analytics-prep/lib/python3.9/site-packages/airflow/example_dags/example_task_group_decorator.py
[2025-05-27T16:52:00.258-0400] {processor.py:743} INFO - Processing file /Users/sruthibollu/anaconda3/envs/analytics-prep/lib/python3.9/site-packages/airflow/example_dags/example_task_group_decorator.py for tasks to queue
[2025-05-27T16:52:00.258-0400] {logging_mixin.py:137} INFO - [2025-05-27T16:52:00.258-0400] {dagbag.py:538} INFO - Filling up the DagBag from /Users/sruthibollu/anaconda3/envs/analytics-prep/lib/python3.9/site-packages/airflow/example_dags/example_task_group_decorator.py
[2025-05-27T16:52:00.295-0400] {processor.py:753} INFO - DAG(s) dict_keys(['example_task_group_decorator']) retrieved from /Users/sruthibollu/anaconda3/envs/analytics-prep/lib/python3.9/site-packages/airflow/example_dags/example_task_group_decorator.py
[2025-05-27T16:52:00.665-0400] {logging_mixin.py:137} INFO - [2025-05-27T16:52:00.665-0400] {dag.py:2690} INFO - Sync 1 DAGs
[2025-05-27T16:52:00.672-0400] {logging_mixin.py:137} INFO - [2025-05-27T16:52:00.672-0400] {dag.py:3437} INFO - Setting next_dagrun for example_task_group_decorator to 2025-05-26T20:52:00.672134+00:00, run_after=2025-05-27T20:52:00.672134+00:00
[2025-05-27T16:52:00.678-0400] {processor.py:175} INFO - Processing /Users/sruthibollu/anaconda3/envs/analytics-prep/lib/python3.9/site-packages/airflow/example_dags/example_task_group_decorator.py took 0.423 seconds
[2025-05-27T16:53:17.670-0400] {processor.py:153} INFO - Started process (PID=53077) to work on /Users/sruthibollu/anaconda3/envs/analytics-prep/lib/python3.9/site-packages/airflow/example_dags/example_task_group_decorator.py
[2025-05-27T16:53:17.672-0400] {processor.py:743} INFO - Processing file /Users/sruthibollu/anaconda3/envs/analytics-prep/lib/python3.9/site-packages/airflow/example_dags/example_task_group_decorator.py for tasks to queue
[2025-05-27T16:53:17.672-0400] {logging_mixin.py:137} INFO - [2025-05-27T16:53:17.672-0400] {dagbag.py:538} INFO - Filling up the DagBag from /Users/sruthibollu/anaconda3/envs/analytics-prep/lib/python3.9/site-packages/airflow/example_dags/example_task_group_decorator.py
[2025-05-27T16:53:17.705-0400] {processor.py:753} INFO - DAG(s) dict_keys(['example_task_group_decorator']) retrieved from /Users/sruthibollu/anaconda3/envs/analytics-prep/lib/python3.9/site-packages/airflow/example_dags/example_task_group_decorator.py
[2025-05-27T16:53:18.063-0400] {logging_mixin.py:137} INFO - [2025-05-27T16:53:18.063-0400] {dag.py:2690} INFO - Sync 1 DAGs
[2025-05-27T16:53:18.070-0400] {logging_mixin.py:137} INFO - [2025-05-27T16:53:18.070-0400] {dag.py:3437} INFO - Setting next_dagrun for example_task_group_decorator to 2025-05-26T20:53:18.070193+00:00, run_after=2025-05-27T20:53:18.070193+00:00
[2025-05-27T16:53:18.076-0400] {processor.py:175} INFO - Processing /Users/sruthibollu/anaconda3/envs/analytics-prep/lib/python3.9/site-packages/airflow/example_dags/example_task_group_decorator.py took 0.407 seconds
[2025-05-27T17:09:20.680-0400] {processor.py:153} INFO - Started process (PID=53387) to work on /Users/sruthibollu/anaconda3/envs/analytics-prep/lib/python3.9/site-packages/airflow/example_dags/example_task_group_decorator.py
[2025-05-27T17:09:20.682-0400] {processor.py:743} INFO - Processing file /Users/sruthibollu/anaconda3/envs/analytics-prep/lib/python3.9/site-packages/airflow/example_dags/example_task_group_decorator.py for tasks to queue
[2025-05-27T17:09:20.682-0400] {logging_mixin.py:137} INFO - [2025-05-27T17:09:20.682-0400] {dagbag.py:538} INFO - Filling up the DagBag from /Users/sruthibollu/anaconda3/envs/analytics-prep/lib/python3.9/site-packages/airflow/example_dags/example_task_group_decorator.py
[2025-05-27T17:09:20.719-0400] {processor.py:753} INFO - DAG(s) dict_keys(['example_task_group_decorator']) retrieved from /Users/sruthibollu/anaconda3/envs/analytics-prep/lib/python3.9/site-packages/airflow/example_dags/example_task_group_decorator.py
[2025-05-27T17:09:21.085-0400] {logging_mixin.py:137} INFO - [2025-05-27T17:09:21.085-0400] {dag.py:2690} INFO - Sync 1 DAGs
[2025-05-27T17:09:21.092-0400] {logging_mixin.py:137} INFO - [2025-05-27T17:09:21.092-0400] {dag.py:3437} INFO - Setting next_dagrun for example_task_group_decorator to 2025-05-26T21:09:21.092081+00:00, run_after=2025-05-27T21:09:21.092081+00:00
[2025-05-27T17:09:21.099-0400] {processor.py:175} INFO - Processing /Users/sruthibollu/anaconda3/envs/analytics-prep/lib/python3.9/site-packages/airflow/example_dags/example_task_group_decorator.py took 0.419 seconds
[2025-05-27T17:38:44.637-0400] {processor.py:153} INFO - Started process (PID=53709) to work on /Users/sruthibollu/anaconda3/envs/analytics-prep/lib/python3.9/site-packages/airflow/example_dags/example_task_group_decorator.py
[2025-05-27T17:38:44.640-0400] {processor.py:743} INFO - Processing file /Users/sruthibollu/anaconda3/envs/analytics-prep/lib/python3.9/site-packages/airflow/example_dags/example_task_group_decorator.py for tasks to queue
[2025-05-27T17:38:44.640-0400] {logging_mixin.py:137} INFO - [2025-05-27T17:38:44.640-0400] {dagbag.py:538} INFO - Filling up the DagBag from /Users/sruthibollu/anaconda3/envs/analytics-prep/lib/python3.9/site-packages/airflow/example_dags/example_task_group_decorator.py
[2025-05-27T17:38:44.673-0400] {processor.py:753} INFO - DAG(s) dict_keys(['example_task_group_decorator']) retrieved from /Users/sruthibollu/anaconda3/envs/analytics-prep/lib/python3.9/site-packages/airflow/example_dags/example_task_group_decorator.py
[2025-05-27T17:38:45.023-0400] {logging_mixin.py:137} INFO - [2025-05-27T17:38:45.023-0400] {dag.py:2690} INFO - Sync 1 DAGs
[2025-05-27T17:38:45.030-0400] {logging_mixin.py:137} INFO - [2025-05-27T17:38:45.030-0400] {dag.py:3437} INFO - Setting next_dagrun for example_task_group_decorator to 2025-05-26T21:38:45.030616+00:00, run_after=2025-05-27T21:38:45.030616+00:00
[2025-05-27T17:38:45.036-0400] {processor.py:175} INFO - Processing /Users/sruthibollu/anaconda3/envs/analytics-prep/lib/python3.9/site-packages/airflow/example_dags/example_task_group_decorator.py took 0.399 seconds
[2025-05-27T18:06:40.853-0400] {processor.py:153} INFO - Started process (PID=54369) to work on /Users/sruthibollu/anaconda3/envs/analytics-prep/lib/python3.9/site-packages/airflow/example_dags/example_task_group_decorator.py
[2025-05-27T18:06:40.855-0400] {processor.py:743} INFO - Processing file /Users/sruthibollu/anaconda3/envs/analytics-prep/lib/python3.9/site-packages/airflow/example_dags/example_task_group_decorator.py for tasks to queue
[2025-05-27T18:06:40.856-0400] {logging_mixin.py:137} INFO - [2025-05-27T18:06:40.855-0400] {dagbag.py:538} INFO - Filling up the DagBag from /Users/sruthibollu/anaconda3/envs/analytics-prep/lib/python3.9/site-packages/airflow/example_dags/example_task_group_decorator.py
[2025-05-27T18:06:40.894-0400] {processor.py:753} INFO - DAG(s) dict_keys(['example_task_group_decorator']) retrieved from /Users/sruthibollu/anaconda3/envs/analytics-prep/lib/python3.9/site-packages/airflow/example_dags/example_task_group_decorator.py
[2025-05-27T18:06:41.270-0400] {logging_mixin.py:137} INFO - [2025-05-27T18:06:41.270-0400] {dag.py:2690} INFO - Sync 1 DAGs
[2025-05-27T18:06:41.278-0400] {logging_mixin.py:137} INFO - [2025-05-27T18:06:41.278-0400] {dag.py:3437} INFO - Setting next_dagrun for example_task_group_decorator to 2025-05-26T22:06:41.278714+00:00, run_after=2025-05-27T22:06:41.278714+00:00
[2025-05-27T18:06:41.286-0400] {processor.py:175} INFO - Processing /Users/sruthibollu/anaconda3/envs/analytics-prep/lib/python3.9/site-packages/airflow/example_dags/example_task_group_decorator.py took 0.434 seconds
[2025-05-27T18:20:53.524-0400] {processor.py:153} INFO - Started process (PID=54710) to work on /Users/sruthibollu/anaconda3/envs/analytics-prep/lib/python3.9/site-packages/airflow/example_dags/example_task_group_decorator.py
[2025-05-27T18:20:53.527-0400] {processor.py:743} INFO - Processing file /Users/sruthibollu/anaconda3/envs/analytics-prep/lib/python3.9/site-packages/airflow/example_dags/example_task_group_decorator.py for tasks to queue
[2025-05-27T18:20:53.527-0400] {logging_mixin.py:137} INFO - [2025-05-27T18:20:53.527-0400] {dagbag.py:538} INFO - Filling up the DagBag from /Users/sruthibollu/anaconda3/envs/analytics-prep/lib/python3.9/site-packages/airflow/example_dags/example_task_group_decorator.py
[2025-05-27T18:20:53.562-0400] {processor.py:753} INFO - DAG(s) dict_keys(['example_task_group_decorator']) retrieved from /Users/sruthibollu/anaconda3/envs/analytics-prep/lib/python3.9/site-packages/airflow/example_dags/example_task_group_decorator.py
[2025-05-27T18:20:53.942-0400] {logging_mixin.py:137} INFO - [2025-05-27T18:20:53.942-0400] {dag.py:2690} INFO - Sync 1 DAGs
[2025-05-27T18:20:53.948-0400] {logging_mixin.py:137} INFO - [2025-05-27T18:20:53.948-0400] {dag.py:3437} INFO - Setting next_dagrun for example_task_group_decorator to 2025-05-26T22:20:53.948655+00:00, run_after=2025-05-27T22:20:53.948655+00:00
[2025-05-27T18:20:53.955-0400] {processor.py:175} INFO - Processing /Users/sruthibollu/anaconda3/envs/analytics-prep/lib/python3.9/site-packages/airflow/example_dags/example_task_group_decorator.py took 0.431 seconds
[2025-05-27T18:31:34.920-0400] {processor.py:153} INFO - Started process (PID=55103) to work on /Users/sruthibollu/anaconda3/envs/analytics-prep/lib/python3.9/site-packages/airflow/example_dags/example_task_group_decorator.py
[2025-05-27T18:31:34.922-0400] {processor.py:743} INFO - Processing file /Users/sruthibollu/anaconda3/envs/analytics-prep/lib/python3.9/site-packages/airflow/example_dags/example_task_group_decorator.py for tasks to queue
[2025-05-27T18:31:34.923-0400] {logging_mixin.py:137} INFO - [2025-05-27T18:31:34.923-0400] {dagbag.py:538} INFO - Filling up the DagBag from /Users/sruthibollu/anaconda3/envs/analytics-prep/lib/python3.9/site-packages/airflow/example_dags/example_task_group_decorator.py
[2025-05-27T18:31:34.957-0400] {processor.py:753} INFO - DAG(s) dict_keys(['example_task_group_decorator']) retrieved from /Users/sruthibollu/anaconda3/envs/analytics-prep/lib/python3.9/site-packages/airflow/example_dags/example_task_group_decorator.py
[2025-05-27T18:31:35.332-0400] {logging_mixin.py:137} INFO - [2025-05-27T18:31:35.332-0400] {dag.py:2690} INFO - Sync 1 DAGs
[2025-05-27T18:31:35.339-0400] {logging_mixin.py:137} INFO - [2025-05-27T18:31:35.339-0400] {dag.py:3437} INFO - Setting next_dagrun for example_task_group_decorator to 2025-05-26T22:31:35.339622+00:00, run_after=2025-05-27T22:31:35.339622+00:00
[2025-05-27T18:31:35.346-0400] {processor.py:175} INFO - Processing /Users/sruthibollu/anaconda3/envs/analytics-prep/lib/python3.9/site-packages/airflow/example_dags/example_task_group_decorator.py took 0.427 seconds
[2025-05-27T18:39:19.797-0400] {processor.py:153} INFO - Started process (PID=55381) to work on /Users/sruthibollu/anaconda3/envs/analytics-prep/lib/python3.9/site-packages/airflow/example_dags/example_task_group_decorator.py
[2025-05-27T18:39:19.800-0400] {processor.py:743} INFO - Processing file /Users/sruthibollu/anaconda3/envs/analytics-prep/lib/python3.9/site-packages/airflow/example_dags/example_task_group_decorator.py for tasks to queue
[2025-05-27T18:39:19.800-0400] {logging_mixin.py:137} INFO - [2025-05-27T18:39:19.800-0400] {dagbag.py:538} INFO - Filling up the DagBag from /Users/sruthibollu/anaconda3/envs/analytics-prep/lib/python3.9/site-packages/airflow/example_dags/example_task_group_decorator.py
[2025-05-27T18:39:19.834-0400] {processor.py:753} INFO - DAG(s) dict_keys(['example_task_group_decorator']) retrieved from /Users/sruthibollu/anaconda3/envs/analytics-prep/lib/python3.9/site-packages/airflow/example_dags/example_task_group_decorator.py
[2025-05-27T18:39:20.180-0400] {logging_mixin.py:137} INFO - [2025-05-27T18:39:20.180-0400] {dag.py:2690} INFO - Sync 1 DAGs
[2025-05-27T18:39:20.186-0400] {logging_mixin.py:137} INFO - [2025-05-27T18:39:20.186-0400] {dag.py:3437} INFO - Setting next_dagrun for example_task_group_decorator to 2025-05-26T22:39:20.186592+00:00, run_after=2025-05-27T22:39:20.186592+00:00
[2025-05-27T18:39:20.192-0400] {processor.py:175} INFO - Processing /Users/sruthibollu/anaconda3/envs/analytics-prep/lib/python3.9/site-packages/airflow/example_dags/example_task_group_decorator.py took 0.395 seconds
[2025-05-27T18:54:54.745-0400] {processor.py:153} INFO - Started process (PID=55790) to work on /Users/sruthibollu/anaconda3/envs/analytics-prep/lib/python3.9/site-packages/airflow/example_dags/example_task_group_decorator.py
[2025-05-27T18:54:54.747-0400] {processor.py:743} INFO - Processing file /Users/sruthibollu/anaconda3/envs/analytics-prep/lib/python3.9/site-packages/airflow/example_dags/example_task_group_decorator.py for tasks to queue
[2025-05-27T18:54:54.747-0400] {logging_mixin.py:137} INFO - [2025-05-27T18:54:54.747-0400] {dagbag.py:538} INFO - Filling up the DagBag from /Users/sruthibollu/anaconda3/envs/analytics-prep/lib/python3.9/site-packages/airflow/example_dags/example_task_group_decorator.py
[2025-05-27T18:54:54.787-0400] {processor.py:753} INFO - DAG(s) dict_keys(['example_task_group_decorator']) retrieved from /Users/sruthibollu/anaconda3/envs/analytics-prep/lib/python3.9/site-packages/airflow/example_dags/example_task_group_decorator.py
[2025-05-27T18:54:55.133-0400] {logging_mixin.py:137} INFO - [2025-05-27T18:54:55.133-0400] {dag.py:2690} INFO - Sync 1 DAGs
[2025-05-27T18:54:55.145-0400] {logging_mixin.py:137} INFO - [2025-05-27T18:54:55.145-0400] {dag.py:3437} INFO - Setting next_dagrun for example_task_group_decorator to 2025-05-26T22:54:55.145382+00:00, run_after=2025-05-27T22:54:55.145382+00:00
[2025-05-27T18:54:55.152-0400] {processor.py:175} INFO - Processing /Users/sruthibollu/anaconda3/envs/analytics-prep/lib/python3.9/site-packages/airflow/example_dags/example_task_group_decorator.py took 0.408 seconds
[2025-05-27T19:36:19.227-0400] {processor.py:153} INFO - Started process (PID=56202) to work on /Users/sruthibollu/anaconda3/envs/analytics-prep/lib/python3.9/site-packages/airflow/example_dags/example_task_group_decorator.py
[2025-05-27T19:36:19.229-0400] {processor.py:743} INFO - Processing file /Users/sruthibollu/anaconda3/envs/analytics-prep/lib/python3.9/site-packages/airflow/example_dags/example_task_group_decorator.py for tasks to queue
[2025-05-27T19:36:19.229-0400] {logging_mixin.py:137} INFO - [2025-05-27T19:36:19.229-0400] {dagbag.py:538} INFO - Filling up the DagBag from /Users/sruthibollu/anaconda3/envs/analytics-prep/lib/python3.9/site-packages/airflow/example_dags/example_task_group_decorator.py
[2025-05-27T19:36:19.266-0400] {processor.py:753} INFO - DAG(s) dict_keys(['example_task_group_decorator']) retrieved from /Users/sruthibollu/anaconda3/envs/analytics-prep/lib/python3.9/site-packages/airflow/example_dags/example_task_group_decorator.py
[2025-05-27T19:36:19.637-0400] {logging_mixin.py:137} INFO - [2025-05-27T19:36:19.637-0400] {dag.py:2690} INFO - Sync 1 DAGs
[2025-05-27T19:36:19.644-0400] {logging_mixin.py:137} INFO - [2025-05-27T19:36:19.644-0400] {dag.py:3437} INFO - Setting next_dagrun for example_task_group_decorator to 2025-05-26T23:36:19.644649+00:00, run_after=2025-05-27T23:36:19.644649+00:00
[2025-05-27T19:36:19.650-0400] {processor.py:175} INFO - Processing /Users/sruthibollu/anaconda3/envs/analytics-prep/lib/python3.9/site-packages/airflow/example_dags/example_task_group_decorator.py took 0.424 seconds
[2025-05-27T19:55:45.238-0400] {processor.py:153} INFO - Started process (PID=56658) to work on /Users/sruthibollu/anaconda3/envs/analytics-prep/lib/python3.9/site-packages/airflow/example_dags/example_task_group_decorator.py
[2025-05-27T19:55:45.241-0400] {processor.py:743} INFO - Processing file /Users/sruthibollu/anaconda3/envs/analytics-prep/lib/python3.9/site-packages/airflow/example_dags/example_task_group_decorator.py for tasks to queue
[2025-05-27T19:55:45.241-0400] {logging_mixin.py:137} INFO - [2025-05-27T19:55:45.241-0400] {dagbag.py:538} INFO - Filling up the DagBag from /Users/sruthibollu/anaconda3/envs/analytics-prep/lib/python3.9/site-packages/airflow/example_dags/example_task_group_decorator.py
[2025-05-27T19:55:45.284-0400] {processor.py:753} INFO - DAG(s) dict_keys(['example_task_group_decorator']) retrieved from /Users/sruthibollu/anaconda3/envs/analytics-prep/lib/python3.9/site-packages/airflow/example_dags/example_task_group_decorator.py
[2025-05-27T19:55:45.637-0400] {logging_mixin.py:137} INFO - [2025-05-27T19:55:45.637-0400] {dag.py:2690} INFO - Sync 1 DAGs
[2025-05-27T19:55:45.644-0400] {logging_mixin.py:137} INFO - [2025-05-27T19:55:45.644-0400] {dag.py:3437} INFO - Setting next_dagrun for example_task_group_decorator to 2025-05-26T23:55:45.644166+00:00, run_after=2025-05-27T23:55:45.644166+00:00
[2025-05-27T19:55:45.650-0400] {processor.py:175} INFO - Processing /Users/sruthibollu/anaconda3/envs/analytics-prep/lib/python3.9/site-packages/airflow/example_dags/example_task_group_decorator.py took 0.413 seconds
