[2025-05-27T16:48:19.139-0400] {processor.py:153} INFO - Started process (PID=50799) to work on /Users/sruthibollu/anaconda3/envs/analytics-prep/lib/python3.9/site-packages/airflow/example_dags/example_latest_only.py
[2025-05-27T16:48:19.142-0400] {processor.py:743} INFO - Processing file /Users/sruthibollu/anaconda3/envs/analytics-prep/lib/python3.9/site-packages/airflow/example_dags/example_latest_only.py for tasks to queue
[2025-05-27T16:48:19.142-0400] {logging_mixin.py:137} INFO - [2025-05-27T16:48:19.142-0400] {dagbag.py:538} INFO - Filling up the DagBag from /Users/sruthibollu/anaconda3/envs/analytics-prep/lib/python3.9/site-packages/airflow/example_dags/example_latest_only.py
[2025-05-27T16:48:19.177-0400] {processor.py:753} INFO - DAG(s) dict_keys(['latest_only']) retrieved from /Users/sruthibollu/anaconda3/envs/analytics-prep/lib/python3.9/site-packages/airflow/example_dags/example_latest_only.py
[2025-05-27T16:48:19.559-0400] {logging_mixin.py:137} INFO - [2025-05-27T16:48:19.559-0400] {dag.py:2690} INFO - Sync 1 DAGs
[2025-05-27T16:48:19.566-0400] {logging_mixin.py:137} INFO - [2025-05-27T16:48:19.566-0400] {dag.py:3437} INFO - Setting next_dagrun for latest_only to 2025-05-27T16:48:19.566030+00:00, run_after=2025-05-27T20:48:19.566030+00:00
[2025-05-27T16:48:19.572-0400] {processor.py:175} INFO - Processing /Users/sruthibollu/anaconda3/envs/analytics-prep/lib/python3.9/site-packages/airflow/example_dags/example_latest_only.py took 0.433 seconds
[2025-05-27T16:49:47.752-0400] {processor.py:153} INFO - Started process (PID=51842) to work on /Users/sruthibollu/anaconda3/envs/analytics-prep/lib/python3.9/site-packages/airflow/example_dags/example_latest_only.py
[2025-05-27T16:49:47.755-0400] {processor.py:743} INFO - Processing file /Users/sruthibollu/anaconda3/envs/analytics-prep/lib/python3.9/site-packages/airflow/example_dags/example_latest_only.py for tasks to queue
[2025-05-27T16:49:47.755-0400] {logging_mixin.py:137} INFO - [2025-05-27T16:49:47.755-0400] {dagbag.py:538} INFO - Filling up the DagBag from /Users/sruthibollu/anaconda3/envs/analytics-prep/lib/python3.9/site-packages/airflow/example_dags/example_latest_only.py
[2025-05-27T16:49:47.781-0400] {processor.py:753} INFO - DAG(s) dict_keys(['latest_only']) retrieved from /Users/sruthibollu/anaconda3/envs/analytics-prep/lib/python3.9/site-packages/airflow/example_dags/example_latest_only.py
[2025-05-27T16:49:48.129-0400] {logging_mixin.py:137} INFO - [2025-05-27T16:49:48.129-0400] {dag.py:2690} INFO - Sync 1 DAGs
[2025-05-27T16:49:48.136-0400] {logging_mixin.py:137} INFO - [2025-05-27T16:49:48.136-0400] {dag.py:3437} INFO - Setting next_dagrun for latest_only to 2025-05-27T16:49:48.136519+00:00, run_after=2025-05-27T20:49:48.136519+00:00
[2025-05-27T16:49:48.143-0400] {processor.py:175} INFO - Processing /Users/sruthibollu/anaconda3/envs/analytics-prep/lib/python3.9/site-packages/airflow/example_dags/example_latest_only.py took 0.391 seconds
[2025-05-27T16:51:05.035-0400] {processor.py:153} INFO - Started process (PID=52301) to work on /Users/sruthibollu/anaconda3/envs/analytics-prep/lib/python3.9/site-packages/airflow/example_dags/example_latest_only.py
[2025-05-27T16:51:05.037-0400] {processor.py:743} INFO - Processing file /Users/sruthibollu/anaconda3/envs/analytics-prep/lib/python3.9/site-packages/airflow/example_dags/example_latest_only.py for tasks to queue
[2025-05-27T16:51:05.037-0400] {logging_mixin.py:137} INFO - [2025-05-27T16:51:05.037-0400] {dagbag.py:538} INFO - Filling up the DagBag from /Users/sruthibollu/anaconda3/envs/analytics-prep/lib/python3.9/site-packages/airflow/example_dags/example_latest_only.py
[2025-05-27T16:51:05.059-0400] {processor.py:753} INFO - DAG(s) dict_keys(['latest_only']) retrieved from /Users/sruthibollu/anaconda3/envs/analytics-prep/lib/python3.9/site-packages/airflow/example_dags/example_latest_only.py
[2025-05-27T16:51:05.412-0400] {logging_mixin.py:137} INFO - [2025-05-27T16:51:05.411-0400] {dag.py:2690} INFO - Sync 1 DAGs
[2025-05-27T16:51:05.418-0400] {logging_mixin.py:137} INFO - [2025-05-27T16:51:05.418-0400] {dag.py:3437} INFO - Setting next_dagrun for latest_only to 2025-05-27T16:51:05.418148+00:00, run_after=2025-05-27T20:51:05.418148+00:00
[2025-05-27T16:51:05.425-0400] {processor.py:175} INFO - Processing /Users/sruthibollu/anaconda3/envs/analytics-prep/lib/python3.9/site-packages/airflow/example_dags/example_latest_only.py took 0.390 seconds
[2025-05-27T16:52:24.865-0400] {processor.py:153} INFO - Started process (PID=52761) to work on /Users/sruthibollu/anaconda3/envs/analytics-prep/lib/python3.9/site-packages/airflow/example_dags/example_latest_only.py
[2025-05-27T16:52:24.867-0400] {processor.py:743} INFO - Processing file /Users/sruthibollu/anaconda3/envs/analytics-prep/lib/python3.9/site-packages/airflow/example_dags/example_latest_only.py for tasks to queue
[2025-05-27T16:52:24.868-0400] {logging_mixin.py:137} INFO - [2025-05-27T16:52:24.868-0400] {dagbag.py:538} INFO - Filling up the DagBag from /Users/sruthibollu/anaconda3/envs/analytics-prep/lib/python3.9/site-packages/airflow/example_dags/example_latest_only.py
[2025-05-27T16:52:24.889-0400] {processor.py:753} INFO - DAG(s) dict_keys(['latest_only']) retrieved from /Users/sruthibollu/anaconda3/envs/analytics-prep/lib/python3.9/site-packages/airflow/example_dags/example_latest_only.py
[2025-05-27T16:52:25.243-0400] {logging_mixin.py:137} INFO - [2025-05-27T16:52:25.243-0400] {dag.py:2690} INFO - Sync 1 DAGs
[2025-05-27T16:52:25.250-0400] {logging_mixin.py:137} INFO - [2025-05-27T16:52:25.249-0400] {dag.py:3437} INFO - Setting next_dagrun for latest_only to 2025-05-27T16:52:25.249885+00:00, run_after=2025-05-27T20:52:25.249885+00:00
[2025-05-27T16:52:25.257-0400] {processor.py:175} INFO - Processing /Users/sruthibollu/anaconda3/envs/analytics-prep/lib/python3.9/site-packages/airflow/example_dags/example_latest_only.py took 0.392 seconds
[2025-05-27T16:53:42.443-0400] {processor.py:153} INFO - Started process (PID=53222) to work on /Users/sruthibollu/anaconda3/envs/analytics-prep/lib/python3.9/site-packages/airflow/example_dags/example_latest_only.py
[2025-05-27T16:53:42.447-0400] {processor.py:743} INFO - Processing file /Users/sruthibollu/anaconda3/envs/analytics-prep/lib/python3.9/site-packages/airflow/example_dags/example_latest_only.py for tasks to queue
[2025-05-27T16:53:42.447-0400] {logging_mixin.py:137} INFO - [2025-05-27T16:53:42.447-0400] {dagbag.py:538} INFO - Filling up the DagBag from /Users/sruthibollu/anaconda3/envs/analytics-prep/lib/python3.9/site-packages/airflow/example_dags/example_latest_only.py
[2025-05-27T16:53:42.481-0400] {processor.py:753} INFO - DAG(s) dict_keys(['latest_only']) retrieved from /Users/sruthibollu/anaconda3/envs/analytics-prep/lib/python3.9/site-packages/airflow/example_dags/example_latest_only.py
[2025-05-27T16:53:43.251-0400] {logging_mixin.py:137} INFO - [2025-05-27T16:53:43.251-0400] {dag.py:2690} INFO - Sync 1 DAGs
[2025-05-27T16:53:43.262-0400] {logging_mixin.py:137} INFO - [2025-05-27T16:53:43.262-0400] {dag.py:3437} INFO - Setting next_dagrun for latest_only to 2025-05-27T16:53:43.262107+00:00, run_after=2025-05-27T20:53:43.262107+00:00
[2025-05-27T16:53:43.275-0400] {processor.py:175} INFO - Processing /Users/sruthibollu/anaconda3/envs/analytics-prep/lib/python3.9/site-packages/airflow/example_dags/example_latest_only.py took 0.833 seconds
[2025-05-27T17:49:06.644-0400] {processor.py:153} INFO - Started process (PID=53910) to work on /Users/sruthibollu/anaconda3/envs/analytics-prep/lib/python3.9/site-packages/airflow/example_dags/example_latest_only.py
[2025-05-27T17:49:06.646-0400] {processor.py:743} INFO - Processing file /Users/sruthibollu/anaconda3/envs/analytics-prep/lib/python3.9/site-packages/airflow/example_dags/example_latest_only.py for tasks to queue
[2025-05-27T17:49:06.646-0400] {logging_mixin.py:137} INFO - [2025-05-27T17:49:06.646-0400] {dagbag.py:538} INFO - Filling up the DagBag from /Users/sruthibollu/anaconda3/envs/analytics-prep/lib/python3.9/site-packages/airflow/example_dags/example_latest_only.py
[2025-05-27T17:49:06.672-0400] {processor.py:753} INFO - DAG(s) dict_keys(['latest_only']) retrieved from /Users/sruthibollu/anaconda3/envs/analytics-prep/lib/python3.9/site-packages/airflow/example_dags/example_latest_only.py
[2025-05-27T17:49:07.060-0400] {logging_mixin.py:137} INFO - [2025-05-27T17:49:07.060-0400] {dag.py:2690} INFO - Sync 1 DAGs
[2025-05-27T17:49:07.070-0400] {logging_mixin.py:137} INFO - [2025-05-27T17:49:07.070-0400] {dag.py:3437} INFO - Setting next_dagrun for latest_only to 2025-05-27T17:49:07.070153+00:00, run_after=2025-05-27T21:49:07.070153+00:00
[2025-05-27T17:49:07.077-0400] {processor.py:175} INFO - Processing /Users/sruthibollu/anaconda3/envs/analytics-prep/lib/python3.9/site-packages/airflow/example_dags/example_latest_only.py took 0.434 seconds
[2025-05-27T18:30:51.818-0400] {processor.py:153} INFO - Started process (PID=54881) to work on /Users/sruthibollu/anaconda3/envs/analytics-prep/lib/python3.9/site-packages/airflow/example_dags/example_latest_only.py
[2025-05-27T18:30:51.820-0400] {processor.py:743} INFO - Processing file /Users/sruthibollu/anaconda3/envs/analytics-prep/lib/python3.9/site-packages/airflow/example_dags/example_latest_only.py for tasks to queue
[2025-05-27T18:30:51.821-0400] {logging_mixin.py:137} INFO - [2025-05-27T18:30:51.821-0400] {dagbag.py:538} INFO - Filling up the DagBag from /Users/sruthibollu/anaconda3/envs/analytics-prep/lib/python3.9/site-packages/airflow/example_dags/example_latest_only.py
[2025-05-27T18:30:51.847-0400] {processor.py:753} INFO - DAG(s) dict_keys(['latest_only']) retrieved from /Users/sruthibollu/anaconda3/envs/analytics-prep/lib/python3.9/site-packages/airflow/example_dags/example_latest_only.py
[2025-05-27T18:30:52.225-0400] {logging_mixin.py:137} INFO - [2025-05-27T18:30:52.225-0400] {dag.py:2690} INFO - Sync 1 DAGs
[2025-05-27T18:30:52.231-0400] {logging_mixin.py:137} INFO - [2025-05-27T18:30:52.231-0400] {dag.py:3437} INFO - Setting next_dagrun for latest_only to 2025-05-27T18:30:52.231572+00:00, run_after=2025-05-27T22:30:52.231572+00:00
[2025-05-27T18:30:52.238-0400] {processor.py:175} INFO - Processing /Users/sruthibollu/anaconda3/envs/analytics-prep/lib/python3.9/site-packages/airflow/example_dags/example_latest_only.py took 0.420 seconds
[2025-05-27T18:52:25.079-0400] {processor.py:153} INFO - Started process (PID=55544) to work on /Users/sruthibollu/anaconda3/envs/analytics-prep/lib/python3.9/site-packages/airflow/example_dags/example_latest_only.py
[2025-05-27T18:52:25.081-0400] {processor.py:743} INFO - Processing file /Users/sruthibollu/anaconda3/envs/analytics-prep/lib/python3.9/site-packages/airflow/example_dags/example_latest_only.py for tasks to queue
[2025-05-27T18:52:25.082-0400] {logging_mixin.py:137} INFO - [2025-05-27T18:52:25.082-0400] {dagbag.py:538} INFO - Filling up the DagBag from /Users/sruthibollu/anaconda3/envs/analytics-prep/lib/python3.9/site-packages/airflow/example_dags/example_latest_only.py
[2025-05-27T18:52:25.106-0400] {processor.py:753} INFO - DAG(s) dict_keys(['latest_only']) retrieved from /Users/sruthibollu/anaconda3/envs/analytics-prep/lib/python3.9/site-packages/airflow/example_dags/example_latest_only.py
[2025-05-27T18:52:25.497-0400] {logging_mixin.py:137} INFO - [2025-05-27T18:52:25.497-0400] {dag.py:2690} INFO - Sync 1 DAGs
[2025-05-27T18:52:25.509-0400] {logging_mixin.py:137} INFO - [2025-05-27T18:52:25.509-0400] {dag.py:3437} INFO - Setting next_dagrun for latest_only to 2025-05-27T18:52:25.509338+00:00, run_after=2025-05-27T22:52:25.509338+00:00
[2025-05-27T18:52:25.519-0400] {processor.py:175} INFO - Processing /Users/sruthibollu/anaconda3/envs/analytics-prep/lib/python3.9/site-packages/airflow/example_dags/example_latest_only.py took 0.440 seconds
[2025-05-27T19:37:25.604-0400] {processor.py:153} INFO - Started process (PID=56360) to work on /Users/sruthibollu/anaconda3/envs/analytics-prep/lib/python3.9/site-packages/airflow/example_dags/example_latest_only.py
[2025-05-27T19:37:25.607-0400] {processor.py:743} INFO - Processing file /Users/sruthibollu/anaconda3/envs/analytics-prep/lib/python3.9/site-packages/airflow/example_dags/example_latest_only.py for tasks to queue
[2025-05-27T19:37:25.607-0400] {logging_mixin.py:137} INFO - [2025-05-27T19:37:25.607-0400] {dagbag.py:538} INFO - Filling up the DagBag from /Users/sruthibollu/anaconda3/envs/analytics-prep/lib/python3.9/site-packages/airflow/example_dags/example_latest_only.py
[2025-05-27T19:37:25.637-0400] {processor.py:753} INFO - DAG(s) dict_keys(['latest_only']) retrieved from /Users/sruthibollu/anaconda3/envs/analytics-prep/lib/python3.9/site-packages/airflow/example_dags/example_latest_only.py
[2025-05-27T19:37:25.997-0400] {logging_mixin.py:137} INFO - [2025-05-27T19:37:25.997-0400] {dag.py:2690} INFO - Sync 1 DAGs
[2025-05-27T19:37:26.004-0400] {logging_mixin.py:137} INFO - [2025-05-27T19:37:26.004-0400] {dag.py:3437} INFO - Setting next_dagrun for latest_only to 2025-05-27T19:37:26.004045+00:00, run_after=2025-05-27T23:37:26.004045+00:00
[2025-05-27T19:37:26.010-0400] {processor.py:175} INFO - Processing /Users/sruthibollu/anaconda3/envs/analytics-prep/lib/python3.9/site-packages/airflow/example_dags/example_latest_only.py took 0.407 seconds
[2025-05-27T19:56:08.063-0400] {processor.py:153} INFO - Started process (PID=56805) to work on /Users/sruthibollu/anaconda3/envs/analytics-prep/lib/python3.9/site-packages/airflow/example_dags/example_latest_only.py
[2025-05-27T19:56:08.066-0400] {processor.py:743} INFO - Processing file /Users/sruthibollu/anaconda3/envs/analytics-prep/lib/python3.9/site-packages/airflow/example_dags/example_latest_only.py for tasks to queue
[2025-05-27T19:56:08.067-0400] {logging_mixin.py:137} INFO - [2025-05-27T19:56:08.067-0400] {dagbag.py:538} INFO - Filling up the DagBag from /Users/sruthibollu/anaconda3/envs/analytics-prep/lib/python3.9/site-packages/airflow/example_dags/example_latest_only.py
[2025-05-27T19:56:08.090-0400] {processor.py:753} INFO - DAG(s) dict_keys(['latest_only']) retrieved from /Users/sruthibollu/anaconda3/envs/analytics-prep/lib/python3.9/site-packages/airflow/example_dags/example_latest_only.py
[2025-05-27T19:56:08.452-0400] {logging_mixin.py:137} INFO - [2025-05-27T19:56:08.452-0400] {dag.py:2690} INFO - Sync 1 DAGs
[2025-05-27T19:56:08.460-0400] {logging_mixin.py:137} INFO - [2025-05-27T19:56:08.460-0400] {dag.py:3437} INFO - Setting next_dagrun for latest_only to 2025-05-27T19:56:08.460236+00:00, run_after=2025-05-27T23:56:08.460236+00:00
[2025-05-27T19:56:08.466-0400] {processor.py:175} INFO - Processing /Users/sruthibollu/anaconda3/envs/analytics-prep/lib/python3.9/site-packages/airflow/example_dags/example_latest_only.py took 0.403 seconds
