[2025-05-27T16:47:48.880-0400] {processor.py:153} INFO - Started process (PID=49958) to work on /Users/sruthibollu/anaconda3/envs/analytics-prep/lib/python3.9/site-packages/airflow/example_dags/example_trigger_target_dag.py
[2025-05-27T16:47:48.882-0400] {processor.py:743} INFO - Processing file /Users/sruthibollu/anaconda3/envs/analytics-prep/lib/python3.9/site-packages/airflow/example_dags/example_trigger_target_dag.py for tasks to queue
[2025-05-27T16:47:48.882-0400] {logging_mixin.py:137} INFO - [2025-05-27T16:47:48.882-0400] {dagbag.py:538} INFO - Filling up the DagBag from /Users/sruthibollu/anaconda3/envs/analytics-prep/lib/python3.9/site-packages/airflow/example_dags/example_trigger_target_dag.py
[2025-05-27T16:47:48.915-0400] {processor.py:753} INFO - DAG(s) dict_keys(['example_trigger_target_dag']) retrieved from /Users/sruthibollu/anaconda3/envs/analytics-prep/lib/python3.9/site-packages/airflow/example_dags/example_trigger_target_dag.py
[2025-05-27T16:47:48.933-0400] {logging_mixin.py:137} INFO - [2025-05-27T16:47:48.933-0400] {dag.py:2690} INFO - Sync 1 DAGs
[2025-05-27T16:47:49.254-0400] {logging_mixin.py:137} INFO - [2025-05-27T16:47:49.254-0400] {dag.py:3437} INFO - Setting next_dagrun for example_trigger_target_dag to None, run_after=None
[2025-05-27T16:47:49.260-0400] {processor.py:175} INFO - Processing /Users/sruthibollu/anaconda3/envs/analytics-prep/lib/python3.9/site-packages/airflow/example_dags/example_trigger_target_dag.py took 0.381 seconds
[2025-05-27T16:48:59.564-0400] {processor.py:153} INFO - Started process (PID=51008) to work on /Users/sruthibollu/anaconda3/envs/analytics-prep/lib/python3.9/site-packages/airflow/example_dags/example_trigger_target_dag.py
[2025-05-27T16:48:59.566-0400] {processor.py:743} INFO - Processing file /Users/sruthibollu/anaconda3/envs/analytics-prep/lib/python3.9/site-packages/airflow/example_dags/example_trigger_target_dag.py for tasks to queue
[2025-05-27T16:48:59.567-0400] {logging_mixin.py:137} INFO - [2025-05-27T16:48:59.567-0400] {dagbag.py:538} INFO - Filling up the DagBag from /Users/sruthibollu/anaconda3/envs/analytics-prep/lib/python3.9/site-packages/airflow/example_dags/example_trigger_target_dag.py
[2025-05-27T16:48:59.599-0400] {processor.py:753} INFO - DAG(s) dict_keys(['example_trigger_target_dag']) retrieved from /Users/sruthibollu/anaconda3/envs/analytics-prep/lib/python3.9/site-packages/airflow/example_dags/example_trigger_target_dag.py
[2025-05-27T16:48:59.968-0400] {logging_mixin.py:137} INFO - [2025-05-27T16:48:59.968-0400] {dag.py:2690} INFO - Sync 1 DAGs
[2025-05-27T16:48:59.974-0400] {logging_mixin.py:137} INFO - [2025-05-27T16:48:59.974-0400] {dag.py:3437} INFO - Setting next_dagrun for example_trigger_target_dag to None, run_after=None
[2025-05-27T16:48:59.980-0400] {processor.py:175} INFO - Processing /Users/sruthibollu/anaconda3/envs/analytics-prep/lib/python3.9/site-packages/airflow/example_dags/example_trigger_target_dag.py took 0.416 seconds
[2025-05-27T16:50:27.454-0400] {processor.py:153} INFO - Started process (PID=52082) to work on /Users/sruthibollu/anaconda3/envs/analytics-prep/lib/python3.9/site-packages/airflow/example_dags/example_trigger_target_dag.py
[2025-05-27T16:50:27.457-0400] {processor.py:743} INFO - Processing file /Users/sruthibollu/anaconda3/envs/analytics-prep/lib/python3.9/site-packages/airflow/example_dags/example_trigger_target_dag.py for tasks to queue
[2025-05-27T16:50:27.457-0400] {logging_mixin.py:137} INFO - [2025-05-27T16:50:27.457-0400] {dagbag.py:538} INFO - Filling up the DagBag from /Users/sruthibollu/anaconda3/envs/analytics-prep/lib/python3.9/site-packages/airflow/example_dags/example_trigger_target_dag.py
[2025-05-27T16:50:27.494-0400] {processor.py:753} INFO - DAG(s) dict_keys(['example_trigger_target_dag']) retrieved from /Users/sruthibollu/anaconda3/envs/analytics-prep/lib/python3.9/site-packages/airflow/example_dags/example_trigger_target_dag.py
[2025-05-27T16:50:27.945-0400] {logging_mixin.py:137} INFO - [2025-05-27T16:50:27.945-0400] {dag.py:2690} INFO - Sync 1 DAGs
[2025-05-27T16:50:27.954-0400] {logging_mixin.py:137} INFO - [2025-05-27T16:50:27.954-0400] {dag.py:3437} INFO - Setting next_dagrun for example_trigger_target_dag to None, run_after=None
[2025-05-27T16:50:27.960-0400] {processor.py:175} INFO - Processing /Users/sruthibollu/anaconda3/envs/analytics-prep/lib/python3.9/site-packages/airflow/example_dags/example_trigger_target_dag.py took 0.507 seconds
[2025-05-27T16:51:54.278-0400] {processor.py:153} INFO - Started process (PID=52579) to work on /Users/sruthibollu/anaconda3/envs/analytics-prep/lib/python3.9/site-packages/airflow/example_dags/example_trigger_target_dag.py
[2025-05-27T16:51:54.281-0400] {processor.py:743} INFO - Processing file /Users/sruthibollu/anaconda3/envs/analytics-prep/lib/python3.9/site-packages/airflow/example_dags/example_trigger_target_dag.py for tasks to queue
[2025-05-27T16:51:54.281-0400] {logging_mixin.py:137} INFO - [2025-05-27T16:51:54.281-0400] {dagbag.py:538} INFO - Filling up the DagBag from /Users/sruthibollu/anaconda3/envs/analytics-prep/lib/python3.9/site-packages/airflow/example_dags/example_trigger_target_dag.py
[2025-05-27T16:51:54.320-0400] {processor.py:753} INFO - DAG(s) dict_keys(['example_trigger_target_dag']) retrieved from /Users/sruthibollu/anaconda3/envs/analytics-prep/lib/python3.9/site-packages/airflow/example_dags/example_trigger_target_dag.py
[2025-05-27T16:51:54.741-0400] {logging_mixin.py:137} INFO - [2025-05-27T16:51:54.741-0400] {dag.py:2690} INFO - Sync 1 DAGs
[2025-05-27T16:51:54.748-0400] {logging_mixin.py:137} INFO - [2025-05-27T16:51:54.748-0400] {dag.py:3437} INFO - Setting next_dagrun for example_trigger_target_dag to None, run_after=None
[2025-05-27T16:51:54.754-0400] {processor.py:175} INFO - Processing /Users/sruthibollu/anaconda3/envs/analytics-prep/lib/python3.9/site-packages/airflow/example_dags/example_trigger_target_dag.py took 0.476 seconds
[2025-05-27T16:52:44.782-0400] {processor.py:153} INFO - Started process (PID=52881) to work on /Users/sruthibollu/anaconda3/envs/analytics-prep/lib/python3.9/site-packages/airflow/example_dags/example_trigger_target_dag.py
[2025-05-27T16:52:44.784-0400] {processor.py:743} INFO - Processing file /Users/sruthibollu/anaconda3/envs/analytics-prep/lib/python3.9/site-packages/airflow/example_dags/example_trigger_target_dag.py for tasks to queue
[2025-05-27T16:52:44.784-0400] {logging_mixin.py:137} INFO - [2025-05-27T16:52:44.784-0400] {dagbag.py:538} INFO - Filling up the DagBag from /Users/sruthibollu/anaconda3/envs/analytics-prep/lib/python3.9/site-packages/airflow/example_dags/example_trigger_target_dag.py
[2025-05-27T16:52:44.817-0400] {processor.py:753} INFO - DAG(s) dict_keys(['example_trigger_target_dag']) retrieved from /Users/sruthibollu/anaconda3/envs/analytics-prep/lib/python3.9/site-packages/airflow/example_dags/example_trigger_target_dag.py
[2025-05-27T16:52:45.165-0400] {logging_mixin.py:137} INFO - [2025-05-27T16:52:45.165-0400] {dag.py:2690} INFO - Sync 1 DAGs
[2025-05-27T16:52:45.172-0400] {logging_mixin.py:137} INFO - [2025-05-27T16:52:45.171-0400] {dag.py:3437} INFO - Setting next_dagrun for example_trigger_target_dag to None, run_after=None
[2025-05-27T16:52:45.178-0400] {processor.py:175} INFO - Processing /Users/sruthibollu/anaconda3/envs/analytics-prep/lib/python3.9/site-packages/airflow/example_dags/example_trigger_target_dag.py took 0.397 seconds
[2025-05-27T16:54:02.831-0400] {processor.py:153} INFO - Started process (PID=53346) to work on /Users/sruthibollu/anaconda3/envs/analytics-prep/lib/python3.9/site-packages/airflow/example_dags/example_trigger_target_dag.py
[2025-05-27T16:54:02.834-0400] {processor.py:743} INFO - Processing file /Users/sruthibollu/anaconda3/envs/analytics-prep/lib/python3.9/site-packages/airflow/example_dags/example_trigger_target_dag.py for tasks to queue
[2025-05-27T16:54:02.834-0400] {logging_mixin.py:137} INFO - [2025-05-27T16:54:02.834-0400] {dagbag.py:538} INFO - Filling up the DagBag from /Users/sruthibollu/anaconda3/envs/analytics-prep/lib/python3.9/site-packages/airflow/example_dags/example_trigger_target_dag.py
[2025-05-27T16:54:02.871-0400] {processor.py:753} INFO - DAG(s) dict_keys(['example_trigger_target_dag']) retrieved from /Users/sruthibollu/anaconda3/envs/analytics-prep/lib/python3.9/site-packages/airflow/example_dags/example_trigger_target_dag.py
[2025-05-27T16:54:03.248-0400] {logging_mixin.py:137} INFO - [2025-05-27T16:54:03.247-0400] {dag.py:2690} INFO - Sync 1 DAGs
[2025-05-27T16:54:03.256-0400] {logging_mixin.py:137} INFO - [2025-05-27T16:54:03.256-0400] {dag.py:3437} INFO - Setting next_dagrun for example_trigger_target_dag to None, run_after=None
[2025-05-27T16:54:03.263-0400] {processor.py:175} INFO - Processing /Users/sruthibollu/anaconda3/envs/analytics-prep/lib/python3.9/site-packages/airflow/example_dags/example_trigger_target_dag.py took 0.432 seconds
[2025-05-27T17:38:38.605-0400] {processor.py:153} INFO - Started process (PID=53658) to work on /Users/sruthibollu/anaconda3/envs/analytics-prep/lib/python3.9/site-packages/airflow/example_dags/example_trigger_target_dag.py
[2025-05-27T17:38:38.607-0400] {processor.py:743} INFO - Processing file /Users/sruthibollu/anaconda3/envs/analytics-prep/lib/python3.9/site-packages/airflow/example_dags/example_trigger_target_dag.py for tasks to queue
[2025-05-27T17:38:38.608-0400] {logging_mixin.py:137} INFO - [2025-05-27T17:38:38.608-0400] {dagbag.py:538} INFO - Filling up the DagBag from /Users/sruthibollu/anaconda3/envs/analytics-prep/lib/python3.9/site-packages/airflow/example_dags/example_trigger_target_dag.py
[2025-05-27T17:38:38.644-0400] {processor.py:753} INFO - DAG(s) dict_keys(['example_trigger_target_dag']) retrieved from /Users/sruthibollu/anaconda3/envs/analytics-prep/lib/python3.9/site-packages/airflow/example_dags/example_trigger_target_dag.py
[2025-05-27T17:38:39.018-0400] {logging_mixin.py:137} INFO - [2025-05-27T17:38:39.017-0400] {dag.py:2690} INFO - Sync 1 DAGs
[2025-05-27T17:38:39.025-0400] {logging_mixin.py:137} INFO - [2025-05-27T17:38:39.025-0400] {dag.py:3437} INFO - Setting next_dagrun for example_trigger_target_dag to None, run_after=None
[2025-05-27T17:38:39.032-0400] {processor.py:175} INFO - Processing /Users/sruthibollu/anaconda3/envs/analytics-prep/lib/python3.9/site-packages/airflow/example_dags/example_trigger_target_dag.py took 0.427 seconds
[2025-05-27T18:06:35.460-0400] {processor.py:153} INFO - Started process (PID=54336) to work on /Users/sruthibollu/anaconda3/envs/analytics-prep/lib/python3.9/site-packages/airflow/example_dags/example_trigger_target_dag.py
[2025-05-27T18:06:35.463-0400] {processor.py:743} INFO - Processing file /Users/sruthibollu/anaconda3/envs/analytics-prep/lib/python3.9/site-packages/airflow/example_dags/example_trigger_target_dag.py for tasks to queue
[2025-05-27T18:06:35.463-0400] {logging_mixin.py:137} INFO - [2025-05-27T18:06:35.463-0400] {dagbag.py:538} INFO - Filling up the DagBag from /Users/sruthibollu/anaconda3/envs/analytics-prep/lib/python3.9/site-packages/airflow/example_dags/example_trigger_target_dag.py
[2025-05-27T18:06:35.500-0400] {processor.py:753} INFO - DAG(s) dict_keys(['example_trigger_target_dag']) retrieved from /Users/sruthibollu/anaconda3/envs/analytics-prep/lib/python3.9/site-packages/airflow/example_dags/example_trigger_target_dag.py
[2025-05-27T18:06:35.832-0400] {logging_mixin.py:137} INFO - [2025-05-27T18:06:35.832-0400] {dag.py:2690} INFO - Sync 1 DAGs
[2025-05-27T18:06:35.838-0400] {logging_mixin.py:137} INFO - [2025-05-27T18:06:35.838-0400] {dag.py:3437} INFO - Setting next_dagrun for example_trigger_target_dag to None, run_after=None
[2025-05-27T18:06:35.844-0400] {processor.py:175} INFO - Processing /Users/sruthibollu/anaconda3/envs/analytics-prep/lib/python3.9/site-packages/airflow/example_dags/example_trigger_target_dag.py took 0.384 seconds
[2025-05-27T18:20:47.745-0400] {processor.py:153} INFO - Started process (PID=54676) to work on /Users/sruthibollu/anaconda3/envs/analytics-prep/lib/python3.9/site-packages/airflow/example_dags/example_trigger_target_dag.py
[2025-05-27T18:20:47.747-0400] {processor.py:743} INFO - Processing file /Users/sruthibollu/anaconda3/envs/analytics-prep/lib/python3.9/site-packages/airflow/example_dags/example_trigger_target_dag.py for tasks to queue
[2025-05-27T18:20:47.747-0400] {logging_mixin.py:137} INFO - [2025-05-27T18:20:47.747-0400] {dagbag.py:538} INFO - Filling up the DagBag from /Users/sruthibollu/anaconda3/envs/analytics-prep/lib/python3.9/site-packages/airflow/example_dags/example_trigger_target_dag.py
[2025-05-27T18:20:47.779-0400] {processor.py:753} INFO - DAG(s) dict_keys(['example_trigger_target_dag']) retrieved from /Users/sruthibollu/anaconda3/envs/analytics-prep/lib/python3.9/site-packages/airflow/example_dags/example_trigger_target_dag.py
[2025-05-27T18:20:48.112-0400] {logging_mixin.py:137} INFO - [2025-05-27T18:20:48.111-0400] {dag.py:2690} INFO - Sync 1 DAGs
[2025-05-27T18:20:48.118-0400] {logging_mixin.py:137} INFO - [2025-05-27T18:20:48.117-0400] {dag.py:3437} INFO - Setting next_dagrun for example_trigger_target_dag to None, run_after=None
[2025-05-27T18:20:48.123-0400] {processor.py:175} INFO - Processing /Users/sruthibollu/anaconda3/envs/analytics-prep/lib/python3.9/site-packages/airflow/example_dags/example_trigger_target_dag.py took 0.379 seconds
[2025-05-27T18:31:29.130-0400] {processor.py:153} INFO - Started process (PID=55066) to work on /Users/sruthibollu/anaconda3/envs/analytics-prep/lib/python3.9/site-packages/airflow/example_dags/example_trigger_target_dag.py
[2025-05-27T18:31:29.133-0400] {processor.py:743} INFO - Processing file /Users/sruthibollu/anaconda3/envs/analytics-prep/lib/python3.9/site-packages/airflow/example_dags/example_trigger_target_dag.py for tasks to queue
[2025-05-27T18:31:29.133-0400] {logging_mixin.py:137} INFO - [2025-05-27T18:31:29.133-0400] {dagbag.py:538} INFO - Filling up the DagBag from /Users/sruthibollu/anaconda3/envs/analytics-prep/lib/python3.9/site-packages/airflow/example_dags/example_trigger_target_dag.py
[2025-05-27T18:31:29.165-0400] {processor.py:753} INFO - DAG(s) dict_keys(['example_trigger_target_dag']) retrieved from /Users/sruthibollu/anaconda3/envs/analytics-prep/lib/python3.9/site-packages/airflow/example_dags/example_trigger_target_dag.py
[2025-05-27T18:31:29.515-0400] {logging_mixin.py:137} INFO - [2025-05-27T18:31:29.515-0400] {dag.py:2690} INFO - Sync 1 DAGs
[2025-05-27T18:31:29.523-0400] {logging_mixin.py:137} INFO - [2025-05-27T18:31:29.523-0400] {dag.py:3437} INFO - Setting next_dagrun for example_trigger_target_dag to None, run_after=None
[2025-05-27T18:31:29.529-0400] {processor.py:175} INFO - Processing /Users/sruthibollu/anaconda3/envs/analytics-prep/lib/python3.9/site-packages/airflow/example_dags/example_trigger_target_dag.py took 0.399 seconds
[2025-05-27T18:39:12.842-0400] {processor.py:153} INFO - Started process (PID=55346) to work on /Users/sruthibollu/anaconda3/envs/analytics-prep/lib/python3.9/site-packages/airflow/example_dags/example_trigger_target_dag.py
[2025-05-27T18:39:12.844-0400] {processor.py:743} INFO - Processing file /Users/sruthibollu/anaconda3/envs/analytics-prep/lib/python3.9/site-packages/airflow/example_dags/example_trigger_target_dag.py for tasks to queue
[2025-05-27T18:39:12.845-0400] {logging_mixin.py:137} INFO - [2025-05-27T18:39:12.845-0400] {dagbag.py:538} INFO - Filling up the DagBag from /Users/sruthibollu/anaconda3/envs/analytics-prep/lib/python3.9/site-packages/airflow/example_dags/example_trigger_target_dag.py
[2025-05-27T18:39:12.884-0400] {processor.py:753} INFO - DAG(s) dict_keys(['example_trigger_target_dag']) retrieved from /Users/sruthibollu/anaconda3/envs/analytics-prep/lib/python3.9/site-packages/airflow/example_dags/example_trigger_target_dag.py
[2025-05-27T18:39:13.243-0400] {logging_mixin.py:137} INFO - [2025-05-27T18:39:13.243-0400] {dag.py:2690} INFO - Sync 1 DAGs
[2025-05-27T18:39:13.250-0400] {logging_mixin.py:137} INFO - [2025-05-27T18:39:13.250-0400] {dag.py:3437} INFO - Setting next_dagrun for example_trigger_target_dag to None, run_after=None
[2025-05-27T18:39:13.257-0400] {processor.py:175} INFO - Processing /Users/sruthibollu/anaconda3/envs/analytics-prep/lib/python3.9/site-packages/airflow/example_dags/example_trigger_target_dag.py took 0.416 seconds
[2025-05-27T18:54:49.726-0400] {processor.py:153} INFO - Started process (PID=55761) to work on /Users/sruthibollu/anaconda3/envs/analytics-prep/lib/python3.9/site-packages/airflow/example_dags/example_trigger_target_dag.py
[2025-05-27T18:54:49.728-0400] {processor.py:743} INFO - Processing file /Users/sruthibollu/anaconda3/envs/analytics-prep/lib/python3.9/site-packages/airflow/example_dags/example_trigger_target_dag.py for tasks to queue
[2025-05-27T18:54:49.728-0400] {logging_mixin.py:137} INFO - [2025-05-27T18:54:49.728-0400] {dagbag.py:538} INFO - Filling up the DagBag from /Users/sruthibollu/anaconda3/envs/analytics-prep/lib/python3.9/site-packages/airflow/example_dags/example_trigger_target_dag.py
[2025-05-27T18:54:49.765-0400] {processor.py:753} INFO - DAG(s) dict_keys(['example_trigger_target_dag']) retrieved from /Users/sruthibollu/anaconda3/envs/analytics-prep/lib/python3.9/site-packages/airflow/example_dags/example_trigger_target_dag.py
[2025-05-27T18:54:50.126-0400] {logging_mixin.py:137} INFO - [2025-05-27T18:54:50.126-0400] {dag.py:2690} INFO - Sync 1 DAGs
[2025-05-27T18:54:50.134-0400] {logging_mixin.py:137} INFO - [2025-05-27T18:54:50.134-0400] {dag.py:3437} INFO - Setting next_dagrun for example_trigger_target_dag to None, run_after=None
[2025-05-27T18:54:50.140-0400] {processor.py:175} INFO - Processing /Users/sruthibollu/anaconda3/envs/analytics-prep/lib/python3.9/site-packages/airflow/example_dags/example_trigger_target_dag.py took 0.415 seconds
[2025-05-27T19:36:13.434-0400] {processor.py:153} INFO - Started process (PID=56167) to work on /Users/sruthibollu/anaconda3/envs/analytics-prep/lib/python3.9/site-packages/airflow/example_dags/example_trigger_target_dag.py
[2025-05-27T19:36:13.436-0400] {processor.py:743} INFO - Processing file /Users/sruthibollu/anaconda3/envs/analytics-prep/lib/python3.9/site-packages/airflow/example_dags/example_trigger_target_dag.py for tasks to queue
[2025-05-27T19:36:13.436-0400] {logging_mixin.py:137} INFO - [2025-05-27T19:36:13.436-0400] {dagbag.py:538} INFO - Filling up the DagBag from /Users/sruthibollu/anaconda3/envs/analytics-prep/lib/python3.9/site-packages/airflow/example_dags/example_trigger_target_dag.py
[2025-05-27T19:36:13.479-0400] {processor.py:753} INFO - DAG(s) dict_keys(['example_trigger_target_dag']) retrieved from /Users/sruthibollu/anaconda3/envs/analytics-prep/lib/python3.9/site-packages/airflow/example_dags/example_trigger_target_dag.py
[2025-05-27T19:36:13.860-0400] {logging_mixin.py:137} INFO - [2025-05-27T19:36:13.860-0400] {dag.py:2690} INFO - Sync 1 DAGs
[2025-05-27T19:36:13.870-0400] {logging_mixin.py:137} INFO - [2025-05-27T19:36:13.870-0400] {dag.py:3437} INFO - Setting next_dagrun for example_trigger_target_dag to None, run_after=None
[2025-05-27T19:36:13.877-0400] {processor.py:175} INFO - Processing /Users/sruthibollu/anaconda3/envs/analytics-prep/lib/python3.9/site-packages/airflow/example_dags/example_trigger_target_dag.py took 0.443 seconds
[2025-05-27T19:49:59.486-0400] {processor.py:153} INFO - Started process (PID=56618) to work on /Users/sruthibollu/anaconda3/envs/analytics-prep/lib/python3.9/site-packages/airflow/example_dags/example_trigger_target_dag.py
[2025-05-27T19:49:59.491-0400] {processor.py:743} INFO - Processing file /Users/sruthibollu/anaconda3/envs/analytics-prep/lib/python3.9/site-packages/airflow/example_dags/example_trigger_target_dag.py for tasks to queue
[2025-05-27T19:49:59.491-0400] {logging_mixin.py:137} INFO - [2025-05-27T19:49:59.491-0400] {dagbag.py:538} INFO - Filling up the DagBag from /Users/sruthibollu/anaconda3/envs/analytics-prep/lib/python3.9/site-packages/airflow/example_dags/example_trigger_target_dag.py
[2025-05-27T19:49:59.522-0400] {processor.py:753} INFO - DAG(s) dict_keys(['example_trigger_target_dag']) retrieved from /Users/sruthibollu/anaconda3/envs/analytics-prep/lib/python3.9/site-packages/airflow/example_dags/example_trigger_target_dag.py
[2025-05-27T19:49:59.863-0400] {logging_mixin.py:137} INFO - [2025-05-27T19:49:59.863-0400] {dag.py:2690} INFO - Sync 1 DAGs
[2025-05-27T19:49:59.869-0400] {logging_mixin.py:137} INFO - [2025-05-27T19:49:59.869-0400] {dag.py:3437} INFO - Setting next_dagrun for example_trigger_target_dag to None, run_after=None
[2025-05-27T19:49:59.876-0400] {processor.py:175} INFO - Processing /Users/sruthibollu/anaconda3/envs/analytics-prep/lib/python3.9/site-packages/airflow/example_dags/example_trigger_target_dag.py took 0.390 seconds
[2025-05-27T19:57:06.185-0400] {processor.py:153} INFO - Started process (PID=56946) to work on /Users/sruthibollu/anaconda3/envs/analytics-prep/lib/python3.9/site-packages/airflow/example_dags/example_trigger_target_dag.py
[2025-05-27T19:57:06.188-0400] {processor.py:743} INFO - Processing file /Users/sruthibollu/anaconda3/envs/analytics-prep/lib/python3.9/site-packages/airflow/example_dags/example_trigger_target_dag.py for tasks to queue
[2025-05-27T19:57:06.188-0400] {logging_mixin.py:137} INFO - [2025-05-27T19:57:06.188-0400] {dagbag.py:538} INFO - Filling up the DagBag from /Users/sruthibollu/anaconda3/envs/analytics-prep/lib/python3.9/site-packages/airflow/example_dags/example_trigger_target_dag.py
[2025-05-27T19:57:06.222-0400] {processor.py:753} INFO - DAG(s) dict_keys(['example_trigger_target_dag']) retrieved from /Users/sruthibollu/anaconda3/envs/analytics-prep/lib/python3.9/site-packages/airflow/example_dags/example_trigger_target_dag.py
[2025-05-27T19:57:09.446-0400] {logging_mixin.py:137} INFO - [2025-05-27T19:57:09.446-0400] {dag.py:2690} INFO - Sync 1 DAGs
[2025-05-27T19:57:09.456-0400] {logging_mixin.py:137} INFO - [2025-05-27T19:57:09.455-0400] {dag.py:3437} INFO - Setting next_dagrun for example_trigger_target_dag to None, run_after=None
[2025-05-27T19:57:09.462-0400] {processor.py:175} INFO - Processing /Users/sruthibollu/anaconda3/envs/analytics-prep/lib/python3.9/site-packages/airflow/example_dags/example_trigger_target_dag.py took 0.579 seconds
