[2025-05-27T16:48:41.120-0400] {processor.py:153} INFO - Started process (PID=50909) to work on /Users/sruthibollu/anaconda3/envs/analytics-prep/lib/python3.9/site-packages/airflow/example_dags/example_branch_datetime_operator.py
[2025-05-27T16:48:41.123-0400] {processor.py:743} INFO - Processing file /Users/sruthibollu/anaconda3/envs/analytics-prep/lib/python3.9/site-packages/airflow/example_dags/example_branch_datetime_operator.py for tasks to queue
[2025-05-27T16:48:41.123-0400] {logging_mixin.py:137} INFO - [2025-05-27T16:48:41.123-0400] {dagbag.py:538} INFO - Filling up the DagBag from /Users/sruthibollu/anaconda3/envs/analytics-prep/lib/python3.9/site-packages/airflow/example_dags/example_branch_datetime_operator.py
[2025-05-27T16:48:41.150-0400] {processor.py:753} INFO - DAG(s) dict_keys(['example_branch_datetime_operator_3', 'example_branch_datetime_operator', 'example_branch_datetime_operator_2']) retrieved from /Users/sruthibollu/anaconda3/envs/analytics-prep/lib/python3.9/site-packages/airflow/example_dags/example_branch_datetime_operator.py
[2025-05-27T16:48:41.490-0400] {logging_mixin.py:137} INFO - [2025-05-27T16:48:41.489-0400] {dag.py:2690} INFO - Sync 3 DAGs
[2025-05-27T16:48:41.496-0400] {logging_mixin.py:137} INFO - [2025-05-27T16:48:41.496-0400] {dag.py:3437} INFO - Setting next_dagrun for example_branch_datetime_operator to 2025-05-26T00:00:00+00:00, run_after=2025-05-27T00:00:00+00:00
[2025-05-27T16:48:41.498-0400] {logging_mixin.py:137} INFO - [2025-05-27T16:48:41.498-0400] {dag.py:3437} INFO - Setting next_dagrun for example_branch_datetime_operator_2 to 2025-05-26T00:00:00+00:00, run_after=2025-05-27T00:00:00+00:00
[2025-05-27T16:48:41.499-0400] {logging_mixin.py:137} INFO - [2025-05-27T16:48:41.498-0400] {dag.py:3437} INFO - Setting next_dagrun for example_branch_datetime_operator_3 to 2025-05-26T00:00:00+00:00, run_after=2025-05-27T00:00:00+00:00
[2025-05-27T16:48:41.504-0400] {processor.py:175} INFO - Processing /Users/sruthibollu/anaconda3/envs/analytics-prep/lib/python3.9/site-packages/airflow/example_dags/example_branch_datetime_operator.py took 0.385 seconds
[2025-05-27T16:50:09.505-0400] {processor.py:153} INFO - Started process (PID=51971) to work on /Users/sruthibollu/anaconda3/envs/analytics-prep/lib/python3.9/site-packages/airflow/example_dags/example_branch_datetime_operator.py
[2025-05-27T16:50:09.508-0400] {processor.py:743} INFO - Processing file /Users/sruthibollu/anaconda3/envs/analytics-prep/lib/python3.9/site-packages/airflow/example_dags/example_branch_datetime_operator.py for tasks to queue
[2025-05-27T16:50:09.508-0400] {logging_mixin.py:137} INFO - [2025-05-27T16:50:09.508-0400] {dagbag.py:538} INFO - Filling up the DagBag from /Users/sruthibollu/anaconda3/envs/analytics-prep/lib/python3.9/site-packages/airflow/example_dags/example_branch_datetime_operator.py
[2025-05-27T16:50:09.531-0400] {processor.py:753} INFO - DAG(s) dict_keys(['example_branch_datetime_operator', 'example_branch_datetime_operator_3', 'example_branch_datetime_operator_2']) retrieved from /Users/sruthibollu/anaconda3/envs/analytics-prep/lib/python3.9/site-packages/airflow/example_dags/example_branch_datetime_operator.py
[2025-05-27T16:50:09.878-0400] {logging_mixin.py:137} INFO - [2025-05-27T16:50:09.878-0400] {dag.py:2690} INFO - Sync 3 DAGs
[2025-05-27T16:50:09.886-0400] {logging_mixin.py:137} INFO - [2025-05-27T16:50:09.886-0400] {dag.py:3437} INFO - Setting next_dagrun for example_branch_datetime_operator to 2025-05-26T00:00:00+00:00, run_after=2025-05-27T00:00:00+00:00
[2025-05-27T16:50:09.887-0400] {logging_mixin.py:137} INFO - [2025-05-27T16:50:09.887-0400] {dag.py:3437} INFO - Setting next_dagrun for example_branch_datetime_operator_2 to 2025-05-26T00:00:00+00:00, run_after=2025-05-27T00:00:00+00:00
[2025-05-27T16:50:09.888-0400] {logging_mixin.py:137} INFO - [2025-05-27T16:50:09.888-0400] {dag.py:3437} INFO - Setting next_dagrun for example_branch_datetime_operator_3 to 2025-05-26T00:00:00+00:00, run_after=2025-05-27T00:00:00+00:00
[2025-05-27T16:50:09.895-0400] {processor.py:175} INFO - Processing /Users/sruthibollu/anaconda3/envs/analytics-prep/lib/python3.9/site-packages/airflow/example_dags/example_branch_datetime_operator.py took 0.390 seconds
[2025-05-27T16:51:36.177-0400] {processor.py:153} INFO - Started process (PID=52473) to work on /Users/sruthibollu/anaconda3/envs/analytics-prep/lib/python3.9/site-packages/airflow/example_dags/example_branch_datetime_operator.py
[2025-05-27T16:51:36.179-0400] {processor.py:743} INFO - Processing file /Users/sruthibollu/anaconda3/envs/analytics-prep/lib/python3.9/site-packages/airflow/example_dags/example_branch_datetime_operator.py for tasks to queue
[2025-05-27T16:51:36.179-0400] {logging_mixin.py:137} INFO - [2025-05-27T16:51:36.179-0400] {dagbag.py:538} INFO - Filling up the DagBag from /Users/sruthibollu/anaconda3/envs/analytics-prep/lib/python3.9/site-packages/airflow/example_dags/example_branch_datetime_operator.py
[2025-05-27T16:51:36.204-0400] {processor.py:753} INFO - DAG(s) dict_keys(['example_branch_datetime_operator_2', 'example_branch_datetime_operator', 'example_branch_datetime_operator_3']) retrieved from /Users/sruthibollu/anaconda3/envs/analytics-prep/lib/python3.9/site-packages/airflow/example_dags/example_branch_datetime_operator.py
[2025-05-27T16:51:36.578-0400] {logging_mixin.py:137} INFO - [2025-05-27T16:51:36.578-0400] {dag.py:2690} INFO - Sync 3 DAGs
[2025-05-27T16:51:36.587-0400] {logging_mixin.py:137} INFO - [2025-05-27T16:51:36.587-0400] {dag.py:3437} INFO - Setting next_dagrun for example_branch_datetime_operator to 2025-05-26T00:00:00+00:00, run_after=2025-05-27T00:00:00+00:00
[2025-05-27T16:51:36.589-0400] {logging_mixin.py:137} INFO - [2025-05-27T16:51:36.589-0400] {dag.py:3437} INFO - Setting next_dagrun for example_branch_datetime_operator_2 to 2025-05-26T00:00:00+00:00, run_after=2025-05-27T00:00:00+00:00
[2025-05-27T16:51:36.590-0400] {logging_mixin.py:137} INFO - [2025-05-27T16:51:36.590-0400] {dag.py:3437} INFO - Setting next_dagrun for example_branch_datetime_operator_3 to 2025-05-26T00:00:00+00:00, run_after=2025-05-27T00:00:00+00:00
[2025-05-27T16:51:36.595-0400] {processor.py:175} INFO - Processing /Users/sruthibollu/anaconda3/envs/analytics-prep/lib/python3.9/site-packages/airflow/example_dags/example_branch_datetime_operator.py took 0.419 seconds
[2025-05-27T16:53:06.159-0400] {processor.py:153} INFO - Started process (PID=53006) to work on /Users/sruthibollu/anaconda3/envs/analytics-prep/lib/python3.9/site-packages/airflow/example_dags/example_branch_datetime_operator.py
[2025-05-27T16:53:06.162-0400] {processor.py:743} INFO - Processing file /Users/sruthibollu/anaconda3/envs/analytics-prep/lib/python3.9/site-packages/airflow/example_dags/example_branch_datetime_operator.py for tasks to queue
[2025-05-27T16:53:06.162-0400] {logging_mixin.py:137} INFO - [2025-05-27T16:53:06.162-0400] {dagbag.py:538} INFO - Filling up the DagBag from /Users/sruthibollu/anaconda3/envs/analytics-prep/lib/python3.9/site-packages/airflow/example_dags/example_branch_datetime_operator.py
[2025-05-27T16:53:06.187-0400] {processor.py:753} INFO - DAG(s) dict_keys(['example_branch_datetime_operator_2', 'example_branch_datetime_operator', 'example_branch_datetime_operator_3']) retrieved from /Users/sruthibollu/anaconda3/envs/analytics-prep/lib/python3.9/site-packages/airflow/example_dags/example_branch_datetime_operator.py
[2025-05-27T16:53:06.566-0400] {logging_mixin.py:137} INFO - [2025-05-27T16:53:06.566-0400] {dag.py:2690} INFO - Sync 3 DAGs
[2025-05-27T16:53:06.573-0400] {logging_mixin.py:137} INFO - [2025-05-27T16:53:06.573-0400] {dag.py:3437} INFO - Setting next_dagrun for example_branch_datetime_operator to 2025-05-26T00:00:00+00:00, run_after=2025-05-27T00:00:00+00:00
[2025-05-27T16:53:06.575-0400] {logging_mixin.py:137} INFO - [2025-05-27T16:53:06.575-0400] {dag.py:3437} INFO - Setting next_dagrun for example_branch_datetime_operator_2 to 2025-05-26T00:00:00+00:00, run_after=2025-05-27T00:00:00+00:00
[2025-05-27T16:53:06.575-0400] {logging_mixin.py:137} INFO - [2025-05-27T16:53:06.575-0400] {dag.py:3437} INFO - Setting next_dagrun for example_branch_datetime_operator_3 to 2025-05-26T00:00:00+00:00, run_after=2025-05-27T00:00:00+00:00
[2025-05-27T16:53:06.581-0400] {processor.py:175} INFO - Processing /Users/sruthibollu/anaconda3/envs/analytics-prep/lib/python3.9/site-packages/airflow/example_dags/example_branch_datetime_operator.py took 0.422 seconds
[2025-05-27T17:31:11.311-0400] {processor.py:153} INFO - Started process (PID=53533) to work on /Users/sruthibollu/anaconda3/envs/analytics-prep/lib/python3.9/site-packages/airflow/example_dags/example_branch_datetime_operator.py
[2025-05-27T17:31:11.314-0400] {processor.py:743} INFO - Processing file /Users/sruthibollu/anaconda3/envs/analytics-prep/lib/python3.9/site-packages/airflow/example_dags/example_branch_datetime_operator.py for tasks to queue
[2025-05-27T17:31:11.314-0400] {logging_mixin.py:137} INFO - [2025-05-27T17:31:11.314-0400] {dagbag.py:538} INFO - Filling up the DagBag from /Users/sruthibollu/anaconda3/envs/analytics-prep/lib/python3.9/site-packages/airflow/example_dags/example_branch_datetime_operator.py
[2025-05-27T17:31:11.338-0400] {processor.py:753} INFO - DAG(s) dict_keys(['example_branch_datetime_operator', 'example_branch_datetime_operator_2', 'example_branch_datetime_operator_3']) retrieved from /Users/sruthibollu/anaconda3/envs/analytics-prep/lib/python3.9/site-packages/airflow/example_dags/example_branch_datetime_operator.py
[2025-05-27T17:31:11.698-0400] {logging_mixin.py:137} INFO - [2025-05-27T17:31:11.697-0400] {dag.py:2690} INFO - Sync 3 DAGs
[2025-05-27T17:31:11.705-0400] {logging_mixin.py:137} INFO - [2025-05-27T17:31:11.705-0400] {dag.py:3437} INFO - Setting next_dagrun for example_branch_datetime_operator to 2025-05-26T00:00:00+00:00, run_after=2025-05-27T00:00:00+00:00
[2025-05-27T17:31:11.706-0400] {logging_mixin.py:137} INFO - [2025-05-27T17:31:11.706-0400] {dag.py:3437} INFO - Setting next_dagrun for example_branch_datetime_operator_2 to 2025-05-26T00:00:00+00:00, run_after=2025-05-27T00:00:00+00:00
[2025-05-27T17:31:11.707-0400] {logging_mixin.py:137} INFO - [2025-05-27T17:31:11.707-0400] {dag.py:3437} INFO - Setting next_dagrun for example_branch_datetime_operator_3 to 2025-05-26T00:00:00+00:00, run_after=2025-05-27T00:00:00+00:00
[2025-05-27T17:31:11.713-0400] {processor.py:175} INFO - Processing /Users/sruthibollu/anaconda3/envs/analytics-prep/lib/python3.9/site-packages/airflow/example_dags/example_branch_datetime_operator.py took 0.402 seconds
[2025-05-27T18:19:31.358-0400] {processor.py:153} INFO - Started process (PID=54563) to work on /Users/sruthibollu/anaconda3/envs/analytics-prep/lib/python3.9/site-packages/airflow/example_dags/example_branch_datetime_operator.py
[2025-05-27T18:19:31.360-0400] {processor.py:743} INFO - Processing file /Users/sruthibollu/anaconda3/envs/analytics-prep/lib/python3.9/site-packages/airflow/example_dags/example_branch_datetime_operator.py for tasks to queue
[2025-05-27T18:19:31.361-0400] {logging_mixin.py:137} INFO - [2025-05-27T18:19:31.360-0400] {dagbag.py:538} INFO - Filling up the DagBag from /Users/sruthibollu/anaconda3/envs/analytics-prep/lib/python3.9/site-packages/airflow/example_dags/example_branch_datetime_operator.py
[2025-05-27T18:19:31.393-0400] {processor.py:753} INFO - DAG(s) dict_keys(['example_branch_datetime_operator_3', 'example_branch_datetime_operator', 'example_branch_datetime_operator_2']) retrieved from /Users/sruthibollu/anaconda3/envs/analytics-prep/lib/python3.9/site-packages/airflow/example_dags/example_branch_datetime_operator.py
[2025-05-27T18:19:31.814-0400] {logging_mixin.py:137} INFO - [2025-05-27T18:19:31.814-0400] {dag.py:2690} INFO - Sync 3 DAGs
[2025-05-27T18:19:31.822-0400] {logging_mixin.py:137} INFO - [2025-05-27T18:19:31.822-0400] {dag.py:3437} INFO - Setting next_dagrun for example_branch_datetime_operator to 2025-05-26T00:00:00+00:00, run_after=2025-05-27T00:00:00+00:00
[2025-05-27T18:19:31.824-0400] {logging_mixin.py:137} INFO - [2025-05-27T18:19:31.824-0400] {dag.py:3437} INFO - Setting next_dagrun for example_branch_datetime_operator_2 to 2025-05-26T00:00:00+00:00, run_after=2025-05-27T00:00:00+00:00
[2025-05-27T18:19:31.825-0400] {logging_mixin.py:137} INFO - [2025-05-27T18:19:31.825-0400] {dag.py:3437} INFO - Setting next_dagrun for example_branch_datetime_operator_3 to 2025-05-26T00:00:00+00:00, run_after=2025-05-27T00:00:00+00:00
[2025-05-27T18:19:31.831-0400] {processor.py:175} INFO - Processing /Users/sruthibollu/anaconda3/envs/analytics-prep/lib/python3.9/site-packages/airflow/example_dags/example_branch_datetime_operator.py took 0.474 seconds
[2025-05-27T18:38:54.495-0400] {processor.py:153} INFO - Started process (PID=55241) to work on /Users/sruthibollu/anaconda3/envs/analytics-prep/lib/python3.9/site-packages/airflow/example_dags/example_branch_datetime_operator.py
[2025-05-27T18:38:54.498-0400] {processor.py:743} INFO - Processing file /Users/sruthibollu/anaconda3/envs/analytics-prep/lib/python3.9/site-packages/airflow/example_dags/example_branch_datetime_operator.py for tasks to queue
[2025-05-27T18:38:54.498-0400] {logging_mixin.py:137} INFO - [2025-05-27T18:38:54.498-0400] {dagbag.py:538} INFO - Filling up the DagBag from /Users/sruthibollu/anaconda3/envs/analytics-prep/lib/python3.9/site-packages/airflow/example_dags/example_branch_datetime_operator.py
[2025-05-27T18:38:54.522-0400] {processor.py:753} INFO - DAG(s) dict_keys(['example_branch_datetime_operator', 'example_branch_datetime_operator_3', 'example_branch_datetime_operator_2']) retrieved from /Users/sruthibollu/anaconda3/envs/analytics-prep/lib/python3.9/site-packages/airflow/example_dags/example_branch_datetime_operator.py
[2025-05-27T18:38:54.875-0400] {logging_mixin.py:137} INFO - [2025-05-27T18:38:54.875-0400] {dag.py:2690} INFO - Sync 3 DAGs
[2025-05-27T18:38:54.883-0400] {logging_mixin.py:137} INFO - [2025-05-27T18:38:54.883-0400] {dag.py:3437} INFO - Setting next_dagrun for example_branch_datetime_operator to 2025-05-26T00:00:00+00:00, run_after=2025-05-27T00:00:00+00:00
[2025-05-27T18:38:54.884-0400] {logging_mixin.py:137} INFO - [2025-05-27T18:38:54.884-0400] {dag.py:3437} INFO - Setting next_dagrun for example_branch_datetime_operator_2 to 2025-05-26T00:00:00+00:00, run_after=2025-05-27T00:00:00+00:00
[2025-05-27T18:38:54.885-0400] {logging_mixin.py:137} INFO - [2025-05-27T18:38:54.885-0400] {dag.py:3437} INFO - Setting next_dagrun for example_branch_datetime_operator_3 to 2025-05-26T00:00:00+00:00, run_after=2025-05-27T00:00:00+00:00
[2025-05-27T18:38:54.891-0400] {processor.py:175} INFO - Processing /Users/sruthibollu/anaconda3/envs/analytics-prep/lib/python3.9/site-packages/airflow/example_dags/example_branch_datetime_operator.py took 0.396 seconds
[2025-05-27T19:05:56.411-0400] {processor.py:153} INFO - Started process (PID=56022) to work on /Users/sruthibollu/anaconda3/envs/analytics-prep/lib/python3.9/site-packages/airflow/example_dags/example_branch_datetime_operator.py
[2025-05-27T19:05:56.413-0400] {processor.py:743} INFO - Processing file /Users/sruthibollu/anaconda3/envs/analytics-prep/lib/python3.9/site-packages/airflow/example_dags/example_branch_datetime_operator.py for tasks to queue
[2025-05-27T19:05:56.413-0400] {logging_mixin.py:137} INFO - [2025-05-27T19:05:56.413-0400] {dagbag.py:538} INFO - Filling up the DagBag from /Users/sruthibollu/anaconda3/envs/analytics-prep/lib/python3.9/site-packages/airflow/example_dags/example_branch_datetime_operator.py
[2025-05-27T19:05:56.440-0400] {processor.py:753} INFO - DAG(s) dict_keys(['example_branch_datetime_operator', 'example_branch_datetime_operator_3', 'example_branch_datetime_operator_2']) retrieved from /Users/sruthibollu/anaconda3/envs/analytics-prep/lib/python3.9/site-packages/airflow/example_dags/example_branch_datetime_operator.py
[2025-05-27T19:05:56.798-0400] {logging_mixin.py:137} INFO - [2025-05-27T19:05:56.798-0400] {dag.py:2690} INFO - Sync 3 DAGs
[2025-05-27T19:05:56.805-0400] {logging_mixin.py:137} INFO - [2025-05-27T19:05:56.805-0400] {dag.py:3437} INFO - Setting next_dagrun for example_branch_datetime_operator to 2025-05-26T00:00:00+00:00, run_after=2025-05-27T00:00:00+00:00
[2025-05-27T19:05:56.807-0400] {logging_mixin.py:137} INFO - [2025-05-27T19:05:56.807-0400] {dag.py:3437} INFO - Setting next_dagrun for example_branch_datetime_operator_2 to 2025-05-26T00:00:00+00:00, run_after=2025-05-27T00:00:00+00:00
[2025-05-27T19:05:56.808-0400] {logging_mixin.py:137} INFO - [2025-05-27T19:05:56.808-0400] {dag.py:3437} INFO - Setting next_dagrun for example_branch_datetime_operator_3 to 2025-05-26T00:00:00+00:00, run_after=2025-05-27T00:00:00+00:00
[2025-05-27T19:05:56.813-0400] {processor.py:175} INFO - Processing /Users/sruthibollu/anaconda3/envs/analytics-prep/lib/python3.9/site-packages/airflow/example_dags/example_branch_datetime_operator.py took 0.403 seconds
[2025-05-27T19:48:32.309-0400] {processor.py:153} INFO - Started process (PID=56517) to work on /Users/sruthibollu/anaconda3/envs/analytics-prep/lib/python3.9/site-packages/airflow/example_dags/example_branch_datetime_operator.py
[2025-05-27T19:48:32.312-0400] {processor.py:743} INFO - Processing file /Users/sruthibollu/anaconda3/envs/analytics-prep/lib/python3.9/site-packages/airflow/example_dags/example_branch_datetime_operator.py for tasks to queue
[2025-05-27T19:48:32.312-0400] {logging_mixin.py:137} INFO - [2025-05-27T19:48:32.312-0400] {dagbag.py:538} INFO - Filling up the DagBag from /Users/sruthibollu/anaconda3/envs/analytics-prep/lib/python3.9/site-packages/airflow/example_dags/example_branch_datetime_operator.py
[2025-05-27T19:48:32.335-0400] {processor.py:753} INFO - DAG(s) dict_keys(['example_branch_datetime_operator_2', 'example_branch_datetime_operator', 'example_branch_datetime_operator_3']) retrieved from /Users/sruthibollu/anaconda3/envs/analytics-prep/lib/python3.9/site-packages/airflow/example_dags/example_branch_datetime_operator.py
[2025-05-27T19:48:32.671-0400] {logging_mixin.py:137} INFO - [2025-05-27T19:48:32.671-0400] {dag.py:2690} INFO - Sync 3 DAGs
[2025-05-27T19:48:32.678-0400] {logging_mixin.py:137} INFO - [2025-05-27T19:48:32.678-0400] {dag.py:3437} INFO - Setting next_dagrun for example_branch_datetime_operator to 2025-05-26T00:00:00+00:00, run_after=2025-05-27T00:00:00+00:00
[2025-05-27T19:48:32.679-0400] {logging_mixin.py:137} INFO - [2025-05-27T19:48:32.679-0400] {dag.py:3437} INFO - Setting next_dagrun for example_branch_datetime_operator_2 to 2025-05-26T00:00:00+00:00, run_after=2025-05-27T00:00:00+00:00
[2025-05-27T19:48:32.680-0400] {logging_mixin.py:137} INFO - [2025-05-27T19:48:32.680-0400] {dag.py:3437} INFO - Setting next_dagrun for example_branch_datetime_operator_3 to 2025-05-26T00:00:00+00:00, run_after=2025-05-27T00:00:00+00:00
[2025-05-27T19:48:32.686-0400] {processor.py:175} INFO - Processing /Users/sruthibollu/anaconda3/envs/analytics-prep/lib/python3.9/site-packages/airflow/example_dags/example_branch_datetime_operator.py took 0.377 seconds
