[2025-05-27T16:48:39.179-0400] {processor.py:153} INFO - Started process (PID=50899) to work on /Users/sruthibollu/anaconda3/envs/analytics-prep/lib/python3.9/site-packages/airflow/example_dags/example_branch_day_of_week_operator.py
[2025-05-27T16:48:39.183-0400] {processor.py:743} INFO - Processing file /Users/sruthibollu/anaconda3/envs/analytics-prep/lib/python3.9/site-packages/airflow/example_dags/example_branch_day_of_week_operator.py for tasks to queue
[2025-05-27T16:48:39.184-0400] {logging_mixin.py:137} INFO - [2025-05-27T16:48:39.184-0400] {dagbag.py:538} INFO - Filling up the DagBag from /Users/sruthibollu/anaconda3/envs/analytics-prep/lib/python3.9/site-packages/airflow/example_dags/example_branch_day_of_week_operator.py
[2025-05-27T16:48:39.208-0400] {processor.py:753} INFO - DAG(s) dict_keys(['example_weekday_branch_operator']) retrieved from /Users/sruthibollu/anaconda3/envs/analytics-prep/lib/python3.9/site-packages/airflow/example_dags/example_branch_day_of_week_operator.py
[2025-05-27T16:48:39.565-0400] {logging_mixin.py:137} INFO - [2025-05-27T16:48:39.565-0400] {dag.py:2690} INFO - Sync 1 DAGs
[2025-05-27T16:48:39.572-0400] {logging_mixin.py:137} INFO - [2025-05-27T16:48:39.572-0400] {dag.py:3437} INFO - Setting next_dagrun for example_weekday_branch_operator to 2025-05-26T00:00:00+00:00, run_after=2025-05-27T00:00:00+00:00
[2025-05-27T16:48:39.579-0400] {processor.py:175} INFO - Processing /Users/sruthibollu/anaconda3/envs/analytics-prep/lib/python3.9/site-packages/airflow/example_dags/example_branch_day_of_week_operator.py took 0.400 seconds
[2025-05-27T16:50:07.629-0400] {processor.py:153} INFO - Started process (PID=51959) to work on /Users/sruthibollu/anaconda3/envs/analytics-prep/lib/python3.9/site-packages/airflow/example_dags/example_branch_day_of_week_operator.py
[2025-05-27T16:50:07.631-0400] {processor.py:743} INFO - Processing file /Users/sruthibollu/anaconda3/envs/analytics-prep/lib/python3.9/site-packages/airflow/example_dags/example_branch_day_of_week_operator.py for tasks to queue
[2025-05-27T16:50:07.632-0400] {logging_mixin.py:137} INFO - [2025-05-27T16:50:07.631-0400] {dagbag.py:538} INFO - Filling up the DagBag from /Users/sruthibollu/anaconda3/envs/analytics-prep/lib/python3.9/site-packages/airflow/example_dags/example_branch_day_of_week_operator.py
[2025-05-27T16:50:07.655-0400] {processor.py:753} INFO - DAG(s) dict_keys(['example_weekday_branch_operator']) retrieved from /Users/sruthibollu/anaconda3/envs/analytics-prep/lib/python3.9/site-packages/airflow/example_dags/example_branch_day_of_week_operator.py
[2025-05-27T16:50:08.023-0400] {logging_mixin.py:137} INFO - [2025-05-27T16:50:08.023-0400] {dag.py:2690} INFO - Sync 1 DAGs
[2025-05-27T16:50:08.030-0400] {logging_mixin.py:137} INFO - [2025-05-27T16:50:08.030-0400] {dag.py:3437} INFO - Setting next_dagrun for example_weekday_branch_operator to 2025-05-26T00:00:00+00:00, run_after=2025-05-27T00:00:00+00:00
[2025-05-27T16:50:08.036-0400] {processor.py:175} INFO - Processing /Users/sruthibollu/anaconda3/envs/analytics-prep/lib/python3.9/site-packages/airflow/example_dags/example_branch_day_of_week_operator.py took 0.407 seconds
[2025-05-27T16:51:34.928-0400] {processor.py:153} INFO - Started process (PID=52460) to work on /Users/sruthibollu/anaconda3/envs/analytics-prep/lib/python3.9/site-packages/airflow/example_dags/example_branch_day_of_week_operator.py
[2025-05-27T16:51:34.930-0400] {processor.py:743} INFO - Processing file /Users/sruthibollu/anaconda3/envs/analytics-prep/lib/python3.9/site-packages/airflow/example_dags/example_branch_day_of_week_operator.py for tasks to queue
[2025-05-27T16:51:34.931-0400] {logging_mixin.py:137} INFO - [2025-05-27T16:51:34.931-0400] {dagbag.py:538} INFO - Filling up the DagBag from /Users/sruthibollu/anaconda3/envs/analytics-prep/lib/python3.9/site-packages/airflow/example_dags/example_branch_day_of_week_operator.py
[2025-05-27T16:51:34.965-0400] {processor.py:753} INFO - DAG(s) dict_keys(['example_weekday_branch_operator']) retrieved from /Users/sruthibollu/anaconda3/envs/analytics-prep/lib/python3.9/site-packages/airflow/example_dags/example_branch_day_of_week_operator.py
[2025-05-27T16:51:35.367-0400] {logging_mixin.py:137} INFO - [2025-05-27T16:51:35.367-0400] {dag.py:2690} INFO - Sync 1 DAGs
[2025-05-27T16:51:35.374-0400] {logging_mixin.py:137} INFO - [2025-05-27T16:51:35.374-0400] {dag.py:3437} INFO - Setting next_dagrun for example_weekday_branch_operator to 2025-05-26T00:00:00+00:00, run_after=2025-05-27T00:00:00+00:00
[2025-05-27T16:51:35.381-0400] {processor.py:175} INFO - Processing /Users/sruthibollu/anaconda3/envs/analytics-prep/lib/python3.9/site-packages/airflow/example_dags/example_branch_day_of_week_operator.py took 0.454 seconds
[2025-05-27T16:53:04.270-0400] {processor.py:153} INFO - Started process (PID=52993) to work on /Users/sruthibollu/anaconda3/envs/analytics-prep/lib/python3.9/site-packages/airflow/example_dags/example_branch_day_of_week_operator.py
[2025-05-27T16:53:04.272-0400] {processor.py:743} INFO - Processing file /Users/sruthibollu/anaconda3/envs/analytics-prep/lib/python3.9/site-packages/airflow/example_dags/example_branch_day_of_week_operator.py for tasks to queue
[2025-05-27T16:53:04.272-0400] {logging_mixin.py:137} INFO - [2025-05-27T16:53:04.272-0400] {dagbag.py:538} INFO - Filling up the DagBag from /Users/sruthibollu/anaconda3/envs/analytics-prep/lib/python3.9/site-packages/airflow/example_dags/example_branch_day_of_week_operator.py
[2025-05-27T16:53:04.297-0400] {processor.py:753} INFO - DAG(s) dict_keys(['example_weekday_branch_operator']) retrieved from /Users/sruthibollu/anaconda3/envs/analytics-prep/lib/python3.9/site-packages/airflow/example_dags/example_branch_day_of_week_operator.py
[2025-05-27T16:53:04.673-0400] {logging_mixin.py:137} INFO - [2025-05-27T16:53:04.673-0400] {dag.py:2690} INFO - Sync 1 DAGs
[2025-05-27T16:53:04.680-0400] {logging_mixin.py:137} INFO - [2025-05-27T16:53:04.679-0400] {dag.py:3437} INFO - Setting next_dagrun for example_weekday_branch_operator to 2025-05-26T00:00:00+00:00, run_after=2025-05-27T00:00:00+00:00
[2025-05-27T16:53:04.685-0400] {processor.py:175} INFO - Processing /Users/sruthibollu/anaconda3/envs/analytics-prep/lib/python3.9/site-packages/airflow/example_dags/example_branch_day_of_week_operator.py took 0.416 seconds
[2025-05-27T17:31:10.186-0400] {processor.py:153} INFO - Started process (PID=53522) to work on /Users/sruthibollu/anaconda3/envs/analytics-prep/lib/python3.9/site-packages/airflow/example_dags/example_branch_day_of_week_operator.py
[2025-05-27T17:31:10.188-0400] {processor.py:743} INFO - Processing file /Users/sruthibollu/anaconda3/envs/analytics-prep/lib/python3.9/site-packages/airflow/example_dags/example_branch_day_of_week_operator.py for tasks to queue
[2025-05-27T17:31:10.188-0400] {logging_mixin.py:137} INFO - [2025-05-27T17:31:10.188-0400] {dagbag.py:538} INFO - Filling up the DagBag from /Users/sruthibollu/anaconda3/envs/analytics-prep/lib/python3.9/site-packages/airflow/example_dags/example_branch_day_of_week_operator.py
[2025-05-27T17:31:10.214-0400] {processor.py:753} INFO - DAG(s) dict_keys(['example_weekday_branch_operator']) retrieved from /Users/sruthibollu/anaconda3/envs/analytics-prep/lib/python3.9/site-packages/airflow/example_dags/example_branch_day_of_week_operator.py
[2025-05-27T17:31:10.591-0400] {logging_mixin.py:137} INFO - [2025-05-27T17:31:10.591-0400] {dag.py:2690} INFO - Sync 1 DAGs
[2025-05-27T17:31:10.599-0400] {logging_mixin.py:137} INFO - [2025-05-27T17:31:10.599-0400] {dag.py:3437} INFO - Setting next_dagrun for example_weekday_branch_operator to 2025-05-26T00:00:00+00:00, run_after=2025-05-27T00:00:00+00:00
[2025-05-27T17:31:10.605-0400] {processor.py:175} INFO - Processing /Users/sruthibollu/anaconda3/envs/analytics-prep/lib/python3.9/site-packages/airflow/example_dags/example_branch_day_of_week_operator.py took 0.419 seconds
[2025-05-27T18:19:29.316-0400] {processor.py:153} INFO - Started process (PID=54551) to work on /Users/sruthibollu/anaconda3/envs/analytics-prep/lib/python3.9/site-packages/airflow/example_dags/example_branch_day_of_week_operator.py
[2025-05-27T18:19:29.319-0400] {processor.py:743} INFO - Processing file /Users/sruthibollu/anaconda3/envs/analytics-prep/lib/python3.9/site-packages/airflow/example_dags/example_branch_day_of_week_operator.py for tasks to queue
[2025-05-27T18:19:29.319-0400] {logging_mixin.py:137} INFO - [2025-05-27T18:19:29.319-0400] {dagbag.py:538} INFO - Filling up the DagBag from /Users/sruthibollu/anaconda3/envs/analytics-prep/lib/python3.9/site-packages/airflow/example_dags/example_branch_day_of_week_operator.py
[2025-05-27T18:19:29.345-0400] {processor.py:753} INFO - DAG(s) dict_keys(['example_weekday_branch_operator']) retrieved from /Users/sruthibollu/anaconda3/envs/analytics-prep/lib/python3.9/site-packages/airflow/example_dags/example_branch_day_of_week_operator.py
[2025-05-27T18:19:29.738-0400] {logging_mixin.py:137} INFO - [2025-05-27T18:19:29.738-0400] {dag.py:2690} INFO - Sync 1 DAGs
[2025-05-27T18:19:29.747-0400] {logging_mixin.py:137} INFO - [2025-05-27T18:19:29.747-0400] {dag.py:3437} INFO - Setting next_dagrun for example_weekday_branch_operator to 2025-05-26T00:00:00+00:00, run_after=2025-05-27T00:00:00+00:00
[2025-05-27T18:19:29.754-0400] {processor.py:175} INFO - Processing /Users/sruthibollu/anaconda3/envs/analytics-prep/lib/python3.9/site-packages/airflow/example_dags/example_branch_day_of_week_operator.py took 0.438 seconds
[2025-05-27T18:38:53.345-0400] {processor.py:153} INFO - Started process (PID=55236) to work on /Users/sruthibollu/anaconda3/envs/analytics-prep/lib/python3.9/site-packages/airflow/example_dags/example_branch_day_of_week_operator.py
[2025-05-27T18:38:53.348-0400] {processor.py:743} INFO - Processing file /Users/sruthibollu/anaconda3/envs/analytics-prep/lib/python3.9/site-packages/airflow/example_dags/example_branch_day_of_week_operator.py for tasks to queue
[2025-05-27T18:38:53.348-0400] {logging_mixin.py:137} INFO - [2025-05-27T18:38:53.348-0400] {dagbag.py:538} INFO - Filling up the DagBag from /Users/sruthibollu/anaconda3/envs/analytics-prep/lib/python3.9/site-packages/airflow/example_dags/example_branch_day_of_week_operator.py
[2025-05-27T18:38:53.378-0400] {processor.py:753} INFO - DAG(s) dict_keys(['example_weekday_branch_operator']) retrieved from /Users/sruthibollu/anaconda3/envs/analytics-prep/lib/python3.9/site-packages/airflow/example_dags/example_branch_day_of_week_operator.py
[2025-05-27T18:38:53.785-0400] {logging_mixin.py:137} INFO - [2025-05-27T18:38:53.784-0400] {dag.py:2690} INFO - Sync 1 DAGs
[2025-05-27T18:38:53.793-0400] {logging_mixin.py:137} INFO - [2025-05-27T18:38:53.793-0400] {dag.py:3437} INFO - Setting next_dagrun for example_weekday_branch_operator to 2025-05-26T00:00:00+00:00, run_after=2025-05-27T00:00:00+00:00
[2025-05-27T18:38:53.799-0400] {processor.py:175} INFO - Processing /Users/sruthibollu/anaconda3/envs/analytics-prep/lib/python3.9/site-packages/airflow/example_dags/example_branch_day_of_week_operator.py took 0.455 seconds
[2025-05-27T19:05:54.524-0400] {processor.py:153} INFO - Started process (PID=56011) to work on /Users/sruthibollu/anaconda3/envs/analytics-prep/lib/python3.9/site-packages/airflow/example_dags/example_branch_day_of_week_operator.py
[2025-05-27T19:05:54.526-0400] {processor.py:743} INFO - Processing file /Users/sruthibollu/anaconda3/envs/analytics-prep/lib/python3.9/site-packages/airflow/example_dags/example_branch_day_of_week_operator.py for tasks to queue
[2025-05-27T19:05:54.526-0400] {logging_mixin.py:137} INFO - [2025-05-27T19:05:54.526-0400] {dagbag.py:538} INFO - Filling up the DagBag from /Users/sruthibollu/anaconda3/envs/analytics-prep/lib/python3.9/site-packages/airflow/example_dags/example_branch_day_of_week_operator.py
[2025-05-27T19:05:54.552-0400] {processor.py:753} INFO - DAG(s) dict_keys(['example_weekday_branch_operator']) retrieved from /Users/sruthibollu/anaconda3/envs/analytics-prep/lib/python3.9/site-packages/airflow/example_dags/example_branch_day_of_week_operator.py
[2025-05-27T19:05:54.928-0400] {logging_mixin.py:137} INFO - [2025-05-27T19:05:54.928-0400] {dag.py:2690} INFO - Sync 1 DAGs
[2025-05-27T19:05:54.936-0400] {logging_mixin.py:137} INFO - [2025-05-27T19:05:54.936-0400] {dag.py:3437} INFO - Setting next_dagrun for example_weekday_branch_operator to 2025-05-26T00:00:00+00:00, run_after=2025-05-27T00:00:00+00:00
[2025-05-27T19:05:54.942-0400] {processor.py:175} INFO - Processing /Users/sruthibollu/anaconda3/envs/analytics-prep/lib/python3.9/site-packages/airflow/example_dags/example_branch_day_of_week_operator.py took 0.419 seconds
[2025-05-27T19:48:30.482-0400] {processor.py:153} INFO - Started process (PID=56504) to work on /Users/sruthibollu/anaconda3/envs/analytics-prep/lib/python3.9/site-packages/airflow/example_dags/example_branch_day_of_week_operator.py
[2025-05-27T19:48:30.486-0400] {processor.py:743} INFO - Processing file /Users/sruthibollu/anaconda3/envs/analytics-prep/lib/python3.9/site-packages/airflow/example_dags/example_branch_day_of_week_operator.py for tasks to queue
[2025-05-27T19:48:30.486-0400] {logging_mixin.py:137} INFO - [2025-05-27T19:48:30.486-0400] {dagbag.py:538} INFO - Filling up the DagBag from /Users/sruthibollu/anaconda3/envs/analytics-prep/lib/python3.9/site-packages/airflow/example_dags/example_branch_day_of_week_operator.py
[2025-05-27T19:48:30.512-0400] {processor.py:753} INFO - DAG(s) dict_keys(['example_weekday_branch_operator']) retrieved from /Users/sruthibollu/anaconda3/envs/analytics-prep/lib/python3.9/site-packages/airflow/example_dags/example_branch_day_of_week_operator.py
[2025-05-27T19:48:30.881-0400] {logging_mixin.py:137} INFO - [2025-05-27T19:48:30.881-0400] {dag.py:2690} INFO - Sync 1 DAGs
[2025-05-27T19:48:30.888-0400] {logging_mixin.py:137} INFO - [2025-05-27T19:48:30.888-0400] {dag.py:3437} INFO - Setting next_dagrun for example_weekday_branch_operator to 2025-05-26T00:00:00+00:00, run_after=2025-05-27T00:00:00+00:00
[2025-05-27T19:48:30.894-0400] {processor.py:175} INFO - Processing /Users/sruthibollu/anaconda3/envs/analytics-prep/lib/python3.9/site-packages/airflow/example_dags/example_branch_day_of_week_operator.py took 0.412 seconds
