[2025-05-27T16:47:56.748-0400] {processor.py:153} INFO - Started process (PID=50003) to work on /Users/sruthibollu/anaconda3/envs/analytics-prep/lib/python3.9/site-packages/airflow/example_dags/example_subdag_operator.py
[2025-05-27T16:47:56.751-0400] {processor.py:743} INFO - Processing file /Users/sruthibollu/anaconda3/envs/analytics-prep/lib/python3.9/site-packages/airflow/example_dags/example_subdag_operator.py for tasks to queue
[2025-05-27T16:47:56.751-0400] {logging_mixin.py:137} INFO - [2025-05-27T16:47:56.751-0400] {dagbag.py:538} INFO - Filling up the DagBag from /Users/sruthibollu/anaconda3/envs/analytics-prep/lib/python3.9/site-packages/airflow/example_dags/example_subdag_operator.py
[2025-05-27T16:47:57.149-0400] {processor.py:753} INFO - DAG(s) dict_keys(['example_subdag_operator.section-1', 'example_subdag_operator.section-2', 'example_subdag_operator']) retrieved from /Users/sruthibollu/anaconda3/envs/analytics-prep/lib/python3.9/site-packages/airflow/example_dags/example_subdag_operator.py
[2025-05-27T16:47:57.159-0400] {logging_mixin.py:137} INFO - [2025-05-27T16:47:57.158-0400] {dag.py:2690} INFO - Sync 3 DAGs
[2025-05-27T16:47:57.165-0400] {logging_mixin.py:137} INFO - [2025-05-27T16:47:57.165-0400] {dag.py:3437} INFO - Setting next_dagrun for example_subdag_operator to 2022-01-01T00:00:00+00:00, run_after=2022-01-01T00:00:00+00:00
[2025-05-27T16:47:57.166-0400] {logging_mixin.py:137} INFO - [2025-05-27T16:47:57.166-0400] {dag.py:3437} INFO - Setting next_dagrun for example_subdag_operator.section-1 to None, run_after=None
[2025-05-27T16:47:57.166-0400] {logging_mixin.py:137} INFO - [2025-05-27T16:47:57.166-0400] {dag.py:3437} INFO - Setting next_dagrun for example_subdag_operator.section-2 to None, run_after=None
[2025-05-27T16:47:57.168-0400] {logging_mixin.py:137} INFO - [2025-05-27T16:47:57.168-0400] {dag.py:2690} INFO - Sync 2 DAGs
[2025-05-27T16:47:57.170-0400] {logging_mixin.py:137} INFO - [2025-05-27T16:47:57.170-0400] {dag.py:3437} INFO - Setting next_dagrun for example_subdag_operator.section-1 to None, run_after=None
[2025-05-27T16:47:57.170-0400] {logging_mixin.py:137} INFO - [2025-05-27T16:47:57.170-0400] {dag.py:3437} INFO - Setting next_dagrun for example_subdag_operator.section-2 to None, run_after=None
[2025-05-27T16:47:57.174-0400] {processor.py:175} INFO - Processing /Users/sruthibollu/anaconda3/envs/analytics-prep/lib/python3.9/site-packages/airflow/example_dags/example_subdag_operator.py took 0.427 seconds
[2025-05-27T16:49:09.014-0400] {processor.py:153} INFO - Started process (PID=51071) to work on /Users/sruthibollu/anaconda3/envs/analytics-prep/lib/python3.9/site-packages/airflow/example_dags/example_subdag_operator.py
[2025-05-27T16:49:09.016-0400] {processor.py:743} INFO - Processing file /Users/sruthibollu/anaconda3/envs/analytics-prep/lib/python3.9/site-packages/airflow/example_dags/example_subdag_operator.py for tasks to queue
[2025-05-27T16:49:09.016-0400] {logging_mixin.py:137} INFO - [2025-05-27T16:49:09.016-0400] {dagbag.py:538} INFO - Filling up the DagBag from /Users/sruthibollu/anaconda3/envs/analytics-prep/lib/python3.9/site-packages/airflow/example_dags/example_subdag_operator.py
[2025-05-27T16:49:09.392-0400] {processor.py:753} INFO - DAG(s) dict_keys(['example_subdag_operator.section-1', 'example_subdag_operator.section-2', 'example_subdag_operator']) retrieved from /Users/sruthibollu/anaconda3/envs/analytics-prep/lib/python3.9/site-packages/airflow/example_dags/example_subdag_operator.py
[2025-05-27T16:49:09.504-0400] {logging_mixin.py:137} INFO - [2025-05-27T16:49:09.504-0400] {dag.py:2690} INFO - Sync 3 DAGs
[2025-05-27T16:49:09.511-0400] {logging_mixin.py:137} INFO - [2025-05-27T16:49:09.511-0400] {dag.py:3437} INFO - Setting next_dagrun for example_subdag_operator to 2022-01-01T00:00:00+00:00, run_after=2022-01-01T00:00:00+00:00
[2025-05-27T16:49:09.512-0400] {logging_mixin.py:137} INFO - [2025-05-27T16:49:09.512-0400] {dag.py:3437} INFO - Setting next_dagrun for example_subdag_operator.section-1 to None, run_after=None
[2025-05-27T16:49:09.512-0400] {logging_mixin.py:137} INFO - [2025-05-27T16:49:09.512-0400] {dag.py:3437} INFO - Setting next_dagrun for example_subdag_operator.section-2 to None, run_after=None
[2025-05-27T16:49:09.514-0400] {logging_mixin.py:137} INFO - [2025-05-27T16:49:09.514-0400] {dag.py:2690} INFO - Sync 2 DAGs
[2025-05-27T16:49:09.515-0400] {logging_mixin.py:137} INFO - [2025-05-27T16:49:09.515-0400] {dag.py:3437} INFO - Setting next_dagrun for example_subdag_operator.section-1 to None, run_after=None
[2025-05-27T16:49:09.515-0400] {logging_mixin.py:137} INFO - [2025-05-27T16:49:09.515-0400] {dag.py:3437} INFO - Setting next_dagrun for example_subdag_operator.section-2 to None, run_after=None
[2025-05-27T16:49:09.519-0400] {processor.py:175} INFO - Processing /Users/sruthibollu/anaconda3/envs/analytics-prep/lib/python3.9/site-packages/airflow/example_dags/example_subdag_operator.py took 0.506 seconds
[2025-05-27T16:50:36.456-0400] {processor.py:153} INFO - Started process (PID=52133) to work on /Users/sruthibollu/anaconda3/envs/analytics-prep/lib/python3.9/site-packages/airflow/example_dags/example_subdag_operator.py
[2025-05-27T16:50:36.459-0400] {processor.py:743} INFO - Processing file /Users/sruthibollu/anaconda3/envs/analytics-prep/lib/python3.9/site-packages/airflow/example_dags/example_subdag_operator.py for tasks to queue
[2025-05-27T16:50:36.459-0400] {logging_mixin.py:137} INFO - [2025-05-27T16:50:36.459-0400] {dagbag.py:538} INFO - Filling up the DagBag from /Users/sruthibollu/anaconda3/envs/analytics-prep/lib/python3.9/site-packages/airflow/example_dags/example_subdag_operator.py
[2025-05-27T16:50:36.836-0400] {processor.py:753} INFO - DAG(s) dict_keys(['example_subdag_operator.section-1', 'example_subdag_operator.section-2', 'example_subdag_operator']) retrieved from /Users/sruthibollu/anaconda3/envs/analytics-prep/lib/python3.9/site-packages/airflow/example_dags/example_subdag_operator.py
[2025-05-27T16:50:36.898-0400] {logging_mixin.py:137} INFO - [2025-05-27T16:50:36.898-0400] {dag.py:2690} INFO - Sync 3 DAGs
[2025-05-27T16:50:36.905-0400] {logging_mixin.py:137} INFO - [2025-05-27T16:50:36.905-0400] {dag.py:3437} INFO - Setting next_dagrun for example_subdag_operator to 2022-01-01T00:00:00+00:00, run_after=2022-01-01T00:00:00+00:00
[2025-05-27T16:50:36.906-0400] {logging_mixin.py:137} INFO - [2025-05-27T16:50:36.906-0400] {dag.py:3437} INFO - Setting next_dagrun for example_subdag_operator.section-1 to None, run_after=None
[2025-05-27T16:50:36.906-0400] {logging_mixin.py:137} INFO - [2025-05-27T16:50:36.906-0400] {dag.py:3437} INFO - Setting next_dagrun for example_subdag_operator.section-2 to None, run_after=None
[2025-05-27T16:50:36.908-0400] {logging_mixin.py:137} INFO - [2025-05-27T16:50:36.908-0400] {dag.py:2690} INFO - Sync 2 DAGs
[2025-05-27T16:50:36.909-0400] {logging_mixin.py:137} INFO - [2025-05-27T16:50:36.909-0400] {dag.py:3437} INFO - Setting next_dagrun for example_subdag_operator.section-1 to None, run_after=None
[2025-05-27T16:50:36.909-0400] {logging_mixin.py:137} INFO - [2025-05-27T16:50:36.909-0400] {dag.py:3437} INFO - Setting next_dagrun for example_subdag_operator.section-2 to None, run_after=None
[2025-05-27T16:50:36.916-0400] {processor.py:175} INFO - Processing /Users/sruthibollu/anaconda3/envs/analytics-prep/lib/python3.9/site-packages/airflow/example_dags/example_subdag_operator.py took 0.460 seconds
[2025-05-27T16:52:03.173-0400] {processor.py:153} INFO - Started process (PID=52640) to work on /Users/sruthibollu/anaconda3/envs/analytics-prep/lib/python3.9/site-packages/airflow/example_dags/example_subdag_operator.py
[2025-05-27T16:52:03.176-0400] {processor.py:743} INFO - Processing file /Users/sruthibollu/anaconda3/envs/analytics-prep/lib/python3.9/site-packages/airflow/example_dags/example_subdag_operator.py for tasks to queue
[2025-05-27T16:52:03.176-0400] {logging_mixin.py:137} INFO - [2025-05-27T16:52:03.176-0400] {dagbag.py:538} INFO - Filling up the DagBag from /Users/sruthibollu/anaconda3/envs/analytics-prep/lib/python3.9/site-packages/airflow/example_dags/example_subdag_operator.py
[2025-05-27T16:52:03.561-0400] {processor.py:753} INFO - DAG(s) dict_keys(['example_subdag_operator.section-1', 'example_subdag_operator.section-2', 'example_subdag_operator']) retrieved from /Users/sruthibollu/anaconda3/envs/analytics-prep/lib/python3.9/site-packages/airflow/example_dags/example_subdag_operator.py
[2025-05-27T16:52:03.627-0400] {logging_mixin.py:137} INFO - [2025-05-27T16:52:03.627-0400] {dag.py:2690} INFO - Sync 3 DAGs
[2025-05-27T16:52:03.634-0400] {logging_mixin.py:137} INFO - [2025-05-27T16:52:03.634-0400] {dag.py:3437} INFO - Setting next_dagrun for example_subdag_operator to 2022-01-01T00:00:00+00:00, run_after=2022-01-01T00:00:00+00:00
[2025-05-27T16:52:03.635-0400] {logging_mixin.py:137} INFO - [2025-05-27T16:52:03.635-0400] {dag.py:3437} INFO - Setting next_dagrun for example_subdag_operator.section-1 to None, run_after=None
[2025-05-27T16:52:03.635-0400] {logging_mixin.py:137} INFO - [2025-05-27T16:52:03.635-0400] {dag.py:3437} INFO - Setting next_dagrun for example_subdag_operator.section-2 to None, run_after=None
[2025-05-27T16:52:03.637-0400] {logging_mixin.py:137} INFO - [2025-05-27T16:52:03.637-0400] {dag.py:2690} INFO - Sync 2 DAGs
[2025-05-27T16:52:03.639-0400] {logging_mixin.py:137} INFO - [2025-05-27T16:52:03.638-0400] {dag.py:3437} INFO - Setting next_dagrun for example_subdag_operator.section-1 to None, run_after=None
[2025-05-27T16:52:03.639-0400] {logging_mixin.py:137} INFO - [2025-05-27T16:52:03.639-0400] {dag.py:3437} INFO - Setting next_dagrun for example_subdag_operator.section-2 to None, run_after=None
[2025-05-27T16:52:03.643-0400] {processor.py:175} INFO - Processing /Users/sruthibollu/anaconda3/envs/analytics-prep/lib/python3.9/site-packages/airflow/example_dags/example_subdag_operator.py took 0.471 seconds
[2025-05-27T16:53:21.475-0400] {processor.py:153} INFO - Started process (PID=53100) to work on /Users/sruthibollu/anaconda3/envs/analytics-prep/lib/python3.9/site-packages/airflow/example_dags/example_subdag_operator.py
[2025-05-27T16:53:21.478-0400] {processor.py:743} INFO - Processing file /Users/sruthibollu/anaconda3/envs/analytics-prep/lib/python3.9/site-packages/airflow/example_dags/example_subdag_operator.py for tasks to queue
[2025-05-27T16:53:21.478-0400] {logging_mixin.py:137} INFO - [2025-05-27T16:53:21.478-0400] {dagbag.py:538} INFO - Filling up the DagBag from /Users/sruthibollu/anaconda3/envs/analytics-prep/lib/python3.9/site-packages/airflow/example_dags/example_subdag_operator.py
[2025-05-27T16:53:21.832-0400] {processor.py:753} INFO - DAG(s) dict_keys(['example_subdag_operator.section-1', 'example_subdag_operator.section-2', 'example_subdag_operator']) retrieved from /Users/sruthibollu/anaconda3/envs/analytics-prep/lib/python3.9/site-packages/airflow/example_dags/example_subdag_operator.py
[2025-05-27T16:53:21.894-0400] {logging_mixin.py:137} INFO - [2025-05-27T16:53:21.894-0400] {dag.py:2690} INFO - Sync 3 DAGs
[2025-05-27T16:53:21.900-0400] {logging_mixin.py:137} INFO - [2025-05-27T16:53:21.900-0400] {dag.py:3437} INFO - Setting next_dagrun for example_subdag_operator to 2022-01-01T00:00:00+00:00, run_after=2022-01-01T00:00:00+00:00
[2025-05-27T16:53:21.901-0400] {logging_mixin.py:137} INFO - [2025-05-27T16:53:21.901-0400] {dag.py:3437} INFO - Setting next_dagrun for example_subdag_operator.section-1 to None, run_after=None
[2025-05-27T16:53:21.901-0400] {logging_mixin.py:137} INFO - [2025-05-27T16:53:21.901-0400] {dag.py:3437} INFO - Setting next_dagrun for example_subdag_operator.section-2 to None, run_after=None
[2025-05-27T16:53:21.903-0400] {logging_mixin.py:137} INFO - [2025-05-27T16:53:21.903-0400] {dag.py:2690} INFO - Sync 2 DAGs
[2025-05-27T16:53:21.905-0400] {logging_mixin.py:137} INFO - [2025-05-27T16:53:21.905-0400] {dag.py:3437} INFO - Setting next_dagrun for example_subdag_operator.section-1 to None, run_after=None
[2025-05-27T16:53:21.905-0400] {logging_mixin.py:137} INFO - [2025-05-27T16:53:21.905-0400] {dag.py:3437} INFO - Setting next_dagrun for example_subdag_operator.section-2 to None, run_after=None
[2025-05-27T16:53:21.909-0400] {processor.py:175} INFO - Processing /Users/sruthibollu/anaconda3/envs/analytics-prep/lib/python3.9/site-packages/airflow/example_dags/example_subdag_operator.py took 0.434 seconds
[2025-05-27T17:38:48.506-0400] {processor.py:153} INFO - Started process (PID=53723) to work on /Users/sruthibollu/anaconda3/envs/analytics-prep/lib/python3.9/site-packages/airflow/example_dags/example_subdag_operator.py
[2025-05-27T17:38:48.508-0400] {processor.py:743} INFO - Processing file /Users/sruthibollu/anaconda3/envs/analytics-prep/lib/python3.9/site-packages/airflow/example_dags/example_subdag_operator.py for tasks to queue
[2025-05-27T17:38:48.509-0400] {logging_mixin.py:137} INFO - [2025-05-27T17:38:48.509-0400] {dagbag.py:538} INFO - Filling up the DagBag from /Users/sruthibollu/anaconda3/envs/analytics-prep/lib/python3.9/site-packages/airflow/example_dags/example_subdag_operator.py
[2025-05-27T17:38:48.858-0400] {processor.py:753} INFO - DAG(s) dict_keys(['example_subdag_operator.section-1', 'example_subdag_operator.section-2', 'example_subdag_operator']) retrieved from /Users/sruthibollu/anaconda3/envs/analytics-prep/lib/python3.9/site-packages/airflow/example_dags/example_subdag_operator.py
[2025-05-27T17:38:48.961-0400] {logging_mixin.py:137} INFO - [2025-05-27T17:38:48.961-0400] {dag.py:2690} INFO - Sync 3 DAGs
[2025-05-27T17:38:48.968-0400] {logging_mixin.py:137} INFO - [2025-05-27T17:38:48.968-0400] {dag.py:3437} INFO - Setting next_dagrun for example_subdag_operator to 2022-01-01T00:00:00+00:00, run_after=2022-01-01T00:00:00+00:00
[2025-05-27T17:38:48.969-0400] {logging_mixin.py:137} INFO - [2025-05-27T17:38:48.969-0400] {dag.py:3437} INFO - Setting next_dagrun for example_subdag_operator.section-1 to None, run_after=None
[2025-05-27T17:38:48.969-0400] {logging_mixin.py:137} INFO - [2025-05-27T17:38:48.969-0400] {dag.py:3437} INFO - Setting next_dagrun for example_subdag_operator.section-2 to None, run_after=None
[2025-05-27T17:38:48.971-0400] {logging_mixin.py:137} INFO - [2025-05-27T17:38:48.971-0400] {dag.py:2690} INFO - Sync 2 DAGs
[2025-05-27T17:38:48.972-0400] {logging_mixin.py:137} INFO - [2025-05-27T17:38:48.972-0400] {dag.py:3437} INFO - Setting next_dagrun for example_subdag_operator.section-1 to None, run_after=None
[2025-05-27T17:38:48.973-0400] {logging_mixin.py:137} INFO - [2025-05-27T17:38:48.973-0400] {dag.py:3437} INFO - Setting next_dagrun for example_subdag_operator.section-2 to None, run_after=None
[2025-05-27T17:38:48.976-0400] {processor.py:175} INFO - Processing /Users/sruthibollu/anaconda3/envs/analytics-prep/lib/python3.9/site-packages/airflow/example_dags/example_subdag_operator.py took 0.471 seconds
[2025-05-27T18:06:44.735-0400] {processor.py:153} INFO - Started process (PID=54386) to work on /Users/sruthibollu/anaconda3/envs/analytics-prep/lib/python3.9/site-packages/airflow/example_dags/example_subdag_operator.py
[2025-05-27T18:06:44.738-0400] {processor.py:743} INFO - Processing file /Users/sruthibollu/anaconda3/envs/analytics-prep/lib/python3.9/site-packages/airflow/example_dags/example_subdag_operator.py for tasks to queue
[2025-05-27T18:06:44.738-0400] {logging_mixin.py:137} INFO - [2025-05-27T18:06:44.738-0400] {dagbag.py:538} INFO - Filling up the DagBag from /Users/sruthibollu/anaconda3/envs/analytics-prep/lib/python3.9/site-packages/airflow/example_dags/example_subdag_operator.py
[2025-05-27T18:06:45.100-0400] {processor.py:753} INFO - DAG(s) dict_keys(['example_subdag_operator.section-1', 'example_subdag_operator.section-2', 'example_subdag_operator']) retrieved from /Users/sruthibollu/anaconda3/envs/analytics-prep/lib/python3.9/site-packages/airflow/example_dags/example_subdag_operator.py
[2025-05-27T18:06:45.203-0400] {logging_mixin.py:137} INFO - [2025-05-27T18:06:45.203-0400] {dag.py:2690} INFO - Sync 3 DAGs
[2025-05-27T18:06:45.209-0400] {logging_mixin.py:137} INFO - [2025-05-27T18:06:45.209-0400] {dag.py:3437} INFO - Setting next_dagrun for example_subdag_operator to 2022-01-01T00:00:00+00:00, run_after=2022-01-01T00:00:00+00:00
[2025-05-27T18:06:45.210-0400] {logging_mixin.py:137} INFO - [2025-05-27T18:06:45.210-0400] {dag.py:3437} INFO - Setting next_dagrun for example_subdag_operator.section-1 to None, run_after=None
[2025-05-27T18:06:45.210-0400] {logging_mixin.py:137} INFO - [2025-05-27T18:06:45.210-0400] {dag.py:3437} INFO - Setting next_dagrun for example_subdag_operator.section-2 to None, run_after=None
[2025-05-27T18:06:45.212-0400] {logging_mixin.py:137} INFO - [2025-05-27T18:06:45.212-0400] {dag.py:2690} INFO - Sync 2 DAGs
[2025-05-27T18:06:45.213-0400] {logging_mixin.py:137} INFO - [2025-05-27T18:06:45.213-0400] {dag.py:3437} INFO - Setting next_dagrun for example_subdag_operator.section-1 to None, run_after=None
[2025-05-27T18:06:45.213-0400] {logging_mixin.py:137} INFO - [2025-05-27T18:06:45.213-0400] {dag.py:3437} INFO - Setting next_dagrun for example_subdag_operator.section-2 to None, run_after=None
[2025-05-27T18:06:45.217-0400] {processor.py:175} INFO - Processing /Users/sruthibollu/anaconda3/envs/analytics-prep/lib/python3.9/site-packages/airflow/example_dags/example_subdag_operator.py took 0.482 seconds
[2025-05-27T18:30:30.017-0400] {processor.py:153} INFO - Started process (PID=54746) to work on /Users/sruthibollu/anaconda3/envs/analytics-prep/lib/python3.9/site-packages/airflow/example_dags/example_subdag_operator.py
[2025-05-27T18:30:30.027-0400] {processor.py:743} INFO - Processing file /Users/sruthibollu/anaconda3/envs/analytics-prep/lib/python3.9/site-packages/airflow/example_dags/example_subdag_operator.py for tasks to queue
[2025-05-27T18:30:30.027-0400] {logging_mixin.py:137} INFO - [2025-05-27T18:30:30.027-0400] {dagbag.py:538} INFO - Filling up the DagBag from /Users/sruthibollu/anaconda3/envs/analytics-prep/lib/python3.9/site-packages/airflow/example_dags/example_subdag_operator.py
[2025-05-27T18:30:30.545-0400] {processor.py:753} INFO - DAG(s) dict_keys(['example_subdag_operator.section-1', 'example_subdag_operator.section-2', 'example_subdag_operator']) retrieved from /Users/sruthibollu/anaconda3/envs/analytics-prep/lib/python3.9/site-packages/airflow/example_dags/example_subdag_operator.py
[2025-05-27T18:30:30.663-0400] {logging_mixin.py:137} INFO - [2025-05-27T18:30:30.662-0400] {dag.py:2690} INFO - Sync 3 DAGs
[2025-05-27T18:30:30.671-0400] {logging_mixin.py:137} INFO - [2025-05-27T18:30:30.671-0400] {dag.py:3437} INFO - Setting next_dagrun for example_subdag_operator to 2022-01-01T00:00:00+00:00, run_after=2022-01-01T00:00:00+00:00
[2025-05-27T18:30:30.672-0400] {logging_mixin.py:137} INFO - [2025-05-27T18:30:30.672-0400] {dag.py:3437} INFO - Setting next_dagrun for example_subdag_operator.section-1 to None, run_after=None
[2025-05-27T18:30:30.672-0400] {logging_mixin.py:137} INFO - [2025-05-27T18:30:30.672-0400] {dag.py:3437} INFO - Setting next_dagrun for example_subdag_operator.section-2 to None, run_after=None
[2025-05-27T18:30:30.674-0400] {logging_mixin.py:137} INFO - [2025-05-27T18:30:30.674-0400] {dag.py:2690} INFO - Sync 2 DAGs
[2025-05-27T18:30:30.676-0400] {logging_mixin.py:137} INFO - [2025-05-27T18:30:30.676-0400] {dag.py:3437} INFO - Setting next_dagrun for example_subdag_operator.section-1 to None, run_after=None
[2025-05-27T18:30:30.676-0400] {logging_mixin.py:137} INFO - [2025-05-27T18:30:30.676-0400] {dag.py:3437} INFO - Setting next_dagrun for example_subdag_operator.section-2 to None, run_after=None
[2025-05-27T18:30:30.680-0400] {processor.py:175} INFO - Processing /Users/sruthibollu/anaconda3/envs/analytics-prep/lib/python3.9/site-packages/airflow/example_dags/example_subdag_operator.py took 0.663 seconds
[2025-05-27T18:31:38.672-0400] {processor.py:153} INFO - Started process (PID=55127) to work on /Users/sruthibollu/anaconda3/envs/analytics-prep/lib/python3.9/site-packages/airflow/example_dags/example_subdag_operator.py
[2025-05-27T18:31:38.674-0400] {processor.py:743} INFO - Processing file /Users/sruthibollu/anaconda3/envs/analytics-prep/lib/python3.9/site-packages/airflow/example_dags/example_subdag_operator.py for tasks to queue
[2025-05-27T18:31:38.675-0400] {logging_mixin.py:137} INFO - [2025-05-27T18:31:38.675-0400] {dagbag.py:538} INFO - Filling up the DagBag from /Users/sruthibollu/anaconda3/envs/analytics-prep/lib/python3.9/site-packages/airflow/example_dags/example_subdag_operator.py
[2025-05-27T18:31:39.049-0400] {processor.py:753} INFO - DAG(s) dict_keys(['example_subdag_operator.section-1', 'example_subdag_operator.section-2', 'example_subdag_operator']) retrieved from /Users/sruthibollu/anaconda3/envs/analytics-prep/lib/python3.9/site-packages/airflow/example_dags/example_subdag_operator.py
[2025-05-27T18:31:39.119-0400] {logging_mixin.py:137} INFO - [2025-05-27T18:31:39.118-0400] {dag.py:2690} INFO - Sync 3 DAGs
[2025-05-27T18:31:39.126-0400] {logging_mixin.py:137} INFO - [2025-05-27T18:31:39.125-0400] {dag.py:3437} INFO - Setting next_dagrun for example_subdag_operator to 2022-01-01T00:00:00+00:00, run_after=2022-01-01T00:00:00+00:00
[2025-05-27T18:31:39.127-0400] {logging_mixin.py:137} INFO - [2025-05-27T18:31:39.127-0400] {dag.py:3437} INFO - Setting next_dagrun for example_subdag_operator.section-1 to None, run_after=None
[2025-05-27T18:31:39.127-0400] {logging_mixin.py:137} INFO - [2025-05-27T18:31:39.127-0400] {dag.py:3437} INFO - Setting next_dagrun for example_subdag_operator.section-2 to None, run_after=None
[2025-05-27T18:31:39.129-0400] {logging_mixin.py:137} INFO - [2025-05-27T18:31:39.129-0400] {dag.py:2690} INFO - Sync 2 DAGs
[2025-05-27T18:31:39.131-0400] {logging_mixin.py:137} INFO - [2025-05-27T18:31:39.131-0400] {dag.py:3437} INFO - Setting next_dagrun for example_subdag_operator.section-1 to None, run_after=None
[2025-05-27T18:31:39.131-0400] {logging_mixin.py:137} INFO - [2025-05-27T18:31:39.131-0400] {dag.py:3437} INFO - Setting next_dagrun for example_subdag_operator.section-2 to None, run_after=None
[2025-05-27T18:31:39.135-0400] {processor.py:175} INFO - Processing /Users/sruthibollu/anaconda3/envs/analytics-prep/lib/python3.9/site-packages/airflow/example_dags/example_subdag_operator.py took 0.463 seconds
[2025-05-27T18:39:22.879-0400] {processor.py:153} INFO - Started process (PID=55395) to work on /Users/sruthibollu/anaconda3/envs/analytics-prep/lib/python3.9/site-packages/airflow/example_dags/example_subdag_operator.py
[2025-05-27T18:39:22.881-0400] {processor.py:743} INFO - Processing file /Users/sruthibollu/anaconda3/envs/analytics-prep/lib/python3.9/site-packages/airflow/example_dags/example_subdag_operator.py for tasks to queue
[2025-05-27T18:39:22.882-0400] {logging_mixin.py:137} INFO - [2025-05-27T18:39:22.882-0400] {dagbag.py:538} INFO - Filling up the DagBag from /Users/sruthibollu/anaconda3/envs/analytics-prep/lib/python3.9/site-packages/airflow/example_dags/example_subdag_operator.py
[2025-05-27T18:39:23.284-0400] {processor.py:753} INFO - DAG(s) dict_keys(['example_subdag_operator.section-1', 'example_subdag_operator.section-2', 'example_subdag_operator']) retrieved from /Users/sruthibollu/anaconda3/envs/analytics-prep/lib/python3.9/site-packages/airflow/example_dags/example_subdag_operator.py
[2025-05-27T18:39:23.350-0400] {logging_mixin.py:137} INFO - [2025-05-27T18:39:23.350-0400] {dag.py:2690} INFO - Sync 3 DAGs
[2025-05-27T18:39:23.359-0400] {logging_mixin.py:137} INFO - [2025-05-27T18:39:23.359-0400] {dag.py:3437} INFO - Setting next_dagrun for example_subdag_operator to 2022-01-01T00:00:00+00:00, run_after=2022-01-01T00:00:00+00:00
[2025-05-27T18:39:23.360-0400] {logging_mixin.py:137} INFO - [2025-05-27T18:39:23.360-0400] {dag.py:3437} INFO - Setting next_dagrun for example_subdag_operator.section-1 to None, run_after=None
[2025-05-27T18:39:23.360-0400] {logging_mixin.py:137} INFO - [2025-05-27T18:39:23.360-0400] {dag.py:3437} INFO - Setting next_dagrun for example_subdag_operator.section-2 to None, run_after=None
[2025-05-27T18:39:23.363-0400] {logging_mixin.py:137} INFO - [2025-05-27T18:39:23.363-0400] {dag.py:2690} INFO - Sync 2 DAGs
[2025-05-27T18:39:23.365-0400] {logging_mixin.py:137} INFO - [2025-05-27T18:39:23.365-0400] {dag.py:3437} INFO - Setting next_dagrun for example_subdag_operator.section-1 to None, run_after=None
[2025-05-27T18:39:23.365-0400] {logging_mixin.py:137} INFO - [2025-05-27T18:39:23.365-0400] {dag.py:3437} INFO - Setting next_dagrun for example_subdag_operator.section-2 to None, run_after=None
[2025-05-27T18:39:23.370-0400] {processor.py:175} INFO - Processing /Users/sruthibollu/anaconda3/envs/analytics-prep/lib/python3.9/site-packages/airflow/example_dags/example_subdag_operator.py took 0.492 seconds
[2025-05-27T18:54:58.641-0400] {processor.py:153} INFO - Started process (PID=55814) to work on /Users/sruthibollu/anaconda3/envs/analytics-prep/lib/python3.9/site-packages/airflow/example_dags/example_subdag_operator.py
[2025-05-27T18:54:58.643-0400] {processor.py:743} INFO - Processing file /Users/sruthibollu/anaconda3/envs/analytics-prep/lib/python3.9/site-packages/airflow/example_dags/example_subdag_operator.py for tasks to queue
[2025-05-27T18:54:58.643-0400] {logging_mixin.py:137} INFO - [2025-05-27T18:54:58.643-0400] {dagbag.py:538} INFO - Filling up the DagBag from /Users/sruthibollu/anaconda3/envs/analytics-prep/lib/python3.9/site-packages/airflow/example_dags/example_subdag_operator.py
[2025-05-27T18:54:59.023-0400] {processor.py:753} INFO - DAG(s) dict_keys(['example_subdag_operator.section-1', 'example_subdag_operator.section-2', 'example_subdag_operator']) retrieved from /Users/sruthibollu/anaconda3/envs/analytics-prep/lib/python3.9/site-packages/airflow/example_dags/example_subdag_operator.py
[2025-05-27T18:54:59.081-0400] {logging_mixin.py:137} INFO - [2025-05-27T18:54:59.081-0400] {dag.py:2690} INFO - Sync 3 DAGs
[2025-05-27T18:54:59.088-0400] {logging_mixin.py:137} INFO - [2025-05-27T18:54:59.088-0400] {dag.py:3437} INFO - Setting next_dagrun for example_subdag_operator to 2022-01-01T00:00:00+00:00, run_after=2022-01-01T00:00:00+00:00
[2025-05-27T18:54:59.089-0400] {logging_mixin.py:137} INFO - [2025-05-27T18:54:59.089-0400] {dag.py:3437} INFO - Setting next_dagrun for example_subdag_operator.section-1 to None, run_after=None
[2025-05-27T18:54:59.090-0400] {logging_mixin.py:137} INFO - [2025-05-27T18:54:59.089-0400] {dag.py:3437} INFO - Setting next_dagrun for example_subdag_operator.section-2 to None, run_after=None
[2025-05-27T18:54:59.091-0400] {logging_mixin.py:137} INFO - [2025-05-27T18:54:59.091-0400] {dag.py:2690} INFO - Sync 2 DAGs
[2025-05-27T18:54:59.093-0400] {logging_mixin.py:137} INFO - [2025-05-27T18:54:59.092-0400] {dag.py:3437} INFO - Setting next_dagrun for example_subdag_operator.section-1 to None, run_after=None
[2025-05-27T18:54:59.093-0400] {logging_mixin.py:137} INFO - [2025-05-27T18:54:59.093-0400] {dag.py:3437} INFO - Setting next_dagrun for example_subdag_operator.section-2 to None, run_after=None
[2025-05-27T18:54:59.096-0400] {processor.py:175} INFO - Processing /Users/sruthibollu/anaconda3/envs/analytics-prep/lib/python3.9/site-packages/airflow/example_dags/example_subdag_operator.py took 0.456 seconds
[2025-05-27T19:36:37.660-0400] {processor.py:153} INFO - Started process (PID=56224) to work on /Users/sruthibollu/anaconda3/envs/analytics-prep/lib/python3.9/site-packages/airflow/example_dags/example_subdag_operator.py
[2025-05-27T19:36:37.689-0400] {processor.py:743} INFO - Processing file /Users/sruthibollu/anaconda3/envs/analytics-prep/lib/python3.9/site-packages/airflow/example_dags/example_subdag_operator.py for tasks to queue
[2025-05-27T19:36:37.691-0400] {logging_mixin.py:137} INFO - [2025-05-27T19:36:37.691-0400] {dagbag.py:538} INFO - Filling up the DagBag from /Users/sruthibollu/anaconda3/envs/analytics-prep/lib/python3.9/site-packages/airflow/example_dags/example_subdag_operator.py
[2025-05-27T19:36:38.144-0400] {processor.py:753} INFO - DAG(s) dict_keys(['example_subdag_operator.section-1', 'example_subdag_operator.section-2', 'example_subdag_operator']) retrieved from /Users/sruthibollu/anaconda3/envs/analytics-prep/lib/python3.9/site-packages/airflow/example_dags/example_subdag_operator.py
[2025-05-27T19:36:38.208-0400] {logging_mixin.py:137} INFO - [2025-05-27T19:36:38.208-0400] {dag.py:2690} INFO - Sync 3 DAGs
[2025-05-27T19:36:38.215-0400] {logging_mixin.py:137} INFO - [2025-05-27T19:36:38.215-0400] {dag.py:3437} INFO - Setting next_dagrun for example_subdag_operator to 2022-01-01T00:00:00+00:00, run_after=2022-01-01T00:00:00+00:00
[2025-05-27T19:36:38.216-0400] {logging_mixin.py:137} INFO - [2025-05-27T19:36:38.216-0400] {dag.py:3437} INFO - Setting next_dagrun for example_subdag_operator.section-1 to None, run_after=None
[2025-05-27T19:36:38.216-0400] {logging_mixin.py:137} INFO - [2025-05-27T19:36:38.216-0400] {dag.py:3437} INFO - Setting next_dagrun for example_subdag_operator.section-2 to None, run_after=None
[2025-05-27T19:36:38.218-0400] {logging_mixin.py:137} INFO - [2025-05-27T19:36:38.218-0400] {dag.py:2690} INFO - Sync 2 DAGs
[2025-05-27T19:36:38.220-0400] {logging_mixin.py:137} INFO - [2025-05-27T19:36:38.219-0400] {dag.py:3437} INFO - Setting next_dagrun for example_subdag_operator.section-1 to None, run_after=None
[2025-05-27T19:36:38.220-0400] {logging_mixin.py:137} INFO - [2025-05-27T19:36:38.220-0400] {dag.py:3437} INFO - Setting next_dagrun for example_subdag_operator.section-2 to None, run_after=None
[2025-05-27T19:36:38.224-0400] {processor.py:175} INFO - Processing /Users/sruthibollu/anaconda3/envs/analytics-prep/lib/python3.9/site-packages/airflow/example_dags/example_subdag_operator.py took 0.564 seconds
[2025-05-27T19:55:48.326-0400] {processor.py:153} INFO - Started process (PID=56684) to work on /Users/sruthibollu/anaconda3/envs/analytics-prep/lib/python3.9/site-packages/airflow/example_dags/example_subdag_operator.py
[2025-05-27T19:55:48.328-0400] {processor.py:743} INFO - Processing file /Users/sruthibollu/anaconda3/envs/analytics-prep/lib/python3.9/site-packages/airflow/example_dags/example_subdag_operator.py for tasks to queue
[2025-05-27T19:55:48.328-0400] {logging_mixin.py:137} INFO - [2025-05-27T19:55:48.328-0400] {dagbag.py:538} INFO - Filling up the DagBag from /Users/sruthibollu/anaconda3/envs/analytics-prep/lib/python3.9/site-packages/airflow/example_dags/example_subdag_operator.py
[2025-05-27T19:55:48.712-0400] {processor.py:753} INFO - DAG(s) dict_keys(['example_subdag_operator.section-1', 'example_subdag_operator.section-2', 'example_subdag_operator']) retrieved from /Users/sruthibollu/anaconda3/envs/analytics-prep/lib/python3.9/site-packages/airflow/example_dags/example_subdag_operator.py
[2025-05-27T19:55:48.777-0400] {logging_mixin.py:137} INFO - [2025-05-27T19:55:48.777-0400] {dag.py:2690} INFO - Sync 3 DAGs
[2025-05-27T19:55:48.783-0400] {logging_mixin.py:137} INFO - [2025-05-27T19:55:48.783-0400] {dag.py:3437} INFO - Setting next_dagrun for example_subdag_operator to 2022-01-01T00:00:00+00:00, run_after=2022-01-01T00:00:00+00:00
[2025-05-27T19:55:48.784-0400] {logging_mixin.py:137} INFO - [2025-05-27T19:55:48.784-0400] {dag.py:3437} INFO - Setting next_dagrun for example_subdag_operator.section-1 to None, run_after=None
[2025-05-27T19:55:48.784-0400] {logging_mixin.py:137} INFO - [2025-05-27T19:55:48.784-0400] {dag.py:3437} INFO - Setting next_dagrun for example_subdag_operator.section-2 to None, run_after=None
[2025-05-27T19:55:48.786-0400] {logging_mixin.py:137} INFO - [2025-05-27T19:55:48.786-0400] {dag.py:2690} INFO - Sync 2 DAGs
[2025-05-27T19:55:48.788-0400] {logging_mixin.py:137} INFO - [2025-05-27T19:55:48.788-0400] {dag.py:3437} INFO - Setting next_dagrun for example_subdag_operator.section-1 to None, run_after=None
[2025-05-27T19:55:48.788-0400] {logging_mixin.py:137} INFO - [2025-05-27T19:55:48.788-0400] {dag.py:3437} INFO - Setting next_dagrun for example_subdag_operator.section-2 to None, run_after=None
[2025-05-27T19:55:48.792-0400] {processor.py:175} INFO - Processing /Users/sruthibollu/anaconda3/envs/analytics-prep/lib/python3.9/site-packages/airflow/example_dags/example_subdag_operator.py took 0.466 seconds
