[2025-05-27T16:48:02.472-0400] {processor.py:153} INFO - Started process (PID=50034) to work on /Users/sruthibollu/anaconda3/envs/analytics-prep/lib/python3.9/site-packages/airflow/example_dags/example_short_circuit_operator.py
[2025-05-27T16:48:02.474-0400] {processor.py:743} INFO - Processing file /Users/sruthibollu/anaconda3/envs/analytics-prep/lib/python3.9/site-packages/airflow/example_dags/example_short_circuit_operator.py for tasks to queue
[2025-05-27T16:48:02.475-0400] {logging_mixin.py:137} INFO - [2025-05-27T16:48:02.475-0400] {dagbag.py:538} INFO - Filling up the DagBag from /Users/sruthibollu/anaconda3/envs/analytics-prep/lib/python3.9/site-packages/airflow/example_dags/example_short_circuit_operator.py
[2025-05-27T16:48:02.502-0400] {processor.py:753} INFO - DAG(s) dict_keys(['example_short_circuit_operator']) retrieved from /Users/sruthibollu/anaconda3/envs/analytics-prep/lib/python3.9/site-packages/airflow/example_dags/example_short_circuit_operator.py
[2025-05-27T16:48:02.849-0400] {logging_mixin.py:137} INFO - [2025-05-27T16:48:02.848-0400] {dag.py:2690} INFO - Sync 1 DAGs
[2025-05-27T16:48:02.855-0400] {logging_mixin.py:137} INFO - [2025-05-27T16:48:02.855-0400] {dag.py:3437} INFO - Setting next_dagrun for example_short_circuit_operator to 2025-05-26T20:48:02.855055+00:00, run_after=2025-05-27T20:48:02.855055+00:00
[2025-05-27T16:48:02.860-0400] {processor.py:175} INFO - Processing /Users/sruthibollu/anaconda3/envs/analytics-prep/lib/python3.9/site-packages/airflow/example_dags/example_short_circuit_operator.py took 0.388 seconds
[2025-05-27T16:49:15.248-0400] {processor.py:153} INFO - Started process (PID=51105) to work on /Users/sruthibollu/anaconda3/envs/analytics-prep/lib/python3.9/site-packages/airflow/example_dags/example_short_circuit_operator.py
[2025-05-27T16:49:15.250-0400] {processor.py:743} INFO - Processing file /Users/sruthibollu/anaconda3/envs/analytics-prep/lib/python3.9/site-packages/airflow/example_dags/example_short_circuit_operator.py for tasks to queue
[2025-05-27T16:49:15.250-0400] {logging_mixin.py:137} INFO - [2025-05-27T16:49:15.250-0400] {dagbag.py:538} INFO - Filling up the DagBag from /Users/sruthibollu/anaconda3/envs/analytics-prep/lib/python3.9/site-packages/airflow/example_dags/example_short_circuit_operator.py
[2025-05-27T16:49:15.283-0400] {processor.py:753} INFO - DAG(s) dict_keys(['example_short_circuit_operator']) retrieved from /Users/sruthibollu/anaconda3/envs/analytics-prep/lib/python3.9/site-packages/airflow/example_dags/example_short_circuit_operator.py
[2025-05-27T16:49:15.704-0400] {logging_mixin.py:137} INFO - [2025-05-27T16:49:15.703-0400] {dag.py:2690} INFO - Sync 1 DAGs
[2025-05-27T16:49:15.710-0400] {logging_mixin.py:137} INFO - [2025-05-27T16:49:15.710-0400] {dag.py:3437} INFO - Setting next_dagrun for example_short_circuit_operator to 2025-05-26T20:49:15.710446+00:00, run_after=2025-05-27T20:49:15.710446+00:00
[2025-05-27T16:49:15.718-0400] {processor.py:175} INFO - Processing /Users/sruthibollu/anaconda3/envs/analytics-prep/lib/python3.9/site-packages/airflow/example_dags/example_short_circuit_operator.py took 0.470 seconds
[2025-05-27T16:50:41.433-0400] {processor.py:153} INFO - Started process (PID=52167) to work on /Users/sruthibollu/anaconda3/envs/analytics-prep/lib/python3.9/site-packages/airflow/example_dags/example_short_circuit_operator.py
[2025-05-27T16:50:41.435-0400] {processor.py:743} INFO - Processing file /Users/sruthibollu/anaconda3/envs/analytics-prep/lib/python3.9/site-packages/airflow/example_dags/example_short_circuit_operator.py for tasks to queue
[2025-05-27T16:50:41.436-0400] {logging_mixin.py:137} INFO - [2025-05-27T16:50:41.436-0400] {dagbag.py:538} INFO - Filling up the DagBag from /Users/sruthibollu/anaconda3/envs/analytics-prep/lib/python3.9/site-packages/airflow/example_dags/example_short_circuit_operator.py
[2025-05-27T16:50:41.466-0400] {processor.py:753} INFO - DAG(s) dict_keys(['example_short_circuit_operator']) retrieved from /Users/sruthibollu/anaconda3/envs/analytics-prep/lib/python3.9/site-packages/airflow/example_dags/example_short_circuit_operator.py
[2025-05-27T16:50:41.804-0400] {logging_mixin.py:137} INFO - [2025-05-27T16:50:41.804-0400] {dag.py:2690} INFO - Sync 1 DAGs
[2025-05-27T16:50:41.810-0400] {logging_mixin.py:137} INFO - [2025-05-27T16:50:41.810-0400] {dag.py:3437} INFO - Setting next_dagrun for example_short_circuit_operator to 2025-05-26T20:50:41.810776+00:00, run_after=2025-05-27T20:50:41.810776+00:00
[2025-05-27T16:50:41.817-0400] {processor.py:175} INFO - Processing /Users/sruthibollu/anaconda3/envs/analytics-prep/lib/python3.9/site-packages/airflow/example_dags/example_short_circuit_operator.py took 0.384 seconds
[2025-05-27T16:52:08.040-0400] {processor.py:153} INFO - Started process (PID=52665) to work on /Users/sruthibollu/anaconda3/envs/analytics-prep/lib/python3.9/site-packages/airflow/example_dags/example_short_circuit_operator.py
[2025-05-27T16:52:08.043-0400] {processor.py:743} INFO - Processing file /Users/sruthibollu/anaconda3/envs/analytics-prep/lib/python3.9/site-packages/airflow/example_dags/example_short_circuit_operator.py for tasks to queue
[2025-05-27T16:52:08.043-0400] {logging_mixin.py:137} INFO - [2025-05-27T16:52:08.043-0400] {dagbag.py:538} INFO - Filling up the DagBag from /Users/sruthibollu/anaconda3/envs/analytics-prep/lib/python3.9/site-packages/airflow/example_dags/example_short_circuit_operator.py
[2025-05-27T16:52:08.076-0400] {processor.py:753} INFO - DAG(s) dict_keys(['example_short_circuit_operator']) retrieved from /Users/sruthibollu/anaconda3/envs/analytics-prep/lib/python3.9/site-packages/airflow/example_dags/example_short_circuit_operator.py
[2025-05-27T16:52:08.442-0400] {logging_mixin.py:137} INFO - [2025-05-27T16:52:08.442-0400] {dag.py:2690} INFO - Sync 1 DAGs
[2025-05-27T16:52:08.451-0400] {logging_mixin.py:137} INFO - [2025-05-27T16:52:08.451-0400] {dag.py:3437} INFO - Setting next_dagrun for example_short_circuit_operator to 2025-05-26T20:52:08.451228+00:00, run_after=2025-05-27T20:52:08.451228+00:00
[2025-05-27T16:52:08.457-0400] {processor.py:175} INFO - Processing /Users/sruthibollu/anaconda3/envs/analytics-prep/lib/python3.9/site-packages/airflow/example_dags/example_short_circuit_operator.py took 0.418 seconds
[2025-05-27T16:53:27.075-0400] {processor.py:153} INFO - Started process (PID=53127) to work on /Users/sruthibollu/anaconda3/envs/analytics-prep/lib/python3.9/site-packages/airflow/example_dags/example_short_circuit_operator.py
[2025-05-27T16:53:27.077-0400] {processor.py:743} INFO - Processing file /Users/sruthibollu/anaconda3/envs/analytics-prep/lib/python3.9/site-packages/airflow/example_dags/example_short_circuit_operator.py for tasks to queue
[2025-05-27T16:53:27.078-0400] {logging_mixin.py:137} INFO - [2025-05-27T16:53:27.078-0400] {dagbag.py:538} INFO - Filling up the DagBag from /Users/sruthibollu/anaconda3/envs/analytics-prep/lib/python3.9/site-packages/airflow/example_dags/example_short_circuit_operator.py
[2025-05-27T16:53:27.107-0400] {processor.py:753} INFO - DAG(s) dict_keys(['example_short_circuit_operator']) retrieved from /Users/sruthibollu/anaconda3/envs/analytics-prep/lib/python3.9/site-packages/airflow/example_dags/example_short_circuit_operator.py
[2025-05-27T16:53:27.471-0400] {logging_mixin.py:137} INFO - [2025-05-27T16:53:27.471-0400] {dag.py:2690} INFO - Sync 1 DAGs
[2025-05-27T16:53:27.477-0400] {logging_mixin.py:137} INFO - [2025-05-27T16:53:27.477-0400] {dag.py:3437} INFO - Setting next_dagrun for example_short_circuit_operator to 2025-05-26T20:53:27.477749+00:00, run_after=2025-05-27T20:53:27.477749+00:00
[2025-05-27T16:53:27.483-0400] {processor.py:175} INFO - Processing /Users/sruthibollu/anaconda3/envs/analytics-prep/lib/python3.9/site-packages/airflow/example_dags/example_short_circuit_operator.py took 0.409 seconds
[2025-05-27T17:38:54.295-0400] {processor.py:153} INFO - Started process (PID=53759) to work on /Users/sruthibollu/anaconda3/envs/analytics-prep/lib/python3.9/site-packages/airflow/example_dags/example_short_circuit_operator.py
[2025-05-27T17:38:54.298-0400] {processor.py:743} INFO - Processing file /Users/sruthibollu/anaconda3/envs/analytics-prep/lib/python3.9/site-packages/airflow/example_dags/example_short_circuit_operator.py for tasks to queue
[2025-05-27T17:38:54.298-0400] {logging_mixin.py:137} INFO - [2025-05-27T17:38:54.298-0400] {dagbag.py:538} INFO - Filling up the DagBag from /Users/sruthibollu/anaconda3/envs/analytics-prep/lib/python3.9/site-packages/airflow/example_dags/example_short_circuit_operator.py
[2025-05-27T17:38:54.329-0400] {processor.py:753} INFO - DAG(s) dict_keys(['example_short_circuit_operator']) retrieved from /Users/sruthibollu/anaconda3/envs/analytics-prep/lib/python3.9/site-packages/airflow/example_dags/example_short_circuit_operator.py
[2025-05-27T17:38:54.726-0400] {logging_mixin.py:137} INFO - [2025-05-27T17:38:54.726-0400] {dag.py:2690} INFO - Sync 1 DAGs
[2025-05-27T17:38:54.734-0400] {logging_mixin.py:137} INFO - [2025-05-27T17:38:54.734-0400] {dag.py:3437} INFO - Setting next_dagrun for example_short_circuit_operator to 2025-05-26T21:38:54.734630+00:00, run_after=2025-05-27T21:38:54.734630+00:00
[2025-05-27T17:38:54.741-0400] {processor.py:175} INFO - Processing /Users/sruthibollu/anaconda3/envs/analytics-prep/lib/python3.9/site-packages/airflow/example_dags/example_short_circuit_operator.py took 0.446 seconds
[2025-05-27T18:06:49.432-0400] {processor.py:153} INFO - Started process (PID=54420) to work on /Users/sruthibollu/anaconda3/envs/analytics-prep/lib/python3.9/site-packages/airflow/example_dags/example_short_circuit_operator.py
[2025-05-27T18:06:49.435-0400] {processor.py:743} INFO - Processing file /Users/sruthibollu/anaconda3/envs/analytics-prep/lib/python3.9/site-packages/airflow/example_dags/example_short_circuit_operator.py for tasks to queue
[2025-05-27T18:06:49.435-0400] {logging_mixin.py:137} INFO - [2025-05-27T18:06:49.435-0400] {dagbag.py:538} INFO - Filling up the DagBag from /Users/sruthibollu/anaconda3/envs/analytics-prep/lib/python3.9/site-packages/airflow/example_dags/example_short_circuit_operator.py
[2025-05-27T18:06:49.462-0400] {processor.py:753} INFO - DAG(s) dict_keys(['example_short_circuit_operator']) retrieved from /Users/sruthibollu/anaconda3/envs/analytics-prep/lib/python3.9/site-packages/airflow/example_dags/example_short_circuit_operator.py
[2025-05-27T18:06:49.786-0400] {logging_mixin.py:137} INFO - [2025-05-27T18:06:49.786-0400] {dag.py:2690} INFO - Sync 1 DAGs
[2025-05-27T18:06:49.792-0400] {logging_mixin.py:137} INFO - [2025-05-27T18:06:49.792-0400] {dag.py:3437} INFO - Setting next_dagrun for example_short_circuit_operator to 2025-05-26T22:06:49.792170+00:00, run_after=2025-05-27T22:06:49.792170+00:00
[2025-05-27T18:06:49.798-0400] {processor.py:175} INFO - Processing /Users/sruthibollu/anaconda3/envs/analytics-prep/lib/python3.9/site-packages/airflow/example_dags/example_short_circuit_operator.py took 0.366 seconds
[2025-05-27T18:30:36.143-0400] {processor.py:153} INFO - Started process (PID=54786) to work on /Users/sruthibollu/anaconda3/envs/analytics-prep/lib/python3.9/site-packages/airflow/example_dags/example_short_circuit_operator.py
[2025-05-27T18:30:36.145-0400] {processor.py:743} INFO - Processing file /Users/sruthibollu/anaconda3/envs/analytics-prep/lib/python3.9/site-packages/airflow/example_dags/example_short_circuit_operator.py for tasks to queue
[2025-05-27T18:30:36.145-0400] {logging_mixin.py:137} INFO - [2025-05-27T18:30:36.145-0400] {dagbag.py:538} INFO - Filling up the DagBag from /Users/sruthibollu/anaconda3/envs/analytics-prep/lib/python3.9/site-packages/airflow/example_dags/example_short_circuit_operator.py
[2025-05-27T18:30:36.177-0400] {processor.py:753} INFO - DAG(s) dict_keys(['example_short_circuit_operator']) retrieved from /Users/sruthibollu/anaconda3/envs/analytics-prep/lib/python3.9/site-packages/airflow/example_dags/example_short_circuit_operator.py
[2025-05-27T18:30:36.566-0400] {logging_mixin.py:137} INFO - [2025-05-27T18:30:36.566-0400] {dag.py:2690} INFO - Sync 1 DAGs
[2025-05-27T18:30:36.576-0400] {logging_mixin.py:137} INFO - [2025-05-27T18:30:36.576-0400] {dag.py:3437} INFO - Setting next_dagrun for example_short_circuit_operator to 2025-05-26T22:30:36.576450+00:00, run_after=2025-05-27T22:30:36.576450+00:00
[2025-05-27T18:30:36.584-0400] {processor.py:175} INFO - Processing /Users/sruthibollu/anaconda3/envs/analytics-prep/lib/python3.9/site-packages/airflow/example_dags/example_short_circuit_operator.py took 0.442 seconds
[2025-05-27T18:40:04.027-0400] {processor.py:153} INFO - Started process (PID=55433) to work on /Users/sruthibollu/anaconda3/envs/analytics-prep/lib/python3.9/site-packages/airflow/example_dags/example_short_circuit_operator.py
[2025-05-27T18:40:04.030-0400] {processor.py:743} INFO - Processing file /Users/sruthibollu/anaconda3/envs/analytics-prep/lib/python3.9/site-packages/airflow/example_dags/example_short_circuit_operator.py for tasks to queue
[2025-05-27T18:40:04.030-0400] {logging_mixin.py:137} INFO - [2025-05-27T18:40:04.030-0400] {dagbag.py:538} INFO - Filling up the DagBag from /Users/sruthibollu/anaconda3/envs/analytics-prep/lib/python3.9/site-packages/airflow/example_dags/example_short_circuit_operator.py
[2025-05-27T18:40:04.060-0400] {processor.py:753} INFO - DAG(s) dict_keys(['example_short_circuit_operator']) retrieved from /Users/sruthibollu/anaconda3/envs/analytics-prep/lib/python3.9/site-packages/airflow/example_dags/example_short_circuit_operator.py
[2025-05-27T18:40:04.414-0400] {logging_mixin.py:137} INFO - [2025-05-27T18:40:04.414-0400] {dag.py:2690} INFO - Sync 1 DAGs
[2025-05-27T18:40:04.421-0400] {logging_mixin.py:137} INFO - [2025-05-27T18:40:04.421-0400] {dag.py:3437} INFO - Setting next_dagrun for example_short_circuit_operator to 2025-05-26T22:40:04.421230+00:00, run_after=2025-05-27T22:40:04.421230+00:00
[2025-05-27T18:40:04.428-0400] {processor.py:175} INFO - Processing /Users/sruthibollu/anaconda3/envs/analytics-prep/lib/python3.9/site-packages/airflow/example_dags/example_short_circuit_operator.py took 0.401 seconds
[2025-05-27T18:55:04.343-0400] {processor.py:153} INFO - Started process (PID=55847) to work on /Users/sruthibollu/anaconda3/envs/analytics-prep/lib/python3.9/site-packages/airflow/example_dags/example_short_circuit_operator.py
[2025-05-27T18:55:04.345-0400] {processor.py:743} INFO - Processing file /Users/sruthibollu/anaconda3/envs/analytics-prep/lib/python3.9/site-packages/airflow/example_dags/example_short_circuit_operator.py for tasks to queue
[2025-05-27T18:55:04.345-0400] {logging_mixin.py:137} INFO - [2025-05-27T18:55:04.345-0400] {dagbag.py:538} INFO - Filling up the DagBag from /Users/sruthibollu/anaconda3/envs/analytics-prep/lib/python3.9/site-packages/airflow/example_dags/example_short_circuit_operator.py
[2025-05-27T18:55:04.376-0400] {processor.py:753} INFO - DAG(s) dict_keys(['example_short_circuit_operator']) retrieved from /Users/sruthibollu/anaconda3/envs/analytics-prep/lib/python3.9/site-packages/airflow/example_dags/example_short_circuit_operator.py
[2025-05-27T18:55:04.752-0400] {logging_mixin.py:137} INFO - [2025-05-27T18:55:04.751-0400] {dag.py:2690} INFO - Sync 1 DAGs
[2025-05-27T18:55:04.761-0400] {logging_mixin.py:137} INFO - [2025-05-27T18:55:04.761-0400] {dag.py:3437} INFO - Setting next_dagrun for example_short_circuit_operator to 2025-05-26T22:55:04.761571+00:00, run_after=2025-05-27T22:55:04.761571+00:00
[2025-05-27T18:55:04.769-0400] {processor.py:175} INFO - Processing /Users/sruthibollu/anaconda3/envs/analytics-prep/lib/python3.9/site-packages/airflow/example_dags/example_short_circuit_operator.py took 0.426 seconds
[2025-05-27T19:36:42.780-0400] {processor.py:153} INFO - Started process (PID=56261) to work on /Users/sruthibollu/anaconda3/envs/analytics-prep/lib/python3.9/site-packages/airflow/example_dags/example_short_circuit_operator.py
[2025-05-27T19:36:42.783-0400] {processor.py:743} INFO - Processing file /Users/sruthibollu/anaconda3/envs/analytics-prep/lib/python3.9/site-packages/airflow/example_dags/example_short_circuit_operator.py for tasks to queue
[2025-05-27T19:36:42.783-0400] {logging_mixin.py:137} INFO - [2025-05-27T19:36:42.783-0400] {dagbag.py:538} INFO - Filling up the DagBag from /Users/sruthibollu/anaconda3/envs/analytics-prep/lib/python3.9/site-packages/airflow/example_dags/example_short_circuit_operator.py
[2025-05-27T19:36:42.812-0400] {processor.py:753} INFO - DAG(s) dict_keys(['example_short_circuit_operator']) retrieved from /Users/sruthibollu/anaconda3/envs/analytics-prep/lib/python3.9/site-packages/airflow/example_dags/example_short_circuit_operator.py
[2025-05-27T19:36:43.131-0400] {logging_mixin.py:137} INFO - [2025-05-27T19:36:43.131-0400] {dag.py:2690} INFO - Sync 1 DAGs
[2025-05-27T19:36:43.138-0400] {logging_mixin.py:137} INFO - [2025-05-27T19:36:43.137-0400] {dag.py:3437} INFO - Setting next_dagrun for example_short_circuit_operator to 2025-05-26T23:36:43.137872+00:00, run_after=2025-05-27T23:36:43.137872+00:00
[2025-05-27T19:36:43.144-0400] {processor.py:175} INFO - Processing /Users/sruthibollu/anaconda3/envs/analytics-prep/lib/python3.9/site-packages/airflow/example_dags/example_short_circuit_operator.py took 0.364 seconds
[2025-05-27T19:55:53.326-0400] {processor.py:153} INFO - Started process (PID=56709) to work on /Users/sruthibollu/anaconda3/envs/analytics-prep/lib/python3.9/site-packages/airflow/example_dags/example_short_circuit_operator.py
[2025-05-27T19:55:53.328-0400] {processor.py:743} INFO - Processing file /Users/sruthibollu/anaconda3/envs/analytics-prep/lib/python3.9/site-packages/airflow/example_dags/example_short_circuit_operator.py for tasks to queue
[2025-05-27T19:55:53.328-0400] {logging_mixin.py:137} INFO - [2025-05-27T19:55:53.328-0400] {dagbag.py:538} INFO - Filling up the DagBag from /Users/sruthibollu/anaconda3/envs/analytics-prep/lib/python3.9/site-packages/airflow/example_dags/example_short_circuit_operator.py
[2025-05-27T19:55:53.358-0400] {processor.py:753} INFO - DAG(s) dict_keys(['example_short_circuit_operator']) retrieved from /Users/sruthibollu/anaconda3/envs/analytics-prep/lib/python3.9/site-packages/airflow/example_dags/example_short_circuit_operator.py
[2025-05-27T19:55:53.714-0400] {logging_mixin.py:137} INFO - [2025-05-27T19:55:53.714-0400] {dag.py:2690} INFO - Sync 1 DAGs
[2025-05-27T19:55:53.721-0400] {logging_mixin.py:137} INFO - [2025-05-27T19:55:53.721-0400] {dag.py:3437} INFO - Setting next_dagrun for example_short_circuit_operator to 2025-05-26T23:55:53.721500+00:00, run_after=2025-05-27T23:55:53.721500+00:00
[2025-05-27T19:55:53.729-0400] {processor.py:175} INFO - Processing /Users/sruthibollu/anaconda3/envs/analytics-prep/lib/python3.9/site-packages/airflow/example_dags/example_short_circuit_operator.py took 0.403 seconds
