[2025-05-27T16:47:58.713-0400] {processor.py:153} INFO - Started process (PID=50014) to work on /Users/sruthibollu/anaconda3/envs/analytics-prep/lib/python3.9/site-packages/airflow/example_dags/example_sla_dag.py
[2025-05-27T16:47:58.715-0400] {processor.py:743} INFO - Processing file /Users/sruthibollu/anaconda3/envs/analytics-prep/lib/python3.9/site-packages/airflow/example_dags/example_sla_dag.py for tasks to queue
[2025-05-27T16:47:58.715-0400] {logging_mixin.py:137} INFO - [2025-05-27T16:47:58.715-0400] {dagbag.py:538} INFO - Filling up the DagBag from /Users/sruthibollu/anaconda3/envs/analytics-prep/lib/python3.9/site-packages/airflow/example_dags/example_sla_dag.py
[2025-05-27T16:47:58.747-0400] {processor.py:753} INFO - DAG(s) dict_keys(['example_sla_dag']) retrieved from /Users/sruthibollu/anaconda3/envs/analytics-prep/lib/python3.9/site-packages/airflow/example_dags/example_sla_dag.py
[2025-05-27T16:47:58.763-0400] {logging_mixin.py:137} INFO - [2025-05-27T16:47:58.763-0400] {dag.py:2690} INFO - Sync 1 DAGs
[2025-05-27T16:47:59.087-0400] {logging_mixin.py:137} INFO - [2025-05-27T16:47:59.086-0400] {dag.py:3437} INFO - Setting next_dagrun for example_sla_dag to 2025-05-27T20:44:00+00:00, run_after=2025-05-27T20:46:00+00:00
[2025-05-27T16:47:59.093-0400] {processor.py:175} INFO - Processing /Users/sruthibollu/anaconda3/envs/analytics-prep/lib/python3.9/site-packages/airflow/example_dags/example_sla_dag.py took 0.380 seconds
[2025-05-27T16:49:11.130-0400] {processor.py:153} INFO - Started process (PID=51085) to work on /Users/sruthibollu/anaconda3/envs/analytics-prep/lib/python3.9/site-packages/airflow/example_dags/example_sla_dag.py
[2025-05-27T16:49:11.133-0400] {processor.py:743} INFO - Processing file /Users/sruthibollu/anaconda3/envs/analytics-prep/lib/python3.9/site-packages/airflow/example_dags/example_sla_dag.py for tasks to queue
[2025-05-27T16:49:11.133-0400] {logging_mixin.py:137} INFO - [2025-05-27T16:49:11.133-0400] {dagbag.py:538} INFO - Filling up the DagBag from /Users/sruthibollu/anaconda3/envs/analytics-prep/lib/python3.9/site-packages/airflow/example_dags/example_sla_dag.py
[2025-05-27T16:49:11.174-0400] {processor.py:753} INFO - DAG(s) dict_keys(['example_sla_dag']) retrieved from /Users/sruthibollu/anaconda3/envs/analytics-prep/lib/python3.9/site-packages/airflow/example_dags/example_sla_dag.py
[2025-05-27T16:49:11.574-0400] {logging_mixin.py:137} INFO - [2025-05-27T16:49:11.574-0400] {dag.py:2690} INFO - Sync 1 DAGs
[2025-05-27T16:49:11.582-0400] {logging_mixin.py:137} INFO - [2025-05-27T16:49:11.582-0400] {dag.py:3437} INFO - Setting next_dagrun for example_sla_dag to 2025-05-27T20:46:00+00:00, run_after=2025-05-27T20:48:00+00:00
[2025-05-27T16:49:11.590-0400] {processor.py:175} INFO - Processing /Users/sruthibollu/anaconda3/envs/analytics-prep/lib/python3.9/site-packages/airflow/example_dags/example_sla_dag.py took 0.460 seconds
[2025-05-27T16:50:38.431-0400] {processor.py:153} INFO - Started process (PID=52144) to work on /Users/sruthibollu/anaconda3/envs/analytics-prep/lib/python3.9/site-packages/airflow/example_dags/example_sla_dag.py
[2025-05-27T16:50:38.436-0400] {processor.py:743} INFO - Processing file /Users/sruthibollu/anaconda3/envs/analytics-prep/lib/python3.9/site-packages/airflow/example_dags/example_sla_dag.py for tasks to queue
[2025-05-27T16:50:38.436-0400] {logging_mixin.py:137} INFO - [2025-05-27T16:50:38.436-0400] {dagbag.py:538} INFO - Filling up the DagBag from /Users/sruthibollu/anaconda3/envs/analytics-prep/lib/python3.9/site-packages/airflow/example_dags/example_sla_dag.py
[2025-05-27T16:50:38.469-0400] {processor.py:753} INFO - DAG(s) dict_keys(['example_sla_dag']) retrieved from /Users/sruthibollu/anaconda3/envs/analytics-prep/lib/python3.9/site-packages/airflow/example_dags/example_sla_dag.py
[2025-05-27T16:50:38.818-0400] {logging_mixin.py:137} INFO - [2025-05-27T16:50:38.818-0400] {dag.py:2690} INFO - Sync 1 DAGs
[2025-05-27T16:50:38.826-0400] {logging_mixin.py:137} INFO - [2025-05-27T16:50:38.826-0400] {dag.py:3437} INFO - Setting next_dagrun for example_sla_dag to 2025-05-27T20:48:00+00:00, run_after=2025-05-27T20:50:00+00:00
[2025-05-27T16:50:38.833-0400] {processor.py:175} INFO - Processing /Users/sruthibollu/anaconda3/envs/analytics-prep/lib/python3.9/site-packages/airflow/example_dags/example_sla_dag.py took 0.402 seconds
[2025-05-27T16:52:04.183-0400] {processor.py:153} INFO - Started process (PID=52641) to work on /Users/sruthibollu/anaconda3/envs/analytics-prep/lib/python3.9/site-packages/airflow/example_dags/example_sla_dag.py
[2025-05-27T16:52:04.186-0400] {processor.py:743} INFO - Processing file /Users/sruthibollu/anaconda3/envs/analytics-prep/lib/python3.9/site-packages/airflow/example_dags/example_sla_dag.py for tasks to queue
[2025-05-27T16:52:04.186-0400] {logging_mixin.py:137} INFO - [2025-05-27T16:52:04.186-0400] {dagbag.py:538} INFO - Filling up the DagBag from /Users/sruthibollu/anaconda3/envs/analytics-prep/lib/python3.9/site-packages/airflow/example_dags/example_sla_dag.py
[2025-05-27T16:52:04.220-0400] {processor.py:753} INFO - DAG(s) dict_keys(['example_sla_dag']) retrieved from /Users/sruthibollu/anaconda3/envs/analytics-prep/lib/python3.9/site-packages/airflow/example_dags/example_sla_dag.py
[2025-05-27T16:52:04.556-0400] {logging_mixin.py:137} INFO - [2025-05-27T16:52:04.556-0400] {dag.py:2690} INFO - Sync 1 DAGs
[2025-05-27T16:52:04.563-0400] {logging_mixin.py:137} INFO - [2025-05-27T16:52:04.563-0400] {dag.py:3437} INFO - Setting next_dagrun for example_sla_dag to 2025-05-27T20:50:00+00:00, run_after=2025-05-27T20:52:00+00:00
[2025-05-27T16:52:04.570-0400] {processor.py:175} INFO - Processing /Users/sruthibollu/anaconda3/envs/analytics-prep/lib/python3.9/site-packages/airflow/example_dags/example_sla_dag.py took 0.387 seconds
[2025-05-27T16:53:23.230-0400] {processor.py:153} INFO - Started process (PID=53111) to work on /Users/sruthibollu/anaconda3/envs/analytics-prep/lib/python3.9/site-packages/airflow/example_dags/example_sla_dag.py
[2025-05-27T16:53:23.232-0400] {processor.py:743} INFO - Processing file /Users/sruthibollu/anaconda3/envs/analytics-prep/lib/python3.9/site-packages/airflow/example_dags/example_sla_dag.py for tasks to queue
[2025-05-27T16:53:23.232-0400] {logging_mixin.py:137} INFO - [2025-05-27T16:53:23.232-0400] {dagbag.py:538} INFO - Filling up the DagBag from /Users/sruthibollu/anaconda3/envs/analytics-prep/lib/python3.9/site-packages/airflow/example_dags/example_sla_dag.py
[2025-05-27T16:53:23.266-0400] {processor.py:753} INFO - DAG(s) dict_keys(['example_sla_dag']) retrieved from /Users/sruthibollu/anaconda3/envs/analytics-prep/lib/python3.9/site-packages/airflow/example_dags/example_sla_dag.py
[2025-05-27T16:53:23.607-0400] {logging_mixin.py:137} INFO - [2025-05-27T16:53:23.606-0400] {dag.py:2690} INFO - Sync 1 DAGs
[2025-05-27T16:53:23.614-0400] {logging_mixin.py:137} INFO - [2025-05-27T16:53:23.614-0400] {dag.py:3437} INFO - Setting next_dagrun for example_sla_dag to 2025-05-27T20:50:00+00:00, run_after=2025-05-27T20:52:00+00:00
[2025-05-27T16:53:23.620-0400] {processor.py:175} INFO - Processing /Users/sruthibollu/anaconda3/envs/analytics-prep/lib/python3.9/site-packages/airflow/example_dags/example_sla_dag.py took 0.391 seconds
[2025-05-27T17:38:50.513-0400] {processor.py:153} INFO - Started process (PID=53734) to work on /Users/sruthibollu/anaconda3/envs/analytics-prep/lib/python3.9/site-packages/airflow/example_dags/example_sla_dag.py
[2025-05-27T17:38:50.515-0400] {processor.py:743} INFO - Processing file /Users/sruthibollu/anaconda3/envs/analytics-prep/lib/python3.9/site-packages/airflow/example_dags/example_sla_dag.py for tasks to queue
[2025-05-27T17:38:50.515-0400] {logging_mixin.py:137} INFO - [2025-05-27T17:38:50.515-0400] {dagbag.py:538} INFO - Filling up the DagBag from /Users/sruthibollu/anaconda3/envs/analytics-prep/lib/python3.9/site-packages/airflow/example_dags/example_sla_dag.py
[2025-05-27T17:38:50.547-0400] {processor.py:753} INFO - DAG(s) dict_keys(['example_sla_dag']) retrieved from /Users/sruthibollu/anaconda3/envs/analytics-prep/lib/python3.9/site-packages/airflow/example_dags/example_sla_dag.py
[2025-05-27T17:38:50.869-0400] {logging_mixin.py:137} INFO - [2025-05-27T17:38:50.869-0400] {dag.py:2690} INFO - Sync 1 DAGs
[2025-05-27T17:38:50.876-0400] {logging_mixin.py:137} INFO - [2025-05-27T17:38:50.876-0400] {dag.py:3437} INFO - Setting next_dagrun for example_sla_dag to 2025-05-27T21:36:00+00:00, run_after=2025-05-27T21:38:00+00:00
[2025-05-27T17:38:50.882-0400] {processor.py:175} INFO - Processing /Users/sruthibollu/anaconda3/envs/analytics-prep/lib/python3.9/site-packages/airflow/example_dags/example_sla_dag.py took 0.370 seconds
[2025-05-27T18:06:46.686-0400] {processor.py:153} INFO - Started process (PID=54397) to work on /Users/sruthibollu/anaconda3/envs/analytics-prep/lib/python3.9/site-packages/airflow/example_dags/example_sla_dag.py
[2025-05-27T18:06:46.688-0400] {processor.py:743} INFO - Processing file /Users/sruthibollu/anaconda3/envs/analytics-prep/lib/python3.9/site-packages/airflow/example_dags/example_sla_dag.py for tasks to queue
[2025-05-27T18:06:46.688-0400] {logging_mixin.py:137} INFO - [2025-05-27T18:06:46.688-0400] {dagbag.py:538} INFO - Filling up the DagBag from /Users/sruthibollu/anaconda3/envs/analytics-prep/lib/python3.9/site-packages/airflow/example_dags/example_sla_dag.py
[2025-05-27T18:06:46.720-0400] {processor.py:753} INFO - DAG(s) dict_keys(['example_sla_dag']) retrieved from /Users/sruthibollu/anaconda3/envs/analytics-prep/lib/python3.9/site-packages/airflow/example_dags/example_sla_dag.py
[2025-05-27T18:06:47.060-0400] {logging_mixin.py:137} INFO - [2025-05-27T18:06:47.059-0400] {dag.py:2690} INFO - Sync 1 DAGs
[2025-05-27T18:06:47.067-0400] {logging_mixin.py:137} INFO - [2025-05-27T18:06:47.067-0400] {dag.py:3437} INFO - Setting next_dagrun for example_sla_dag to 2025-05-27T22:04:00+00:00, run_after=2025-05-27T22:06:00+00:00
[2025-05-27T18:06:47.073-0400] {processor.py:175} INFO - Processing /Users/sruthibollu/anaconda3/envs/analytics-prep/lib/python3.9/site-packages/airflow/example_dags/example_sla_dag.py took 0.387 seconds
[2025-05-27T18:30:32.219-0400] {processor.py:153} INFO - Started process (PID=54762) to work on /Users/sruthibollu/anaconda3/envs/analytics-prep/lib/python3.9/site-packages/airflow/example_dags/example_sla_dag.py
[2025-05-27T18:30:32.221-0400] {processor.py:743} INFO - Processing file /Users/sruthibollu/anaconda3/envs/analytics-prep/lib/python3.9/site-packages/airflow/example_dags/example_sla_dag.py for tasks to queue
[2025-05-27T18:30:32.221-0400] {logging_mixin.py:137} INFO - [2025-05-27T18:30:32.221-0400] {dagbag.py:538} INFO - Filling up the DagBag from /Users/sruthibollu/anaconda3/envs/analytics-prep/lib/python3.9/site-packages/airflow/example_dags/example_sla_dag.py
[2025-05-27T18:30:32.256-0400] {processor.py:753} INFO - DAG(s) dict_keys(['example_sla_dag']) retrieved from /Users/sruthibollu/anaconda3/envs/analytics-prep/lib/python3.9/site-packages/airflow/example_dags/example_sla_dag.py
[2025-05-27T18:30:32.620-0400] {logging_mixin.py:137} INFO - [2025-05-27T18:30:32.620-0400] {dag.py:2690} INFO - Sync 1 DAGs
[2025-05-27T18:30:32.628-0400] {logging_mixin.py:137} INFO - [2025-05-27T18:30:32.628-0400] {dag.py:3437} INFO - Setting next_dagrun for example_sla_dag to 2025-05-27T22:28:00+00:00, run_after=2025-05-27T22:30:00+00:00
[2025-05-27T18:30:32.638-0400] {processor.py:175} INFO - Processing /Users/sruthibollu/anaconda3/envs/analytics-prep/lib/python3.9/site-packages/airflow/example_dags/example_sla_dag.py took 0.420 seconds
[2025-05-27T18:39:24.906-0400] {processor.py:153} INFO - Started process (PID=55408) to work on /Users/sruthibollu/anaconda3/envs/analytics-prep/lib/python3.9/site-packages/airflow/example_dags/example_sla_dag.py
[2025-05-27T18:39:24.908-0400] {processor.py:743} INFO - Processing file /Users/sruthibollu/anaconda3/envs/analytics-prep/lib/python3.9/site-packages/airflow/example_dags/example_sla_dag.py for tasks to queue
[2025-05-27T18:39:24.909-0400] {logging_mixin.py:137} INFO - [2025-05-27T18:39:24.908-0400] {dagbag.py:538} INFO - Filling up the DagBag from /Users/sruthibollu/anaconda3/envs/analytics-prep/lib/python3.9/site-packages/airflow/example_dags/example_sla_dag.py
[2025-05-27T18:39:24.946-0400] {processor.py:753} INFO - DAG(s) dict_keys(['example_sla_dag']) retrieved from /Users/sruthibollu/anaconda3/envs/analytics-prep/lib/python3.9/site-packages/airflow/example_dags/example_sla_dag.py
[2025-05-27T18:39:25.336-0400] {logging_mixin.py:137} INFO - [2025-05-27T18:39:25.336-0400] {dag.py:2690} INFO - Sync 1 DAGs
[2025-05-27T18:39:25.344-0400] {logging_mixin.py:137} INFO - [2025-05-27T18:39:25.344-0400] {dag.py:3437} INFO - Setting next_dagrun for example_sla_dag to 2025-05-27T22:36:00+00:00, run_after=2025-05-27T22:38:00+00:00
[2025-05-27T18:39:25.351-0400] {processor.py:175} INFO - Processing /Users/sruthibollu/anaconda3/envs/analytics-prep/lib/python3.9/site-packages/airflow/example_dags/example_sla_dag.py took 0.446 seconds
[2025-05-27T18:55:00.564-0400] {processor.py:153} INFO - Started process (PID=55825) to work on /Users/sruthibollu/anaconda3/envs/analytics-prep/lib/python3.9/site-packages/airflow/example_dags/example_sla_dag.py
[2025-05-27T18:55:00.566-0400] {processor.py:743} INFO - Processing file /Users/sruthibollu/anaconda3/envs/analytics-prep/lib/python3.9/site-packages/airflow/example_dags/example_sla_dag.py for tasks to queue
[2025-05-27T18:55:00.567-0400] {logging_mixin.py:137} INFO - [2025-05-27T18:55:00.567-0400] {dagbag.py:538} INFO - Filling up the DagBag from /Users/sruthibollu/anaconda3/envs/analytics-prep/lib/python3.9/site-packages/airflow/example_dags/example_sla_dag.py
[2025-05-27T18:55:00.600-0400] {processor.py:753} INFO - DAG(s) dict_keys(['example_sla_dag']) retrieved from /Users/sruthibollu/anaconda3/envs/analytics-prep/lib/python3.9/site-packages/airflow/example_dags/example_sla_dag.py
[2025-05-27T18:55:00.961-0400] {logging_mixin.py:137} INFO - [2025-05-27T18:55:00.961-0400] {dag.py:2690} INFO - Sync 1 DAGs
[2025-05-27T18:55:00.968-0400] {logging_mixin.py:137} INFO - [2025-05-27T18:55:00.968-0400] {dag.py:3437} INFO - Setting next_dagrun for example_sla_dag to 2025-05-27T22:52:00+00:00, run_after=2025-05-27T22:54:00+00:00
[2025-05-27T18:55:00.974-0400] {processor.py:175} INFO - Processing /Users/sruthibollu/anaconda3/envs/analytics-prep/lib/python3.9/site-packages/airflow/example_dags/example_sla_dag.py took 0.411 seconds
[2025-05-27T19:36:39.768-0400] {processor.py:153} INFO - Started process (PID=56240) to work on /Users/sruthibollu/anaconda3/envs/analytics-prep/lib/python3.9/site-packages/airflow/example_dags/example_sla_dag.py
[2025-05-27T19:36:39.770-0400] {processor.py:743} INFO - Processing file /Users/sruthibollu/anaconda3/envs/analytics-prep/lib/python3.9/site-packages/airflow/example_dags/example_sla_dag.py for tasks to queue
[2025-05-27T19:36:39.770-0400] {logging_mixin.py:137} INFO - [2025-05-27T19:36:39.770-0400] {dagbag.py:538} INFO - Filling up the DagBag from /Users/sruthibollu/anaconda3/envs/analytics-prep/lib/python3.9/site-packages/airflow/example_dags/example_sla_dag.py
[2025-05-27T19:36:39.808-0400] {processor.py:753} INFO - DAG(s) dict_keys(['example_sla_dag']) retrieved from /Users/sruthibollu/anaconda3/envs/analytics-prep/lib/python3.9/site-packages/airflow/example_dags/example_sla_dag.py
[2025-05-27T19:36:40.159-0400] {logging_mixin.py:137} INFO - [2025-05-27T19:36:40.158-0400] {dag.py:2690} INFO - Sync 1 DAGs
[2025-05-27T19:36:40.167-0400] {logging_mixin.py:137} INFO - [2025-05-27T19:36:40.167-0400] {dag.py:3437} INFO - Setting next_dagrun for example_sla_dag to 2025-05-27T23:34:00+00:00, run_after=2025-05-27T23:36:00+00:00
[2025-05-27T19:36:40.174-0400] {processor.py:175} INFO - Processing /Users/sruthibollu/anaconda3/envs/analytics-prep/lib/python3.9/site-packages/airflow/example_dags/example_sla_dag.py took 0.407 seconds
[2025-05-27T19:55:50.350-0400] {processor.py:153} INFO - Started process (PID=56695) to work on /Users/sruthibollu/anaconda3/envs/analytics-prep/lib/python3.9/site-packages/airflow/example_dags/example_sla_dag.py
[2025-05-27T19:55:50.354-0400] {processor.py:743} INFO - Processing file /Users/sruthibollu/anaconda3/envs/analytics-prep/lib/python3.9/site-packages/airflow/example_dags/example_sla_dag.py for tasks to queue
[2025-05-27T19:55:50.355-0400] {logging_mixin.py:137} INFO - [2025-05-27T19:55:50.355-0400] {dagbag.py:538} INFO - Filling up the DagBag from /Users/sruthibollu/anaconda3/envs/analytics-prep/lib/python3.9/site-packages/airflow/example_dags/example_sla_dag.py
[2025-05-27T19:55:50.389-0400] {processor.py:753} INFO - DAG(s) dict_keys(['example_sla_dag']) retrieved from /Users/sruthibollu/anaconda3/envs/analytics-prep/lib/python3.9/site-packages/airflow/example_dags/example_sla_dag.py
[2025-05-27T19:55:50.799-0400] {logging_mixin.py:137} INFO - [2025-05-27T19:55:50.799-0400] {dag.py:2690} INFO - Sync 1 DAGs
[2025-05-27T19:55:50.807-0400] {logging_mixin.py:137} INFO - [2025-05-27T19:55:50.807-0400] {dag.py:3437} INFO - Setting next_dagrun for example_sla_dag to 2025-05-27T23:52:00+00:00, run_after=2025-05-27T23:54:00+00:00
[2025-05-27T19:55:50.813-0400] {processor.py:175} INFO - Processing /Users/sruthibollu/anaconda3/envs/analytics-prep/lib/python3.9/site-packages/airflow/example_dags/example_sla_dag.py took 0.463 seconds
