[2025-05-27T16:47:40.310-0400] {processor.py:153} INFO - Started process (PID=49913) to work on /Users/sruthibollu/anaconda3/envs/analytics-prep/lib/python3.9/site-packages/airflow/example_dags/tutorial_taskflow_api.py
[2025-05-27T16:47:40.313-0400] {processor.py:743} INFO - Processing file /Users/sruthibollu/anaconda3/envs/analytics-prep/lib/python3.9/site-packages/airflow/example_dags/tutorial_taskflow_api.py for tasks to queue
[2025-05-27T16:47:40.313-0400] {logging_mixin.py:137} INFO - [2025-05-27T16:47:40.313-0400] {dagbag.py:538} INFO - Filling up the DagBag from /Users/sruthibollu/anaconda3/envs/analytics-prep/lib/python3.9/site-packages/airflow/example_dags/tutorial_taskflow_api.py
[2025-05-27T16:47:40.343-0400] {processor.py:753} INFO - DAG(s) dict_keys(['tutorial_taskflow_api']) retrieved from /Users/sruthibollu/anaconda3/envs/analytics-prep/lib/python3.9/site-packages/airflow/example_dags/tutorial_taskflow_api.py
[2025-05-27T16:47:40.360-0400] {logging_mixin.py:137} INFO - [2025-05-27T16:47:40.360-0400] {dag.py:2690} INFO - Sync 1 DAGs
[2025-05-27T16:47:40.681-0400] {logging_mixin.py:137} INFO - [2025-05-27T16:47:40.681-0400] {dag.py:3437} INFO - Setting next_dagrun for tutorial_taskflow_api to None, run_after=None
[2025-05-27T16:47:40.687-0400] {processor.py:175} INFO - Processing /Users/sruthibollu/anaconda3/envs/analytics-prep/lib/python3.9/site-packages/airflow/example_dags/tutorial_taskflow_api.py took 0.377 seconds
[2025-05-27T16:48:50.107-0400] {processor.py:153} INFO - Started process (PID=50962) to work on /Users/sruthibollu/anaconda3/envs/analytics-prep/lib/python3.9/site-packages/airflow/example_dags/tutorial_taskflow_api.py
[2025-05-27T16:48:50.109-0400] {processor.py:743} INFO - Processing file /Users/sruthibollu/anaconda3/envs/analytics-prep/lib/python3.9/site-packages/airflow/example_dags/tutorial_taskflow_api.py for tasks to queue
[2025-05-27T16:48:50.110-0400] {logging_mixin.py:137} INFO - [2025-05-27T16:48:50.110-0400] {dagbag.py:538} INFO - Filling up the DagBag from /Users/sruthibollu/anaconda3/envs/analytics-prep/lib/python3.9/site-packages/airflow/example_dags/tutorial_taskflow_api.py
[2025-05-27T16:48:50.140-0400] {processor.py:753} INFO - DAG(s) dict_keys(['tutorial_taskflow_api']) retrieved from /Users/sruthibollu/anaconda3/envs/analytics-prep/lib/python3.9/site-packages/airflow/example_dags/tutorial_taskflow_api.py
[2025-05-27T16:48:50.508-0400] {logging_mixin.py:137} INFO - [2025-05-27T16:48:50.508-0400] {dag.py:2690} INFO - Sync 1 DAGs
[2025-05-27T16:48:50.514-0400] {logging_mixin.py:137} INFO - [2025-05-27T16:48:50.514-0400] {dag.py:3437} INFO - Setting next_dagrun for tutorial_taskflow_api to None, run_after=None
[2025-05-27T16:48:50.520-0400] {processor.py:175} INFO - Processing /Users/sruthibollu/anaconda3/envs/analytics-prep/lib/python3.9/site-packages/airflow/example_dags/tutorial_taskflow_api.py took 0.414 seconds
[2025-05-27T16:49:34.754-0400] {processor.py:153} INFO - Started process (PID=51435) to work on /Users/sruthibollu/anaconda3/envs/analytics-prep/lib/python3.9/site-packages/airflow/example_dags/tutorial_taskflow_api.py
[2025-05-27T16:49:34.756-0400] {processor.py:743} INFO - Processing file /Users/sruthibollu/anaconda3/envs/analytics-prep/lib/python3.9/site-packages/airflow/example_dags/tutorial_taskflow_api.py for tasks to queue
[2025-05-27T16:49:34.756-0400] {logging_mixin.py:137} INFO - [2025-05-27T16:49:34.756-0400] {dagbag.py:538} INFO - Filling up the DagBag from /Users/sruthibollu/anaconda3/envs/analytics-prep/lib/python3.9/site-packages/airflow/example_dags/tutorial_taskflow_api.py
[2025-05-27T16:49:34.788-0400] {processor.py:753} INFO - DAG(s) dict_keys(['tutorial_taskflow_api']) retrieved from /Users/sruthibollu/anaconda3/envs/analytics-prep/lib/python3.9/site-packages/airflow/example_dags/tutorial_taskflow_api.py
[2025-05-27T16:49:35.126-0400] {logging_mixin.py:137} INFO - [2025-05-27T16:49:35.126-0400] {dag.py:2690} INFO - Sync 1 DAGs
[2025-05-27T16:49:35.133-0400] {logging_mixin.py:137} INFO - [2025-05-27T16:49:35.133-0400] {dag.py:3437} INFO - Setting next_dagrun for tutorial_taskflow_api to None, run_after=None
[2025-05-27T16:49:35.141-0400] {processor.py:175} INFO - Processing /Users/sruthibollu/anaconda3/envs/analytics-prep/lib/python3.9/site-packages/airflow/example_dags/tutorial_taskflow_api.py took 0.388 seconds
[2025-05-27T16:50:18.482-0400] {processor.py:153} INFO - Started process (PID=52031) to work on /Users/sruthibollu/anaconda3/envs/analytics-prep/lib/python3.9/site-packages/airflow/example_dags/tutorial_taskflow_api.py
[2025-05-27T16:50:18.484-0400] {processor.py:743} INFO - Processing file /Users/sruthibollu/anaconda3/envs/analytics-prep/lib/python3.9/site-packages/airflow/example_dags/tutorial_taskflow_api.py for tasks to queue
[2025-05-27T16:50:18.484-0400] {logging_mixin.py:137} INFO - [2025-05-27T16:50:18.484-0400] {dagbag.py:538} INFO - Filling up the DagBag from /Users/sruthibollu/anaconda3/envs/analytics-prep/lib/python3.9/site-packages/airflow/example_dags/tutorial_taskflow_api.py
[2025-05-27T16:50:18.516-0400] {processor.py:753} INFO - DAG(s) dict_keys(['tutorial_taskflow_api']) retrieved from /Users/sruthibollu/anaconda3/envs/analytics-prep/lib/python3.9/site-packages/airflow/example_dags/tutorial_taskflow_api.py
[2025-05-27T16:50:18.851-0400] {logging_mixin.py:137} INFO - [2025-05-27T16:50:18.850-0400] {dag.py:2690} INFO - Sync 1 DAGs
[2025-05-27T16:50:18.857-0400] {logging_mixin.py:137} INFO - [2025-05-27T16:50:18.857-0400] {dag.py:3437} INFO - Setting next_dagrun for tutorial_taskflow_api to None, run_after=None
[2025-05-27T16:50:18.863-0400] {processor.py:175} INFO - Processing /Users/sruthibollu/anaconda3/envs/analytics-prep/lib/python3.9/site-packages/airflow/example_dags/tutorial_taskflow_api.py took 0.381 seconds
[2025-05-27T16:50:57.358-0400] {processor.py:153} INFO - Started process (PID=52254) to work on /Users/sruthibollu/anaconda3/envs/analytics-prep/lib/python3.9/site-packages/airflow/example_dags/tutorial_taskflow_api.py
[2025-05-27T16:50:57.361-0400] {processor.py:743} INFO - Processing file /Users/sruthibollu/anaconda3/envs/analytics-prep/lib/python3.9/site-packages/airflow/example_dags/tutorial_taskflow_api.py for tasks to queue
[2025-05-27T16:50:57.361-0400] {logging_mixin.py:137} INFO - [2025-05-27T16:50:57.361-0400] {dagbag.py:538} INFO - Filling up the DagBag from /Users/sruthibollu/anaconda3/envs/analytics-prep/lib/python3.9/site-packages/airflow/example_dags/tutorial_taskflow_api.py
[2025-05-27T16:50:57.404-0400] {processor.py:753} INFO - DAG(s) dict_keys(['tutorial_taskflow_api']) retrieved from /Users/sruthibollu/anaconda3/envs/analytics-prep/lib/python3.9/site-packages/airflow/example_dags/tutorial_taskflow_api.py
[2025-05-27T16:50:57.807-0400] {logging_mixin.py:137} INFO - [2025-05-27T16:50:57.807-0400] {dag.py:2690} INFO - Sync 1 DAGs
[2025-05-27T16:50:57.831-0400] {logging_mixin.py:137} INFO - [2025-05-27T16:50:57.831-0400] {dag.py:3437} INFO - Setting next_dagrun for tutorial_taskflow_api to None, run_after=None
[2025-05-27T16:50:57.847-0400] {processor.py:175} INFO - Processing /Users/sruthibollu/anaconda3/envs/analytics-prep/lib/python3.9/site-packages/airflow/example_dags/tutorial_taskflow_api.py took 0.489 seconds
[2025-05-27T16:51:45.256-0400] {processor.py:153} INFO - Started process (PID=52523) to work on /Users/sruthibollu/anaconda3/envs/analytics-prep/lib/python3.9/site-packages/airflow/example_dags/tutorial_taskflow_api.py
[2025-05-27T16:51:45.259-0400] {processor.py:743} INFO - Processing file /Users/sruthibollu/anaconda3/envs/analytics-prep/lib/python3.9/site-packages/airflow/example_dags/tutorial_taskflow_api.py for tasks to queue
[2025-05-27T16:51:45.260-0400] {logging_mixin.py:137} INFO - [2025-05-27T16:51:45.260-0400] {dagbag.py:538} INFO - Filling up the DagBag from /Users/sruthibollu/anaconda3/envs/analytics-prep/lib/python3.9/site-packages/airflow/example_dags/tutorial_taskflow_api.py
[2025-05-27T16:51:45.298-0400] {processor.py:753} INFO - DAG(s) dict_keys(['tutorial_taskflow_api']) retrieved from /Users/sruthibollu/anaconda3/envs/analytics-prep/lib/python3.9/site-packages/airflow/example_dags/tutorial_taskflow_api.py
[2025-05-27T16:51:45.684-0400] {logging_mixin.py:137} INFO - [2025-05-27T16:51:45.684-0400] {dag.py:2690} INFO - Sync 1 DAGs
[2025-05-27T16:51:45.690-0400] {logging_mixin.py:137} INFO - [2025-05-27T16:51:45.690-0400] {dag.py:3437} INFO - Setting next_dagrun for tutorial_taskflow_api to None, run_after=None
[2025-05-27T16:51:45.697-0400] {processor.py:175} INFO - Processing /Users/sruthibollu/anaconda3/envs/analytics-prep/lib/python3.9/site-packages/airflow/example_dags/tutorial_taskflow_api.py took 0.441 seconds
[2025-05-27T16:52:35.540-0400] {processor.py:153} INFO - Started process (PID=52824) to work on /Users/sruthibollu/anaconda3/envs/analytics-prep/lib/python3.9/site-packages/airflow/example_dags/tutorial_taskflow_api.py
[2025-05-27T16:52:35.542-0400] {processor.py:743} INFO - Processing file /Users/sruthibollu/anaconda3/envs/analytics-prep/lib/python3.9/site-packages/airflow/example_dags/tutorial_taskflow_api.py for tasks to queue
[2025-05-27T16:52:35.543-0400] {logging_mixin.py:137} INFO - [2025-05-27T16:52:35.543-0400] {dagbag.py:538} INFO - Filling up the DagBag from /Users/sruthibollu/anaconda3/envs/analytics-prep/lib/python3.9/site-packages/airflow/example_dags/tutorial_taskflow_api.py
[2025-05-27T16:52:35.578-0400] {processor.py:753} INFO - DAG(s) dict_keys(['tutorial_taskflow_api']) retrieved from /Users/sruthibollu/anaconda3/envs/analytics-prep/lib/python3.9/site-packages/airflow/example_dags/tutorial_taskflow_api.py
[2025-05-27T16:52:35.933-0400] {logging_mixin.py:137} INFO - [2025-05-27T16:52:35.933-0400] {dag.py:2690} INFO - Sync 1 DAGs
[2025-05-27T16:52:35.940-0400] {logging_mixin.py:137} INFO - [2025-05-27T16:52:35.940-0400] {dag.py:3437} INFO - Setting next_dagrun for tutorial_taskflow_api to None, run_after=None
[2025-05-27T16:52:35.946-0400] {processor.py:175} INFO - Processing /Users/sruthibollu/anaconda3/envs/analytics-prep/lib/python3.9/site-packages/airflow/example_dags/tutorial_taskflow_api.py took 0.407 seconds
[2025-05-27T16:53:13.878-0400] {processor.py:153} INFO - Started process (PID=53052) to work on /Users/sruthibollu/anaconda3/envs/analytics-prep/lib/python3.9/site-packages/airflow/example_dags/tutorial_taskflow_api.py
[2025-05-27T16:53:13.880-0400] {processor.py:743} INFO - Processing file /Users/sruthibollu/anaconda3/envs/analytics-prep/lib/python3.9/site-packages/airflow/example_dags/tutorial_taskflow_api.py for tasks to queue
[2025-05-27T16:53:13.880-0400] {logging_mixin.py:137} INFO - [2025-05-27T16:53:13.880-0400] {dagbag.py:538} INFO - Filling up the DagBag from /Users/sruthibollu/anaconda3/envs/analytics-prep/lib/python3.9/site-packages/airflow/example_dags/tutorial_taskflow_api.py
[2025-05-27T16:53:13.911-0400] {processor.py:753} INFO - DAG(s) dict_keys(['tutorial_taskflow_api']) retrieved from /Users/sruthibollu/anaconda3/envs/analytics-prep/lib/python3.9/site-packages/airflow/example_dags/tutorial_taskflow_api.py
[2025-05-27T16:53:14.246-0400] {logging_mixin.py:137} INFO - [2025-05-27T16:53:14.246-0400] {dag.py:2690} INFO - Sync 1 DAGs
[2025-05-27T16:53:14.253-0400] {logging_mixin.py:137} INFO - [2025-05-27T16:53:14.253-0400] {dag.py:3437} INFO - Setting next_dagrun for tutorial_taskflow_api to None, run_after=None
[2025-05-27T16:53:14.260-0400] {processor.py:175} INFO - Processing /Users/sruthibollu/anaconda3/envs/analytics-prep/lib/python3.9/site-packages/airflow/example_dags/tutorial_taskflow_api.py took 0.382 seconds
[2025-05-27T16:53:53.655-0400] {processor.py:153} INFO - Started process (PID=53286) to work on /Users/sruthibollu/anaconda3/envs/analytics-prep/lib/python3.9/site-packages/airflow/example_dags/tutorial_taskflow_api.py
[2025-05-27T16:53:53.657-0400] {processor.py:743} INFO - Processing file /Users/sruthibollu/anaconda3/envs/analytics-prep/lib/python3.9/site-packages/airflow/example_dags/tutorial_taskflow_api.py for tasks to queue
[2025-05-27T16:53:53.657-0400] {logging_mixin.py:137} INFO - [2025-05-27T16:53:53.657-0400] {dagbag.py:538} INFO - Filling up the DagBag from /Users/sruthibollu/anaconda3/envs/analytics-prep/lib/python3.9/site-packages/airflow/example_dags/tutorial_taskflow_api.py
[2025-05-27T16:53:53.696-0400] {processor.py:753} INFO - DAG(s) dict_keys(['tutorial_taskflow_api']) retrieved from /Users/sruthibollu/anaconda3/envs/analytics-prep/lib/python3.9/site-packages/airflow/example_dags/tutorial_taskflow_api.py
[2025-05-27T16:53:54.033-0400] {logging_mixin.py:137} INFO - [2025-05-27T16:53:54.033-0400] {dag.py:2690} INFO - Sync 1 DAGs
[2025-05-27T16:53:54.039-0400] {logging_mixin.py:137} INFO - [2025-05-27T16:53:54.039-0400] {dag.py:3437} INFO - Setting next_dagrun for tutorial_taskflow_api to None, run_after=None
[2025-05-27T16:53:54.045-0400] {processor.py:175} INFO - Processing /Users/sruthibollu/anaconda3/envs/analytics-prep/lib/python3.9/site-packages/airflow/example_dags/tutorial_taskflow_api.py took 0.391 seconds
[2025-05-27T17:31:20.689-0400] {processor.py:153} INFO - Started process (PID=53583) to work on /Users/sruthibollu/anaconda3/envs/analytics-prep/lib/python3.9/site-packages/airflow/example_dags/tutorial_taskflow_api.py
[2025-05-27T17:31:20.691-0400] {processor.py:743} INFO - Processing file /Users/sruthibollu/anaconda3/envs/analytics-prep/lib/python3.9/site-packages/airflow/example_dags/tutorial_taskflow_api.py for tasks to queue
[2025-05-27T17:31:20.692-0400] {logging_mixin.py:137} INFO - [2025-05-27T17:31:20.691-0400] {dagbag.py:538} INFO - Filling up the DagBag from /Users/sruthibollu/anaconda3/envs/analytics-prep/lib/python3.9/site-packages/airflow/example_dags/tutorial_taskflow_api.py
[2025-05-27T17:31:20.726-0400] {processor.py:753} INFO - DAG(s) dict_keys(['tutorial_taskflow_api']) retrieved from /Users/sruthibollu/anaconda3/envs/analytics-prep/lib/python3.9/site-packages/airflow/example_dags/tutorial_taskflow_api.py
[2025-05-27T17:31:21.091-0400] {logging_mixin.py:137} INFO - [2025-05-27T17:31:21.091-0400] {dag.py:2690} INFO - Sync 1 DAGs
[2025-05-27T17:31:21.098-0400] {logging_mixin.py:137} INFO - [2025-05-27T17:31:21.098-0400] {dag.py:3437} INFO - Setting next_dagrun for tutorial_taskflow_api to None, run_after=None
[2025-05-27T17:31:21.105-0400] {processor.py:175} INFO - Processing /Users/sruthibollu/anaconda3/envs/analytics-prep/lib/python3.9/site-packages/airflow/example_dags/tutorial_taskflow_api.py took 0.416 seconds
[2025-05-27T18:06:18.968-0400] {processor.py:153} INFO - Started process (PID=54148) to work on /Users/sruthibollu/anaconda3/envs/analytics-prep/lib/python3.9/site-packages/airflow/example_dags/tutorial_taskflow_api.py
[2025-05-27T18:06:18.973-0400] {processor.py:743} INFO - Processing file /Users/sruthibollu/anaconda3/envs/analytics-prep/lib/python3.9/site-packages/airflow/example_dags/tutorial_taskflow_api.py for tasks to queue
[2025-05-27T18:06:18.976-0400] {logging_mixin.py:137} INFO - [2025-05-27T18:06:18.975-0400] {dagbag.py:538} INFO - Filling up the DagBag from /Users/sruthibollu/anaconda3/envs/analytics-prep/lib/python3.9/site-packages/airflow/example_dags/tutorial_taskflow_api.py
[2025-05-27T18:06:19.152-0400] {processor.py:753} INFO - DAG(s) dict_keys(['tutorial_taskflow_api']) retrieved from /Users/sruthibollu/anaconda3/envs/analytics-prep/lib/python3.9/site-packages/airflow/example_dags/tutorial_taskflow_api.py
[2025-05-27T18:06:19.677-0400] {logging_mixin.py:137} INFO - [2025-05-27T18:06:19.677-0400] {dag.py:2690} INFO - Sync 1 DAGs
[2025-05-27T18:06:19.685-0400] {logging_mixin.py:137} INFO - [2025-05-27T18:06:19.685-0400] {dag.py:3437} INFO - Setting next_dagrun for tutorial_taskflow_api to None, run_after=None
[2025-05-27T18:06:19.691-0400] {processor.py:175} INFO - Processing /Users/sruthibollu/anaconda3/envs/analytics-prep/lib/python3.9/site-packages/airflow/example_dags/tutorial_taskflow_api.py took 0.725 seconds
[2025-05-27T18:19:40.288-0400] {processor.py:153} INFO - Started process (PID=54614) to work on /Users/sruthibollu/anaconda3/envs/analytics-prep/lib/python3.9/site-packages/airflow/example_dags/tutorial_taskflow_api.py
[2025-05-27T18:19:40.291-0400] {processor.py:743} INFO - Processing file /Users/sruthibollu/anaconda3/envs/analytics-prep/lib/python3.9/site-packages/airflow/example_dags/tutorial_taskflow_api.py for tasks to queue
[2025-05-27T18:19:40.291-0400] {logging_mixin.py:137} INFO - [2025-05-27T18:19:40.291-0400] {dagbag.py:538} INFO - Filling up the DagBag from /Users/sruthibollu/anaconda3/envs/analytics-prep/lib/python3.9/site-packages/airflow/example_dags/tutorial_taskflow_api.py
[2025-05-27T18:19:40.323-0400] {processor.py:753} INFO - DAG(s) dict_keys(['tutorial_taskflow_api']) retrieved from /Users/sruthibollu/anaconda3/envs/analytics-prep/lib/python3.9/site-packages/airflow/example_dags/tutorial_taskflow_api.py
[2025-05-27T18:19:40.658-0400] {logging_mixin.py:137} INFO - [2025-05-27T18:19:40.658-0400] {dag.py:2690} INFO - Sync 1 DAGs
[2025-05-27T18:19:40.664-0400] {logging_mixin.py:137} INFO - [2025-05-27T18:19:40.664-0400] {dag.py:3437} INFO - Setting next_dagrun for tutorial_taskflow_api to None, run_after=None
[2025-05-27T18:19:40.670-0400] {processor.py:175} INFO - Processing /Users/sruthibollu/anaconda3/envs/analytics-prep/lib/python3.9/site-packages/airflow/example_dags/tutorial_taskflow_api.py took 0.382 seconds
[2025-05-27T18:31:17.355-0400] {processor.py:153} INFO - Started process (PID=54997) to work on /Users/sruthibollu/anaconda3/envs/analytics-prep/lib/python3.9/site-packages/airflow/example_dags/tutorial_taskflow_api.py
[2025-05-27T18:31:17.358-0400] {processor.py:743} INFO - Processing file /Users/sruthibollu/anaconda3/envs/analytics-prep/lib/python3.9/site-packages/airflow/example_dags/tutorial_taskflow_api.py for tasks to queue
[2025-05-27T18:31:17.358-0400] {logging_mixin.py:137} INFO - [2025-05-27T18:31:17.358-0400] {dagbag.py:538} INFO - Filling up the DagBag from /Users/sruthibollu/anaconda3/envs/analytics-prep/lib/python3.9/site-packages/airflow/example_dags/tutorial_taskflow_api.py
[2025-05-27T18:31:17.417-0400] {processor.py:753} INFO - DAG(s) dict_keys(['tutorial_taskflow_api']) retrieved from /Users/sruthibollu/anaconda3/envs/analytics-prep/lib/python3.9/site-packages/airflow/example_dags/tutorial_taskflow_api.py
[2025-05-27T18:31:18.002-0400] {logging_mixin.py:137} INFO - [2025-05-27T18:31:18.002-0400] {dag.py:2690} INFO - Sync 1 DAGs
[2025-05-27T18:31:18.012-0400] {logging_mixin.py:137} INFO - [2025-05-27T18:31:18.012-0400] {dag.py:3437} INFO - Setting next_dagrun for tutorial_taskflow_api to None, run_after=None
[2025-05-27T18:31:18.022-0400] {processor.py:175} INFO - Processing /Users/sruthibollu/anaconda3/envs/analytics-prep/lib/python3.9/site-packages/airflow/example_dags/tutorial_taskflow_api.py took 0.668 seconds
[2025-05-27T18:39:02.983-0400] {processor.py:153} INFO - Started process (PID=55288) to work on /Users/sruthibollu/anaconda3/envs/analytics-prep/lib/python3.9/site-packages/airflow/example_dags/tutorial_taskflow_api.py
[2025-05-27T18:39:02.985-0400] {processor.py:743} INFO - Processing file /Users/sruthibollu/anaconda3/envs/analytics-prep/lib/python3.9/site-packages/airflow/example_dags/tutorial_taskflow_api.py for tasks to queue
[2025-05-27T18:39:02.985-0400] {logging_mixin.py:137} INFO - [2025-05-27T18:39:02.985-0400] {dagbag.py:538} INFO - Filling up the DagBag from /Users/sruthibollu/anaconda3/envs/analytics-prep/lib/python3.9/site-packages/airflow/example_dags/tutorial_taskflow_api.py
[2025-05-27T18:39:03.033-0400] {processor.py:753} INFO - DAG(s) dict_keys(['tutorial_taskflow_api']) retrieved from /Users/sruthibollu/anaconda3/envs/analytics-prep/lib/python3.9/site-packages/airflow/example_dags/tutorial_taskflow_api.py
[2025-05-27T18:39:03.429-0400] {logging_mixin.py:137} INFO - [2025-05-27T18:39:03.429-0400] {dag.py:2690} INFO - Sync 1 DAGs
[2025-05-27T18:39:03.437-0400] {logging_mixin.py:137} INFO - [2025-05-27T18:39:03.436-0400] {dag.py:3437} INFO - Setting next_dagrun for tutorial_taskflow_api to None, run_after=None
[2025-05-27T18:39:03.443-0400] {processor.py:175} INFO - Processing /Users/sruthibollu/anaconda3/envs/analytics-prep/lib/python3.9/site-packages/airflow/example_dags/tutorial_taskflow_api.py took 0.461 seconds
[2025-05-27T18:52:42.197-0400] {processor.py:153} INFO - Started process (PID=55705) to work on /Users/sruthibollu/anaconda3/envs/analytics-prep/lib/python3.9/site-packages/airflow/example_dags/tutorial_taskflow_api.py
[2025-05-27T18:52:42.200-0400] {processor.py:743} INFO - Processing file /Users/sruthibollu/anaconda3/envs/analytics-prep/lib/python3.9/site-packages/airflow/example_dags/tutorial_taskflow_api.py for tasks to queue
[2025-05-27T18:52:42.200-0400] {logging_mixin.py:137} INFO - [2025-05-27T18:52:42.200-0400] {dagbag.py:538} INFO - Filling up the DagBag from /Users/sruthibollu/anaconda3/envs/analytics-prep/lib/python3.9/site-packages/airflow/example_dags/tutorial_taskflow_api.py
[2025-05-27T18:52:42.246-0400] {processor.py:753} INFO - DAG(s) dict_keys(['tutorial_taskflow_api']) retrieved from /Users/sruthibollu/anaconda3/envs/analytics-prep/lib/python3.9/site-packages/airflow/example_dags/tutorial_taskflow_api.py
[2025-05-27T18:52:42.625-0400] {logging_mixin.py:137} INFO - [2025-05-27T18:52:42.624-0400] {dag.py:2690} INFO - Sync 1 DAGs
[2025-05-27T18:52:42.638-0400] {logging_mixin.py:137} INFO - [2025-05-27T18:52:42.638-0400] {dag.py:3437} INFO - Setting next_dagrun for tutorial_taskflow_api to None, run_after=None
[2025-05-27T18:52:42.656-0400] {processor.py:175} INFO - Processing /Users/sruthibollu/anaconda3/envs/analytics-prep/lib/python3.9/site-packages/airflow/example_dags/tutorial_taskflow_api.py took 0.460 seconds
[2025-05-27T19:36:03.322-0400] {processor.py:153} INFO - Started process (PID=56104) to work on /Users/sruthibollu/anaconda3/envs/analytics-prep/lib/python3.9/site-packages/airflow/example_dags/tutorial_taskflow_api.py
[2025-05-27T19:36:03.330-0400] {processor.py:743} INFO - Processing file /Users/sruthibollu/anaconda3/envs/analytics-prep/lib/python3.9/site-packages/airflow/example_dags/tutorial_taskflow_api.py for tasks to queue
[2025-05-27T19:36:03.330-0400] {logging_mixin.py:137} INFO - [2025-05-27T19:36:03.330-0400] {dagbag.py:538} INFO - Filling up the DagBag from /Users/sruthibollu/anaconda3/envs/analytics-prep/lib/python3.9/site-packages/airflow/example_dags/tutorial_taskflow_api.py
[2025-05-27T19:36:03.374-0400] {processor.py:753} INFO - DAG(s) dict_keys(['tutorial_taskflow_api']) retrieved from /Users/sruthibollu/anaconda3/envs/analytics-prep/lib/python3.9/site-packages/airflow/example_dags/tutorial_taskflow_api.py
[2025-05-27T19:36:03.663-0400] {logging_mixin.py:137} INFO - [2025-05-27T19:36:03.663-0400] {dag.py:2690} INFO - Sync 1 DAGs
[2025-05-27T19:36:03.673-0400] {logging_mixin.py:137} INFO - [2025-05-27T19:36:03.673-0400] {dag.py:3437} INFO - Setting next_dagrun for tutorial_taskflow_api to None, run_after=None
[2025-05-27T19:36:03.681-0400] {processor.py:175} INFO - Processing /Users/sruthibollu/anaconda3/envs/analytics-prep/lib/python3.9/site-packages/airflow/example_dags/tutorial_taskflow_api.py took 0.483 seconds
[2025-05-27T19:49:48.258-0400] {processor.py:153} INFO - Started process (PID=56559) to work on /Users/sruthibollu/anaconda3/envs/analytics-prep/lib/python3.9/site-packages/airflow/example_dags/tutorial_taskflow_api.py
[2025-05-27T19:49:48.260-0400] {processor.py:743} INFO - Processing file /Users/sruthibollu/anaconda3/envs/analytics-prep/lib/python3.9/site-packages/airflow/example_dags/tutorial_taskflow_api.py for tasks to queue
[2025-05-27T19:49:48.261-0400] {logging_mixin.py:137} INFO - [2025-05-27T19:49:48.261-0400] {dagbag.py:538} INFO - Filling up the DagBag from /Users/sruthibollu/anaconda3/envs/analytics-prep/lib/python3.9/site-packages/airflow/example_dags/tutorial_taskflow_api.py
[2025-05-27T19:49:48.294-0400] {processor.py:753} INFO - DAG(s) dict_keys(['tutorial_taskflow_api']) retrieved from /Users/sruthibollu/anaconda3/envs/analytics-prep/lib/python3.9/site-packages/airflow/example_dags/tutorial_taskflow_api.py
[2025-05-27T19:49:48.618-0400] {logging_mixin.py:137} INFO - [2025-05-27T19:49:48.618-0400] {dag.py:2690} INFO - Sync 1 DAGs
[2025-05-27T19:49:48.624-0400] {logging_mixin.py:137} INFO - [2025-05-27T19:49:48.624-0400] {dag.py:3437} INFO - Setting next_dagrun for tutorial_taskflow_api to None, run_after=None
[2025-05-27T19:49:48.629-0400] {processor.py:175} INFO - Processing /Users/sruthibollu/anaconda3/envs/analytics-prep/lib/python3.9/site-packages/airflow/example_dags/tutorial_taskflow_api.py took 0.372 seconds
[2025-05-27T19:56:17.248-0400] {processor.py:153} INFO - Started process (PID=56885) to work on /Users/sruthibollu/anaconda3/envs/analytics-prep/lib/python3.9/site-packages/airflow/example_dags/tutorial_taskflow_api.py
[2025-05-27T19:56:17.250-0400] {processor.py:743} INFO - Processing file /Users/sruthibollu/anaconda3/envs/analytics-prep/lib/python3.9/site-packages/airflow/example_dags/tutorial_taskflow_api.py for tasks to queue
[2025-05-27T19:56:17.250-0400] {logging_mixin.py:137} INFO - [2025-05-27T19:56:17.250-0400] {dagbag.py:538} INFO - Filling up the DagBag from /Users/sruthibollu/anaconda3/envs/analytics-prep/lib/python3.9/site-packages/airflow/example_dags/tutorial_taskflow_api.py
[2025-05-27T19:56:17.282-0400] {processor.py:753} INFO - DAG(s) dict_keys(['tutorial_taskflow_api']) retrieved from /Users/sruthibollu/anaconda3/envs/analytics-prep/lib/python3.9/site-packages/airflow/example_dags/tutorial_taskflow_api.py
[2025-05-27T19:56:17.619-0400] {logging_mixin.py:137} INFO - [2025-05-27T19:56:17.619-0400] {dag.py:2690} INFO - Sync 1 DAGs
[2025-05-27T19:56:17.625-0400] {logging_mixin.py:137} INFO - [2025-05-27T19:56:17.625-0400] {dag.py:3437} INFO - Setting next_dagrun for tutorial_taskflow_api to None, run_after=None
[2025-05-27T19:56:17.631-0400] {processor.py:175} INFO - Processing /Users/sruthibollu/anaconda3/envs/analytics-prep/lib/python3.9/site-packages/airflow/example_dags/tutorial_taskflow_api.py took 0.384 seconds
