[2025-05-27T16:47:43.881-0400] {processor.py:153} INFO - Started process (PID=49934) to work on /Users/sruthibollu/anaconda3/envs/analytics-prep/lib/python3.9/site-packages/airflow/example_dags/tutorial.py
[2025-05-27T16:47:43.883-0400] {processor.py:743} INFO - Processing file /Users/sruthibollu/anaconda3/envs/analytics-prep/lib/python3.9/site-packages/airflow/example_dags/tutorial.py for tasks to queue
[2025-05-27T16:47:43.884-0400] {logging_mixin.py:137} INFO - [2025-05-27T16:47:43.884-0400] {dagbag.py:538} INFO - Filling up the DagBag from /Users/sruthibollu/anaconda3/envs/analytics-prep/lib/python3.9/site-packages/airflow/example_dags/tutorial.py
[2025-05-27T16:47:43.912-0400] {processor.py:753} INFO - DAG(s) dict_keys(['tutorial']) retrieved from /Users/sruthibollu/anaconda3/envs/analytics-prep/lib/python3.9/site-packages/airflow/example_dags/tutorial.py
[2025-05-27T16:47:43.931-0400] {logging_mixin.py:137} INFO - [2025-05-27T16:47:43.931-0400] {dag.py:2690} INFO - Sync 1 DAGs
[2025-05-27T16:47:44.256-0400] {logging_mixin.py:137} INFO - [2025-05-27T16:47:44.256-0400] {dag.py:3437} INFO - Setting next_dagrun for tutorial to 2025-05-26T20:47:44.256503+00:00, run_after=2025-05-27T20:47:44.256503+00:00
[2025-05-27T16:47:44.263-0400] {processor.py:175} INFO - Processing /Users/sruthibollu/anaconda3/envs/analytics-prep/lib/python3.9/site-packages/airflow/example_dags/tutorial.py took 0.382 seconds
[2025-05-27T16:48:53.631-0400] {processor.py:153} INFO - Started process (PID=50973) to work on /Users/sruthibollu/anaconda3/envs/analytics-prep/lib/python3.9/site-packages/airflow/example_dags/tutorial.py
[2025-05-27T16:48:53.633-0400] {processor.py:743} INFO - Processing file /Users/sruthibollu/anaconda3/envs/analytics-prep/lib/python3.9/site-packages/airflow/example_dags/tutorial.py for tasks to queue
[2025-05-27T16:48:53.633-0400] {logging_mixin.py:137} INFO - [2025-05-27T16:48:53.633-0400] {dagbag.py:538} INFO - Filling up the DagBag from /Users/sruthibollu/anaconda3/envs/analytics-prep/lib/python3.9/site-packages/airflow/example_dags/tutorial.py
[2025-05-27T16:48:53.657-0400] {processor.py:753} INFO - DAG(s) dict_keys(['tutorial']) retrieved from /Users/sruthibollu/anaconda3/envs/analytics-prep/lib/python3.9/site-packages/airflow/example_dags/tutorial.py
[2025-05-27T16:48:54.010-0400] {logging_mixin.py:137} INFO - [2025-05-27T16:48:54.010-0400] {dag.py:2690} INFO - Sync 1 DAGs
[2025-05-27T16:48:54.016-0400] {logging_mixin.py:137} INFO - [2025-05-27T16:48:54.016-0400] {dag.py:3437} INFO - Setting next_dagrun for tutorial to 2025-05-26T20:48:54.016714+00:00, run_after=2025-05-27T20:48:54.016714+00:00
[2025-05-27T16:48:54.023-0400] {processor.py:175} INFO - Processing /Users/sruthibollu/anaconda3/envs/analytics-prep/lib/python3.9/site-packages/airflow/example_dags/tutorial.py took 0.392 seconds
[2025-05-27T16:49:38.525-0400] {processor.py:153} INFO - Started process (PID=51458) to work on /Users/sruthibollu/anaconda3/envs/analytics-prep/lib/python3.9/site-packages/airflow/example_dags/tutorial.py
[2025-05-27T16:49:38.527-0400] {processor.py:743} INFO - Processing file /Users/sruthibollu/anaconda3/envs/analytics-prep/lib/python3.9/site-packages/airflow/example_dags/tutorial.py for tasks to queue
[2025-05-27T16:49:38.527-0400] {logging_mixin.py:137} INFO - [2025-05-27T16:49:38.527-0400] {dagbag.py:538} INFO - Filling up the DagBag from /Users/sruthibollu/anaconda3/envs/analytics-prep/lib/python3.9/site-packages/airflow/example_dags/tutorial.py
[2025-05-27T16:49:38.551-0400] {processor.py:753} INFO - DAG(s) dict_keys(['tutorial']) retrieved from /Users/sruthibollu/anaconda3/envs/analytics-prep/lib/python3.9/site-packages/airflow/example_dags/tutorial.py
[2025-05-27T16:49:38.897-0400] {logging_mixin.py:137} INFO - [2025-05-27T16:49:38.897-0400] {dag.py:2690} INFO - Sync 1 DAGs
[2025-05-27T16:49:38.903-0400] {logging_mixin.py:137} INFO - [2025-05-27T16:49:38.903-0400] {dag.py:3437} INFO - Setting next_dagrun for tutorial to 2025-05-26T20:49:38.903271+00:00, run_after=2025-05-27T20:49:38.903271+00:00
[2025-05-27T16:49:38.909-0400] {processor.py:175} INFO - Processing /Users/sruthibollu/anaconda3/envs/analytics-prep/lib/python3.9/site-packages/airflow/example_dags/tutorial.py took 0.384 seconds
[2025-05-27T16:50:22.272-0400] {processor.py:153} INFO - Started process (PID=52046) to work on /Users/sruthibollu/anaconda3/envs/analytics-prep/lib/python3.9/site-packages/airflow/example_dags/tutorial.py
[2025-05-27T16:50:22.274-0400] {processor.py:743} INFO - Processing file /Users/sruthibollu/anaconda3/envs/analytics-prep/lib/python3.9/site-packages/airflow/example_dags/tutorial.py for tasks to queue
[2025-05-27T16:50:22.274-0400] {logging_mixin.py:137} INFO - [2025-05-27T16:50:22.274-0400] {dagbag.py:538} INFO - Filling up the DagBag from /Users/sruthibollu/anaconda3/envs/analytics-prep/lib/python3.9/site-packages/airflow/example_dags/tutorial.py
[2025-05-27T16:50:22.305-0400] {processor.py:753} INFO - DAG(s) dict_keys(['tutorial']) retrieved from /Users/sruthibollu/anaconda3/envs/analytics-prep/lib/python3.9/site-packages/airflow/example_dags/tutorial.py
[2025-05-27T16:50:22.651-0400] {logging_mixin.py:137} INFO - [2025-05-27T16:50:22.650-0400] {dag.py:2690} INFO - Sync 1 DAGs
[2025-05-27T16:50:22.657-0400] {logging_mixin.py:137} INFO - [2025-05-27T16:50:22.657-0400] {dag.py:3437} INFO - Setting next_dagrun for tutorial to 2025-05-26T20:50:22.657509+00:00, run_after=2025-05-27T20:50:22.657509+00:00
[2025-05-27T16:50:22.663-0400] {processor.py:175} INFO - Processing /Users/sruthibollu/anaconda3/envs/analytics-prep/lib/python3.9/site-packages/airflow/example_dags/tutorial.py took 0.392 seconds
[2025-05-27T16:51:48.865-0400] {processor.py:153} INFO - Started process (PID=52553) to work on /Users/sruthibollu/anaconda3/envs/analytics-prep/lib/python3.9/site-packages/airflow/example_dags/tutorial.py
[2025-05-27T16:51:48.867-0400] {processor.py:743} INFO - Processing file /Users/sruthibollu/anaconda3/envs/analytics-prep/lib/python3.9/site-packages/airflow/example_dags/tutorial.py for tasks to queue
[2025-05-27T16:51:48.867-0400] {logging_mixin.py:137} INFO - [2025-05-27T16:51:48.867-0400] {dagbag.py:538} INFO - Filling up the DagBag from /Users/sruthibollu/anaconda3/envs/analytics-prep/lib/python3.9/site-packages/airflow/example_dags/tutorial.py
[2025-05-27T16:51:48.889-0400] {processor.py:753} INFO - DAG(s) dict_keys(['tutorial']) retrieved from /Users/sruthibollu/anaconda3/envs/analytics-prep/lib/python3.9/site-packages/airflow/example_dags/tutorial.py
[2025-05-27T16:51:49.247-0400] {logging_mixin.py:137} INFO - [2025-05-27T16:51:49.247-0400] {dag.py:2690} INFO - Sync 1 DAGs
[2025-05-27T16:51:49.254-0400] {logging_mixin.py:137} INFO - [2025-05-27T16:51:49.254-0400] {dag.py:3437} INFO - Setting next_dagrun for tutorial to 2025-05-26T20:51:49.254005+00:00, run_after=2025-05-27T20:51:49.254005+00:00
[2025-05-27T16:51:49.260-0400] {processor.py:175} INFO - Processing /Users/sruthibollu/anaconda3/envs/analytics-prep/lib/python3.9/site-packages/airflow/example_dags/tutorial.py took 0.396 seconds
[2025-05-27T16:52:39.043-0400] {processor.py:153} INFO - Started process (PID=52847) to work on /Users/sruthibollu/anaconda3/envs/analytics-prep/lib/python3.9/site-packages/airflow/example_dags/tutorial.py
[2025-05-27T16:52:39.045-0400] {processor.py:743} INFO - Processing file /Users/sruthibollu/anaconda3/envs/analytics-prep/lib/python3.9/site-packages/airflow/example_dags/tutorial.py for tasks to queue
[2025-05-27T16:52:39.045-0400] {logging_mixin.py:137} INFO - [2025-05-27T16:52:39.045-0400] {dagbag.py:538} INFO - Filling up the DagBag from /Users/sruthibollu/anaconda3/envs/analytics-prep/lib/python3.9/site-packages/airflow/example_dags/tutorial.py
[2025-05-27T16:52:39.070-0400] {processor.py:753} INFO - DAG(s) dict_keys(['tutorial']) retrieved from /Users/sruthibollu/anaconda3/envs/analytics-prep/lib/python3.9/site-packages/airflow/example_dags/tutorial.py
[2025-05-27T16:52:39.445-0400] {logging_mixin.py:137} INFO - [2025-05-27T16:52:39.445-0400] {dag.py:2690} INFO - Sync 1 DAGs
[2025-05-27T16:52:39.452-0400] {logging_mixin.py:137} INFO - [2025-05-27T16:52:39.452-0400] {dag.py:3437} INFO - Setting next_dagrun for tutorial to 2025-05-26T20:52:39.452668+00:00, run_after=2025-05-27T20:52:39.452668+00:00
[2025-05-27T16:52:39.459-0400] {processor.py:175} INFO - Processing /Users/sruthibollu/anaconda3/envs/analytics-prep/lib/python3.9/site-packages/airflow/example_dags/tutorial.py took 0.417 seconds
[2025-05-27T16:53:56.868-0400] {processor.py:153} INFO - Started process (PID=53309) to work on /Users/sruthibollu/anaconda3/envs/analytics-prep/lib/python3.9/site-packages/airflow/example_dags/tutorial.py
[2025-05-27T16:53:56.870-0400] {processor.py:743} INFO - Processing file /Users/sruthibollu/anaconda3/envs/analytics-prep/lib/python3.9/site-packages/airflow/example_dags/tutorial.py for tasks to queue
[2025-05-27T16:53:56.871-0400] {logging_mixin.py:137} INFO - [2025-05-27T16:53:56.871-0400] {dagbag.py:538} INFO - Filling up the DagBag from /Users/sruthibollu/anaconda3/envs/analytics-prep/lib/python3.9/site-packages/airflow/example_dags/tutorial.py
[2025-05-27T16:53:56.898-0400] {processor.py:753} INFO - DAG(s) dict_keys(['tutorial']) retrieved from /Users/sruthibollu/anaconda3/envs/analytics-prep/lib/python3.9/site-packages/airflow/example_dags/tutorial.py
[2025-05-27T16:53:57.436-0400] {logging_mixin.py:137} INFO - [2025-05-27T16:53:57.435-0400] {dag.py:2690} INFO - Sync 1 DAGs
[2025-05-27T16:53:57.445-0400] {logging_mixin.py:137} INFO - [2025-05-27T16:53:57.445-0400] {dag.py:3437} INFO - Setting next_dagrun for tutorial to 2025-05-26T20:53:57.445307+00:00, run_after=2025-05-27T20:53:57.445307+00:00
[2025-05-27T16:53:57.451-0400] {processor.py:175} INFO - Processing /Users/sruthibollu/anaconda3/envs/analytics-prep/lib/python3.9/site-packages/airflow/example_dags/tutorial.py took 0.584 seconds
[2025-05-27T17:32:41.085-0400] {processor.py:153} INFO - Started process (PID=53627) to work on /Users/sruthibollu/anaconda3/envs/analytics-prep/lib/python3.9/site-packages/airflow/example_dags/tutorial.py
[2025-05-27T17:32:41.087-0400] {processor.py:743} INFO - Processing file /Users/sruthibollu/anaconda3/envs/analytics-prep/lib/python3.9/site-packages/airflow/example_dags/tutorial.py for tasks to queue
[2025-05-27T17:32:41.088-0400] {logging_mixin.py:137} INFO - [2025-05-27T17:32:41.088-0400] {dagbag.py:538} INFO - Filling up the DagBag from /Users/sruthibollu/anaconda3/envs/analytics-prep/lib/python3.9/site-packages/airflow/example_dags/tutorial.py
[2025-05-27T17:32:41.110-0400] {processor.py:753} INFO - DAG(s) dict_keys(['tutorial']) retrieved from /Users/sruthibollu/anaconda3/envs/analytics-prep/lib/python3.9/site-packages/airflow/example_dags/tutorial.py
[2025-05-27T17:32:41.480-0400] {logging_mixin.py:137} INFO - [2025-05-27T17:32:41.480-0400] {dag.py:2690} INFO - Sync 1 DAGs
[2025-05-27T17:32:41.487-0400] {logging_mixin.py:137} INFO - [2025-05-27T17:32:41.487-0400] {dag.py:3437} INFO - Setting next_dagrun for tutorial to 2025-05-26T21:32:41.487584+00:00, run_after=2025-05-27T21:32:41.487584+00:00
[2025-05-27T17:32:41.494-0400] {processor.py:175} INFO - Processing /Users/sruthibollu/anaconda3/envs/analytics-prep/lib/python3.9/site-packages/airflow/example_dags/tutorial.py took 0.409 seconds
[2025-05-27T18:06:23.003-0400] {processor.py:153} INFO - Started process (PID=54188) to work on /Users/sruthibollu/anaconda3/envs/analytics-prep/lib/python3.9/site-packages/airflow/example_dags/tutorial.py
[2025-05-27T18:06:23.005-0400] {processor.py:743} INFO - Processing file /Users/sruthibollu/anaconda3/envs/analytics-prep/lib/python3.9/site-packages/airflow/example_dags/tutorial.py for tasks to queue
[2025-05-27T18:06:23.005-0400] {logging_mixin.py:137} INFO - [2025-05-27T18:06:23.005-0400] {dagbag.py:538} INFO - Filling up the DagBag from /Users/sruthibollu/anaconda3/envs/analytics-prep/lib/python3.9/site-packages/airflow/example_dags/tutorial.py
[2025-05-27T18:06:23.032-0400] {processor.py:753} INFO - DAG(s) dict_keys(['tutorial']) retrieved from /Users/sruthibollu/anaconda3/envs/analytics-prep/lib/python3.9/site-packages/airflow/example_dags/tutorial.py
[2025-05-27T18:06:29.978-0400] {logging_mixin.py:137} INFO - [2025-05-27T18:06:29.977-0400] {dag.py:2690} INFO - Sync 1 DAGs
[2025-05-27T18:06:29.990-0400] {logging_mixin.py:137} INFO - [2025-05-27T18:06:29.990-0400] {dag.py:3437} INFO - Setting next_dagrun for tutorial to 2025-05-26T22:06:29.990560+00:00, run_after=2025-05-27T22:06:29.990560+00:00
[2025-05-27T18:06:29.999-0400] {processor.py:175} INFO - Processing /Users/sruthibollu/anaconda3/envs/analytics-prep/lib/python3.9/site-packages/airflow/example_dags/tutorial.py took 0.532 seconds
[2025-05-27T18:19:43.249-0400] {processor.py:153} INFO - Started process (PID=54628) to work on /Users/sruthibollu/anaconda3/envs/analytics-prep/lib/python3.9/site-packages/airflow/example_dags/tutorial.py
[2025-05-27T18:19:43.251-0400] {processor.py:743} INFO - Processing file /Users/sruthibollu/anaconda3/envs/analytics-prep/lib/python3.9/site-packages/airflow/example_dags/tutorial.py for tasks to queue
[2025-05-27T18:19:43.251-0400] {logging_mixin.py:137} INFO - [2025-05-27T18:19:43.251-0400] {dagbag.py:538} INFO - Filling up the DagBag from /Users/sruthibollu/anaconda3/envs/analytics-prep/lib/python3.9/site-packages/airflow/example_dags/tutorial.py
[2025-05-27T18:19:43.278-0400] {processor.py:753} INFO - DAG(s) dict_keys(['tutorial']) retrieved from /Users/sruthibollu/anaconda3/envs/analytics-prep/lib/python3.9/site-packages/airflow/example_dags/tutorial.py
[2025-05-27T18:19:43.656-0400] {logging_mixin.py:137} INFO - [2025-05-27T18:19:43.656-0400] {dag.py:2690} INFO - Sync 1 DAGs
[2025-05-27T18:19:43.665-0400] {logging_mixin.py:137} INFO - [2025-05-27T18:19:43.664-0400] {dag.py:3437} INFO - Setting next_dagrun for tutorial to 2025-05-26T22:19:43.664916+00:00, run_after=2025-05-27T22:19:43.664916+00:00
[2025-05-27T18:19:43.671-0400] {processor.py:175} INFO - Processing /Users/sruthibollu/anaconda3/envs/analytics-prep/lib/python3.9/site-packages/airflow/example_dags/tutorial.py took 0.423 seconds
[2025-05-27T18:31:21.302-0400] {processor.py:153} INFO - Started process (PID=55019) to work on /Users/sruthibollu/anaconda3/envs/analytics-prep/lib/python3.9/site-packages/airflow/example_dags/tutorial.py
[2025-05-27T18:31:21.304-0400] {processor.py:743} INFO - Processing file /Users/sruthibollu/anaconda3/envs/analytics-prep/lib/python3.9/site-packages/airflow/example_dags/tutorial.py for tasks to queue
[2025-05-27T18:31:21.304-0400] {logging_mixin.py:137} INFO - [2025-05-27T18:31:21.304-0400] {dagbag.py:538} INFO - Filling up the DagBag from /Users/sruthibollu/anaconda3/envs/analytics-prep/lib/python3.9/site-packages/airflow/example_dags/tutorial.py
[2025-05-27T18:31:21.344-0400] {processor.py:753} INFO - DAG(s) dict_keys(['tutorial']) retrieved from /Users/sruthibollu/anaconda3/envs/analytics-prep/lib/python3.9/site-packages/airflow/example_dags/tutorial.py
[2025-05-27T18:31:21.826-0400] {logging_mixin.py:137} INFO - [2025-05-27T18:31:21.826-0400] {dag.py:2690} INFO - Sync 1 DAGs
[2025-05-27T18:31:21.837-0400] {logging_mixin.py:137} INFO - [2025-05-27T18:31:21.836-0400] {dag.py:3437} INFO - Setting next_dagrun for tutorial to 2025-05-26T22:31:21.836730+00:00, run_after=2025-05-27T22:31:21.836730+00:00
[2025-05-27T18:31:21.845-0400] {processor.py:175} INFO - Processing /Users/sruthibollu/anaconda3/envs/analytics-prep/lib/python3.9/site-packages/airflow/example_dags/tutorial.py took 0.544 seconds
[2025-05-27T18:39:06.864-0400] {processor.py:153} INFO - Started process (PID=55314) to work on /Users/sruthibollu/anaconda3/envs/analytics-prep/lib/python3.9/site-packages/airflow/example_dags/tutorial.py
[2025-05-27T18:39:06.866-0400] {processor.py:743} INFO - Processing file /Users/sruthibollu/anaconda3/envs/analytics-prep/lib/python3.9/site-packages/airflow/example_dags/tutorial.py for tasks to queue
[2025-05-27T18:39:06.867-0400] {logging_mixin.py:137} INFO - [2025-05-27T18:39:06.867-0400] {dagbag.py:538} INFO - Filling up the DagBag from /Users/sruthibollu/anaconda3/envs/analytics-prep/lib/python3.9/site-packages/airflow/example_dags/tutorial.py
[2025-05-27T18:39:06.893-0400] {processor.py:753} INFO - DAG(s) dict_keys(['tutorial']) retrieved from /Users/sruthibollu/anaconda3/envs/analytics-prep/lib/python3.9/site-packages/airflow/example_dags/tutorial.py
[2025-05-27T18:39:07.266-0400] {logging_mixin.py:137} INFO - [2025-05-27T18:39:07.266-0400] {dag.py:2690} INFO - Sync 1 DAGs
[2025-05-27T18:39:07.276-0400] {logging_mixin.py:137} INFO - [2025-05-27T18:39:07.276-0400] {dag.py:3437} INFO - Setting next_dagrun for tutorial to 2025-05-26T22:39:07.276769+00:00, run_after=2025-05-27T22:39:07.276769+00:00
[2025-05-27T18:39:07.284-0400] {processor.py:175} INFO - Processing /Users/sruthibollu/anaconda3/envs/analytics-prep/lib/python3.9/site-packages/airflow/example_dags/tutorial.py took 0.420 seconds
[2025-05-27T18:54:45.160-0400] {processor.py:153} INFO - Started process (PID=55736) to work on /Users/sruthibollu/anaconda3/envs/analytics-prep/lib/python3.9/site-packages/airflow/example_dags/tutorial.py
[2025-05-27T18:54:45.162-0400] {processor.py:743} INFO - Processing file /Users/sruthibollu/anaconda3/envs/analytics-prep/lib/python3.9/site-packages/airflow/example_dags/tutorial.py for tasks to queue
[2025-05-27T18:54:45.162-0400] {logging_mixin.py:137} INFO - [2025-05-27T18:54:45.162-0400] {dagbag.py:538} INFO - Filling up the DagBag from /Users/sruthibollu/anaconda3/envs/analytics-prep/lib/python3.9/site-packages/airflow/example_dags/tutorial.py
[2025-05-27T18:54:45.189-0400] {processor.py:753} INFO - DAG(s) dict_keys(['tutorial']) retrieved from /Users/sruthibollu/anaconda3/envs/analytics-prep/lib/python3.9/site-packages/airflow/example_dags/tutorial.py
[2025-05-27T18:54:45.563-0400] {logging_mixin.py:137} INFO - [2025-05-27T18:54:45.563-0400] {dag.py:2690} INFO - Sync 1 DAGs
[2025-05-27T18:54:45.572-0400] {logging_mixin.py:137} INFO - [2025-05-27T18:54:45.572-0400] {dag.py:3437} INFO - Setting next_dagrun for tutorial to 2025-05-26T22:54:45.572082+00:00, run_after=2025-05-27T22:54:45.572082+00:00
[2025-05-27T18:54:45.579-0400] {processor.py:175} INFO - Processing /Users/sruthibollu/anaconda3/envs/analytics-prep/lib/python3.9/site-packages/airflow/example_dags/tutorial.py took 0.420 seconds
[2025-05-27T19:36:07.290-0400] {processor.py:153} INFO - Started process (PID=56131) to work on /Users/sruthibollu/anaconda3/envs/analytics-prep/lib/python3.9/site-packages/airflow/example_dags/tutorial.py
[2025-05-27T19:36:07.292-0400] {processor.py:743} INFO - Processing file /Users/sruthibollu/anaconda3/envs/analytics-prep/lib/python3.9/site-packages/airflow/example_dags/tutorial.py for tasks to queue
[2025-05-27T19:36:07.292-0400] {logging_mixin.py:137} INFO - [2025-05-27T19:36:07.292-0400] {dagbag.py:538} INFO - Filling up the DagBag from /Users/sruthibollu/anaconda3/envs/analytics-prep/lib/python3.9/site-packages/airflow/example_dags/tutorial.py
[2025-05-27T19:36:07.317-0400] {processor.py:753} INFO - DAG(s) dict_keys(['tutorial']) retrieved from /Users/sruthibollu/anaconda3/envs/analytics-prep/lib/python3.9/site-packages/airflow/example_dags/tutorial.py
[2025-05-27T19:36:07.687-0400] {logging_mixin.py:137} INFO - [2025-05-27T19:36:07.687-0400] {dag.py:2690} INFO - Sync 1 DAGs
[2025-05-27T19:36:07.697-0400] {logging_mixin.py:137} INFO - [2025-05-27T19:36:07.697-0400] {dag.py:3437} INFO - Setting next_dagrun for tutorial to 2025-05-26T23:36:07.697218+00:00, run_after=2025-05-27T23:36:07.697218+00:00
[2025-05-27T19:36:07.703-0400] {processor.py:175} INFO - Processing /Users/sruthibollu/anaconda3/envs/analytics-prep/lib/python3.9/site-packages/airflow/example_dags/tutorial.py took 0.414 seconds
[2025-05-27T19:49:51.891-0400] {processor.py:153} INFO - Started process (PID=56581) to work on /Users/sruthibollu/anaconda3/envs/analytics-prep/lib/python3.9/site-packages/airflow/example_dags/tutorial.py
[2025-05-27T19:49:51.894-0400] {processor.py:743} INFO - Processing file /Users/sruthibollu/anaconda3/envs/analytics-prep/lib/python3.9/site-packages/airflow/example_dags/tutorial.py for tasks to queue
[2025-05-27T19:49:51.894-0400] {logging_mixin.py:137} INFO - [2025-05-27T19:49:51.894-0400] {dagbag.py:538} INFO - Filling up the DagBag from /Users/sruthibollu/anaconda3/envs/analytics-prep/lib/python3.9/site-packages/airflow/example_dags/tutorial.py
[2025-05-27T19:49:51.917-0400] {processor.py:753} INFO - DAG(s) dict_keys(['tutorial']) retrieved from /Users/sruthibollu/anaconda3/envs/analytics-prep/lib/python3.9/site-packages/airflow/example_dags/tutorial.py
[2025-05-27T19:49:52.253-0400] {logging_mixin.py:137} INFO - [2025-05-27T19:49:52.253-0400] {dag.py:2690} INFO - Sync 1 DAGs
[2025-05-27T19:49:52.259-0400] {logging_mixin.py:137} INFO - [2025-05-27T19:49:52.259-0400] {dag.py:3437} INFO - Setting next_dagrun for tutorial to 2025-05-26T23:49:52.259323+00:00, run_after=2025-05-27T23:49:52.259323+00:00
[2025-05-27T19:49:52.265-0400] {processor.py:175} INFO - Processing /Users/sruthibollu/anaconda3/envs/analytics-prep/lib/python3.9/site-packages/airflow/example_dags/tutorial.py took 0.374 seconds
[2025-05-27T19:57:00.343-0400] {processor.py:153} INFO - Started process (PID=56909) to work on /Users/sruthibollu/anaconda3/envs/analytics-prep/lib/python3.9/site-packages/airflow/example_dags/tutorial.py
[2025-05-27T19:57:00.346-0400] {processor.py:743} INFO - Processing file /Users/sruthibollu/anaconda3/envs/analytics-prep/lib/python3.9/site-packages/airflow/example_dags/tutorial.py for tasks to queue
[2025-05-27T19:57:00.346-0400] {logging_mixin.py:137} INFO - [2025-05-27T19:57:00.346-0400] {dagbag.py:538} INFO - Filling up the DagBag from /Users/sruthibollu/anaconda3/envs/analytics-prep/lib/python3.9/site-packages/airflow/example_dags/tutorial.py
[2025-05-27T19:57:00.367-0400] {processor.py:753} INFO - DAG(s) dict_keys(['tutorial']) retrieved from /Users/sruthibollu/anaconda3/envs/analytics-prep/lib/python3.9/site-packages/airflow/example_dags/tutorial.py
[2025-05-27T19:57:00.744-0400] {logging_mixin.py:137} INFO - [2025-05-27T19:57:00.744-0400] {dag.py:2690} INFO - Sync 1 DAGs
[2025-05-27T19:57:00.752-0400] {logging_mixin.py:137} INFO - [2025-05-27T19:57:00.752-0400] {dag.py:3437} INFO - Setting next_dagrun for tutorial to 2025-05-26T23:57:00.752581+00:00, run_after=2025-05-27T23:57:00.752581+00:00
[2025-05-27T19:57:00.759-0400] {processor.py:175} INFO - Processing /Users/sruthibollu/anaconda3/envs/analytics-prep/lib/python3.9/site-packages/airflow/example_dags/tutorial.py took 0.416 seconds
