[2025-06-05T00:24:47.278+0000] {processor.py:157} INFO - Started process (PID=2578) to work on /opt/airflow/dags/cjis_audit_retention.py
[2025-06-05T00:24:47.281+0000] {processor.py:826} INFO - Processing file /opt/airflow/dags/cjis_audit_retention.py for tasks to queue
[2025-06-05T00:24:47.284+0000] {logging_mixin.py:150} INFO - [2025-06-05T00:24:47.283+0000] {dagbag.py:541} INFO - Filling up the DagBag from /opt/airflow/dags/cjis_audit_retention.py
[2025-06-05T00:24:47.383+0000] {processor.py:836} INFO - DAG(s) dict_keys(['cjis_audit_retention']) retrieved from /opt/airflow/dags/cjis_audit_retention.py
[2025-06-05T00:24:47.500+0000] {logging_mixin.py:150} INFO - [2025-06-05T00:24:47.500+0000] {dag.py:2742} INFO - Sync 1 DAGs
[2025-06-05T00:24:47.574+0000] {logging_mixin.py:150} INFO - [2025-06-05T00:24:47.574+0000] {dag.py:3504} INFO - Setting next_dagrun for cjis_audit_retention to 2025-06-04T00:00:00+00:00, run_after=2025-06-05T00:00:00+00:00
[2025-06-05T00:24:47.617+0000] {processor.py:179} INFO - Processing /opt/airflow/dags/cjis_audit_retention.py took 0.356 seconds
[2025-06-05T00:55:31.876+0000] {processor.py:157} INFO - Started process (PID=2611) to work on /opt/airflow/dags/cjis_audit_retention.py
[2025-06-05T00:55:31.887+0000] {processor.py:826} INFO - Processing file /opt/airflow/dags/cjis_audit_retention.py for tasks to queue
[2025-06-05T00:55:31.898+0000] {logging_mixin.py:150} INFO - [2025-06-05T00:55:31.896+0000] {dagbag.py:541} INFO - Filling up the DagBag from /opt/airflow/dags/cjis_audit_retention.py
[2025-06-05T00:55:31.994+0000] {processor.py:836} INFO - DAG(s) dict_keys(['cjis_audit_retention']) retrieved from /opt/airflow/dags/cjis_audit_retention.py
[2025-06-05T00:55:32.172+0000] {logging_mixin.py:150} INFO - [2025-06-05T00:55:32.172+0000] {dag.py:2742} INFO - Sync 1 DAGs
[2025-06-05T00:55:32.262+0000] {logging_mixin.py:150} INFO - [2025-06-05T00:55:32.261+0000] {dag.py:3504} INFO - Setting next_dagrun for cjis_audit_retention to 2025-06-04T00:00:00+00:00, run_after=2025-06-05T00:00:00+00:00
[2025-06-05T00:55:32.321+0000] {processor.py:179} INFO - Processing /opt/airflow/dags/cjis_audit_retention.py took 0.463 seconds
[2025-06-05T01:44:47.559+0000] {processor.py:157} INFO - Started process (PID=2644) to work on /opt/airflow/dags/cjis_audit_retention.py
[2025-06-05T01:44:47.563+0000] {processor.py:826} INFO - Processing file /opt/airflow/dags/cjis_audit_retention.py for tasks to queue
[2025-06-05T01:44:47.569+0000] {logging_mixin.py:150} INFO - [2025-06-05T01:44:47.567+0000] {dagbag.py:541} INFO - Filling up the DagBag from /opt/airflow/dags/cjis_audit_retention.py
[2025-06-05T01:44:47.756+0000] {processor.py:836} INFO - DAG(s) dict_keys(['cjis_audit_retention']) retrieved from /opt/airflow/dags/cjis_audit_retention.py
[2025-06-05T01:44:47.880+0000] {logging_mixin.py:150} INFO - [2025-06-05T01:44:47.879+0000] {dag.py:2742} INFO - Sync 1 DAGs
[2025-06-05T01:44:47.942+0000] {logging_mixin.py:150} INFO - [2025-06-05T01:44:47.942+0000] {dag.py:3504} INFO - Setting next_dagrun for cjis_audit_retention to 2025-06-04T00:00:00+00:00, run_after=2025-06-05T00:00:00+00:00
[2025-06-05T01:44:48.007+0000] {processor.py:179} INFO - Processing /opt/airflow/dags/cjis_audit_retention.py took 0.469 seconds
[2025-06-05T02:13:34.002+0000] {processor.py:157} INFO - Started process (PID=2679) to work on /opt/airflow/dags/cjis_audit_retention.py
[2025-06-05T02:13:34.004+0000] {processor.py:826} INFO - Processing file /opt/airflow/dags/cjis_audit_retention.py for tasks to queue
[2025-06-05T02:13:34.006+0000] {logging_mixin.py:150} INFO - [2025-06-05T02:13:34.005+0000] {dagbag.py:541} INFO - Filling up the DagBag from /opt/airflow/dags/cjis_audit_retention.py
[2025-06-05T02:13:34.038+0000] {processor.py:836} INFO - DAG(s) dict_keys(['cjis_audit_retention']) retrieved from /opt/airflow/dags/cjis_audit_retention.py
[2025-06-05T02:13:34.085+0000] {logging_mixin.py:150} INFO - [2025-06-05T02:13:34.085+0000] {dag.py:2742} INFO - Sync 1 DAGs
[2025-06-05T02:13:34.107+0000] {logging_mixin.py:150} INFO - [2025-06-05T02:13:34.107+0000] {dag.py:3504} INFO - Setting next_dagrun for cjis_audit_retention to 2025-06-04T00:00:00+00:00, run_after=2025-06-05T00:00:00+00:00
[2025-06-05T02:13:34.120+0000] {processor.py:179} INFO - Processing /opt/airflow/dags/cjis_audit_retention.py took 0.125 seconds
[2025-06-05T02:58:50.159+0000] {processor.py:157} INFO - Started process (PID=2712) to work on /opt/airflow/dags/cjis_audit_retention.py
[2025-06-05T02:58:50.165+0000] {processor.py:826} INFO - Processing file /opt/airflow/dags/cjis_audit_retention.py for tasks to queue
[2025-06-05T02:58:50.169+0000] {logging_mixin.py:150} INFO - [2025-06-05T02:58:50.167+0000] {dagbag.py:541} INFO - Filling up the DagBag from /opt/airflow/dags/cjis_audit_retention.py
[2025-06-05T02:58:50.273+0000] {processor.py:836} INFO - DAG(s) dict_keys(['cjis_audit_retention']) retrieved from /opt/airflow/dags/cjis_audit_retention.py
[2025-06-05T02:58:50.466+0000] {logging_mixin.py:150} INFO - [2025-06-05T02:58:50.466+0000] {dag.py:2742} INFO - Sync 1 DAGs
[2025-06-05T02:58:50.522+0000] {logging_mixin.py:150} INFO - [2025-06-05T02:58:50.521+0000] {dag.py:3504} INFO - Setting next_dagrun for cjis_audit_retention to 2025-06-04T00:00:00+00:00, run_after=2025-06-05T00:00:00+00:00
[2025-06-05T02:58:50.543+0000] {processor.py:179} INFO - Processing /opt/airflow/dags/cjis_audit_retention.py took 0.407 seconds
[2025-06-05T03:12:08.614+0000] {processor.py:157} INFO - Started process (PID=2745) to work on /opt/airflow/dags/cjis_audit_retention.py
[2025-06-05T03:12:08.616+0000] {processor.py:826} INFO - Processing file /opt/airflow/dags/cjis_audit_retention.py for tasks to queue
[2025-06-05T03:12:08.618+0000] {logging_mixin.py:150} INFO - [2025-06-05T03:12:08.617+0000] {dagbag.py:541} INFO - Filling up the DagBag from /opt/airflow/dags/cjis_audit_retention.py
[2025-06-05T03:12:08.650+0000] {processor.py:836} INFO - DAG(s) dict_keys(['cjis_audit_retention']) retrieved from /opt/airflow/dags/cjis_audit_retention.py
[2025-06-05T03:12:08.703+0000] {logging_mixin.py:150} INFO - [2025-06-05T03:12:08.703+0000] {dag.py:2742} INFO - Sync 1 DAGs
[2025-06-05T03:12:08.732+0000] {logging_mixin.py:150} INFO - [2025-06-05T03:12:08.732+0000] {dag.py:3504} INFO - Setting next_dagrun for cjis_audit_retention to 2025-06-04T00:00:00+00:00, run_after=2025-06-05T00:00:00+00:00
[2025-06-05T03:12:08.744+0000] {processor.py:179} INFO - Processing /opt/airflow/dags/cjis_audit_retention.py took 0.142 seconds
[2025-06-05T04:15:14.750+0000] {processor.py:157} INFO - Started process (PID=2780) to work on /opt/airflow/dags/cjis_audit_retention.py
[2025-06-05T04:15:14.753+0000] {processor.py:826} INFO - Processing file /opt/airflow/dags/cjis_audit_retention.py for tasks to queue
[2025-06-05T04:15:14.755+0000] {logging_mixin.py:150} INFO - [2025-06-05T04:15:14.754+0000] {dagbag.py:541} INFO - Filling up the DagBag from /opt/airflow/dags/cjis_audit_retention.py
[2025-06-05T04:15:14.819+0000] {processor.py:836} INFO - DAG(s) dict_keys(['cjis_audit_retention']) retrieved from /opt/airflow/dags/cjis_audit_retention.py
[2025-06-05T04:15:14.944+0000] {logging_mixin.py:150} INFO - [2025-06-05T04:15:14.943+0000] {dag.py:2742} INFO - Sync 1 DAGs
[2025-06-05T04:15:15.024+0000] {logging_mixin.py:150} INFO - [2025-06-05T04:15:15.024+0000] {dag.py:3504} INFO - Setting next_dagrun for cjis_audit_retention to 2025-06-04T00:00:00+00:00, run_after=2025-06-05T00:00:00+00:00
[2025-06-05T04:15:15.080+0000] {processor.py:179} INFO - Processing /opt/airflow/dags/cjis_audit_retention.py took 0.352 seconds
[2025-06-05T04:59:31.254+0000] {processor.py:157} INFO - Started process (PID=2813) to work on /opt/airflow/dags/cjis_audit_retention.py
[2025-06-05T04:59:31.257+0000] {processor.py:826} INFO - Processing file /opt/airflow/dags/cjis_audit_retention.py for tasks to queue
[2025-06-05T04:59:31.259+0000] {logging_mixin.py:150} INFO - [2025-06-05T04:59:31.258+0000] {dagbag.py:541} INFO - Filling up the DagBag from /opt/airflow/dags/cjis_audit_retention.py
[2025-06-05T04:59:31.305+0000] {processor.py:836} INFO - DAG(s) dict_keys(['cjis_audit_retention']) retrieved from /opt/airflow/dags/cjis_audit_retention.py
[2025-06-05T04:59:31.365+0000] {logging_mixin.py:150} INFO - [2025-06-05T04:59:31.364+0000] {dag.py:2742} INFO - Sync 1 DAGs
[2025-06-05T04:59:31.395+0000] {logging_mixin.py:150} INFO - [2025-06-05T04:59:31.395+0000] {dag.py:3504} INFO - Setting next_dagrun for cjis_audit_retention to 2025-06-04T00:00:00+00:00, run_after=2025-06-05T00:00:00+00:00
[2025-06-05T04:59:31.409+0000] {processor.py:179} INFO - Processing /opt/airflow/dags/cjis_audit_retention.py took 0.174 seconds
[2025-06-05T05:50:53.901+0000] {processor.py:157} INFO - Started process (PID=2846) to work on /opt/airflow/dags/cjis_audit_retention.py
[2025-06-05T05:50:53.909+0000] {processor.py:826} INFO - Processing file /opt/airflow/dags/cjis_audit_retention.py for tasks to queue
[2025-06-05T05:50:53.912+0000] {logging_mixin.py:150} INFO - [2025-06-05T05:50:53.911+0000] {dagbag.py:541} INFO - Filling up the DagBag from /opt/airflow/dags/cjis_audit_retention.py
[2025-06-05T05:50:54.006+0000] {processor.py:836} INFO - DAG(s) dict_keys(['cjis_audit_retention']) retrieved from /opt/airflow/dags/cjis_audit_retention.py
[2025-06-05T05:50:54.100+0000] {logging_mixin.py:150} INFO - [2025-06-05T05:50:54.099+0000] {dag.py:2742} INFO - Sync 1 DAGs
[2025-06-05T05:50:54.167+0000] {logging_mixin.py:150} INFO - [2025-06-05T05:50:54.167+0000] {dag.py:3504} INFO - Setting next_dagrun for cjis_audit_retention to 2025-06-04T00:00:00+00:00, run_after=2025-06-05T00:00:00+00:00
[2025-06-05T05:50:54.202+0000] {processor.py:179} INFO - Processing /opt/airflow/dags/cjis_audit_retention.py took 0.319 seconds
[2025-06-05T07:30:57.720+0000] {processor.py:157} INFO - Started process (PID=2879) to work on /opt/airflow/dags/cjis_audit_retention.py
[2025-06-05T07:30:57.722+0000] {processor.py:826} INFO - Processing file /opt/airflow/dags/cjis_audit_retention.py for tasks to queue
[2025-06-05T07:30:57.724+0000] {logging_mixin.py:150} INFO - [2025-06-05T07:30:57.723+0000] {dagbag.py:541} INFO - Filling up the DagBag from /opt/airflow/dags/cjis_audit_retention.py
[2025-06-05T07:30:57.755+0000] {processor.py:836} INFO - DAG(s) dict_keys(['cjis_audit_retention']) retrieved from /opt/airflow/dags/cjis_audit_retention.py
[2025-06-05T07:30:57.800+0000] {logging_mixin.py:150} INFO - [2025-06-05T07:30:57.800+0000] {dag.py:2742} INFO - Sync 1 DAGs
[2025-06-05T07:30:57.821+0000] {logging_mixin.py:150} INFO - [2025-06-05T07:30:57.821+0000] {dag.py:3504} INFO - Setting next_dagrun for cjis_audit_retention to 2025-06-04T00:00:00+00:00, run_after=2025-06-05T00:00:00+00:00
[2025-06-05T07:30:57.835+0000] {processor.py:179} INFO - Processing /opt/airflow/dags/cjis_audit_retention.py took 0.124 seconds
[2025-06-05T08:38:44.019+0000] {processor.py:157} INFO - Started process (PID=2912) to work on /opt/airflow/dags/cjis_audit_retention.py
[2025-06-05T08:38:44.023+0000] {processor.py:826} INFO - Processing file /opt/airflow/dags/cjis_audit_retention.py for tasks to queue
[2025-06-05T08:38:44.029+0000] {logging_mixin.py:150} INFO - [2025-06-05T08:38:44.027+0000] {dagbag.py:541} INFO - Filling up the DagBag from /opt/airflow/dags/cjis_audit_retention.py
[2025-06-05T08:38:44.202+0000] {processor.py:836} INFO - DAG(s) dict_keys(['cjis_audit_retention']) retrieved from /opt/airflow/dags/cjis_audit_retention.py
[2025-06-05T08:38:44.374+0000] {logging_mixin.py:150} INFO - [2025-06-05T08:38:44.373+0000] {dag.py:2742} INFO - Sync 1 DAGs
[2025-06-05T08:38:44.459+0000] {logging_mixin.py:150} INFO - [2025-06-05T08:38:44.459+0000] {dag.py:3504} INFO - Setting next_dagrun for cjis_audit_retention to 2025-06-04T00:00:00+00:00, run_after=2025-06-05T00:00:00+00:00
[2025-06-05T08:38:44.534+0000] {processor.py:179} INFO - Processing /opt/airflow/dags/cjis_audit_retention.py took 0.537 seconds
[2025-06-05T09:25:45.839+0000] {processor.py:157} INFO - Started process (PID=2946) to work on /opt/airflow/dags/cjis_audit_retention.py
[2025-06-05T09:25:45.846+0000] {processor.py:826} INFO - Processing file /opt/airflow/dags/cjis_audit_retention.py for tasks to queue
[2025-06-05T09:25:45.849+0000] {logging_mixin.py:150} INFO - [2025-06-05T09:25:45.849+0000] {dagbag.py:541} INFO - Filling up the DagBag from /opt/airflow/dags/cjis_audit_retention.py
[2025-06-05T09:25:45.956+0000] {processor.py:836} INFO - DAG(s) dict_keys(['cjis_audit_retention']) retrieved from /opt/airflow/dags/cjis_audit_retention.py
[2025-06-05T09:25:46.075+0000] {logging_mixin.py:150} INFO - [2025-06-05T09:25:46.075+0000] {dag.py:2742} INFO - Sync 1 DAGs
[2025-06-05T09:25:46.317+0000] {logging_mixin.py:150} INFO - [2025-06-05T09:25:46.293+0000] {dag.py:3504} INFO - Setting next_dagrun for cjis_audit_retention to 2025-06-04T00:00:00+00:00, run_after=2025-06-05T00:00:00+00:00
[2025-06-05T09:25:46.454+0000] {processor.py:179} INFO - Processing /opt/airflow/dags/cjis_audit_retention.py took 0.639 seconds
[2025-06-05T10:18:23.834+0000] {processor.py:157} INFO - Started process (PID=2979) to work on /opt/airflow/dags/cjis_audit_retention.py
[2025-06-05T10:18:23.838+0000] {processor.py:826} INFO - Processing file /opt/airflow/dags/cjis_audit_retention.py for tasks to queue
[2025-06-05T10:18:23.843+0000] {logging_mixin.py:150} INFO - [2025-06-05T10:18:23.841+0000] {dagbag.py:541} INFO - Filling up the DagBag from /opt/airflow/dags/cjis_audit_retention.py
[2025-06-05T10:18:23.927+0000] {processor.py:836} INFO - DAG(s) dict_keys(['cjis_audit_retention']) retrieved from /opt/airflow/dags/cjis_audit_retention.py
[2025-06-05T10:18:23.972+0000] {logging_mixin.py:150} INFO - [2025-06-05T10:18:23.970+0000] {dag.py:2742} INFO - Sync 1 DAGs
[2025-06-05T10:18:24.001+0000] {logging_mixin.py:150} INFO - [2025-06-05T10:18:24.000+0000] {dag.py:3504} INFO - Setting next_dagrun for cjis_audit_retention to 2025-06-04T00:00:00+00:00, run_after=2025-06-05T00:00:00+00:00
[2025-06-05T10:18:24.012+0000] {processor.py:179} INFO - Processing /opt/airflow/dags/cjis_audit_retention.py took 0.209 seconds
[2025-06-05T10:54:14.265+0000] {processor.py:157} INFO - Started process (PID=3011) to work on /opt/airflow/dags/cjis_audit_retention.py
[2025-06-05T10:54:14.267+0000] {processor.py:826} INFO - Processing file /opt/airflow/dags/cjis_audit_retention.py for tasks to queue
[2025-06-05T10:54:14.272+0000] {logging_mixin.py:150} INFO - [2025-06-05T10:54:14.270+0000] {dagbag.py:541} INFO - Filling up the DagBag from /opt/airflow/dags/cjis_audit_retention.py
[2025-06-05T10:54:14.325+0000] {processor.py:836} INFO - DAG(s) dict_keys(['cjis_audit_retention']) retrieved from /opt/airflow/dags/cjis_audit_retention.py
[2025-06-05T10:54:14.393+0000] {logging_mixin.py:150} INFO - [2025-06-05T10:54:14.393+0000] {dag.py:2742} INFO - Sync 1 DAGs
[2025-06-05T10:54:14.441+0000] {logging_mixin.py:150} INFO - [2025-06-05T10:54:14.441+0000] {dag.py:3504} INFO - Setting next_dagrun for cjis_audit_retention to 2025-06-04T00:00:00+00:00, run_after=2025-06-05T00:00:00+00:00
[2025-06-05T10:54:14.468+0000] {processor.py:179} INFO - Processing /opt/airflow/dags/cjis_audit_retention.py took 0.225 seconds
[2025-06-05T11:40:52.381+0000] {processor.py:157} INFO - Started process (PID=3043) to work on /opt/airflow/dags/cjis_audit_retention.py
[2025-06-05T11:40:52.385+0000] {processor.py:826} INFO - Processing file /opt/airflow/dags/cjis_audit_retention.py for tasks to queue
[2025-06-05T11:40:52.387+0000] {logging_mixin.py:150} INFO - [2025-06-05T11:40:52.387+0000] {dagbag.py:541} INFO - Filling up the DagBag from /opt/airflow/dags/cjis_audit_retention.py
[2025-06-05T11:40:52.448+0000] {processor.py:836} INFO - DAG(s) dict_keys(['cjis_audit_retention']) retrieved from /opt/airflow/dags/cjis_audit_retention.py
[2025-06-05T11:40:52.521+0000] {logging_mixin.py:150} INFO - [2025-06-05T11:40:52.521+0000] {dag.py:2742} INFO - Sync 1 DAGs
[2025-06-05T11:40:52.568+0000] {logging_mixin.py:150} INFO - [2025-06-05T11:40:52.567+0000] {dag.py:3504} INFO - Setting next_dagrun for cjis_audit_retention to 2025-06-04T00:00:00+00:00, run_after=2025-06-05T00:00:00+00:00
[2025-06-05T11:40:52.591+0000] {processor.py:179} INFO - Processing /opt/airflow/dags/cjis_audit_retention.py took 0.218 seconds
[2025-06-05T12:38:16.786+0000] {processor.py:157} INFO - Started process (PID=3078) to work on /opt/airflow/dags/cjis_audit_retention.py
[2025-06-05T12:38:16.787+0000] {processor.py:826} INFO - Processing file /opt/airflow/dags/cjis_audit_retention.py for tasks to queue
[2025-06-05T12:38:16.789+0000] {logging_mixin.py:150} INFO - [2025-06-05T12:38:16.788+0000] {dagbag.py:541} INFO - Filling up the DagBag from /opt/airflow/dags/cjis_audit_retention.py
[2025-06-05T12:38:16.817+0000] {processor.py:836} INFO - DAG(s) dict_keys(['cjis_audit_retention']) retrieved from /opt/airflow/dags/cjis_audit_retention.py
[2025-06-05T12:38:16.853+0000] {logging_mixin.py:150} INFO - [2025-06-05T12:38:16.853+0000] {dag.py:2742} INFO - Sync 1 DAGs
[2025-06-05T12:38:16.877+0000] {logging_mixin.py:150} INFO - [2025-06-05T12:38:16.877+0000] {dag.py:3504} INFO - Setting next_dagrun for cjis_audit_retention to 2025-06-04T00:00:00+00:00, run_after=2025-06-05T00:00:00+00:00
[2025-06-05T12:38:16.894+0000] {processor.py:179} INFO - Processing /opt/airflow/dags/cjis_audit_retention.py took 0.116 seconds
[2025-06-05T13:26:50.545+0000] {processor.py:157} INFO - Started process (PID=3099) to work on /opt/airflow/dags/cjis_audit_retention.py
[2025-06-05T13:26:50.551+0000] {processor.py:826} INFO - Processing file /opt/airflow/dags/cjis_audit_retention.py for tasks to queue
[2025-06-05T13:26:50.556+0000] {logging_mixin.py:150} INFO - [2025-06-05T13:26:50.555+0000] {dagbag.py:541} INFO - Filling up the DagBag from /opt/airflow/dags/cjis_audit_retention.py
[2025-06-05T13:26:50.695+0000] {processor.py:836} INFO - DAG(s) dict_keys(['cjis_audit_retention']) retrieved from /opt/airflow/dags/cjis_audit_retention.py
[2025-06-05T13:26:50.876+0000] {logging_mixin.py:150} INFO - [2025-06-05T13:26:50.876+0000] {dag.py:2742} INFO - Sync 1 DAGs
[2025-06-05T13:26:50.978+0000] {logging_mixin.py:150} INFO - [2025-06-05T13:26:50.977+0000] {dag.py:3504} INFO - Setting next_dagrun for cjis_audit_retention to 2025-06-04T00:00:00+00:00, run_after=2025-06-05T00:00:00+00:00
[2025-06-05T13:26:51.032+0000] {processor.py:179} INFO - Processing /opt/airflow/dags/cjis_audit_retention.py took 0.503 seconds
[2025-06-05T13:54:44.516+0000] {processor.py:157} INFO - Started process (PID=3132) to work on /opt/airflow/dags/cjis_audit_retention.py
[2025-06-05T13:54:44.522+0000] {processor.py:826} INFO - Processing file /opt/airflow/dags/cjis_audit_retention.py for tasks to queue
[2025-06-05T13:54:44.525+0000] {logging_mixin.py:150} INFO - [2025-06-05T13:54:44.523+0000] {dagbag.py:541} INFO - Filling up the DagBag from /opt/airflow/dags/cjis_audit_retention.py
[2025-06-05T13:54:45.110+0000] {processor.py:836} INFO - DAG(s) dict_keys(['cjis_audit_retention']) retrieved from /opt/airflow/dags/cjis_audit_retention.py
[2025-06-05T13:54:45.219+0000] {logging_mixin.py:150} INFO - [2025-06-05T13:54:45.219+0000] {dag.py:2742} INFO - Sync 1 DAGs
[2025-06-05T13:54:45.281+0000] {logging_mixin.py:150} INFO - [2025-06-05T13:54:45.281+0000] {dag.py:3504} INFO - Setting next_dagrun for cjis_audit_retention to 2025-06-04T00:00:00+00:00, run_after=2025-06-05T00:00:00+00:00
[2025-06-05T13:54:45.319+0000] {processor.py:179} INFO - Processing /opt/airflow/dags/cjis_audit_retention.py took 0.818 seconds
[2025-06-05T14:41:17.170+0000] {processor.py:157} INFO - Started process (PID=3165) to work on /opt/airflow/dags/cjis_audit_retention.py
[2025-06-05T14:41:17.174+0000] {processor.py:826} INFO - Processing file /opt/airflow/dags/cjis_audit_retention.py for tasks to queue
[2025-06-05T14:41:17.178+0000] {logging_mixin.py:150} INFO - [2025-06-05T14:41:17.177+0000] {dagbag.py:541} INFO - Filling up the DagBag from /opt/airflow/dags/cjis_audit_retention.py
[2025-06-05T14:41:17.239+0000] {processor.py:836} INFO - DAG(s) dict_keys(['cjis_audit_retention']) retrieved from /opt/airflow/dags/cjis_audit_retention.py
[2025-06-05T14:41:17.355+0000] {logging_mixin.py:150} INFO - [2025-06-05T14:41:17.355+0000] {dag.py:2742} INFO - Sync 1 DAGs
[2025-06-05T14:41:17.439+0000] {logging_mixin.py:150} INFO - [2025-06-05T14:41:17.438+0000] {dag.py:3504} INFO - Setting next_dagrun for cjis_audit_retention to 2025-06-04T00:00:00+00:00, run_after=2025-06-05T00:00:00+00:00
[2025-06-05T14:41:17.507+0000] {processor.py:179} INFO - Processing /opt/airflow/dags/cjis_audit_retention.py took 0.364 seconds
[2025-06-05T14:48:33.686+0000] {processor.py:157} INFO - Started process (PID=3199) to work on /opt/airflow/dags/cjis_audit_retention.py
[2025-06-05T14:48:33.688+0000] {processor.py:826} INFO - Processing file /opt/airflow/dags/cjis_audit_retention.py for tasks to queue
[2025-06-05T14:48:33.690+0000] {logging_mixin.py:150} INFO - [2025-06-05T14:48:33.689+0000] {dagbag.py:541} INFO - Filling up the DagBag from /opt/airflow/dags/cjis_audit_retention.py
[2025-06-05T14:48:33.720+0000] {processor.py:836} INFO - DAG(s) dict_keys(['cjis_audit_retention']) retrieved from /opt/airflow/dags/cjis_audit_retention.py
[2025-06-05T14:48:33.763+0000] {logging_mixin.py:150} INFO - [2025-06-05T14:48:33.763+0000] {dag.py:2742} INFO - Sync 1 DAGs
[2025-06-05T14:48:33.784+0000] {logging_mixin.py:150} INFO - [2025-06-05T14:48:33.784+0000] {dag.py:3504} INFO - Setting next_dagrun for cjis_audit_retention to 2025-06-04T00:00:00+00:00, run_after=2025-06-05T00:00:00+00:00
[2025-06-05T14:48:33.797+0000] {processor.py:179} INFO - Processing /opt/airflow/dags/cjis_audit_retention.py took 0.121 seconds
[2025-06-05T15:44:22.636+0000] {processor.py:157} INFO - Started process (PID=3234) to work on /opt/airflow/dags/cjis_audit_retention.py
[2025-06-05T15:44:22.640+0000] {processor.py:826} INFO - Processing file /opt/airflow/dags/cjis_audit_retention.py for tasks to queue
[2025-06-05T15:44:22.642+0000] {logging_mixin.py:150} INFO - [2025-06-05T15:44:22.641+0000] {dagbag.py:541} INFO - Filling up the DagBag from /opt/airflow/dags/cjis_audit_retention.py
[2025-06-05T15:44:22.757+0000] {processor.py:836} INFO - DAG(s) dict_keys(['cjis_audit_retention']) retrieved from /opt/airflow/dags/cjis_audit_retention.py
[2025-06-05T15:44:22.886+0000] {logging_mixin.py:150} INFO - [2025-06-05T15:44:22.885+0000] {dag.py:2742} INFO - Sync 1 DAGs
[2025-06-05T15:44:22.976+0000] {logging_mixin.py:150} INFO - [2025-06-05T15:44:22.976+0000] {dag.py:3504} INFO - Setting next_dagrun for cjis_audit_retention to 2025-06-04T00:00:00+00:00, run_after=2025-06-05T00:00:00+00:00
[2025-06-05T15:44:23.081+0000] {processor.py:179} INFO - Processing /opt/airflow/dags/cjis_audit_retention.py took 0.455 seconds
[2025-06-05T16:12:06.076+0000] {processor.py:157} INFO - Started process (PID=3266) to work on /opt/airflow/dags/cjis_audit_retention.py
[2025-06-05T16:12:06.084+0000] {processor.py:826} INFO - Processing file /opt/airflow/dags/cjis_audit_retention.py for tasks to queue
[2025-06-05T16:12:06.088+0000] {logging_mixin.py:150} INFO - [2025-06-05T16:12:06.087+0000] {dagbag.py:541} INFO - Filling up the DagBag from /opt/airflow/dags/cjis_audit_retention.py
[2025-06-05T16:12:06.159+0000] {processor.py:836} INFO - DAG(s) dict_keys(['cjis_audit_retention']) retrieved from /opt/airflow/dags/cjis_audit_retention.py
[2025-06-05T16:12:06.288+0000] {logging_mixin.py:150} INFO - [2025-06-05T16:12:06.288+0000] {dag.py:2742} INFO - Sync 1 DAGs
[2025-06-05T16:12:06.343+0000] {logging_mixin.py:150} INFO - [2025-06-05T16:12:06.343+0000] {dag.py:3504} INFO - Setting next_dagrun for cjis_audit_retention to 2025-06-04T00:00:00+00:00, run_after=2025-06-05T00:00:00+00:00
[2025-06-05T16:12:06.381+0000] {processor.py:179} INFO - Processing /opt/airflow/dags/cjis_audit_retention.py took 0.322 seconds
[2025-06-05T16:57:42.814+0000] {processor.py:157} INFO - Started process (PID=3299) to work on /opt/airflow/dags/cjis_audit_retention.py
[2025-06-05T16:57:42.818+0000] {processor.py:826} INFO - Processing file /opt/airflow/dags/cjis_audit_retention.py for tasks to queue
[2025-06-05T16:57:42.821+0000] {logging_mixin.py:150} INFO - [2025-06-05T16:57:42.820+0000] {dagbag.py:541} INFO - Filling up the DagBag from /opt/airflow/dags/cjis_audit_retention.py
[2025-06-05T16:57:42.952+0000] {processor.py:836} INFO - DAG(s) dict_keys(['cjis_audit_retention']) retrieved from /opt/airflow/dags/cjis_audit_retention.py
[2025-06-05T16:57:43.088+0000] {logging_mixin.py:150} INFO - [2025-06-05T16:57:43.087+0000] {dag.py:2742} INFO - Sync 1 DAGs
[2025-06-05T16:57:43.164+0000] {logging_mixin.py:150} INFO - [2025-06-05T16:57:43.164+0000] {dag.py:3504} INFO - Setting next_dagrun for cjis_audit_retention to 2025-06-04T00:00:00+00:00, run_after=2025-06-05T00:00:00+00:00
[2025-06-05T16:57:43.218+0000] {processor.py:179} INFO - Processing /opt/airflow/dags/cjis_audit_retention.py took 0.427 seconds
[2025-06-05T17:11:32.137+0000] {processor.py:157} INFO - Started process (PID=3332) to work on /opt/airflow/dags/cjis_audit_retention.py
[2025-06-05T17:11:32.140+0000] {processor.py:826} INFO - Processing file /opt/airflow/dags/cjis_audit_retention.py for tasks to queue
[2025-06-05T17:11:32.142+0000] {logging_mixin.py:150} INFO - [2025-06-05T17:11:32.141+0000] {dagbag.py:541} INFO - Filling up the DagBag from /opt/airflow/dags/cjis_audit_retention.py
[2025-06-05T17:11:32.192+0000] {processor.py:836} INFO - DAG(s) dict_keys(['cjis_audit_retention']) retrieved from /opt/airflow/dags/cjis_audit_retention.py
[2025-06-05T17:11:32.281+0000] {logging_mixin.py:150} INFO - [2025-06-05T17:11:32.281+0000] {dag.py:2742} INFO - Sync 1 DAGs
[2025-06-05T17:11:32.329+0000] {logging_mixin.py:150} INFO - [2025-06-05T17:11:32.329+0000] {dag.py:3504} INFO - Setting next_dagrun for cjis_audit_retention to 2025-06-04T00:00:00+00:00, run_after=2025-06-05T00:00:00+00:00
[2025-06-05T17:11:32.356+0000] {processor.py:179} INFO - Processing /opt/airflow/dags/cjis_audit_retention.py took 0.225 seconds
[2025-06-05T17:24:59.419+0000] {processor.py:157} INFO - Started process (PID=3365) to work on /opt/airflow/dags/cjis_audit_retention.py
[2025-06-05T17:24:59.422+0000] {processor.py:826} INFO - Processing file /opt/airflow/dags/cjis_audit_retention.py for tasks to queue
[2025-06-05T17:24:59.430+0000] {logging_mixin.py:150} INFO - [2025-06-05T17:24:59.427+0000] {dagbag.py:541} INFO - Filling up the DagBag from /opt/airflow/dags/cjis_audit_retention.py
[2025-06-05T17:24:59.560+0000] {processor.py:836} INFO - DAG(s) dict_keys(['cjis_audit_retention']) retrieved from /opt/airflow/dags/cjis_audit_retention.py
[2025-06-05T17:24:59.732+0000] {logging_mixin.py:150} INFO - [2025-06-05T17:24:59.732+0000] {dag.py:2742} INFO - Sync 1 DAGs
[2025-06-05T17:24:59.846+0000] {logging_mixin.py:150} INFO - [2025-06-05T17:24:59.846+0000] {dag.py:3504} INFO - Setting next_dagrun for cjis_audit_retention to 2025-06-04T00:00:00+00:00, run_after=2025-06-05T00:00:00+00:00
[2025-06-05T17:24:59.944+0000] {processor.py:179} INFO - Processing /opt/airflow/dags/cjis_audit_retention.py took 0.552 seconds
[2025-06-05T18:39:32.124+0000] {processor.py:157} INFO - Started process (PID=3398) to work on /opt/airflow/dags/cjis_audit_retention.py
[2025-06-05T18:39:32.125+0000] {processor.py:826} INFO - Processing file /opt/airflow/dags/cjis_audit_retention.py for tasks to queue
[2025-06-05T18:39:32.127+0000] {logging_mixin.py:150} INFO - [2025-06-05T18:39:32.126+0000] {dagbag.py:541} INFO - Filling up the DagBag from /opt/airflow/dags/cjis_audit_retention.py
[2025-06-05T18:39:32.154+0000] {processor.py:836} INFO - DAG(s) dict_keys(['cjis_audit_retention']) retrieved from /opt/airflow/dags/cjis_audit_retention.py
[2025-06-05T18:39:32.213+0000] {logging_mixin.py:150} INFO - [2025-06-05T18:39:32.212+0000] {dag.py:2742} INFO - Sync 1 DAGs
[2025-06-05T18:39:32.309+0000] {logging_mixin.py:150} INFO - [2025-06-05T18:39:32.308+0000] {dag.py:3504} INFO - Setting next_dagrun for cjis_audit_retention to 2025-06-04T00:00:00+00:00, run_after=2025-06-05T00:00:00+00:00
[2025-06-05T18:39:32.358+0000] {processor.py:179} INFO - Processing /opt/airflow/dags/cjis_audit_retention.py took 0.241 seconds
[2025-06-05T18:50:32.073+0000] {processor.py:157} INFO - Started process (PID=3433) to work on /opt/airflow/dags/cjis_audit_retention.py
[2025-06-05T18:50:32.080+0000] {processor.py:826} INFO - Processing file /opt/airflow/dags/cjis_audit_retention.py for tasks to queue
[2025-06-05T18:50:32.086+0000] {logging_mixin.py:150} INFO - [2025-06-05T18:50:32.085+0000] {dagbag.py:541} INFO - Filling up the DagBag from /opt/airflow/dags/cjis_audit_retention.py
[2025-06-05T18:50:32.215+0000] {processor.py:836} INFO - DAG(s) dict_keys(['cjis_audit_retention']) retrieved from /opt/airflow/dags/cjis_audit_retention.py
[2025-06-05T18:50:32.326+0000] {logging_mixin.py:150} INFO - [2025-06-05T18:50:32.325+0000] {dag.py:2742} INFO - Sync 1 DAGs
[2025-06-05T18:50:32.388+0000] {logging_mixin.py:150} INFO - [2025-06-05T18:50:32.387+0000] {dag.py:3504} INFO - Setting next_dagrun for cjis_audit_retention to 2025-06-04T00:00:00+00:00, run_after=2025-06-05T00:00:00+00:00
[2025-06-05T18:50:32.429+0000] {processor.py:179} INFO - Processing /opt/airflow/dags/cjis_audit_retention.py took 0.372 seconds
[2025-06-05T19:24:15.908+0000] {processor.py:157} INFO - Started process (PID=3466) to work on /opt/airflow/dags/cjis_audit_retention.py
[2025-06-05T19:24:15.909+0000] {processor.py:826} INFO - Processing file /opt/airflow/dags/cjis_audit_retention.py for tasks to queue
[2025-06-05T19:24:15.911+0000] {logging_mixin.py:150} INFO - [2025-06-05T19:24:15.910+0000] {dagbag.py:541} INFO - Filling up the DagBag from /opt/airflow/dags/cjis_audit_retention.py
[2025-06-05T19:24:15.935+0000] {processor.py:836} INFO - DAG(s) dict_keys(['cjis_audit_retention']) retrieved from /opt/airflow/dags/cjis_audit_retention.py
[2025-06-05T19:24:15.981+0000] {logging_mixin.py:150} INFO - [2025-06-05T19:24:15.981+0000] {dag.py:2742} INFO - Sync 1 DAGs
[2025-06-05T19:24:16.004+0000] {logging_mixin.py:150} INFO - [2025-06-05T19:24:16.004+0000] {dag.py:3504} INFO - Setting next_dagrun for cjis_audit_retention to 2025-06-04T00:00:00+00:00, run_after=2025-06-05T00:00:00+00:00
[2025-06-05T19:24:16.016+0000] {processor.py:179} INFO - Processing /opt/airflow/dags/cjis_audit_retention.py took 0.114 seconds
[2025-06-05T19:33:19.237+0000] {processor.py:157} INFO - Started process (PID=3499) to work on /opt/airflow/dags/cjis_audit_retention.py
[2025-06-05T19:33:19.245+0000] {processor.py:826} INFO - Processing file /opt/airflow/dags/cjis_audit_retention.py for tasks to queue
[2025-06-05T19:33:19.250+0000] {logging_mixin.py:150} INFO - [2025-06-05T19:33:19.248+0000] {dagbag.py:541} INFO - Filling up the DagBag from /opt/airflow/dags/cjis_audit_retention.py
[2025-06-05T19:33:19.395+0000] {processor.py:836} INFO - DAG(s) dict_keys(['cjis_audit_retention']) retrieved from /opt/airflow/dags/cjis_audit_retention.py
[2025-06-05T19:33:19.541+0000] {logging_mixin.py:150} INFO - [2025-06-05T19:33:19.541+0000] {dag.py:2742} INFO - Sync 1 DAGs
[2025-06-05T19:33:19.644+0000] {logging_mixin.py:150} INFO - [2025-06-05T19:33:19.643+0000] {dag.py:3504} INFO - Setting next_dagrun for cjis_audit_retention to 2025-06-04T00:00:00+00:00, run_after=2025-06-05T00:00:00+00:00
[2025-06-05T19:33:19.713+0000] {processor.py:179} INFO - Processing /opt/airflow/dags/cjis_audit_retention.py took 0.504 seconds
[2025-06-05T19:34:42.465+0000] {processor.py:157} INFO - Started process (PID=3532) to work on /opt/airflow/dags/cjis_audit_retention.py
[2025-06-05T19:34:42.467+0000] {processor.py:826} INFO - Processing file /opt/airflow/dags/cjis_audit_retention.py for tasks to queue
[2025-06-05T19:34:42.469+0000] {logging_mixin.py:150} INFO - [2025-06-05T19:34:42.468+0000] {dagbag.py:541} INFO - Filling up the DagBag from /opt/airflow/dags/cjis_audit_retention.py
[2025-06-05T19:34:42.501+0000] {processor.py:836} INFO - DAG(s) dict_keys(['cjis_audit_retention']) retrieved from /opt/airflow/dags/cjis_audit_retention.py
[2025-06-05T19:34:42.549+0000] {logging_mixin.py:150} INFO - [2025-06-05T19:34:42.549+0000] {dag.py:2742} INFO - Sync 1 DAGs
[2025-06-05T19:34:42.572+0000] {logging_mixin.py:150} INFO - [2025-06-05T19:34:42.572+0000] {dag.py:3504} INFO - Setting next_dagrun for cjis_audit_retention to 2025-06-04T00:00:00+00:00, run_after=2025-06-05T00:00:00+00:00
[2025-06-05T19:34:42.586+0000] {processor.py:179} INFO - Processing /opt/airflow/dags/cjis_audit_retention.py took 0.133 seconds
[2025-06-05T19:35:12.812+0000] {processor.py:157} INFO - Started process (PID=3562) to work on /opt/airflow/dags/cjis_audit_retention.py
[2025-06-05T19:35:12.815+0000] {processor.py:826} INFO - Processing file /opt/airflow/dags/cjis_audit_retention.py for tasks to queue
[2025-06-05T19:35:12.816+0000] {logging_mixin.py:150} INFO - [2025-06-05T19:35:12.816+0000] {dagbag.py:541} INFO - Filling up the DagBag from /opt/airflow/dags/cjis_audit_retention.py
[2025-06-05T19:35:12.845+0000] {processor.py:836} INFO - DAG(s) dict_keys(['cjis_audit_retention']) retrieved from /opt/airflow/dags/cjis_audit_retention.py
[2025-06-05T19:35:12.887+0000] {logging_mixin.py:150} INFO - [2025-06-05T19:35:12.887+0000] {dag.py:2742} INFO - Sync 1 DAGs
[2025-06-05T19:35:12.908+0000] {logging_mixin.py:150} INFO - [2025-06-05T19:35:12.908+0000] {dag.py:3504} INFO - Setting next_dagrun for cjis_audit_retention to 2025-06-04T00:00:00+00:00, run_after=2025-06-05T00:00:00+00:00
[2025-06-05T19:35:12.920+0000] {processor.py:179} INFO - Processing /opt/airflow/dags/cjis_audit_retention.py took 0.120 seconds
[2025-06-05T19:35:43.338+0000] {processor.py:157} INFO - Started process (PID=3591) to work on /opt/airflow/dags/cjis_audit_retention.py
[2025-06-05T19:35:43.345+0000] {processor.py:826} INFO - Processing file /opt/airflow/dags/cjis_audit_retention.py for tasks to queue
[2025-06-05T19:35:43.350+0000] {logging_mixin.py:150} INFO - [2025-06-05T19:35:43.349+0000] {dagbag.py:541} INFO - Filling up the DagBag from /opt/airflow/dags/cjis_audit_retention.py
[2025-06-05T19:35:43.400+0000] {processor.py:836} INFO - DAG(s) dict_keys(['cjis_audit_retention']) retrieved from /opt/airflow/dags/cjis_audit_retention.py
[2025-06-05T19:35:43.443+0000] {logging_mixin.py:150} INFO - [2025-06-05T19:35:43.443+0000] {dag.py:2742} INFO - Sync 1 DAGs
[2025-06-05T19:35:43.484+0000] {logging_mixin.py:150} INFO - [2025-06-05T19:35:43.484+0000] {dag.py:3504} INFO - Setting next_dagrun for cjis_audit_retention to 2025-06-04T00:00:00+00:00, run_after=2025-06-05T00:00:00+00:00
[2025-06-05T19:35:43.506+0000] {processor.py:179} INFO - Processing /opt/airflow/dags/cjis_audit_retention.py took 0.174 seconds
[2025-06-05T19:36:13.788+0000] {processor.py:157} INFO - Started process (PID=3620) to work on /opt/airflow/dags/cjis_audit_retention.py
[2025-06-05T19:36:13.792+0000] {processor.py:826} INFO - Processing file /opt/airflow/dags/cjis_audit_retention.py for tasks to queue
[2025-06-05T19:36:13.793+0000] {logging_mixin.py:150} INFO - [2025-06-05T19:36:13.793+0000] {dagbag.py:541} INFO - Filling up the DagBag from /opt/airflow/dags/cjis_audit_retention.py
[2025-06-05T19:36:13.833+0000] {processor.py:836} INFO - DAG(s) dict_keys(['cjis_audit_retention']) retrieved from /opt/airflow/dags/cjis_audit_retention.py
[2025-06-05T19:36:13.881+0000] {logging_mixin.py:150} INFO - [2025-06-05T19:36:13.881+0000] {dag.py:2742} INFO - Sync 1 DAGs
[2025-06-05T19:36:13.911+0000] {logging_mixin.py:150} INFO - [2025-06-05T19:36:13.911+0000] {dag.py:3504} INFO - Setting next_dagrun for cjis_audit_retention to 2025-06-04T00:00:00+00:00, run_after=2025-06-05T00:00:00+00:00
[2025-06-05T19:36:13.926+0000] {processor.py:179} INFO - Processing /opt/airflow/dags/cjis_audit_retention.py took 0.148 seconds
[2025-06-05T19:36:44.168+0000] {processor.py:157} INFO - Started process (PID=3649) to work on /opt/airflow/dags/cjis_audit_retention.py
[2025-06-05T19:36:44.170+0000] {processor.py:826} INFO - Processing file /opt/airflow/dags/cjis_audit_retention.py for tasks to queue
[2025-06-05T19:36:44.173+0000] {logging_mixin.py:150} INFO - [2025-06-05T19:36:44.172+0000] {dagbag.py:541} INFO - Filling up the DagBag from /opt/airflow/dags/cjis_audit_retention.py
[2025-06-05T19:36:44.200+0000] {processor.py:836} INFO - DAG(s) dict_keys(['cjis_audit_retention']) retrieved from /opt/airflow/dags/cjis_audit_retention.py
[2025-06-05T19:36:44.241+0000] {logging_mixin.py:150} INFO - [2025-06-05T19:36:44.240+0000] {dag.py:2742} INFO - Sync 1 DAGs
[2025-06-05T19:36:44.263+0000] {logging_mixin.py:150} INFO - [2025-06-05T19:36:44.263+0000] {dag.py:3504} INFO - Setting next_dagrun for cjis_audit_retention to 2025-06-04T00:00:00+00:00, run_after=2025-06-05T00:00:00+00:00
[2025-06-05T19:36:44.275+0000] {processor.py:179} INFO - Processing /opt/airflow/dags/cjis_audit_retention.py took 0.115 seconds
[2025-06-05T19:37:22.067+0000] {processor.py:157} INFO - Started process (PID=3670) to work on /opt/airflow/dags/cjis_audit_retention.py
[2025-06-05T19:37:22.069+0000] {processor.py:826} INFO - Processing file /opt/airflow/dags/cjis_audit_retention.py for tasks to queue
[2025-06-05T19:37:22.071+0000] {logging_mixin.py:150} INFO - [2025-06-05T19:37:22.070+0000] {dagbag.py:541} INFO - Filling up the DagBag from /opt/airflow/dags/cjis_audit_retention.py
[2025-06-05T19:37:22.104+0000] {processor.py:836} INFO - DAG(s) dict_keys(['cjis_audit_retention']) retrieved from /opt/airflow/dags/cjis_audit_retention.py
[2025-06-05T19:37:22.164+0000] {logging_mixin.py:150} INFO - [2025-06-05T19:37:22.164+0000] {dag.py:2742} INFO - Sync 1 DAGs
[2025-06-05T19:37:22.195+0000] {logging_mixin.py:150} INFO - [2025-06-05T19:37:22.195+0000] {dag.py:3504} INFO - Setting next_dagrun for cjis_audit_retention to 2025-06-04T00:00:00+00:00, run_after=2025-06-05T00:00:00+00:00
[2025-06-05T19:37:22.205+0000] {processor.py:179} INFO - Processing /opt/airflow/dags/cjis_audit_retention.py took 0.146 seconds
[2025-06-05T19:38:54.456+0000] {processor.py:157} INFO - Started process (PID=3709) to work on /opt/airflow/dags/cjis_audit_retention.py
[2025-06-05T19:38:54.458+0000] {processor.py:826} INFO - Processing file /opt/airflow/dags/cjis_audit_retention.py for tasks to queue
[2025-06-05T19:38:54.459+0000] {logging_mixin.py:150} INFO - [2025-06-05T19:38:54.459+0000] {dagbag.py:541} INFO - Filling up the DagBag from /opt/airflow/dags/cjis_audit_retention.py
[2025-06-05T19:38:54.497+0000] {processor.py:836} INFO - DAG(s) dict_keys(['cjis_audit_retention']) retrieved from /opt/airflow/dags/cjis_audit_retention.py
[2025-06-05T19:38:54.574+0000] {logging_mixin.py:150} INFO - [2025-06-05T19:38:54.574+0000] {dag.py:2742} INFO - Sync 1 DAGs
[2025-06-05T19:38:54.636+0000] {logging_mixin.py:150} INFO - [2025-06-05T19:38:54.636+0000] {dag.py:3504} INFO - Setting next_dagrun for cjis_audit_retention to 2025-06-04T00:00:00+00:00, run_after=2025-06-05T00:00:00+00:00
[2025-06-05T19:38:54.654+0000] {processor.py:179} INFO - Processing /opt/airflow/dags/cjis_audit_retention.py took 0.209 seconds
[2025-06-05T19:40:42.504+0000] {processor.py:157} INFO - Started process (PID=3732) to work on /opt/airflow/dags/cjis_audit_retention.py
[2025-06-05T19:40:42.507+0000] {processor.py:826} INFO - Processing file /opt/airflow/dags/cjis_audit_retention.py for tasks to queue
[2025-06-05T19:40:42.508+0000] {logging_mixin.py:150} INFO - [2025-06-05T19:40:42.507+0000] {dagbag.py:541} INFO - Filling up the DagBag from /opt/airflow/dags/cjis_audit_retention.py
[2025-06-05T19:40:42.543+0000] {processor.py:836} INFO - DAG(s) dict_keys(['cjis_audit_retention']) retrieved from /opt/airflow/dags/cjis_audit_retention.py
[2025-06-05T19:40:42.582+0000] {logging_mixin.py:150} INFO - [2025-06-05T19:40:42.582+0000] {dag.py:2742} INFO - Sync 1 DAGs
[2025-06-05T19:40:42.604+0000] {logging_mixin.py:150} INFO - [2025-06-05T19:40:42.604+0000] {dag.py:3504} INFO - Setting next_dagrun for cjis_audit_retention to 2025-06-04T00:00:00+00:00, run_after=2025-06-05T00:00:00+00:00
[2025-06-05T19:40:42.616+0000] {processor.py:179} INFO - Processing /opt/airflow/dags/cjis_audit_retention.py took 0.122 seconds
[2025-06-05T19:42:36.205+0000] {processor.py:157} INFO - Started process (PID=3761) to work on /opt/airflow/dags/cjis_audit_retention.py
[2025-06-05T19:42:36.207+0000] {processor.py:826} INFO - Processing file /opt/airflow/dags/cjis_audit_retention.py for tasks to queue
[2025-06-05T19:42:36.209+0000] {logging_mixin.py:150} INFO - [2025-06-05T19:42:36.208+0000] {dagbag.py:541} INFO - Filling up the DagBag from /opt/airflow/dags/cjis_audit_retention.py
[2025-06-05T19:42:36.243+0000] {processor.py:836} INFO - DAG(s) dict_keys(['cjis_audit_retention']) retrieved from /opt/airflow/dags/cjis_audit_retention.py
[2025-06-05T19:42:36.288+0000] {logging_mixin.py:150} INFO - [2025-06-05T19:42:36.288+0000] {dag.py:2742} INFO - Sync 1 DAGs
[2025-06-05T19:42:36.310+0000] {logging_mixin.py:150} INFO - [2025-06-05T19:42:36.310+0000] {dag.py:3504} INFO - Setting next_dagrun for cjis_audit_retention to 2025-06-04T00:00:00+00:00, run_after=2025-06-05T00:00:00+00:00
[2025-06-05T19:42:36.325+0000] {processor.py:179} INFO - Processing /opt/airflow/dags/cjis_audit_retention.py took 0.129 seconds
[2025-06-05T19:43:06.764+0000] {processor.py:157} INFO - Started process (PID=3790) to work on /opt/airflow/dags/cjis_audit_retention.py
[2025-06-05T19:43:06.766+0000] {processor.py:826} INFO - Processing file /opt/airflow/dags/cjis_audit_retention.py for tasks to queue
[2025-06-05T19:43:06.768+0000] {logging_mixin.py:150} INFO - [2025-06-05T19:43:06.767+0000] {dagbag.py:541} INFO - Filling up the DagBag from /opt/airflow/dags/cjis_audit_retention.py
[2025-06-05T19:43:06.802+0000] {processor.py:836} INFO - DAG(s) dict_keys(['cjis_audit_retention']) retrieved from /opt/airflow/dags/cjis_audit_retention.py
[2025-06-05T19:43:06.850+0000] {logging_mixin.py:150} INFO - [2025-06-05T19:43:06.850+0000] {dag.py:2742} INFO - Sync 1 DAGs
[2025-06-05T19:43:06.875+0000] {logging_mixin.py:150} INFO - [2025-06-05T19:43:06.875+0000] {dag.py:3504} INFO - Setting next_dagrun for cjis_audit_retention to 2025-06-04T00:00:00+00:00, run_after=2025-06-05T00:00:00+00:00
[2025-06-05T19:43:06.888+0000] {processor.py:179} INFO - Processing /opt/airflow/dags/cjis_audit_retention.py took 0.134 seconds
[2025-06-05T19:43:37.382+0000] {processor.py:157} INFO - Started process (PID=3819) to work on /opt/airflow/dags/cjis_audit_retention.py
[2025-06-05T19:43:37.393+0000] {processor.py:826} INFO - Processing file /opt/airflow/dags/cjis_audit_retention.py for tasks to queue
[2025-06-05T19:43:37.398+0000] {logging_mixin.py:150} INFO - [2025-06-05T19:43:37.397+0000] {dagbag.py:541} INFO - Filling up the DagBag from /opt/airflow/dags/cjis_audit_retention.py
[2025-06-05T19:43:37.497+0000] {processor.py:836} INFO - DAG(s) dict_keys(['cjis_audit_retention']) retrieved from /opt/airflow/dags/cjis_audit_retention.py
[2025-06-05T19:43:37.612+0000] {logging_mixin.py:150} INFO - [2025-06-05T19:43:37.611+0000] {dag.py:2742} INFO - Sync 1 DAGs
[2025-06-05T19:43:37.646+0000] {logging_mixin.py:150} INFO - [2025-06-05T19:43:37.646+0000] {dag.py:3504} INFO - Setting next_dagrun for cjis_audit_retention to 2025-06-04T00:00:00+00:00, run_after=2025-06-05T00:00:00+00:00
[2025-06-05T19:43:37.667+0000] {processor.py:179} INFO - Processing /opt/airflow/dags/cjis_audit_retention.py took 0.327 seconds
[2025-06-05T19:44:07.826+0000] {processor.py:157} INFO - Started process (PID=3848) to work on /opt/airflow/dags/cjis_audit_retention.py
[2025-06-05T19:44:07.829+0000] {processor.py:826} INFO - Processing file /opt/airflow/dags/cjis_audit_retention.py for tasks to queue
[2025-06-05T19:44:07.832+0000] {logging_mixin.py:150} INFO - [2025-06-05T19:44:07.832+0000] {dagbag.py:541} INFO - Filling up the DagBag from /opt/airflow/dags/cjis_audit_retention.py
[2025-06-05T19:44:07.866+0000] {processor.py:836} INFO - DAG(s) dict_keys(['cjis_audit_retention']) retrieved from /opt/airflow/dags/cjis_audit_retention.py
[2025-06-05T19:44:07.920+0000] {logging_mixin.py:150} INFO - [2025-06-05T19:44:07.920+0000] {dag.py:2742} INFO - Sync 1 DAGs
[2025-06-05T19:44:07.945+0000] {logging_mixin.py:150} INFO - [2025-06-05T19:44:07.945+0000] {dag.py:3504} INFO - Setting next_dagrun for cjis_audit_retention to 2025-06-04T00:00:00+00:00, run_after=2025-06-05T00:00:00+00:00
[2025-06-05T19:44:07.959+0000] {processor.py:179} INFO - Processing /opt/airflow/dags/cjis_audit_retention.py took 0.142 seconds
[2025-06-05T19:44:38.446+0000] {processor.py:157} INFO - Started process (PID=3877) to work on /opt/airflow/dags/cjis_audit_retention.py
[2025-06-05T19:44:38.450+0000] {processor.py:826} INFO - Processing file /opt/airflow/dags/cjis_audit_retention.py for tasks to queue
[2025-06-05T19:44:38.455+0000] {logging_mixin.py:150} INFO - [2025-06-05T19:44:38.454+0000] {dagbag.py:541} INFO - Filling up the DagBag from /opt/airflow/dags/cjis_audit_retention.py
[2025-06-05T19:44:38.492+0000] {processor.py:836} INFO - DAG(s) dict_keys(['cjis_audit_retention']) retrieved from /opt/airflow/dags/cjis_audit_retention.py
[2025-06-05T19:44:38.541+0000] {logging_mixin.py:150} INFO - [2025-06-05T19:44:38.540+0000] {dag.py:2742} INFO - Sync 1 DAGs
[2025-06-05T19:44:38.570+0000] {logging_mixin.py:150} INFO - [2025-06-05T19:44:38.570+0000] {dag.py:3504} INFO - Setting next_dagrun for cjis_audit_retention to 2025-06-04T00:00:00+00:00, run_after=2025-06-05T00:00:00+00:00
[2025-06-05T19:44:38.594+0000] {processor.py:179} INFO - Processing /opt/airflow/dags/cjis_audit_retention.py took 0.157 seconds
[2025-06-05T19:45:08.857+0000] {processor.py:157} INFO - Started process (PID=3906) to work on /opt/airflow/dags/cjis_audit_retention.py
[2025-06-05T19:45:08.859+0000] {processor.py:826} INFO - Processing file /opt/airflow/dags/cjis_audit_retention.py for tasks to queue
[2025-06-05T19:45:08.861+0000] {logging_mixin.py:150} INFO - [2025-06-05T19:45:08.860+0000] {dagbag.py:541} INFO - Filling up the DagBag from /opt/airflow/dags/cjis_audit_retention.py
[2025-06-05T19:45:08.889+0000] {processor.py:836} INFO - DAG(s) dict_keys(['cjis_audit_retention']) retrieved from /opt/airflow/dags/cjis_audit_retention.py
[2025-06-05T19:45:08.924+0000] {logging_mixin.py:150} INFO - [2025-06-05T19:45:08.924+0000] {dag.py:2742} INFO - Sync 1 DAGs
[2025-06-05T19:45:08.944+0000] {logging_mixin.py:150} INFO - [2025-06-05T19:45:08.944+0000] {dag.py:3504} INFO - Setting next_dagrun for cjis_audit_retention to 2025-06-04T00:00:00+00:00, run_after=2025-06-05T00:00:00+00:00
[2025-06-05T19:45:08.955+0000] {processor.py:179} INFO - Processing /opt/airflow/dags/cjis_audit_retention.py took 0.103 seconds
[2025-06-05T19:45:39.308+0000] {processor.py:157} INFO - Started process (PID=3936) to work on /opt/airflow/dags/cjis_audit_retention.py
[2025-06-05T19:45:39.312+0000] {processor.py:826} INFO - Processing file /opt/airflow/dags/cjis_audit_retention.py for tasks to queue
[2025-06-05T19:45:39.314+0000] {logging_mixin.py:150} INFO - [2025-06-05T19:45:39.313+0000] {dagbag.py:541} INFO - Filling up the DagBag from /opt/airflow/dags/cjis_audit_retention.py
[2025-06-05T19:45:39.363+0000] {processor.py:836} INFO - DAG(s) dict_keys(['cjis_audit_retention']) retrieved from /opt/airflow/dags/cjis_audit_retention.py
[2025-06-05T19:45:39.413+0000] {logging_mixin.py:150} INFO - [2025-06-05T19:45:39.412+0000] {dag.py:2742} INFO - Sync 1 DAGs
[2025-06-05T19:45:39.444+0000] {logging_mixin.py:150} INFO - [2025-06-05T19:45:39.443+0000] {dag.py:3504} INFO - Setting next_dagrun for cjis_audit_retention to 2025-06-04T00:00:00+00:00, run_after=2025-06-05T00:00:00+00:00
[2025-06-05T19:45:39.466+0000] {processor.py:179} INFO - Processing /opt/airflow/dags/cjis_audit_retention.py took 0.168 seconds
[2025-06-05T19:46:09.786+0000] {processor.py:157} INFO - Started process (PID=3965) to work on /opt/airflow/dags/cjis_audit_retention.py
[2025-06-05T19:46:09.788+0000] {processor.py:826} INFO - Processing file /opt/airflow/dags/cjis_audit_retention.py for tasks to queue
[2025-06-05T19:46:09.789+0000] {logging_mixin.py:150} INFO - [2025-06-05T19:46:09.788+0000] {dagbag.py:541} INFO - Filling up the DagBag from /opt/airflow/dags/cjis_audit_retention.py
[2025-06-05T19:46:09.812+0000] {processor.py:836} INFO - DAG(s) dict_keys(['cjis_audit_retention']) retrieved from /opt/airflow/dags/cjis_audit_retention.py
[2025-06-05T19:46:09.860+0000] {logging_mixin.py:150} INFO - [2025-06-05T19:46:09.860+0000] {dag.py:2742} INFO - Sync 1 DAGs
[2025-06-05T19:46:09.911+0000] {logging_mixin.py:150} INFO - [2025-06-05T19:46:09.911+0000] {dag.py:3504} INFO - Setting next_dagrun for cjis_audit_retention to 2025-06-04T00:00:00+00:00, run_after=2025-06-05T00:00:00+00:00
[2025-06-05T19:46:09.933+0000] {processor.py:179} INFO - Processing /opt/airflow/dags/cjis_audit_retention.py took 0.153 seconds
[2025-06-05T19:46:40.262+0000] {processor.py:157} INFO - Started process (PID=3995) to work on /opt/airflow/dags/cjis_audit_retention.py
[2025-06-05T19:46:40.264+0000] {processor.py:826} INFO - Processing file /opt/airflow/dags/cjis_audit_retention.py for tasks to queue
[2025-06-05T19:46:40.270+0000] {logging_mixin.py:150} INFO - [2025-06-05T19:46:40.267+0000] {dagbag.py:541} INFO - Filling up the DagBag from /opt/airflow/dags/cjis_audit_retention.py
[2025-06-05T19:46:40.294+0000] {processor.py:836} INFO - DAG(s) dict_keys(['cjis_audit_retention']) retrieved from /opt/airflow/dags/cjis_audit_retention.py
[2025-06-05T19:46:40.334+0000] {logging_mixin.py:150} INFO - [2025-06-05T19:46:40.334+0000] {dag.py:2742} INFO - Sync 1 DAGs
[2025-06-05T19:46:40.358+0000] {logging_mixin.py:150} INFO - [2025-06-05T19:46:40.357+0000] {dag.py:3504} INFO - Setting next_dagrun for cjis_audit_retention to 2025-06-04T00:00:00+00:00, run_after=2025-06-05T00:00:00+00:00
[2025-06-05T19:46:40.377+0000] {processor.py:179} INFO - Processing /opt/airflow/dags/cjis_audit_retention.py took 0.122 seconds
[2025-06-05T19:47:10.754+0000] {processor.py:157} INFO - Started process (PID=4024) to work on /opt/airflow/dags/cjis_audit_retention.py
[2025-06-05T19:47:10.759+0000] {processor.py:826} INFO - Processing file /opt/airflow/dags/cjis_audit_retention.py for tasks to queue
[2025-06-05T19:47:10.761+0000] {logging_mixin.py:150} INFO - [2025-06-05T19:47:10.760+0000] {dagbag.py:541} INFO - Filling up the DagBag from /opt/airflow/dags/cjis_audit_retention.py
[2025-06-05T19:47:10.789+0000] {processor.py:836} INFO - DAG(s) dict_keys(['cjis_audit_retention']) retrieved from /opt/airflow/dags/cjis_audit_retention.py
[2025-06-05T19:47:10.853+0000] {logging_mixin.py:150} INFO - [2025-06-05T19:47:10.853+0000] {dag.py:2742} INFO - Sync 1 DAGs
[2025-06-05T19:47:10.901+0000] {logging_mixin.py:150} INFO - [2025-06-05T19:47:10.901+0000] {dag.py:3504} INFO - Setting next_dagrun for cjis_audit_retention to 2025-06-04T00:00:00+00:00, run_after=2025-06-05T00:00:00+00:00
[2025-06-05T19:47:10.921+0000] {processor.py:179} INFO - Processing /opt/airflow/dags/cjis_audit_retention.py took 0.174 seconds
[2025-06-05T19:47:41.187+0000] {processor.py:157} INFO - Started process (PID=4053) to work on /opt/airflow/dags/cjis_audit_retention.py
[2025-06-05T19:47:41.190+0000] {processor.py:826} INFO - Processing file /opt/airflow/dags/cjis_audit_retention.py for tasks to queue
[2025-06-05T19:47:41.192+0000] {logging_mixin.py:150} INFO - [2025-06-05T19:47:41.191+0000] {dagbag.py:541} INFO - Filling up the DagBag from /opt/airflow/dags/cjis_audit_retention.py
[2025-06-05T19:47:41.229+0000] {processor.py:836} INFO - DAG(s) dict_keys(['cjis_audit_retention']) retrieved from /opt/airflow/dags/cjis_audit_retention.py
[2025-06-05T19:47:41.354+0000] {logging_mixin.py:150} INFO - [2025-06-05T19:47:41.354+0000] {dag.py:2742} INFO - Sync 1 DAGs
[2025-06-05T19:47:41.392+0000] {logging_mixin.py:150} INFO - [2025-06-05T19:47:41.391+0000] {dag.py:3504} INFO - Setting next_dagrun for cjis_audit_retention to 2025-06-04T00:00:00+00:00, run_after=2025-06-05T00:00:00+00:00
[2025-06-05T19:47:41.421+0000] {processor.py:179} INFO - Processing /opt/airflow/dags/cjis_audit_retention.py took 0.242 seconds
[2025-06-05T19:48:11.686+0000] {processor.py:157} INFO - Started process (PID=4083) to work on /opt/airflow/dags/cjis_audit_retention.py
[2025-06-05T19:48:11.689+0000] {processor.py:826} INFO - Processing file /opt/airflow/dags/cjis_audit_retention.py for tasks to queue
[2025-06-05T19:48:11.691+0000] {logging_mixin.py:150} INFO - [2025-06-05T19:48:11.690+0000] {dagbag.py:541} INFO - Filling up the DagBag from /opt/airflow/dags/cjis_audit_retention.py
[2025-06-05T19:48:11.722+0000] {processor.py:836} INFO - DAG(s) dict_keys(['cjis_audit_retention']) retrieved from /opt/airflow/dags/cjis_audit_retention.py
[2025-06-05T19:48:11.766+0000] {logging_mixin.py:150} INFO - [2025-06-05T19:48:11.766+0000] {dag.py:2742} INFO - Sync 1 DAGs
[2025-06-05T19:48:11.804+0000] {logging_mixin.py:150} INFO - [2025-06-05T19:48:11.804+0000] {dag.py:3504} INFO - Setting next_dagrun for cjis_audit_retention to 2025-06-04T00:00:00+00:00, run_after=2025-06-05T00:00:00+00:00
[2025-06-05T19:48:11.820+0000] {processor.py:179} INFO - Processing /opt/airflow/dags/cjis_audit_retention.py took 0.142 seconds
[2025-06-05T19:48:42.051+0000] {processor.py:157} INFO - Started process (PID=4113) to work on /opt/airflow/dags/cjis_audit_retention.py
[2025-06-05T19:48:42.053+0000] {processor.py:826} INFO - Processing file /opt/airflow/dags/cjis_audit_retention.py for tasks to queue
[2025-06-05T19:48:42.055+0000] {logging_mixin.py:150} INFO - [2025-06-05T19:48:42.054+0000] {dagbag.py:541} INFO - Filling up the DagBag from /opt/airflow/dags/cjis_audit_retention.py
[2025-06-05T19:48:42.083+0000] {processor.py:836} INFO - DAG(s) dict_keys(['cjis_audit_retention']) retrieved from /opt/airflow/dags/cjis_audit_retention.py
[2025-06-05T19:48:42.126+0000] {logging_mixin.py:150} INFO - [2025-06-05T19:48:42.126+0000] {dag.py:2742} INFO - Sync 1 DAGs
[2025-06-05T19:48:42.150+0000] {logging_mixin.py:150} INFO - [2025-06-05T19:48:42.150+0000] {dag.py:3504} INFO - Setting next_dagrun for cjis_audit_retention to 2025-06-04T00:00:00+00:00, run_after=2025-06-05T00:00:00+00:00
[2025-06-05T19:48:42.165+0000] {processor.py:179} INFO - Processing /opt/airflow/dags/cjis_audit_retention.py took 0.121 seconds
[2025-06-05T19:49:12.594+0000] {processor.py:157} INFO - Started process (PID=4142) to work on /opt/airflow/dags/cjis_audit_retention.py
[2025-06-05T19:49:12.597+0000] {processor.py:826} INFO - Processing file /opt/airflow/dags/cjis_audit_retention.py for tasks to queue
[2025-06-05T19:49:12.600+0000] {logging_mixin.py:150} INFO - [2025-06-05T19:49:12.600+0000] {dagbag.py:541} INFO - Filling up the DagBag from /opt/airflow/dags/cjis_audit_retention.py
[2025-06-05T19:49:12.632+0000] {processor.py:836} INFO - DAG(s) dict_keys(['cjis_audit_retention']) retrieved from /opt/airflow/dags/cjis_audit_retention.py
[2025-06-05T19:49:12.678+0000] {logging_mixin.py:150} INFO - [2025-06-05T19:49:12.678+0000] {dag.py:2742} INFO - Sync 1 DAGs
[2025-06-05T19:49:12.701+0000] {logging_mixin.py:150} INFO - [2025-06-05T19:49:12.701+0000] {dag.py:3504} INFO - Setting next_dagrun for cjis_audit_retention to 2025-06-04T00:00:00+00:00, run_after=2025-06-05T00:00:00+00:00
[2025-06-05T19:49:12.717+0000] {processor.py:179} INFO - Processing /opt/airflow/dags/cjis_audit_retention.py took 0.134 seconds
[2025-06-05T19:49:43.121+0000] {processor.py:157} INFO - Started process (PID=4173) to work on /opt/airflow/dags/cjis_audit_retention.py
[2025-06-05T19:49:43.123+0000] {processor.py:826} INFO - Processing file /opt/airflow/dags/cjis_audit_retention.py for tasks to queue
[2025-06-05T19:49:43.125+0000] {logging_mixin.py:150} INFO - [2025-06-05T19:49:43.124+0000] {dagbag.py:541} INFO - Filling up the DagBag from /opt/airflow/dags/cjis_audit_retention.py
[2025-06-05T19:49:43.165+0000] {processor.py:836} INFO - DAG(s) dict_keys(['cjis_audit_retention']) retrieved from /opt/airflow/dags/cjis_audit_retention.py
[2025-06-05T19:49:43.226+0000] {logging_mixin.py:150} INFO - [2025-06-05T19:49:43.226+0000] {dag.py:2742} INFO - Sync 1 DAGs
[2025-06-05T19:49:43.250+0000] {logging_mixin.py:150} INFO - [2025-06-05T19:49:43.249+0000] {dag.py:3504} INFO - Setting next_dagrun for cjis_audit_retention to 2025-06-04T00:00:00+00:00, run_after=2025-06-05T00:00:00+00:00
[2025-06-05T19:49:43.267+0000] {processor.py:179} INFO - Processing /opt/airflow/dags/cjis_audit_retention.py took 0.154 seconds
[2025-06-05T19:50:13.484+0000] {processor.py:157} INFO - Started process (PID=4200) to work on /opt/airflow/dags/cjis_audit_retention.py
[2025-06-05T19:50:13.486+0000] {processor.py:826} INFO - Processing file /opt/airflow/dags/cjis_audit_retention.py for tasks to queue
[2025-06-05T19:50:13.487+0000] {logging_mixin.py:150} INFO - [2025-06-05T19:50:13.487+0000] {dagbag.py:541} INFO - Filling up the DagBag from /opt/airflow/dags/cjis_audit_retention.py
[2025-06-05T19:50:13.521+0000] {processor.py:836} INFO - DAG(s) dict_keys(['cjis_audit_retention']) retrieved from /opt/airflow/dags/cjis_audit_retention.py
[2025-06-05T19:50:13.561+0000] {logging_mixin.py:150} INFO - [2025-06-05T19:50:13.560+0000] {dag.py:2742} INFO - Sync 1 DAGs
[2025-06-05T19:50:13.608+0000] {logging_mixin.py:150} INFO - [2025-06-05T19:50:13.608+0000] {dag.py:3504} INFO - Setting next_dagrun for cjis_audit_retention to 2025-06-04T00:00:00+00:00, run_after=2025-06-05T00:00:00+00:00
[2025-06-05T19:50:13.623+0000] {processor.py:179} INFO - Processing /opt/airflow/dags/cjis_audit_retention.py took 0.150 seconds
[2025-06-05T19:50:43.940+0000] {processor.py:157} INFO - Started process (PID=4237) to work on /opt/airflow/dags/cjis_audit_retention.py
[2025-06-05T19:50:43.942+0000] {processor.py:826} INFO - Processing file /opt/airflow/dags/cjis_audit_retention.py for tasks to queue
[2025-06-05T19:50:43.943+0000] {logging_mixin.py:150} INFO - [2025-06-05T19:50:43.943+0000] {dagbag.py:541} INFO - Filling up the DagBag from /opt/airflow/dags/cjis_audit_retention.py
[2025-06-05T19:50:43.973+0000] {processor.py:836} INFO - DAG(s) dict_keys(['cjis_audit_retention']) retrieved from /opt/airflow/dags/cjis_audit_retention.py
[2025-06-05T19:50:44.020+0000] {logging_mixin.py:150} INFO - [2025-06-05T19:50:44.020+0000] {dag.py:2742} INFO - Sync 1 DAGs
[2025-06-05T19:50:44.057+0000] {logging_mixin.py:150} INFO - [2025-06-05T19:50:44.056+0000] {dag.py:3504} INFO - Setting next_dagrun for cjis_audit_retention to 2025-06-04T00:00:00+00:00, run_after=2025-06-05T00:00:00+00:00
[2025-06-05T19:50:44.072+0000] {processor.py:179} INFO - Processing /opt/airflow/dags/cjis_audit_retention.py took 0.138 seconds
[2025-06-05T19:51:14.367+0000] {processor.py:157} INFO - Started process (PID=4266) to work on /opt/airflow/dags/cjis_audit_retention.py
[2025-06-05T19:51:14.368+0000] {processor.py:826} INFO - Processing file /opt/airflow/dags/cjis_audit_retention.py for tasks to queue
[2025-06-05T19:51:14.370+0000] {logging_mixin.py:150} INFO - [2025-06-05T19:51:14.369+0000] {dagbag.py:541} INFO - Filling up the DagBag from /opt/airflow/dags/cjis_audit_retention.py
[2025-06-05T19:51:14.390+0000] {processor.py:836} INFO - DAG(s) dict_keys(['cjis_audit_retention']) retrieved from /opt/airflow/dags/cjis_audit_retention.py
[2025-06-05T19:51:14.422+0000] {logging_mixin.py:150} INFO - [2025-06-05T19:51:14.422+0000] {dag.py:2742} INFO - Sync 1 DAGs
[2025-06-05T19:51:14.444+0000] {logging_mixin.py:150} INFO - [2025-06-05T19:51:14.444+0000] {dag.py:3504} INFO - Setting next_dagrun for cjis_audit_retention to 2025-06-04T00:00:00+00:00, run_after=2025-06-05T00:00:00+00:00
[2025-06-05T19:51:14.461+0000] {processor.py:179} INFO - Processing /opt/airflow/dags/cjis_audit_retention.py took 0.098 seconds
[2025-06-05T19:51:44.786+0000] {processor.py:157} INFO - Started process (PID=4295) to work on /opt/airflow/dags/cjis_audit_retention.py
[2025-06-05T19:51:44.789+0000] {processor.py:826} INFO - Processing file /opt/airflow/dags/cjis_audit_retention.py for tasks to queue
[2025-06-05T19:51:44.791+0000] {logging_mixin.py:150} INFO - [2025-06-05T19:51:44.790+0000] {dagbag.py:541} INFO - Filling up the DagBag from /opt/airflow/dags/cjis_audit_retention.py
[2025-06-05T19:51:44.817+0000] {processor.py:836} INFO - DAG(s) dict_keys(['cjis_audit_retention']) retrieved from /opt/airflow/dags/cjis_audit_retention.py
[2025-06-05T19:51:44.852+0000] {logging_mixin.py:150} INFO - [2025-06-05T19:51:44.852+0000] {dag.py:2742} INFO - Sync 1 DAGs
[2025-06-05T19:51:44.873+0000] {logging_mixin.py:150} INFO - [2025-06-05T19:51:44.873+0000] {dag.py:3504} INFO - Setting next_dagrun for cjis_audit_retention to 2025-06-04T00:00:00+00:00, run_after=2025-06-05T00:00:00+00:00
[2025-06-05T19:51:44.885+0000] {processor.py:179} INFO - Processing /opt/airflow/dags/cjis_audit_retention.py took 0.104 seconds
[2025-06-05T19:52:15.111+0000] {processor.py:157} INFO - Started process (PID=4322) to work on /opt/airflow/dags/cjis_audit_retention.py
[2025-06-05T19:52:15.113+0000] {processor.py:826} INFO - Processing file /opt/airflow/dags/cjis_audit_retention.py for tasks to queue
[2025-06-05T19:52:15.119+0000] {logging_mixin.py:150} INFO - [2025-06-05T19:52:15.117+0000] {dagbag.py:541} INFO - Filling up the DagBag from /opt/airflow/dags/cjis_audit_retention.py
[2025-06-05T19:52:15.162+0000] {processor.py:836} INFO - DAG(s) dict_keys(['cjis_audit_retention']) retrieved from /opt/airflow/dags/cjis_audit_retention.py
[2025-06-05T19:52:15.209+0000] {logging_mixin.py:150} INFO - [2025-06-05T19:52:15.209+0000] {dag.py:2742} INFO - Sync 1 DAGs
[2025-06-05T19:52:15.237+0000] {logging_mixin.py:150} INFO - [2025-06-05T19:52:15.237+0000] {dag.py:3504} INFO - Setting next_dagrun for cjis_audit_retention to 2025-06-04T00:00:00+00:00, run_after=2025-06-05T00:00:00+00:00
[2025-06-05T19:52:15.250+0000] {processor.py:179} INFO - Processing /opt/airflow/dags/cjis_audit_retention.py took 0.153 seconds
[2025-06-05T19:52:45.501+0000] {processor.py:157} INFO - Started process (PID=4345) to work on /opt/airflow/dags/cjis_audit_retention.py
[2025-06-05T19:52:45.505+0000] {processor.py:826} INFO - Processing file /opt/airflow/dags/cjis_audit_retention.py for tasks to queue
[2025-06-05T19:52:45.508+0000] {logging_mixin.py:150} INFO - [2025-06-05T19:52:45.507+0000] {dagbag.py:541} INFO - Filling up the DagBag from /opt/airflow/dags/cjis_audit_retention.py
[2025-06-05T19:52:45.544+0000] {processor.py:836} INFO - DAG(s) dict_keys(['cjis_audit_retention']) retrieved from /opt/airflow/dags/cjis_audit_retention.py
[2025-06-05T19:52:45.594+0000] {logging_mixin.py:150} INFO - [2025-06-05T19:52:45.594+0000] {dag.py:2742} INFO - Sync 1 DAGs
[2025-06-05T19:52:45.620+0000] {logging_mixin.py:150} INFO - [2025-06-05T19:52:45.620+0000] {dag.py:3504} INFO - Setting next_dagrun for cjis_audit_retention to 2025-06-04T00:00:00+00:00, run_after=2025-06-05T00:00:00+00:00
[2025-06-05T19:52:45.630+0000] {processor.py:179} INFO - Processing /opt/airflow/dags/cjis_audit_retention.py took 0.137 seconds
[2025-06-05T19:53:15.827+0000] {processor.py:157} INFO - Started process (PID=4373) to work on /opt/airflow/dags/cjis_audit_retention.py
[2025-06-05T19:53:15.831+0000] {processor.py:826} INFO - Processing file /opt/airflow/dags/cjis_audit_retention.py for tasks to queue
[2025-06-05T19:53:15.833+0000] {logging_mixin.py:150} INFO - [2025-06-05T19:53:15.832+0000] {dagbag.py:541} INFO - Filling up the DagBag from /opt/airflow/dags/cjis_audit_retention.py
[2025-06-05T19:53:15.852+0000] {processor.py:836} INFO - DAG(s) dict_keys(['cjis_audit_retention']) retrieved from /opt/airflow/dags/cjis_audit_retention.py
[2025-06-05T19:53:15.903+0000] {logging_mixin.py:150} INFO - [2025-06-05T19:53:15.903+0000] {dag.py:2742} INFO - Sync 1 DAGs
[2025-06-05T19:53:15.929+0000] {logging_mixin.py:150} INFO - [2025-06-05T19:53:15.929+0000] {dag.py:3504} INFO - Setting next_dagrun for cjis_audit_retention to 2025-06-04T00:00:00+00:00, run_after=2025-06-05T00:00:00+00:00
[2025-06-05T19:53:15.942+0000] {processor.py:179} INFO - Processing /opt/airflow/dags/cjis_audit_retention.py took 0.127 seconds
[2025-06-05T19:53:46.318+0000] {processor.py:157} INFO - Started process (PID=4402) to work on /opt/airflow/dags/cjis_audit_retention.py
[2025-06-05T19:53:46.320+0000] {processor.py:826} INFO - Processing file /opt/airflow/dags/cjis_audit_retention.py for tasks to queue
[2025-06-05T19:53:46.322+0000] {logging_mixin.py:150} INFO - [2025-06-05T19:53:46.321+0000] {dagbag.py:541} INFO - Filling up the DagBag from /opt/airflow/dags/cjis_audit_retention.py
[2025-06-05T19:53:46.376+0000] {processor.py:836} INFO - DAG(s) dict_keys(['cjis_audit_retention']) retrieved from /opt/airflow/dags/cjis_audit_retention.py
[2025-06-05T19:53:46.419+0000] {logging_mixin.py:150} INFO - [2025-06-05T19:53:46.419+0000] {dag.py:2742} INFO - Sync 1 DAGs
[2025-06-05T19:53:46.443+0000] {logging_mixin.py:150} INFO - [2025-06-05T19:53:46.443+0000] {dag.py:3504} INFO - Setting next_dagrun for cjis_audit_retention to 2025-06-04T00:00:00+00:00, run_after=2025-06-05T00:00:00+00:00
[2025-06-05T19:53:46.456+0000] {processor.py:179} INFO - Processing /opt/airflow/dags/cjis_audit_retention.py took 0.150 seconds
[2025-06-05T19:54:16.742+0000] {processor.py:157} INFO - Started process (PID=4430) to work on /opt/airflow/dags/cjis_audit_retention.py
[2025-06-05T19:54:16.745+0000] {processor.py:826} INFO - Processing file /opt/airflow/dags/cjis_audit_retention.py for tasks to queue
[2025-06-05T19:54:16.748+0000] {logging_mixin.py:150} INFO - [2025-06-05T19:54:16.747+0000] {dagbag.py:541} INFO - Filling up the DagBag from /opt/airflow/dags/cjis_audit_retention.py
[2025-06-05T19:54:16.799+0000] {processor.py:836} INFO - DAG(s) dict_keys(['cjis_audit_retention']) retrieved from /opt/airflow/dags/cjis_audit_retention.py
[2025-06-05T19:54:16.850+0000] {logging_mixin.py:150} INFO - [2025-06-05T19:54:16.849+0000] {dag.py:2742} INFO - Sync 1 DAGs
[2025-06-05T19:54:16.873+0000] {logging_mixin.py:150} INFO - [2025-06-05T19:54:16.873+0000] {dag.py:3504} INFO - Setting next_dagrun for cjis_audit_retention to 2025-06-04T00:00:00+00:00, run_after=2025-06-05T00:00:00+00:00
[2025-06-05T19:54:16.889+0000] {processor.py:179} INFO - Processing /opt/airflow/dags/cjis_audit_retention.py took 0.157 seconds
[2025-06-05T19:54:47.175+0000] {processor.py:157} INFO - Started process (PID=4459) to work on /opt/airflow/dags/cjis_audit_retention.py
[2025-06-05T19:54:47.179+0000] {processor.py:826} INFO - Processing file /opt/airflow/dags/cjis_audit_retention.py for tasks to queue
[2025-06-05T19:54:47.181+0000] {logging_mixin.py:150} INFO - [2025-06-05T19:54:47.180+0000] {dagbag.py:541} INFO - Filling up the DagBag from /opt/airflow/dags/cjis_audit_retention.py
[2025-06-05T19:54:47.221+0000] {processor.py:836} INFO - DAG(s) dict_keys(['cjis_audit_retention']) retrieved from /opt/airflow/dags/cjis_audit_retention.py
[2025-06-05T19:54:47.284+0000] {logging_mixin.py:150} INFO - [2025-06-05T19:54:47.284+0000] {dag.py:2742} INFO - Sync 1 DAGs
[2025-06-05T19:54:47.309+0000] {logging_mixin.py:150} INFO - [2025-06-05T19:54:47.309+0000] {dag.py:3504} INFO - Setting next_dagrun for cjis_audit_retention to 2025-06-04T00:00:00+00:00, run_after=2025-06-05T00:00:00+00:00
[2025-06-05T19:54:47.322+0000] {processor.py:179} INFO - Processing /opt/airflow/dags/cjis_audit_retention.py took 0.158 seconds
[2025-06-05T19:55:17.789+0000] {processor.py:157} INFO - Started process (PID=4497) to work on /opt/airflow/dags/cjis_audit_retention.py
[2025-06-05T19:55:17.791+0000] {processor.py:826} INFO - Processing file /opt/airflow/dags/cjis_audit_retention.py for tasks to queue
[2025-06-05T19:55:17.793+0000] {logging_mixin.py:150} INFO - [2025-06-05T19:55:17.792+0000] {dagbag.py:541} INFO - Filling up the DagBag from /opt/airflow/dags/cjis_audit_retention.py
[2025-06-05T19:55:17.828+0000] {processor.py:836} INFO - DAG(s) dict_keys(['cjis_audit_retention']) retrieved from /opt/airflow/dags/cjis_audit_retention.py
[2025-06-05T19:55:17.866+0000] {logging_mixin.py:150} INFO - [2025-06-05T19:55:17.866+0000] {dag.py:2742} INFO - Sync 1 DAGs
[2025-06-05T19:55:17.894+0000] {logging_mixin.py:150} INFO - [2025-06-05T19:55:17.893+0000] {dag.py:3504} INFO - Setting next_dagrun for cjis_audit_retention to 2025-06-04T00:00:00+00:00, run_after=2025-06-05T00:00:00+00:00
[2025-06-05T19:55:17.909+0000] {processor.py:179} INFO - Processing /opt/airflow/dags/cjis_audit_retention.py took 0.126 seconds
[2025-06-05T19:55:48.126+0000] {processor.py:157} INFO - Started process (PID=4526) to work on /opt/airflow/dags/cjis_audit_retention.py
[2025-06-05T19:55:48.127+0000] {processor.py:826} INFO - Processing file /opt/airflow/dags/cjis_audit_retention.py for tasks to queue
[2025-06-05T19:55:48.129+0000] {logging_mixin.py:150} INFO - [2025-06-05T19:55:48.128+0000] {dagbag.py:541} INFO - Filling up the DagBag from /opt/airflow/dags/cjis_audit_retention.py
[2025-06-05T19:55:48.152+0000] {processor.py:836} INFO - DAG(s) dict_keys(['cjis_audit_retention']) retrieved from /opt/airflow/dags/cjis_audit_retention.py
[2025-06-05T19:55:48.188+0000] {logging_mixin.py:150} INFO - [2025-06-05T19:55:48.188+0000] {dag.py:2742} INFO - Sync 1 DAGs
[2025-06-05T19:55:48.207+0000] {logging_mixin.py:150} INFO - [2025-06-05T19:55:48.207+0000] {dag.py:3504} INFO - Setting next_dagrun for cjis_audit_retention to 2025-06-04T00:00:00+00:00, run_after=2025-06-05T00:00:00+00:00
[2025-06-05T19:55:48.218+0000] {processor.py:179} INFO - Processing /opt/airflow/dags/cjis_audit_retention.py took 0.097 seconds
[2025-06-05T19:56:18.508+0000] {processor.py:157} INFO - Started process (PID=4553) to work on /opt/airflow/dags/cjis_audit_retention.py
[2025-06-05T19:56:18.510+0000] {processor.py:826} INFO - Processing file /opt/airflow/dags/cjis_audit_retention.py for tasks to queue
[2025-06-05T19:56:18.512+0000] {logging_mixin.py:150} INFO - [2025-06-05T19:56:18.511+0000] {dagbag.py:541} INFO - Filling up the DagBag from /opt/airflow/dags/cjis_audit_retention.py
[2025-06-05T19:56:18.551+0000] {processor.py:836} INFO - DAG(s) dict_keys(['cjis_audit_retention']) retrieved from /opt/airflow/dags/cjis_audit_retention.py
[2025-06-05T19:56:18.586+0000] {logging_mixin.py:150} INFO - [2025-06-05T19:56:18.586+0000] {dag.py:2742} INFO - Sync 1 DAGs
[2025-06-05T19:56:18.605+0000] {logging_mixin.py:150} INFO - [2025-06-05T19:56:18.605+0000] {dag.py:3504} INFO - Setting next_dagrun for cjis_audit_retention to 2025-06-04T00:00:00+00:00, run_after=2025-06-05T00:00:00+00:00
[2025-06-05T19:56:18.618+0000] {processor.py:179} INFO - Processing /opt/airflow/dags/cjis_audit_retention.py took 0.117 seconds
[2025-06-05T19:56:49.011+0000] {processor.py:157} INFO - Started process (PID=4584) to work on /opt/airflow/dags/cjis_audit_retention.py
[2025-06-05T19:56:49.013+0000] {processor.py:826} INFO - Processing file /opt/airflow/dags/cjis_audit_retention.py for tasks to queue
[2025-06-05T19:56:49.015+0000] {logging_mixin.py:150} INFO - [2025-06-05T19:56:49.014+0000] {dagbag.py:541} INFO - Filling up the DagBag from /opt/airflow/dags/cjis_audit_retention.py
[2025-06-05T19:56:49.042+0000] {processor.py:836} INFO - DAG(s) dict_keys(['cjis_audit_retention']) retrieved from /opt/airflow/dags/cjis_audit_retention.py
[2025-06-05T19:56:49.083+0000] {logging_mixin.py:150} INFO - [2025-06-05T19:56:49.083+0000] {dag.py:2742} INFO - Sync 1 DAGs
[2025-06-05T19:56:49.111+0000] {logging_mixin.py:150} INFO - [2025-06-05T19:56:49.111+0000] {dag.py:3504} INFO - Setting next_dagrun for cjis_audit_retention to 2025-06-04T00:00:00+00:00, run_after=2025-06-05T00:00:00+00:00
[2025-06-05T19:56:49.123+0000] {processor.py:179} INFO - Processing /opt/airflow/dags/cjis_audit_retention.py took 0.118 seconds
[2025-06-05T19:57:19.501+0000] {processor.py:157} INFO - Started process (PID=4606) to work on /opt/airflow/dags/cjis_audit_retention.py
[2025-06-05T19:57:19.503+0000] {processor.py:826} INFO - Processing file /opt/airflow/dags/cjis_audit_retention.py for tasks to queue
[2025-06-05T19:57:19.507+0000] {logging_mixin.py:150} INFO - [2025-06-05T19:57:19.506+0000] {dagbag.py:541} INFO - Filling up the DagBag from /opt/airflow/dags/cjis_audit_retention.py
[2025-06-05T19:57:19.546+0000] {processor.py:836} INFO - DAG(s) dict_keys(['cjis_audit_retention']) retrieved from /opt/airflow/dags/cjis_audit_retention.py
[2025-06-05T19:57:19.589+0000] {logging_mixin.py:150} INFO - [2025-06-05T19:57:19.589+0000] {dag.py:2742} INFO - Sync 1 DAGs
[2025-06-05T19:57:19.611+0000] {logging_mixin.py:150} INFO - [2025-06-05T19:57:19.610+0000] {dag.py:3504} INFO - Setting next_dagrun for cjis_audit_retention to 2025-06-04T00:00:00+00:00, run_after=2025-06-05T00:00:00+00:00
[2025-06-05T19:57:19.622+0000] {processor.py:179} INFO - Processing /opt/airflow/dags/cjis_audit_retention.py took 0.132 seconds
[2025-06-05T19:57:49.939+0000] {processor.py:157} INFO - Started process (PID=4634) to work on /opt/airflow/dags/cjis_audit_retention.py
[2025-06-05T19:57:49.941+0000] {processor.py:826} INFO - Processing file /opt/airflow/dags/cjis_audit_retention.py for tasks to queue
[2025-06-05T19:57:49.942+0000] {logging_mixin.py:150} INFO - [2025-06-05T19:57:49.942+0000] {dagbag.py:541} INFO - Filling up the DagBag from /opt/airflow/dags/cjis_audit_retention.py
[2025-06-05T19:57:49.980+0000] {processor.py:836} INFO - DAG(s) dict_keys(['cjis_audit_retention']) retrieved from /opt/airflow/dags/cjis_audit_retention.py
[2025-06-05T19:57:50.027+0000] {logging_mixin.py:150} INFO - [2025-06-05T19:57:50.027+0000] {dag.py:2742} INFO - Sync 1 DAGs
[2025-06-05T19:57:50.052+0000] {logging_mixin.py:150} INFO - [2025-06-05T19:57:50.052+0000] {dag.py:3504} INFO - Setting next_dagrun for cjis_audit_retention to 2025-06-04T00:00:00+00:00, run_after=2025-06-05T00:00:00+00:00
[2025-06-05T19:57:50.067+0000] {processor.py:179} INFO - Processing /opt/airflow/dags/cjis_audit_retention.py took 0.135 seconds
[2025-06-05T19:58:20.308+0000] {processor.py:157} INFO - Started process (PID=4663) to work on /opt/airflow/dags/cjis_audit_retention.py
[2025-06-05T19:58:20.311+0000] {processor.py:826} INFO - Processing file /opt/airflow/dags/cjis_audit_retention.py for tasks to queue
[2025-06-05T19:58:20.314+0000] {logging_mixin.py:150} INFO - [2025-06-05T19:58:20.313+0000] {dagbag.py:541} INFO - Filling up the DagBag from /opt/airflow/dags/cjis_audit_retention.py
[2025-06-05T19:58:20.355+0000] {processor.py:836} INFO - DAG(s) dict_keys(['cjis_audit_retention']) retrieved from /opt/airflow/dags/cjis_audit_retention.py
[2025-06-05T19:58:20.415+0000] {logging_mixin.py:150} INFO - [2025-06-05T19:58:20.415+0000] {dag.py:2742} INFO - Sync 1 DAGs
[2025-06-05T19:58:20.441+0000] {logging_mixin.py:150} INFO - [2025-06-05T19:58:20.441+0000] {dag.py:3504} INFO - Setting next_dagrun for cjis_audit_retention to 2025-06-04T00:00:00+00:00, run_after=2025-06-05T00:00:00+00:00
[2025-06-05T19:58:20.462+0000] {processor.py:179} INFO - Processing /opt/airflow/dags/cjis_audit_retention.py took 0.161 seconds
[2025-06-05T19:58:50.763+0000] {processor.py:157} INFO - Started process (PID=4692) to work on /opt/airflow/dags/cjis_audit_retention.py
[2025-06-05T19:58:50.765+0000] {processor.py:826} INFO - Processing file /opt/airflow/dags/cjis_audit_retention.py for tasks to queue
[2025-06-05T19:58:50.766+0000] {logging_mixin.py:150} INFO - [2025-06-05T19:58:50.766+0000] {dagbag.py:541} INFO - Filling up the DagBag from /opt/airflow/dags/cjis_audit_retention.py
[2025-06-05T19:58:50.804+0000] {processor.py:836} INFO - DAG(s) dict_keys(['cjis_audit_retention']) retrieved from /opt/airflow/dags/cjis_audit_retention.py
[2025-06-05T19:58:50.870+0000] {logging_mixin.py:150} INFO - [2025-06-05T19:58:50.870+0000] {dag.py:2742} INFO - Sync 1 DAGs
[2025-06-05T19:58:50.891+0000] {logging_mixin.py:150} INFO - [2025-06-05T19:58:50.891+0000] {dag.py:3504} INFO - Setting next_dagrun for cjis_audit_retention to 2025-06-04T00:00:00+00:00, run_after=2025-06-05T00:00:00+00:00
[2025-06-05T19:58:50.903+0000] {processor.py:179} INFO - Processing /opt/airflow/dags/cjis_audit_retention.py took 0.150 seconds
[2025-06-05T19:59:21.325+0000] {processor.py:157} INFO - Started process (PID=4721) to work on /opt/airflow/dags/cjis_audit_retention.py
[2025-06-05T19:59:21.327+0000] {processor.py:826} INFO - Processing file /opt/airflow/dags/cjis_audit_retention.py for tasks to queue
[2025-06-05T19:59:21.329+0000] {logging_mixin.py:150} INFO - [2025-06-05T19:59:21.328+0000] {dagbag.py:541} INFO - Filling up the DagBag from /opt/airflow/dags/cjis_audit_retention.py
[2025-06-05T19:59:21.367+0000] {processor.py:836} INFO - DAG(s) dict_keys(['cjis_audit_retention']) retrieved from /opt/airflow/dags/cjis_audit_retention.py
[2025-06-05T19:59:21.418+0000] {logging_mixin.py:150} INFO - [2025-06-05T19:59:21.418+0000] {dag.py:2742} INFO - Sync 1 DAGs
[2025-06-05T19:59:21.437+0000] {logging_mixin.py:150} INFO - [2025-06-05T19:59:21.437+0000] {dag.py:3504} INFO - Setting next_dagrun for cjis_audit_retention to 2025-06-04T00:00:00+00:00, run_after=2025-06-05T00:00:00+00:00
[2025-06-05T19:59:21.450+0000] {processor.py:179} INFO - Processing /opt/airflow/dags/cjis_audit_retention.py took 0.131 seconds
[2025-06-05T19:59:51.838+0000] {processor.py:157} INFO - Started process (PID=4758) to work on /opt/airflow/dags/cjis_audit_retention.py
[2025-06-05T19:59:51.843+0000] {processor.py:826} INFO - Processing file /opt/airflow/dags/cjis_audit_retention.py for tasks to queue
[2025-06-05T19:59:51.845+0000] {logging_mixin.py:150} INFO - [2025-06-05T19:59:51.844+0000] {dagbag.py:541} INFO - Filling up the DagBag from /opt/airflow/dags/cjis_audit_retention.py
[2025-06-05T19:59:51.875+0000] {processor.py:836} INFO - DAG(s) dict_keys(['cjis_audit_retention']) retrieved from /opt/airflow/dags/cjis_audit_retention.py
[2025-06-05T19:59:51.922+0000] {logging_mixin.py:150} INFO - [2025-06-05T19:59:51.922+0000] {dag.py:2742} INFO - Sync 1 DAGs
[2025-06-05T19:59:51.948+0000] {logging_mixin.py:150} INFO - [2025-06-05T19:59:51.948+0000] {dag.py:3504} INFO - Setting next_dagrun for cjis_audit_retention to 2025-06-04T00:00:00+00:00, run_after=2025-06-05T00:00:00+00:00
[2025-06-05T19:59:51.961+0000] {processor.py:179} INFO - Processing /opt/airflow/dags/cjis_audit_retention.py took 0.130 seconds
[2025-06-05T20:00:22.220+0000] {processor.py:157} INFO - Started process (PID=4787) to work on /opt/airflow/dags/cjis_audit_retention.py
[2025-06-05T20:00:22.222+0000] {processor.py:826} INFO - Processing file /opt/airflow/dags/cjis_audit_retention.py for tasks to queue
[2025-06-05T20:00:22.224+0000] {logging_mixin.py:150} INFO - [2025-06-05T20:00:22.223+0000] {dagbag.py:541} INFO - Filling up the DagBag from /opt/airflow/dags/cjis_audit_retention.py
[2025-06-05T20:00:22.250+0000] {processor.py:836} INFO - DAG(s) dict_keys(['cjis_audit_retention']) retrieved from /opt/airflow/dags/cjis_audit_retention.py
[2025-06-05T20:00:22.290+0000] {logging_mixin.py:150} INFO - [2025-06-05T20:00:22.290+0000] {dag.py:2742} INFO - Sync 1 DAGs
[2025-06-05T20:00:22.311+0000] {logging_mixin.py:150} INFO - [2025-06-05T20:00:22.311+0000] {dag.py:3504} INFO - Setting next_dagrun for cjis_audit_retention to 2025-06-04T00:00:00+00:00, run_after=2025-06-05T00:00:00+00:00
[2025-06-05T20:00:22.322+0000] {processor.py:179} INFO - Processing /opt/airflow/dags/cjis_audit_retention.py took 0.107 seconds
[2025-06-05T20:00:52.472+0000] {processor.py:157} INFO - Started process (PID=4816) to work on /opt/airflow/dags/cjis_audit_retention.py
[2025-06-05T20:00:52.473+0000] {processor.py:826} INFO - Processing file /opt/airflow/dags/cjis_audit_retention.py for tasks to queue
[2025-06-05T20:00:52.474+0000] {logging_mixin.py:150} INFO - [2025-06-05T20:00:52.473+0000] {dagbag.py:541} INFO - Filling up the DagBag from /opt/airflow/dags/cjis_audit_retention.py
[2025-06-05T20:00:52.486+0000] {processor.py:836} INFO - DAG(s) dict_keys(['cjis_audit_retention']) retrieved from /opt/airflow/dags/cjis_audit_retention.py
[2025-06-05T20:00:52.509+0000] {logging_mixin.py:150} INFO - [2025-06-05T20:00:52.509+0000] {dag.py:2742} INFO - Sync 1 DAGs
[2025-06-05T20:00:52.523+0000] {logging_mixin.py:150} INFO - [2025-06-05T20:00:52.523+0000] {dag.py:3504} INFO - Setting next_dagrun for cjis_audit_retention to 2025-06-04T00:00:00+00:00, run_after=2025-06-05T00:00:00+00:00
[2025-06-05T20:00:52.534+0000] {processor.py:179} INFO - Processing /opt/airflow/dags/cjis_audit_retention.py took 0.064 seconds
[2025-06-05T20:01:22.890+0000] {processor.py:157} INFO - Started process (PID=4845) to work on /opt/airflow/dags/cjis_audit_retention.py
[2025-06-05T20:01:22.892+0000] {processor.py:826} INFO - Processing file /opt/airflow/dags/cjis_audit_retention.py for tasks to queue
[2025-06-05T20:01:22.894+0000] {logging_mixin.py:150} INFO - [2025-06-05T20:01:22.893+0000] {dagbag.py:541} INFO - Filling up the DagBag from /opt/airflow/dags/cjis_audit_retention.py
[2025-06-05T20:01:22.916+0000] {processor.py:836} INFO - DAG(s) dict_keys(['cjis_audit_retention']) retrieved from /opt/airflow/dags/cjis_audit_retention.py
[2025-06-05T20:01:22.950+0000] {logging_mixin.py:150} INFO - [2025-06-05T20:01:22.950+0000] {dag.py:2742} INFO - Sync 1 DAGs
[2025-06-05T20:01:22.970+0000] {logging_mixin.py:150} INFO - [2025-06-05T20:01:22.969+0000] {dag.py:3504} INFO - Setting next_dagrun for cjis_audit_retention to 2025-06-04T00:00:00+00:00, run_after=2025-06-05T00:00:00+00:00
[2025-06-05T20:01:22.980+0000] {processor.py:179} INFO - Processing /opt/airflow/dags/cjis_audit_retention.py took 0.096 seconds
[2025-06-05T20:01:53.226+0000] {processor.py:157} INFO - Started process (PID=4874) to work on /opt/airflow/dags/cjis_audit_retention.py
[2025-06-05T20:01:53.227+0000] {processor.py:826} INFO - Processing file /opt/airflow/dags/cjis_audit_retention.py for tasks to queue
[2025-06-05T20:01:53.229+0000] {logging_mixin.py:150} INFO - [2025-06-05T20:01:53.228+0000] {dagbag.py:541} INFO - Filling up the DagBag from /opt/airflow/dags/cjis_audit_retention.py
[2025-06-05T20:01:53.242+0000] {processor.py:836} INFO - DAG(s) dict_keys(['cjis_audit_retention']) retrieved from /opt/airflow/dags/cjis_audit_retention.py
[2025-06-05T20:01:53.261+0000] {logging_mixin.py:150} INFO - [2025-06-05T20:01:53.261+0000] {dag.py:2742} INFO - Sync 1 DAGs
[2025-06-05T20:01:53.275+0000] {logging_mixin.py:150} INFO - [2025-06-05T20:01:53.275+0000] {dag.py:3504} INFO - Setting next_dagrun for cjis_audit_retention to 2025-06-04T00:00:00+00:00, run_after=2025-06-05T00:00:00+00:00
[2025-06-05T20:01:53.285+0000] {processor.py:179} INFO - Processing /opt/airflow/dags/cjis_audit_retention.py took 0.062 seconds
[2025-06-05T20:02:23.495+0000] {processor.py:157} INFO - Started process (PID=4903) to work on /opt/airflow/dags/cjis_audit_retention.py
[2025-06-05T20:02:23.497+0000] {processor.py:826} INFO - Processing file /opt/airflow/dags/cjis_audit_retention.py for tasks to queue
[2025-06-05T20:02:23.499+0000] {logging_mixin.py:150} INFO - [2025-06-05T20:02:23.498+0000] {dagbag.py:541} INFO - Filling up the DagBag from /opt/airflow/dags/cjis_audit_retention.py
[2025-06-05T20:02:23.526+0000] {processor.py:836} INFO - DAG(s) dict_keys(['cjis_audit_retention']) retrieved from /opt/airflow/dags/cjis_audit_retention.py
[2025-06-05T20:02:23.574+0000] {logging_mixin.py:150} INFO - [2025-06-05T20:02:23.574+0000] {dag.py:2742} INFO - Sync 1 DAGs
[2025-06-05T20:02:23.598+0000] {logging_mixin.py:150} INFO - [2025-06-05T20:02:23.598+0000] {dag.py:3504} INFO - Setting next_dagrun for cjis_audit_retention to 2025-06-04T00:00:00+00:00, run_after=2025-06-05T00:00:00+00:00
[2025-06-05T20:02:23.611+0000] {processor.py:179} INFO - Processing /opt/airflow/dags/cjis_audit_retention.py took 0.126 seconds
[2025-06-05T20:02:53.984+0000] {processor.py:157} INFO - Started process (PID=4933) to work on /opt/airflow/dags/cjis_audit_retention.py
[2025-06-05T20:02:53.985+0000] {processor.py:826} INFO - Processing file /opt/airflow/dags/cjis_audit_retention.py for tasks to queue
[2025-06-05T20:02:53.987+0000] {logging_mixin.py:150} INFO - [2025-06-05T20:02:53.986+0000] {dagbag.py:541} INFO - Filling up the DagBag from /opt/airflow/dags/cjis_audit_retention.py
[2025-06-05T20:02:54.015+0000] {processor.py:836} INFO - DAG(s) dict_keys(['cjis_audit_retention']) retrieved from /opt/airflow/dags/cjis_audit_retention.py
[2025-06-05T20:02:54.056+0000] {logging_mixin.py:150} INFO - [2025-06-05T20:02:54.056+0000] {dag.py:2742} INFO - Sync 1 DAGs
[2025-06-05T20:02:54.080+0000] {logging_mixin.py:150} INFO - [2025-06-05T20:02:54.080+0000] {dag.py:3504} INFO - Setting next_dagrun for cjis_audit_retention to 2025-06-04T00:00:00+00:00, run_after=2025-06-05T00:00:00+00:00
[2025-06-05T20:02:54.095+0000] {processor.py:179} INFO - Processing /opt/airflow/dags/cjis_audit_retention.py took 0.117 seconds
[2025-06-05T20:35:09.319+0000] {processor.py:157} INFO - Started process (PID=4948) to work on /opt/airflow/dags/cjis_audit_retention.py
[2025-06-05T20:35:09.323+0000] {processor.py:826} INFO - Processing file /opt/airflow/dags/cjis_audit_retention.py for tasks to queue
[2025-06-05T20:35:09.327+0000] {logging_mixin.py:150} INFO - [2025-06-05T20:35:09.325+0000] {dagbag.py:541} INFO - Filling up the DagBag from /opt/airflow/dags/cjis_audit_retention.py
[2025-06-05T20:35:09.379+0000] {processor.py:836} INFO - DAG(s) dict_keys(['cjis_audit_retention']) retrieved from /opt/airflow/dags/cjis_audit_retention.py
[2025-06-05T20:35:09.457+0000] {logging_mixin.py:150} INFO - [2025-06-05T20:35:09.457+0000] {dag.py:2742} INFO - Sync 1 DAGs
[2025-06-05T20:35:09.573+0000] {logging_mixin.py:150} INFO - [2025-06-05T20:35:09.572+0000] {dag.py:3504} INFO - Setting next_dagrun for cjis_audit_retention to 2025-06-04T00:00:00+00:00, run_after=2025-06-05T00:00:00+00:00
[2025-06-05T20:35:09.655+0000] {processor.py:179} INFO - Processing /opt/airflow/dags/cjis_audit_retention.py took 0.356 seconds
[2025-06-05T20:48:17.983+0000] {processor.py:157} INFO - Started process (PID=4981) to work on /opt/airflow/dags/cjis_audit_retention.py
[2025-06-05T20:48:17.986+0000] {processor.py:826} INFO - Processing file /opt/airflow/dags/cjis_audit_retention.py for tasks to queue
[2025-06-05T20:48:17.990+0000] {logging_mixin.py:150} INFO - [2025-06-05T20:48:17.989+0000] {dagbag.py:541} INFO - Filling up the DagBag from /opt/airflow/dags/cjis_audit_retention.py
[2025-06-05T20:48:18.027+0000] {processor.py:836} INFO - DAG(s) dict_keys(['cjis_audit_retention']) retrieved from /opt/airflow/dags/cjis_audit_retention.py
[2025-06-05T20:48:18.075+0000] {logging_mixin.py:150} INFO - [2025-06-05T20:48:18.075+0000] {dag.py:2742} INFO - Sync 1 DAGs
[2025-06-05T20:48:18.104+0000] {logging_mixin.py:150} INFO - [2025-06-05T20:48:18.104+0000] {dag.py:3504} INFO - Setting next_dagrun for cjis_audit_retention to 2025-06-04T00:00:00+00:00, run_after=2025-06-05T00:00:00+00:00
[2025-06-05T20:48:18.119+0000] {processor.py:179} INFO - Processing /opt/airflow/dags/cjis_audit_retention.py took 0.151 seconds
[2025-06-05T20:52:43.608+0000] {processor.py:157} INFO - Started process (PID=5014) to work on /opt/airflow/dags/cjis_audit_retention.py
[2025-06-05T20:52:43.611+0000] {processor.py:826} INFO - Processing file /opt/airflow/dags/cjis_audit_retention.py for tasks to queue
[2025-06-05T20:52:43.613+0000] {logging_mixin.py:150} INFO - [2025-06-05T20:52:43.612+0000] {dagbag.py:541} INFO - Filling up the DagBag from /opt/airflow/dags/cjis_audit_retention.py
[2025-06-05T20:52:43.654+0000] {processor.py:836} INFO - DAG(s) dict_keys(['cjis_audit_retention']) retrieved from /opt/airflow/dags/cjis_audit_retention.py
[2025-06-05T20:52:43.736+0000] {logging_mixin.py:150} INFO - [2025-06-05T20:52:43.736+0000] {dag.py:2742} INFO - Sync 1 DAGs
[2025-06-05T20:52:43.804+0000] {logging_mixin.py:150} INFO - [2025-06-05T20:52:43.804+0000] {dag.py:3504} INFO - Setting next_dagrun for cjis_audit_retention to 2025-06-04T00:00:00+00:00, run_after=2025-06-05T00:00:00+00:00
[2025-06-05T20:52:43.846+0000] {processor.py:179} INFO - Processing /opt/airflow/dags/cjis_audit_retention.py took 0.251 seconds
[2025-06-05T20:56:23.703+0000] {processor.py:157} INFO - Started process (PID=5048) to work on /opt/airflow/dags/cjis_audit_retention.py
[2025-06-05T20:56:23.706+0000] {processor.py:826} INFO - Processing file /opt/airflow/dags/cjis_audit_retention.py for tasks to queue
[2025-06-05T20:56:23.708+0000] {logging_mixin.py:150} INFO - [2025-06-05T20:56:23.707+0000] {dagbag.py:541} INFO - Filling up the DagBag from /opt/airflow/dags/cjis_audit_retention.py
[2025-06-05T20:56:23.749+0000] {processor.py:836} INFO - DAG(s) dict_keys(['cjis_audit_retention']) retrieved from /opt/airflow/dags/cjis_audit_retention.py
[2025-06-05T20:56:23.889+0000] {logging_mixin.py:150} INFO - [2025-06-05T20:56:23.889+0000] {dag.py:2742} INFO - Sync 1 DAGs
[2025-06-05T20:56:23.999+0000] {logging_mixin.py:150} INFO - [2025-06-05T20:56:23.999+0000] {dag.py:3504} INFO - Setting next_dagrun for cjis_audit_retention to 2025-06-04T00:00:00+00:00, run_after=2025-06-05T00:00:00+00:00
[2025-06-05T20:56:24.040+0000] {processor.py:179} INFO - Processing /opt/airflow/dags/cjis_audit_retention.py took 0.348 seconds
[2025-06-05T22:01:19.102+0000] {processor.py:157} INFO - Started process (PID=5081) to work on /opt/airflow/dags/cjis_audit_retention.py
[2025-06-05T22:01:19.110+0000] {processor.py:826} INFO - Processing file /opt/airflow/dags/cjis_audit_retention.py for tasks to queue
[2025-06-05T22:01:19.115+0000] {logging_mixin.py:150} INFO - [2025-06-05T22:01:19.113+0000] {dagbag.py:541} INFO - Filling up the DagBag from /opt/airflow/dags/cjis_audit_retention.py
[2025-06-05T22:01:19.206+0000] {processor.py:836} INFO - DAG(s) dict_keys(['cjis_audit_retention']) retrieved from /opt/airflow/dags/cjis_audit_retention.py
[2025-06-05T22:01:19.300+0000] {logging_mixin.py:150} INFO - [2025-06-05T22:01:19.300+0000] {dag.py:2742} INFO - Sync 1 DAGs
[2025-06-05T22:01:19.349+0000] {logging_mixin.py:150} INFO - [2025-06-05T22:01:19.349+0000] {dag.py:3504} INFO - Setting next_dagrun for cjis_audit_retention to 2025-06-04T00:00:00+00:00, run_after=2025-06-05T00:00:00+00:00
[2025-06-05T22:01:19.404+0000] {processor.py:179} INFO - Processing /opt/airflow/dags/cjis_audit_retention.py took 0.342 seconds
[2025-06-05T22:53:32.268+0000] {processor.py:157} INFO - Started process (PID=5106) to work on /opt/airflow/dags/cjis_audit_retention.py
[2025-06-05T22:53:32.271+0000] {processor.py:826} INFO - Processing file /opt/airflow/dags/cjis_audit_retention.py for tasks to queue
[2025-06-05T22:53:32.272+0000] {logging_mixin.py:150} INFO - [2025-06-05T22:53:32.272+0000] {dagbag.py:541} INFO - Filling up the DagBag from /opt/airflow/dags/cjis_audit_retention.py
[2025-06-05T22:53:32.294+0000] {processor.py:836} INFO - DAG(s) dict_keys(['cjis_audit_retention']) retrieved from /opt/airflow/dags/cjis_audit_retention.py
[2025-06-05T22:53:32.349+0000] {logging_mixin.py:150} INFO - [2025-06-05T22:53:32.349+0000] {dag.py:2742} INFO - Sync 1 DAGs
[2025-06-05T22:53:32.368+0000] {logging_mixin.py:150} INFO - [2025-06-05T22:53:32.368+0000] {dag.py:3504} INFO - Setting next_dagrun for cjis_audit_retention to 2025-06-04T00:00:00+00:00, run_after=2025-06-05T00:00:00+00:00
[2025-06-05T22:53:32.382+0000] {processor.py:179} INFO - Processing /opt/airflow/dags/cjis_audit_retention.py took 0.122 seconds
[2025-06-05T23:30:09.954+0000] {processor.py:157} INFO - Started process (PID=5139) to work on /opt/airflow/dags/cjis_audit_retention.py
[2025-06-05T23:30:09.956+0000] {processor.py:826} INFO - Processing file /opt/airflow/dags/cjis_audit_retention.py for tasks to queue
[2025-06-05T23:30:09.957+0000] {logging_mixin.py:150} INFO - [2025-06-05T23:30:09.957+0000] {dagbag.py:541} INFO - Filling up the DagBag from /opt/airflow/dags/cjis_audit_retention.py
[2025-06-05T23:30:10.011+0000] {processor.py:836} INFO - DAG(s) dict_keys(['cjis_audit_retention']) retrieved from /opt/airflow/dags/cjis_audit_retention.py
[2025-06-05T23:30:10.060+0000] {logging_mixin.py:150} INFO - [2025-06-05T23:30:10.060+0000] {dag.py:2742} INFO - Sync 1 DAGs
[2025-06-05T23:30:10.087+0000] {logging_mixin.py:150} INFO - [2025-06-05T23:30:10.087+0000] {dag.py:3504} INFO - Setting next_dagrun for cjis_audit_retention to 2025-06-04T00:00:00+00:00, run_after=2025-06-05T00:00:00+00:00
[2025-06-05T23:30:10.098+0000] {processor.py:179} INFO - Processing /opt/airflow/dags/cjis_audit_retention.py took 0.150 seconds
