[2025-05-27T16:47:36.621-0400] {processor.py:153} INFO - Started process (PID=49892) to work on /Users/sruthibollu/anaconda3/envs/analytics-prep/lib/python3.9/site-packages/airflow/example_dags/plugins/workday.py
[2025-05-27T16:47:36.623-0400] {processor.py:743} INFO - Processing file /Users/sruthibollu/anaconda3/envs/analytics-prep/lib/python3.9/site-packages/airflow/example_dags/plugins/workday.py for tasks to queue
[2025-05-27T16:47:36.623-0400] {logging_mixin.py:137} INFO - [2025-05-27T16:47:36.623-0400] {dagbag.py:538} INFO - Filling up the DagBag from /Users/sruthibollu/anaconda3/envs/analytics-prep/lib/python3.9/site-packages/airflow/example_dags/plugins/workday.py
[2025-05-27T16:47:36.629-0400] {processor.py:755} WARNING - No viable dags retrieved from /Users/sruthibollu/anaconda3/envs/analytics-prep/lib/python3.9/site-packages/airflow/example_dags/plugins/workday.py
[2025-05-27T16:47:36.987-0400] {processor.py:175} INFO - Processing /Users/sruthibollu/anaconda3/envs/analytics-prep/lib/python3.9/site-packages/airflow/example_dags/plugins/workday.py took 0.367 seconds
[2025-05-27T16:48:47.110-0400] {processor.py:153} INFO - Started process (PID=50941) to work on /Users/sruthibollu/anaconda3/envs/analytics-prep/lib/python3.9/site-packages/airflow/example_dags/plugins/workday.py
[2025-05-27T16:48:47.113-0400] {processor.py:743} INFO - Processing file /Users/sruthibollu/anaconda3/envs/analytics-prep/lib/python3.9/site-packages/airflow/example_dags/plugins/workday.py for tasks to queue
[2025-05-27T16:48:47.113-0400] {logging_mixin.py:137} INFO - [2025-05-27T16:48:47.113-0400] {dagbag.py:538} INFO - Filling up the DagBag from /Users/sruthibollu/anaconda3/envs/analytics-prep/lib/python3.9/site-packages/airflow/example_dags/plugins/workday.py
[2025-05-27T16:48:47.119-0400] {processor.py:755} WARNING - No viable dags retrieved from /Users/sruthibollu/anaconda3/envs/analytics-prep/lib/python3.9/site-packages/airflow/example_dags/plugins/workday.py
[2025-05-27T16:48:47.515-0400] {processor.py:175} INFO - Processing /Users/sruthibollu/anaconda3/envs/analytics-prep/lib/python3.9/site-packages/airflow/example_dags/plugins/workday.py took 0.405 seconds
[2025-05-27T16:49:31.313-0400] {processor.py:153} INFO - Started process (PID=51424) to work on /Users/sruthibollu/anaconda3/envs/analytics-prep/lib/python3.9/site-packages/airflow/example_dags/plugins/workday.py
[2025-05-27T16:49:31.316-0400] {processor.py:743} INFO - Processing file /Users/sruthibollu/anaconda3/envs/analytics-prep/lib/python3.9/site-packages/airflow/example_dags/plugins/workday.py for tasks to queue
[2025-05-27T16:49:31.316-0400] {logging_mixin.py:137} INFO - [2025-05-27T16:49:31.316-0400] {dagbag.py:538} INFO - Filling up the DagBag from /Users/sruthibollu/anaconda3/envs/analytics-prep/lib/python3.9/site-packages/airflow/example_dags/plugins/workday.py
[2025-05-27T16:49:31.322-0400] {processor.py:755} WARNING - No viable dags retrieved from /Users/sruthibollu/anaconda3/envs/analytics-prep/lib/python3.9/site-packages/airflow/example_dags/plugins/workday.py
[2025-05-27T16:49:31.682-0400] {processor.py:175} INFO - Processing /Users/sruthibollu/anaconda3/envs/analytics-prep/lib/python3.9/site-packages/airflow/example_dags/plugins/workday.py took 0.369 seconds
[2025-05-27T16:50:14.773-0400] {processor.py:153} INFO - Started process (PID=52004) to work on /Users/sruthibollu/anaconda3/envs/analytics-prep/lib/python3.9/site-packages/airflow/example_dags/plugins/workday.py
[2025-05-27T16:50:14.775-0400] {processor.py:743} INFO - Processing file /Users/sruthibollu/anaconda3/envs/analytics-prep/lib/python3.9/site-packages/airflow/example_dags/plugins/workday.py for tasks to queue
[2025-05-27T16:50:14.775-0400] {logging_mixin.py:137} INFO - [2025-05-27T16:50:14.775-0400] {dagbag.py:538} INFO - Filling up the DagBag from /Users/sruthibollu/anaconda3/envs/analytics-prep/lib/python3.9/site-packages/airflow/example_dags/plugins/workday.py
[2025-05-27T16:50:14.781-0400] {processor.py:755} WARNING - No viable dags retrieved from /Users/sruthibollu/anaconda3/envs/analytics-prep/lib/python3.9/site-packages/airflow/example_dags/plugins/workday.py
[2025-05-27T16:50:15.119-0400] {processor.py:175} INFO - Processing /Users/sruthibollu/anaconda3/envs/analytics-prep/lib/python3.9/site-packages/airflow/example_dags/plugins/workday.py took 0.347 seconds
[2025-05-27T16:50:54.134-0400] {processor.py:153} INFO - Started process (PID=52239) to work on /Users/sruthibollu/anaconda3/envs/analytics-prep/lib/python3.9/site-packages/airflow/example_dags/plugins/workday.py
[2025-05-27T16:50:54.137-0400] {processor.py:743} INFO - Processing file /Users/sruthibollu/anaconda3/envs/analytics-prep/lib/python3.9/site-packages/airflow/example_dags/plugins/workday.py for tasks to queue
[2025-05-27T16:50:54.137-0400] {logging_mixin.py:137} INFO - [2025-05-27T16:50:54.137-0400] {dagbag.py:538} INFO - Filling up the DagBag from /Users/sruthibollu/anaconda3/envs/analytics-prep/lib/python3.9/site-packages/airflow/example_dags/plugins/workday.py
[2025-05-27T16:50:54.144-0400] {processor.py:755} WARNING - No viable dags retrieved from /Users/sruthibollu/anaconda3/envs/analytics-prep/lib/python3.9/site-packages/airflow/example_dags/plugins/workday.py
[2025-05-27T16:50:54.522-0400] {processor.py:175} INFO - Processing /Users/sruthibollu/anaconda3/envs/analytics-prep/lib/python3.9/site-packages/airflow/example_dags/plugins/workday.py took 0.388 seconds
[2025-05-27T16:51:41.236-0400] {processor.py:153} INFO - Started process (PID=52498) to work on /Users/sruthibollu/anaconda3/envs/analytics-prep/lib/python3.9/site-packages/airflow/example_dags/plugins/workday.py
[2025-05-27T16:51:41.239-0400] {processor.py:743} INFO - Processing file /Users/sruthibollu/anaconda3/envs/analytics-prep/lib/python3.9/site-packages/airflow/example_dags/plugins/workday.py for tasks to queue
[2025-05-27T16:51:41.239-0400] {logging_mixin.py:137} INFO - [2025-05-27T16:51:41.239-0400] {dagbag.py:538} INFO - Filling up the DagBag from /Users/sruthibollu/anaconda3/envs/analytics-prep/lib/python3.9/site-packages/airflow/example_dags/plugins/workday.py
[2025-05-27T16:51:41.245-0400] {processor.py:755} WARNING - No viable dags retrieved from /Users/sruthibollu/anaconda3/envs/analytics-prep/lib/python3.9/site-packages/airflow/example_dags/plugins/workday.py
[2025-05-27T16:51:41.651-0400] {processor.py:175} INFO - Processing /Users/sruthibollu/anaconda3/envs/analytics-prep/lib/python3.9/site-packages/airflow/example_dags/plugins/workday.py took 0.414 seconds
[2025-05-27T16:52:31.622-0400] {processor.py:153} INFO - Started process (PID=52810) to work on /Users/sruthibollu/anaconda3/envs/analytics-prep/lib/python3.9/site-packages/airflow/example_dags/plugins/workday.py
[2025-05-27T16:52:31.624-0400] {processor.py:743} INFO - Processing file /Users/sruthibollu/anaconda3/envs/analytics-prep/lib/python3.9/site-packages/airflow/example_dags/plugins/workday.py for tasks to queue
[2025-05-27T16:52:31.625-0400] {logging_mixin.py:137} INFO - [2025-05-27T16:52:31.624-0400] {dagbag.py:538} INFO - Filling up the DagBag from /Users/sruthibollu/anaconda3/envs/analytics-prep/lib/python3.9/site-packages/airflow/example_dags/plugins/workday.py
[2025-05-27T16:52:31.630-0400] {processor.py:755} WARNING - No viable dags retrieved from /Users/sruthibollu/anaconda3/envs/analytics-prep/lib/python3.9/site-packages/airflow/example_dags/plugins/workday.py
[2025-05-27T16:52:32.024-0400] {processor.py:175} INFO - Processing /Users/sruthibollu/anaconda3/envs/analytics-prep/lib/python3.9/site-packages/airflow/example_dags/plugins/workday.py took 0.402 seconds
[2025-05-27T16:53:10.159-0400] {processor.py:153} INFO - Started process (PID=53030) to work on /Users/sruthibollu/anaconda3/envs/analytics-prep/lib/python3.9/site-packages/airflow/example_dags/plugins/workday.py
[2025-05-27T16:53:10.162-0400] {processor.py:743} INFO - Processing file /Users/sruthibollu/anaconda3/envs/analytics-prep/lib/python3.9/site-packages/airflow/example_dags/plugins/workday.py for tasks to queue
[2025-05-27T16:53:10.162-0400] {logging_mixin.py:137} INFO - [2025-05-27T16:53:10.162-0400] {dagbag.py:538} INFO - Filling up the DagBag from /Users/sruthibollu/anaconda3/envs/analytics-prep/lib/python3.9/site-packages/airflow/example_dags/plugins/workday.py
[2025-05-27T16:53:10.168-0400] {processor.py:755} WARNING - No viable dags retrieved from /Users/sruthibollu/anaconda3/envs/analytics-prep/lib/python3.9/site-packages/airflow/example_dags/plugins/workday.py
[2025-05-27T16:53:10.522-0400] {processor.py:175} INFO - Processing /Users/sruthibollu/anaconda3/envs/analytics-prep/lib/python3.9/site-packages/airflow/example_dags/plugins/workday.py took 0.363 seconds
[2025-05-27T16:53:49.956-0400] {processor.py:153} INFO - Started process (PID=53273) to work on /Users/sruthibollu/anaconda3/envs/analytics-prep/lib/python3.9/site-packages/airflow/example_dags/plugins/workday.py
[2025-05-27T16:53:49.959-0400] {processor.py:743} INFO - Processing file /Users/sruthibollu/anaconda3/envs/analytics-prep/lib/python3.9/site-packages/airflow/example_dags/plugins/workday.py for tasks to queue
[2025-05-27T16:53:49.959-0400] {logging_mixin.py:137} INFO - [2025-05-27T16:53:49.959-0400] {dagbag.py:538} INFO - Filling up the DagBag from /Users/sruthibollu/anaconda3/envs/analytics-prep/lib/python3.9/site-packages/airflow/example_dags/plugins/workday.py
[2025-05-27T16:53:49.965-0400] {processor.py:755} WARNING - No viable dags retrieved from /Users/sruthibollu/anaconda3/envs/analytics-prep/lib/python3.9/site-packages/airflow/example_dags/plugins/workday.py
[2025-05-27T16:53:50.301-0400] {processor.py:175} INFO - Processing /Users/sruthibollu/anaconda3/envs/analytics-prep/lib/python3.9/site-packages/airflow/example_dags/plugins/workday.py took 0.345 seconds
[2025-05-27T17:31:17.014-0400] {processor.py:153} INFO - Started process (PID=53561) to work on /Users/sruthibollu/anaconda3/envs/analytics-prep/lib/python3.9/site-packages/airflow/example_dags/plugins/workday.py
[2025-05-27T17:31:17.016-0400] {processor.py:743} INFO - Processing file /Users/sruthibollu/anaconda3/envs/analytics-prep/lib/python3.9/site-packages/airflow/example_dags/plugins/workday.py for tasks to queue
[2025-05-27T17:31:17.016-0400] {logging_mixin.py:137} INFO - [2025-05-27T17:31:17.016-0400] {dagbag.py:538} INFO - Filling up the DagBag from /Users/sruthibollu/anaconda3/envs/analytics-prep/lib/python3.9/site-packages/airflow/example_dags/plugins/workday.py
[2025-05-27T17:31:17.023-0400] {processor.py:755} WARNING - No viable dags retrieved from /Users/sruthibollu/anaconda3/envs/analytics-prep/lib/python3.9/site-packages/airflow/example_dags/plugins/workday.py
[2025-05-27T17:31:17.389-0400] {processor.py:175} INFO - Processing /Users/sruthibollu/anaconda3/envs/analytics-prep/lib/python3.9/site-packages/airflow/example_dags/plugins/workday.py took 0.376 seconds
[2025-05-27T17:49:31.341-0400] {processor.py:153} INFO - Started process (PID=54133) to work on /Users/sruthibollu/anaconda3/envs/analytics-prep/lib/python3.9/site-packages/airflow/example_dags/plugins/workday.py
[2025-05-27T17:49:31.344-0400] {processor.py:743} INFO - Processing file /Users/sruthibollu/anaconda3/envs/analytics-prep/lib/python3.9/site-packages/airflow/example_dags/plugins/workday.py for tasks to queue
[2025-05-27T17:49:31.344-0400] {logging_mixin.py:137} INFO - [2025-05-27T17:49:31.344-0400] {dagbag.py:538} INFO - Filling up the DagBag from /Users/sruthibollu/anaconda3/envs/analytics-prep/lib/python3.9/site-packages/airflow/example_dags/plugins/workday.py
[2025-05-27T17:49:31.351-0400] {processor.py:755} WARNING - No viable dags retrieved from /Users/sruthibollu/anaconda3/envs/analytics-prep/lib/python3.9/site-packages/airflow/example_dags/plugins/workday.py
[2025-05-27T17:49:31.715-0400] {processor.py:175} INFO - Processing /Users/sruthibollu/anaconda3/envs/analytics-prep/lib/python3.9/site-packages/airflow/example_dags/plugins/workday.py took 0.375 seconds
[2025-05-27T18:19:37.309-0400] {processor.py:153} INFO - Started process (PID=54589) to work on /Users/sruthibollu/anaconda3/envs/analytics-prep/lib/python3.9/site-packages/airflow/example_dags/plugins/workday.py
[2025-05-27T18:19:37.312-0400] {processor.py:743} INFO - Processing file /Users/sruthibollu/anaconda3/envs/analytics-prep/lib/python3.9/site-packages/airflow/example_dags/plugins/workday.py for tasks to queue
[2025-05-27T18:19:37.312-0400] {logging_mixin.py:137} INFO - [2025-05-27T18:19:37.312-0400] {dagbag.py:538} INFO - Filling up the DagBag from /Users/sruthibollu/anaconda3/envs/analytics-prep/lib/python3.9/site-packages/airflow/example_dags/plugins/workday.py
[2025-05-27T18:19:37.318-0400] {processor.py:755} WARNING - No viable dags retrieved from /Users/sruthibollu/anaconda3/envs/analytics-prep/lib/python3.9/site-packages/airflow/example_dags/plugins/workday.py
[2025-05-27T18:19:37.711-0400] {processor.py:175} INFO - Processing /Users/sruthibollu/anaconda3/envs/analytics-prep/lib/python3.9/site-packages/airflow/example_dags/plugins/workday.py took 0.402 seconds
[2025-05-27T18:31:11.938-0400] {processor.py:153} INFO - Started process (PID=54972) to work on /Users/sruthibollu/anaconda3/envs/analytics-prep/lib/python3.9/site-packages/airflow/example_dags/plugins/workday.py
[2025-05-27T18:31:11.941-0400] {processor.py:743} INFO - Processing file /Users/sruthibollu/anaconda3/envs/analytics-prep/lib/python3.9/site-packages/airflow/example_dags/plugins/workday.py for tasks to queue
[2025-05-27T18:31:11.942-0400] {logging_mixin.py:137} INFO - [2025-05-27T18:31:11.941-0400] {dagbag.py:538} INFO - Filling up the DagBag from /Users/sruthibollu/anaconda3/envs/analytics-prep/lib/python3.9/site-packages/airflow/example_dags/plugins/workday.py
[2025-05-27T18:31:11.953-0400] {processor.py:755} WARNING - No viable dags retrieved from /Users/sruthibollu/anaconda3/envs/analytics-prep/lib/python3.9/site-packages/airflow/example_dags/plugins/workday.py
[2025-05-27T18:31:13.032-0400] {processor.py:175} INFO - Processing /Users/sruthibollu/anaconda3/envs/analytics-prep/lib/python3.9/site-packages/airflow/example_dags/plugins/workday.py took 1.095 seconds
[2025-05-27T18:38:59.197-0400] {processor.py:153} INFO - Started process (PID=55265) to work on /Users/sruthibollu/anaconda3/envs/analytics-prep/lib/python3.9/site-packages/airflow/example_dags/plugins/workday.py
[2025-05-27T18:38:59.200-0400] {processor.py:743} INFO - Processing file /Users/sruthibollu/anaconda3/envs/analytics-prep/lib/python3.9/site-packages/airflow/example_dags/plugins/workday.py for tasks to queue
[2025-05-27T18:38:59.200-0400] {logging_mixin.py:137} INFO - [2025-05-27T18:38:59.200-0400] {dagbag.py:538} INFO - Filling up the DagBag from /Users/sruthibollu/anaconda3/envs/analytics-prep/lib/python3.9/site-packages/airflow/example_dags/plugins/workday.py
[2025-05-27T18:38:59.207-0400] {processor.py:755} WARNING - No viable dags retrieved from /Users/sruthibollu/anaconda3/envs/analytics-prep/lib/python3.9/site-packages/airflow/example_dags/plugins/workday.py
[2025-05-27T18:38:59.595-0400] {processor.py:175} INFO - Processing /Users/sruthibollu/anaconda3/envs/analytics-prep/lib/python3.9/site-packages/airflow/example_dags/plugins/workday.py took 0.398 seconds
[2025-05-27T18:52:39.200-0400] {processor.py:153} INFO - Started process (PID=55683) to work on /Users/sruthibollu/anaconda3/envs/analytics-prep/lib/python3.9/site-packages/airflow/example_dags/plugins/workday.py
[2025-05-27T18:52:39.204-0400] {processor.py:743} INFO - Processing file /Users/sruthibollu/anaconda3/envs/analytics-prep/lib/python3.9/site-packages/airflow/example_dags/plugins/workday.py for tasks to queue
[2025-05-27T18:52:39.204-0400] {logging_mixin.py:137} INFO - [2025-05-27T18:52:39.204-0400] {dagbag.py:538} INFO - Filling up the DagBag from /Users/sruthibollu/anaconda3/envs/analytics-prep/lib/python3.9/site-packages/airflow/example_dags/plugins/workday.py
[2025-05-27T18:52:39.212-0400] {processor.py:755} WARNING - No viable dags retrieved from /Users/sruthibollu/anaconda3/envs/analytics-prep/lib/python3.9/site-packages/airflow/example_dags/plugins/workday.py
[2025-05-27T18:52:39.625-0400] {processor.py:175} INFO - Processing /Users/sruthibollu/anaconda3/envs/analytics-prep/lib/python3.9/site-packages/airflow/example_dags/plugins/workday.py took 0.425 seconds
[2025-05-27T19:23:22.446-0400] {processor.py:153} INFO - Started process (PID=56072) to work on /Users/sruthibollu/anaconda3/envs/analytics-prep/lib/python3.9/site-packages/airflow/example_dags/plugins/workday.py
[2025-05-27T19:23:22.449-0400] {processor.py:743} INFO - Processing file /Users/sruthibollu/anaconda3/envs/analytics-prep/lib/python3.9/site-packages/airflow/example_dags/plugins/workday.py for tasks to queue
[2025-05-27T19:23:22.449-0400] {logging_mixin.py:137} INFO - [2025-05-27T19:23:22.449-0400] {dagbag.py:538} INFO - Filling up the DagBag from /Users/sruthibollu/anaconda3/envs/analytics-prep/lib/python3.9/site-packages/airflow/example_dags/plugins/workday.py
[2025-05-27T19:23:22.455-0400] {processor.py:755} WARNING - No viable dags retrieved from /Users/sruthibollu/anaconda3/envs/analytics-prep/lib/python3.9/site-packages/airflow/example_dags/plugins/workday.py
[2025-05-27T19:23:22.865-0400] {processor.py:175} INFO - Processing /Users/sruthibollu/anaconda3/envs/analytics-prep/lib/python3.9/site-packages/airflow/example_dags/plugins/workday.py took 0.419 seconds
[2025-05-27T19:48:35.443-0400] {processor.py:153} INFO - Started process (PID=56531) to work on /Users/sruthibollu/anaconda3/envs/analytics-prep/lib/python3.9/site-packages/airflow/example_dags/plugins/workday.py
[2025-05-27T19:48:35.446-0400] {processor.py:743} INFO - Processing file /Users/sruthibollu/anaconda3/envs/analytics-prep/lib/python3.9/site-packages/airflow/example_dags/plugins/workday.py for tasks to queue
[2025-05-27T19:48:35.446-0400] {logging_mixin.py:137} INFO - [2025-05-27T19:48:35.446-0400] {dagbag.py:538} INFO - Filling up the DagBag from /Users/sruthibollu/anaconda3/envs/analytics-prep/lib/python3.9/site-packages/airflow/example_dags/plugins/workday.py
[2025-05-27T19:48:35.452-0400] {processor.py:755} WARNING - No viable dags retrieved from /Users/sruthibollu/anaconda3/envs/analytics-prep/lib/python3.9/site-packages/airflow/example_dags/plugins/workday.py
[2025-05-27T19:48:35.803-0400] {processor.py:175} INFO - Processing /Users/sruthibollu/anaconda3/envs/analytics-prep/lib/python3.9/site-packages/airflow/example_dags/plugins/workday.py took 0.361 seconds
[2025-05-27T19:56:13.512-0400] {processor.py:153} INFO - Started process (PID=56857) to work on /Users/sruthibollu/anaconda3/envs/analytics-prep/lib/python3.9/site-packages/airflow/example_dags/plugins/workday.py
[2025-05-27T19:56:13.515-0400] {processor.py:743} INFO - Processing file /Users/sruthibollu/anaconda3/envs/analytics-prep/lib/python3.9/site-packages/airflow/example_dags/plugins/workday.py for tasks to queue
[2025-05-27T19:56:13.516-0400] {logging_mixin.py:137} INFO - [2025-05-27T19:56:13.516-0400] {dagbag.py:538} INFO - Filling up the DagBag from /Users/sruthibollu/anaconda3/envs/analytics-prep/lib/python3.9/site-packages/airflow/example_dags/plugins/workday.py
[2025-05-27T19:56:13.522-0400] {processor.py:755} WARNING - No viable dags retrieved from /Users/sruthibollu/anaconda3/envs/analytics-prep/lib/python3.9/site-packages/airflow/example_dags/plugins/workday.py
[2025-05-27T19:56:13.898-0400] {processor.py:175} INFO - Processing /Users/sruthibollu/anaconda3/envs/analytics-prep/lib/python3.9/site-packages/airflow/example_dags/plugins/workday.py took 0.388 seconds
