[2025-05-27T16:47:34.648-0400] {processor.py:153} INFO - Started process (PID=49876) to work on /Users/sruthibollu/anaconda3/envs/analytics-prep/lib/python3.9/site-packages/airflow/example_dags/subdags/subdag.py
[2025-05-27T16:47:34.650-0400] {processor.py:743} INFO - Processing file /Users/sruthibollu/anaconda3/envs/analytics-prep/lib/python3.9/site-packages/airflow/example_dags/subdags/subdag.py for tasks to queue
[2025-05-27T16:47:34.650-0400] {logging_mixin.py:137} INFO - [2025-05-27T16:47:34.650-0400] {dagbag.py:538} INFO - Filling up the DagBag from /Users/sruthibollu/anaconda3/envs/analytics-prep/lib/python3.9/site-packages/airflow/example_dags/subdags/subdag.py
[2025-05-27T16:47:34.656-0400] {processor.py:755} WARNING - No viable dags retrieved from /Users/sruthibollu/anaconda3/envs/analytics-prep/lib/python3.9/site-packages/airflow/example_dags/subdags/subdag.py
[2025-05-27T16:47:35.067-0400] {processor.py:175} INFO - Processing /Users/sruthibollu/anaconda3/envs/analytics-prep/lib/python3.9/site-packages/airflow/example_dags/subdags/subdag.py took 0.420 seconds
[2025-05-27T16:48:44.959-0400] {processor.py:153} INFO - Started process (PID=50929) to work on /Users/sruthibollu/anaconda3/envs/analytics-prep/lib/python3.9/site-packages/airflow/example_dags/subdags/subdag.py
[2025-05-27T16:48:44.961-0400] {processor.py:743} INFO - Processing file /Users/sruthibollu/anaconda3/envs/analytics-prep/lib/python3.9/site-packages/airflow/example_dags/subdags/subdag.py for tasks to queue
[2025-05-27T16:48:44.961-0400] {logging_mixin.py:137} INFO - [2025-05-27T16:48:44.961-0400] {dagbag.py:538} INFO - Filling up the DagBag from /Users/sruthibollu/anaconda3/envs/analytics-prep/lib/python3.9/site-packages/airflow/example_dags/subdags/subdag.py
[2025-05-27T16:48:44.967-0400] {processor.py:755} WARNING - No viable dags retrieved from /Users/sruthibollu/anaconda3/envs/analytics-prep/lib/python3.9/site-packages/airflow/example_dags/subdags/subdag.py
[2025-05-27T16:48:45.377-0400] {processor.py:175} INFO - Processing /Users/sruthibollu/anaconda3/envs/analytics-prep/lib/python3.9/site-packages/airflow/example_dags/subdags/subdag.py took 0.419 seconds
[2025-05-27T16:49:29.446-0400] {processor.py:153} INFO - Started process (PID=51369) to work on /Users/sruthibollu/anaconda3/envs/analytics-prep/lib/python3.9/site-packages/airflow/example_dags/subdags/subdag.py
[2025-05-27T16:49:29.451-0400] {processor.py:743} INFO - Processing file /Users/sruthibollu/anaconda3/envs/analytics-prep/lib/python3.9/site-packages/airflow/example_dags/subdags/subdag.py for tasks to queue
[2025-05-27T16:49:29.452-0400] {logging_mixin.py:137} INFO - [2025-05-27T16:49:29.451-0400] {dagbag.py:538} INFO - Filling up the DagBag from /Users/sruthibollu/anaconda3/envs/analytics-prep/lib/python3.9/site-packages/airflow/example_dags/subdags/subdag.py
[2025-05-27T16:49:29.461-0400] {processor.py:755} WARNING - No viable dags retrieved from /Users/sruthibollu/anaconda3/envs/analytics-prep/lib/python3.9/site-packages/airflow/example_dags/subdags/subdag.py
[2025-05-27T16:49:29.850-0400] {processor.py:175} INFO - Processing /Users/sruthibollu/anaconda3/envs/analytics-prep/lib/python3.9/site-packages/airflow/example_dags/subdags/subdag.py took 0.405 seconds
[2025-05-27T16:50:13.205-0400] {processor.py:153} INFO - Started process (PID=51993) to work on /Users/sruthibollu/anaconda3/envs/analytics-prep/lib/python3.9/site-packages/airflow/example_dags/subdags/subdag.py
[2025-05-27T16:50:13.207-0400] {processor.py:743} INFO - Processing file /Users/sruthibollu/anaconda3/envs/analytics-prep/lib/python3.9/site-packages/airflow/example_dags/subdags/subdag.py for tasks to queue
[2025-05-27T16:50:13.208-0400] {logging_mixin.py:137} INFO - [2025-05-27T16:50:13.208-0400] {dagbag.py:538} INFO - Filling up the DagBag from /Users/sruthibollu/anaconda3/envs/analytics-prep/lib/python3.9/site-packages/airflow/example_dags/subdags/subdag.py
[2025-05-27T16:50:13.213-0400] {processor.py:755} WARNING - No viable dags retrieved from /Users/sruthibollu/anaconda3/envs/analytics-prep/lib/python3.9/site-packages/airflow/example_dags/subdags/subdag.py
[2025-05-27T16:50:13.554-0400] {processor.py:175} INFO - Processing /Users/sruthibollu/anaconda3/envs/analytics-prep/lib/python3.9/site-packages/airflow/example_dags/subdags/subdag.py took 0.349 seconds
[2025-05-27T16:50:52.238-0400] {processor.py:153} INFO - Started process (PID=52228) to work on /Users/sruthibollu/anaconda3/envs/analytics-prep/lib/python3.9/site-packages/airflow/example_dags/subdags/subdag.py
[2025-05-27T16:50:52.240-0400] {processor.py:743} INFO - Processing file /Users/sruthibollu/anaconda3/envs/analytics-prep/lib/python3.9/site-packages/airflow/example_dags/subdags/subdag.py for tasks to queue
[2025-05-27T16:50:52.240-0400] {logging_mixin.py:137} INFO - [2025-05-27T16:50:52.240-0400] {dagbag.py:538} INFO - Filling up the DagBag from /Users/sruthibollu/anaconda3/envs/analytics-prep/lib/python3.9/site-packages/airflow/example_dags/subdags/subdag.py
[2025-05-27T16:50:52.246-0400] {processor.py:755} WARNING - No viable dags retrieved from /Users/sruthibollu/anaconda3/envs/analytics-prep/lib/python3.9/site-packages/airflow/example_dags/subdags/subdag.py
[2025-05-27T16:50:52.643-0400] {processor.py:175} INFO - Processing /Users/sruthibollu/anaconda3/envs/analytics-prep/lib/python3.9/site-packages/airflow/example_dags/subdags/subdag.py took 0.406 seconds
[2025-05-27T16:51:40.049-0400] {processor.py:153} INFO - Started process (PID=52497) to work on /Users/sruthibollu/anaconda3/envs/analytics-prep/lib/python3.9/site-packages/airflow/example_dags/subdags/subdag.py
[2025-05-27T16:51:40.052-0400] {processor.py:743} INFO - Processing file /Users/sruthibollu/anaconda3/envs/analytics-prep/lib/python3.9/site-packages/airflow/example_dags/subdags/subdag.py for tasks to queue
[2025-05-27T16:51:40.052-0400] {logging_mixin.py:137} INFO - [2025-05-27T16:51:40.052-0400] {dagbag.py:538} INFO - Filling up the DagBag from /Users/sruthibollu/anaconda3/envs/analytics-prep/lib/python3.9/site-packages/airflow/example_dags/subdags/subdag.py
[2025-05-27T16:51:40.058-0400] {processor.py:755} WARNING - No viable dags retrieved from /Users/sruthibollu/anaconda3/envs/analytics-prep/lib/python3.9/site-packages/airflow/example_dags/subdags/subdag.py
[2025-05-27T16:51:40.446-0400] {processor.py:175} INFO - Processing /Users/sruthibollu/anaconda3/envs/analytics-prep/lib/python3.9/site-packages/airflow/example_dags/subdags/subdag.py took 0.397 seconds
[2025-05-27T16:52:29.768-0400] {processor.py:153} INFO - Started process (PID=52799) to work on /Users/sruthibollu/anaconda3/envs/analytics-prep/lib/python3.9/site-packages/airflow/example_dags/subdags/subdag.py
[2025-05-27T16:52:29.770-0400] {processor.py:743} INFO - Processing file /Users/sruthibollu/anaconda3/envs/analytics-prep/lib/python3.9/site-packages/airflow/example_dags/subdags/subdag.py for tasks to queue
[2025-05-27T16:52:29.771-0400] {logging_mixin.py:137} INFO - [2025-05-27T16:52:29.771-0400] {dagbag.py:538} INFO - Filling up the DagBag from /Users/sruthibollu/anaconda3/envs/analytics-prep/lib/python3.9/site-packages/airflow/example_dags/subdags/subdag.py
[2025-05-27T16:52:29.777-0400] {processor.py:755} WARNING - No viable dags retrieved from /Users/sruthibollu/anaconda3/envs/analytics-prep/lib/python3.9/site-packages/airflow/example_dags/subdags/subdag.py
[2025-05-27T16:52:30.159-0400] {processor.py:175} INFO - Processing /Users/sruthibollu/anaconda3/envs/analytics-prep/lib/python3.9/site-packages/airflow/example_dags/subdags/subdag.py took 0.391 seconds
[2025-05-27T16:53:08.280-0400] {processor.py:153} INFO - Started process (PID=53018) to work on /Users/sruthibollu/anaconda3/envs/analytics-prep/lib/python3.9/site-packages/airflow/example_dags/subdags/subdag.py
[2025-05-27T16:53:08.282-0400] {processor.py:743} INFO - Processing file /Users/sruthibollu/anaconda3/envs/analytics-prep/lib/python3.9/site-packages/airflow/example_dags/subdags/subdag.py for tasks to queue
[2025-05-27T16:53:08.282-0400] {logging_mixin.py:137} INFO - [2025-05-27T16:53:08.282-0400] {dagbag.py:538} INFO - Filling up the DagBag from /Users/sruthibollu/anaconda3/envs/analytics-prep/lib/python3.9/site-packages/airflow/example_dags/subdags/subdag.py
[2025-05-27T16:53:08.288-0400] {processor.py:755} WARNING - No viable dags retrieved from /Users/sruthibollu/anaconda3/envs/analytics-prep/lib/python3.9/site-packages/airflow/example_dags/subdags/subdag.py
[2025-05-27T16:53:08.651-0400] {processor.py:175} INFO - Processing /Users/sruthibollu/anaconda3/envs/analytics-prep/lib/python3.9/site-packages/airflow/example_dags/subdags/subdag.py took 0.371 seconds
[2025-05-27T16:53:48.890-0400] {processor.py:153} INFO - Started process (PID=53261) to work on /Users/sruthibollu/anaconda3/envs/analytics-prep/lib/python3.9/site-packages/airflow/example_dags/subdags/subdag.py
[2025-05-27T16:53:48.892-0400] {processor.py:743} INFO - Processing file /Users/sruthibollu/anaconda3/envs/analytics-prep/lib/python3.9/site-packages/airflow/example_dags/subdags/subdag.py for tasks to queue
[2025-05-27T16:53:48.892-0400] {logging_mixin.py:137} INFO - [2025-05-27T16:53:48.892-0400] {dagbag.py:538} INFO - Filling up the DagBag from /Users/sruthibollu/anaconda3/envs/analytics-prep/lib/python3.9/site-packages/airflow/example_dags/subdags/subdag.py
[2025-05-27T16:53:48.899-0400] {processor.py:755} WARNING - No viable dags retrieved from /Users/sruthibollu/anaconda3/envs/analytics-prep/lib/python3.9/site-packages/airflow/example_dags/subdags/subdag.py
[2025-05-27T16:53:49.287-0400] {processor.py:175} INFO - Processing /Users/sruthibollu/anaconda3/envs/analytics-prep/lib/python3.9/site-packages/airflow/example_dags/subdags/subdag.py took 0.397 seconds
[2025-05-27T17:31:15.185-0400] {processor.py:153} INFO - Started process (PID=53559) to work on /Users/sruthibollu/anaconda3/envs/analytics-prep/lib/python3.9/site-packages/airflow/example_dags/subdags/subdag.py
[2025-05-27T17:31:15.188-0400] {processor.py:743} INFO - Processing file /Users/sruthibollu/anaconda3/envs/analytics-prep/lib/python3.9/site-packages/airflow/example_dags/subdags/subdag.py for tasks to queue
[2025-05-27T17:31:15.188-0400] {logging_mixin.py:137} INFO - [2025-05-27T17:31:15.188-0400] {dagbag.py:538} INFO - Filling up the DagBag from /Users/sruthibollu/anaconda3/envs/analytics-prep/lib/python3.9/site-packages/airflow/example_dags/subdags/subdag.py
[2025-05-27T17:31:15.194-0400] {processor.py:755} WARNING - No viable dags retrieved from /Users/sruthibollu/anaconda3/envs/analytics-prep/lib/python3.9/site-packages/airflow/example_dags/subdags/subdag.py
[2025-05-27T17:31:15.544-0400] {processor.py:175} INFO - Processing /Users/sruthibollu/anaconda3/envs/analytics-prep/lib/python3.9/site-packages/airflow/example_dags/subdags/subdag.py took 0.359 seconds
[2025-05-27T17:49:29.502-0400] {processor.py:153} INFO - Started process (PID=54119) to work on /Users/sruthibollu/anaconda3/envs/analytics-prep/lib/python3.9/site-packages/airflow/example_dags/subdags/subdag.py
[2025-05-27T17:49:29.505-0400] {processor.py:743} INFO - Processing file /Users/sruthibollu/anaconda3/envs/analytics-prep/lib/python3.9/site-packages/airflow/example_dags/subdags/subdag.py for tasks to queue
[2025-05-27T17:49:29.505-0400] {logging_mixin.py:137} INFO - [2025-05-27T17:49:29.505-0400] {dagbag.py:538} INFO - Filling up the DagBag from /Users/sruthibollu/anaconda3/envs/analytics-prep/lib/python3.9/site-packages/airflow/example_dags/subdags/subdag.py
[2025-05-27T17:49:29.511-0400] {processor.py:755} WARNING - No viable dags retrieved from /Users/sruthibollu/anaconda3/envs/analytics-prep/lib/python3.9/site-packages/airflow/example_dags/subdags/subdag.py
[2025-05-27T17:49:29.862-0400] {processor.py:175} INFO - Processing /Users/sruthibollu/anaconda3/envs/analytics-prep/lib/python3.9/site-packages/airflow/example_dags/subdags/subdag.py took 0.361 seconds
[2025-05-27T18:19:35.357-0400] {processor.py:153} INFO - Started process (PID=54579) to work on /Users/sruthibollu/anaconda3/envs/analytics-prep/lib/python3.9/site-packages/airflow/example_dags/subdags/subdag.py
[2025-05-27T18:19:35.359-0400] {processor.py:743} INFO - Processing file /Users/sruthibollu/anaconda3/envs/analytics-prep/lib/python3.9/site-packages/airflow/example_dags/subdags/subdag.py for tasks to queue
[2025-05-27T18:19:35.360-0400] {logging_mixin.py:137} INFO - [2025-05-27T18:19:35.360-0400] {dagbag.py:538} INFO - Filling up the DagBag from /Users/sruthibollu/anaconda3/envs/analytics-prep/lib/python3.9/site-packages/airflow/example_dags/subdags/subdag.py
[2025-05-27T18:19:35.366-0400] {processor.py:755} WARNING - No viable dags retrieved from /Users/sruthibollu/anaconda3/envs/analytics-prep/lib/python3.9/site-packages/airflow/example_dags/subdags/subdag.py
[2025-05-27T18:19:35.756-0400] {processor.py:175} INFO - Processing /Users/sruthibollu/anaconda3/envs/analytics-prep/lib/python3.9/site-packages/airflow/example_dags/subdags/subdag.py took 0.399 seconds
[2025-05-27T18:31:02.391-0400] {processor.py:153} INFO - Started process (PID=54943) to work on /Users/sruthibollu/anaconda3/envs/analytics-prep/lib/python3.9/site-packages/airflow/example_dags/subdags/subdag.py
[2025-05-27T18:31:02.412-0400] {processor.py:743} INFO - Processing file /Users/sruthibollu/anaconda3/envs/analytics-prep/lib/python3.9/site-packages/airflow/example_dags/subdags/subdag.py for tasks to queue
[2025-05-27T18:31:02.424-0400] {logging_mixin.py:137} INFO - [2025-05-27T18:31:02.423-0400] {dagbag.py:538} INFO - Filling up the DagBag from /Users/sruthibollu/anaconda3/envs/analytics-prep/lib/python3.9/site-packages/airflow/example_dags/subdags/subdag.py
[2025-05-27T18:31:02.547-0400] {processor.py:755} WARNING - No viable dags retrieved from /Users/sruthibollu/anaconda3/envs/analytics-prep/lib/python3.9/site-packages/airflow/example_dags/subdags/subdag.py
[2025-05-27T18:31:05.678-0400] {processor.py:175} INFO - Processing /Users/sruthibollu/anaconda3/envs/analytics-prep/lib/python3.9/site-packages/airflow/example_dags/subdags/subdag.py took 3.303 seconds
[2025-05-27T18:38:57.320-0400] {processor.py:153} INFO - Started process (PID=55263) to work on /Users/sruthibollu/anaconda3/envs/analytics-prep/lib/python3.9/site-packages/airflow/example_dags/subdags/subdag.py
[2025-05-27T18:38:57.322-0400] {processor.py:743} INFO - Processing file /Users/sruthibollu/anaconda3/envs/analytics-prep/lib/python3.9/site-packages/airflow/example_dags/subdags/subdag.py for tasks to queue
[2025-05-27T18:38:57.322-0400] {logging_mixin.py:137} INFO - [2025-05-27T18:38:57.322-0400] {dagbag.py:538} INFO - Filling up the DagBag from /Users/sruthibollu/anaconda3/envs/analytics-prep/lib/python3.9/site-packages/airflow/example_dags/subdags/subdag.py
[2025-05-27T18:38:57.330-0400] {processor.py:755} WARNING - No viable dags retrieved from /Users/sruthibollu/anaconda3/envs/analytics-prep/lib/python3.9/site-packages/airflow/example_dags/subdags/subdag.py
[2025-05-27T18:38:57.708-0400] {processor.py:175} INFO - Processing /Users/sruthibollu/anaconda3/envs/analytics-prep/lib/python3.9/site-packages/airflow/example_dags/subdags/subdag.py took 0.389 seconds
[2025-05-27T18:52:37.209-0400] {processor.py:153} INFO - Started process (PID=55670) to work on /Users/sruthibollu/anaconda3/envs/analytics-prep/lib/python3.9/site-packages/airflow/example_dags/subdags/subdag.py
[2025-05-27T18:52:37.212-0400] {processor.py:743} INFO - Processing file /Users/sruthibollu/anaconda3/envs/analytics-prep/lib/python3.9/site-packages/airflow/example_dags/subdags/subdag.py for tasks to queue
[2025-05-27T18:52:37.212-0400] {logging_mixin.py:137} INFO - [2025-05-27T18:52:37.212-0400] {dagbag.py:538} INFO - Filling up the DagBag from /Users/sruthibollu/anaconda3/envs/analytics-prep/lib/python3.9/site-packages/airflow/example_dags/subdags/subdag.py
[2025-05-27T18:52:37.218-0400] {processor.py:755} WARNING - No viable dags retrieved from /Users/sruthibollu/anaconda3/envs/analytics-prep/lib/python3.9/site-packages/airflow/example_dags/subdags/subdag.py
[2025-05-27T18:52:37.647-0400] {processor.py:175} INFO - Processing /Users/sruthibollu/anaconda3/envs/analytics-prep/lib/python3.9/site-packages/airflow/example_dags/subdags/subdag.py took 0.439 seconds
[2025-05-27T19:23:20.126-0400] {processor.py:153} INFO - Started process (PID=56047) to work on /Users/sruthibollu/anaconda3/envs/analytics-prep/lib/python3.9/site-packages/airflow/example_dags/subdags/subdag.py
[2025-05-27T19:23:20.130-0400] {processor.py:743} INFO - Processing file /Users/sruthibollu/anaconda3/envs/analytics-prep/lib/python3.9/site-packages/airflow/example_dags/subdags/subdag.py for tasks to queue
[2025-05-27T19:23:20.131-0400] {logging_mixin.py:137} INFO - [2025-05-27T19:23:20.131-0400] {dagbag.py:538} INFO - Filling up the DagBag from /Users/sruthibollu/anaconda3/envs/analytics-prep/lib/python3.9/site-packages/airflow/example_dags/subdags/subdag.py
[2025-05-27T19:23:20.150-0400] {processor.py:755} WARNING - No viable dags retrieved from /Users/sruthibollu/anaconda3/envs/analytics-prep/lib/python3.9/site-packages/airflow/example_dags/subdags/subdag.py
[2025-05-27T19:23:20.870-0400] {processor.py:175} INFO - Processing /Users/sruthibollu/anaconda3/envs/analytics-prep/lib/python3.9/site-packages/airflow/example_dags/subdags/subdag.py took 0.747 seconds
[2025-05-27T19:48:34.173-0400] {processor.py:153} INFO - Started process (PID=56529) to work on /Users/sruthibollu/anaconda3/envs/analytics-prep/lib/python3.9/site-packages/airflow/example_dags/subdags/subdag.py
[2025-05-27T19:48:34.176-0400] {processor.py:743} INFO - Processing file /Users/sruthibollu/anaconda3/envs/analytics-prep/lib/python3.9/site-packages/airflow/example_dags/subdags/subdag.py for tasks to queue
[2025-05-27T19:48:34.176-0400] {logging_mixin.py:137} INFO - [2025-05-27T19:48:34.176-0400] {dagbag.py:538} INFO - Filling up the DagBag from /Users/sruthibollu/anaconda3/envs/analytics-prep/lib/python3.9/site-packages/airflow/example_dags/subdags/subdag.py
[2025-05-27T19:48:34.181-0400] {processor.py:755} WARNING - No viable dags retrieved from /Users/sruthibollu/anaconda3/envs/analytics-prep/lib/python3.9/site-packages/airflow/example_dags/subdags/subdag.py
[2025-05-27T19:48:34.511-0400] {processor.py:175} INFO - Processing /Users/sruthibollu/anaconda3/envs/analytics-prep/lib/python3.9/site-packages/airflow/example_dags/subdags/subdag.py took 0.338 seconds
[2025-05-27T19:56:11.242-0400] {processor.py:153} INFO - Started process (PID=56841) to work on /Users/sruthibollu/anaconda3/envs/analytics-prep/lib/python3.9/site-packages/airflow/example_dags/subdags/subdag.py
[2025-05-27T19:56:11.244-0400] {processor.py:743} INFO - Processing file /Users/sruthibollu/anaconda3/envs/analytics-prep/lib/python3.9/site-packages/airflow/example_dags/subdags/subdag.py for tasks to queue
[2025-05-27T19:56:11.245-0400] {logging_mixin.py:137} INFO - [2025-05-27T19:56:11.244-0400] {dagbag.py:538} INFO - Filling up the DagBag from /Users/sruthibollu/anaconda3/envs/analytics-prep/lib/python3.9/site-packages/airflow/example_dags/subdags/subdag.py
[2025-05-27T19:56:11.251-0400] {processor.py:755} WARNING - No viable dags retrieved from /Users/sruthibollu/anaconda3/envs/analytics-prep/lib/python3.9/site-packages/airflow/example_dags/subdags/subdag.py
[2025-05-27T19:56:11.633-0400] {processor.py:175} INFO - Processing /Users/sruthibollu/anaconda3/envs/analytics-prep/lib/python3.9/site-packages/airflow/example_dags/subdags/subdag.py took 0.392 seconds
